#
# A fatal error has been detected by the Java Runtime Environment:
#
#  Internal Error (0xc000000d), pid=7960, tid=11560
#
# JRE version: Java(TM) SE Runtime Environment (8.0_25-b18) (build 1.8.0_25-b18)
# Java VM: Java HotSpot(TM) 64-Bit Server VM (25.25-b02 mixed mode windows-amd64 compressed oops)
# Problematic frame:
# C  [ntdll.dll+0xf5920]
#
# Failed to write core dump. Minidumps are not enabled by default on client versions of Windows
#
# If you would like to submit a bug report, please visit:
#   http://bugreport.sun.com/bugreport/crash.jsp
#

---------------  T H R E A D  ---------------

Current thread (0x0000000013927000):  VMThread [stack: 0x00000000149c0000,0x0000000014ac0000] [id=11560]

siginfo: ExceptionCode=0xc000000d

Registers:
RAX=0x000000001cd8cb00, RBX=0xfffffffffffffffe, RCX=0x000000001cd8cb70, RDX=0x000000001cd8cbd0
RSP=0x0000000014abf270, RBP=0x00007fffd0477408, RSI=0x0000000000000000, RDI=0x0000000000000124
R8 =0x00007ffff285655c, R9 =0x000000000014f7b0, R10=0x000000000014f7b0, R11=0x000000001cd8d170
R12=0x000000002398c570, R13=0x0000000023f225b0, R14=0x000000002398c678, R15=0x0000000014abf3e8
RIP=0x00007ffff2905920, EFLAGS=0x0000000000000202

Top of Stack: (sp=0x0000000014abf270)
0x0000000014abf270:   0000000000000000 fffffffffffffffe
0x0000000014abf280:   0000000000000000 0000000000000124
0x0000000014abf290:   00000000c000000d 0000000000000000
0x0000000014abf2a0:   00007ffff2905920 0000000000000000
0x0000000014abf2b0:   0000000000000000 0000000000000000
0x0000000014abf2c0:   0000000000000000 0000000000000000
0x0000000014abf2d0:   0000000000000000 0000000000000000
0x0000000014abf2e0:   0000000000000000 0000000000000000
0x0000000014abf2f0:   0000000000000000 0000000000000000
0x0000000014abf300:   0000000000000000 0000000000000000
0x0000000014abf310:   0000000000000000 0000000000000000
0x0000000014abf320:   0000000000000000 0000000000000000
0x0000000014abf330:   0000e1e8ae25082f 0000000000000000
0x0000000014abf340:   0000000000000000 00007ffff28b9e6d
0x0000000014abf350:   0000000000000000 0000000000000000
0x0000000014abf360:   0000000000000000 0000000000000000 

Instructions: (pc=0x00007ffff2905920)
0x00007ffff2905900:   28 fa ff c7 44 24 20 0d 00 00 c0 b9 57 00 00 00
0x00007ffff2905910:   e8 7b 97 f1 ff 90 48 8d 4c 24 20 e8 80 c5 f1 ff
0x00007ffff2905920:   eb 00 48 8b 8c 24 c0 00 00 00 48 33 cc e8 4e e3
0x00007ffff2905930:   f8 ff 48 81 c4 d8 00 00 00 c3 40 55 48 83 ec 20 


Register to memory mapping:

RAX=0x000000001cd8cb00 is an unknown value
RBX=0xfffffffffffffffe is an unknown value
RCX=0x000000001cd8cb70 is an unknown value
RDX=0x000000001cd8cbd0 is an unknown value
RSP=0x0000000014abf270 is an unknown value
RBP=0x00007fffd0477408 is an unknown value
RSI=0x0000000000000000 is an unknown value
RDI=0x0000000000000124 is an unknown value
R8 =0x00007ffff285655c is an unknown value
R9 =0x000000000014f7b0 is pointing into the stack for thread: 0x00000000003fe800
R10=0x000000000014f7b0 is pointing into the stack for thread: 0x00000000003fe800
R11=0x000000001cd8d170 is an unknown value
R12=0x000000002398c570 is an unknown value
R13=0x0000000023f225b0 is an unknown value
R14=0x000000002398c678 is an unknown value
R15=0x0000000014abf3e8 is an unknown value


Stack: [0x00000000149c0000,0x0000000014ac0000],  sp=0x0000000014abf270,  free space=1020k
Native frames: (J=compiled Java code, j=interpreted, Vv=VM code, C=native code)
C  [ntdll.dll+0xf5920]
C  [ntdll.dll+0xa9e6d]
C  [KERNEL32.DLL+0x228da]
C  [MSVCR110.dll+0x752d]
C  [MSVCR110.dll+0x14cde]
C  [MSVCR110.dll+0x13edc]
C  [MSVCR110.dll+0x239e]
C  [MSVCR110.dll+0xaf9e]
C  [MSVCP110.dll+0x397b9]
C  [librdi_common.dll+0x135d02]
C  [librdi_common.dll+0x13447b]
C  0x00007fffd46b2400
C  0x00007fffd46b2682
C  [ntdll.dll+0x23d70]
C  [ntdll.dll+0x4638a]
C  [ntdll.dll+0x46224]
C  [KERNEL32.DLL+0x1ef5a]
C  [MSVCR100.dll+0x20ccd]
V  [jvm.dll+0x1f9c55]
V  [jvm.dll+0x2325e7]
V  [jvm.dll+0x231826]
V  [jvm.dll+0x231cc1]
V  [jvm.dll+0x231ede]
V  [jvm.dll+0x2852fa]
C  [MSVCR100.dll+0x21d9f]
C  [MSVCR100.dll+0x21e3b]
C  [KERNEL32.DLL+0x12d92]
C  [ntdll.dll+0x9f64]

VM_Operation (0x000000000014f500): Exit, mode: safepoint, requested by thread 0x00000000003fe800


---------------  P R O C E S S  ---------------

Java Threads: ( => current thread )
  0x00000000154d4000 JavaThread "pool-1-thread-2" [_thread_blocked, id=1900, stack(0x000000001dcd0000,0x000000001ddd0000)]
  0x00000000190ee000 JavaThread "pool-1-thread-1" [_thread_blocked, id=8096, stack(0x00000000021b0000,0x00000000022b0000)]
  0x0000000019b65800 JavaThread "Thread-20" daemon [_thread_blocked, id=9252, stack(0x0000000026980000,0x0000000026a80000)]
  0x00000000190e2800 JavaThread "TCF Locator DNS Lookup" daemon [_thread_blocked, id=8796, stack(0x000000001f470000,0x000000001f570000)]
  0x00000000190e9800 JavaThread "TCF Locator Timer" daemon [_thread_blocked, id=192, stack(0x000000001f370000,0x000000001f470000)]
  0x00000000190e1800 JavaThread "TCF Locator Receiver" daemon [_thread_in_native, id=9776, stack(0x000000001f270000,0x000000001f370000)]
  0x00000000190e5800 JavaThread "TCF Timer Dispatcher" daemon [_thread_blocked, id=3256, stack(0x000000001f070000,0x000000001f170000)]
  0x0000000016428800 JavaThread "EMF Reference Cleaner" daemon [_thread_blocked, id=3728, stack(0x00000000181c0000,0x00000000182c0000)]
  0x00000000139be800 JavaThread "Service Thread" daemon [_thread_blocked, id=9616, stack(0x00000000155c0000,0x00000000156c0000)]
  0x0000000013966000 JavaThread "C1 CompilerThread2" daemon [_thread_blocked, id=896, stack(0x00000000150c0000,0x00000000151c0000)]
  0x0000000013963800 JavaThread "C2 CompilerThread1" daemon [_thread_blocked, id=8768, stack(0x0000000014fc0000,0x00000000150c0000)]
  0x000000001395f800 JavaThread "C2 CompilerThread0" daemon [_thread_blocked, id=13780, stack(0x0000000014ec0000,0x0000000014fc0000)]
  0x000000001395e000 JavaThread "Attach Listener" daemon [_thread_blocked, id=11080, stack(0x0000000014dc0000,0x0000000014ec0000)]
  0x0000000002534800 JavaThread "Finalizer" daemon [_thread_blocked, id=1180, stack(0x0000000014bc0000,0x0000000014cc0000)]
  0x000000000252e000 JavaThread "Reference Handler" daemon [_thread_blocked, id=5816, stack(0x0000000014ac0000,0x0000000014bc0000)]
  0x00000000003fe800 JavaThread "main" [_thread_blocked, id=15032, stack(0x0000000000050000,0x0000000000150000)]

Other Threads:
=>0x0000000013927000 VMThread [stack: 0x00000000149c0000,0x0000000014ac0000] [id=11560]

VM state:at safepoint (shutting down)

VM Mutex/Monitor currently owned by a thread:  ([mutex/lock_event])
[0x00000000003fded0] Threads_lock - owner thread: 0x0000000013927000

Heap:
 PSYoungGen      total 75264K, used 28843K [0x00000000f5580000, 0x00000000fa780000, 0x0000000100000000)
  eden space 74752K, 38% used [0x00000000f5580000,0x00000000f71aad00,0x00000000f9e80000)
  from space 512K, 0% used [0x00000000f9e80000,0x00000000f9e80000,0x00000000f9f00000)
  to   space 4608K, 0% used [0x00000000fa300000,0x00000000fa300000,0x00000000fa780000)
 ParOldGen       total 85504K, used 32917K [0x00000000e0000000, 0x00000000e5380000, 0x00000000f5580000)
  object space 85504K, 38% used [0x00000000e0000000,0x00000000e2025658,0x00000000e5380000)
 Metaspace       used 76867K, capacity 82884K, committed 83160K, reserved 1120256K
  class space    used 9431K, capacity 11345K, committed 11480K, reserved 1048576K

Card table byte_map: [0x0000000011900000,0x0000000011a10000] byte_map_base: 0x0000000011200000

Marking Bits: (ParMarkBitMap*) 0x000000006c42d490
 Begin Bits: [0x0000000011ec0000, 0x00000000126c0000)
 End Bits:   [0x00000000126c0000, 0x0000000012ec0000)

Polling page: 0x00000000003e0000

CodeCache: size=245760Kb used=29848Kb max_used=30209Kb free=215911Kb
 bounds [0x0000000002540000, 0x00000000042f0000, 0x0000000011540000]
 total_blobs=9261 nmethods=8421 adapters=749
 compilation: enabled

Compilation events (10 events):
Event: 3179.647 Thread 0x0000000013966000 10334   !   3       org.eclipse.osgi.internal.serviceregistry.ServiceRegistrationImpl::unregister (253 bytes)
Event: 3179.650 Thread 0x0000000013966000 nmethod 10334 0x0000000002bba850 code [0x0000000002bbac40, 0x0000000002bbd1b8]
Event: 3179.705 Thread 0x0000000013966000 10337       3       java.io.File::list (33 bytes)
Event: 3179.706 Thread 0x0000000013966000 nmethod 10337 0x0000000002e08690 code [0x0000000002e08860, 0x0000000002e08f88]
Event: 3179.760 Thread 0x0000000013963800 10338       4       java.io.File::<init> (113 bytes)
Event: 3179.771 Thread 0x0000000013963800 nmethod 10338 0x0000000003debed0 code [0x0000000003dec0a0, 0x0000000003dec770]
Event: 3179.777 Thread 0x0000000013966000 10339   !   3       org.eclipse.osgi.internal.baseadaptor.BaseStorage::compact (215 bytes)
Event: 3179.780 Thread 0x0000000013966000 nmethod 10339 0x00000000042e6c10 code [0x00000000042e7040, 0x00000000042e94a8]
Event: 3179.833 Thread 0x0000000013966000 10340       3       org.eclipse.osgi.framework.internal.core.AbstractBundle::close (52 bytes)
Event: 3179.834 Thread 0x0000000013966000 nmethod 10340 0x0000000003e08150 code [0x0000000003e08380, 0x0000000003e09068]

GC Heap History (10 events):
Event: 3034.832 GC heap before
{Heap before GC invocations=83 (full 36):
 PSYoungGen      total 80384K, used 160K [0x00000000f5580000, 0x00000000fa980000, 0x0000000100000000)
  eden space 74752K, 0% used [0x00000000f5580000,0x00000000f5580000,0x00000000f9e80000)
  from space 5632K, 2% used [0x00000000f9e80000,0x00000000f9ea8000,0x00000000fa400000)
  to   space 5632K, 0% used [0x00000000fa400000,0x00000000fa400000,0x00000000fa980000)
 ParOldGen       total 85504K, used 33109K [0x00000000e0000000, 0x00000000e5380000, 0x00000000f5580000)
  object space 85504K, 38% used [0x00000000e0000000,0x00000000e20556c8,0x00000000e5380000)
 Metaspace       used 75827K, capacity 81972K, committed 82136K, reserved 1120256K
  class space    used 9298K, capacity 11151K, committed 11224K, reserved 1048576K
Event: 3034.975 GC heap after
Heap after GC invocations=83 (full 36):
 PSYoungGen      total 80384K, used 0K [0x00000000f5580000, 0x00000000fa980000, 0x0000000100000000)
  eden space 74752K, 0% used [0x00000000f5580000,0x00000000f5580000,0x00000000f9e80000)
  from space 5632K, 0% used [0x00000000f9e80000,0x00000000f9e80000,0x00000000fa400000)
  to   space 5632K, 0% used [0x00000000fa400000,0x00000000fa400000,0x00000000fa980000)
 ParOldGen       total 85504K, used 32940K [0x00000000e0000000, 0x00000000e5380000, 0x00000000f5580000)
  object space 85504K, 38% used [0x00000000e0000000,0x00000000e202b0f8,0x00000000e5380000)
 Metaspace       used 75827K, capacity 81972K, committed 82136K, reserved 1120256K
  class space    used 9298K, capacity 11151K, committed 11224K, reserved 1048576K
}
Event: 3094.842 GC heap before
{Heap before GC invocations=84 (full 36):
 PSYoungGen      total 80384K, used 2820K [0x00000000f5580000, 0x00000000fa980000, 0x0000000100000000)
  eden space 74752K, 3% used [0x00000000f5580000,0x00000000f58412c0,0x00000000f9e80000)
  from space 5632K, 0% used [0x00000000f9e80000,0x00000000f9e80000,0x00000000fa400000)
  to   space 5632K, 0% used [0x00000000fa400000,0x00000000fa400000,0x00000000fa980000)
 ParOldGen       total 85504K, used 32940K [0x00000000e0000000, 0x00000000e5380000, 0x00000000f5580000)
  object space 85504K, 38% used [0x00000000e0000000,0x00000000e202b0f8,0x00000000e5380000)
 Metaspace       used 75827K, capacity 81972K, committed 82136K, reserved 1120256K
  class space    used 9298K, capacity 11151K, committed 11224K, reserved 1048576K
Event: 3094.847 GC heap after
Heap after GC invocations=84 (full 36):
 PSYoungGen      total 79360K, used 160K [0x00000000f5580000, 0x00000000fa880000, 0x0000000100000000)
  eden space 74752K, 0% used [0x00000000f5580000,0x00000000f5580000,0x00000000f9e80000)
  from space 4608K, 3% used [0x00000000fa400000,0x00000000fa428000,0x00000000fa880000)
  to   space 5120K, 0% used [0x00000000f9e80000,0x00000000f9e80000,0x00000000fa380000)
 ParOldGen       total 85504K, used 32940K [0x00000000e0000000, 0x00000000e5380000, 0x00000000f5580000)
  object space 85504K, 38% used [0x00000000e0000000,0x00000000e202b0f8,0x00000000e5380000)
 Metaspace       used 75827K, capacity 81972K, committed 82136K, reserved 1120256K
  class space    used 9298K, capacity 11151K, committed 11224K, reserved 1048576K
}
Event: 3094.847 GC heap before
{Heap before GC invocations=85 (full 37):
 PSYoungGen      total 79360K, used 160K [0x00000000f5580000, 0x00000000fa880000, 0x0000000100000000)
  eden space 74752K, 0% used [0x00000000f5580000,0x00000000f5580000,0x00000000f9e80000)
  from space 4608K, 3% used [0x00000000fa400000,0x00000000fa428000,0x00000000fa880000)
  to   space 5120K, 0% used [0x00000000f9e80000,0x00000000f9e80000,0x00000000fa380000)
 ParOldGen       total 85504K, used 32940K [0x00000000e0000000, 0x00000000e5380000, 0x00000000f5580000)
  object space 85504K, 38% used [0x00000000e0000000,0x00000000e202b0f8,0x00000000e5380000)
 Metaspace       used 75827K, capacity 81972K, committed 82136K, reserved 1120256K
  class space    used 9298K, capacity 11151K, committed 11224K, reserved 1048576K
Event: 3095.001 GC heap after
Heap after GC invocations=85 (full 37):
 PSYoungGen      total 79360K, used 0K [0x00000000f5580000, 0x00000000fa880000, 0x0000000100000000)
  eden space 74752K, 0% used [0x00000000f5580000,0x00000000f5580000,0x00000000f9e80000)
  from space 4608K, 0% used [0x00000000fa400000,0x00000000fa400000,0x00000000fa880000)
  to   space 5120K, 0% used [0x00000000f9e80000,0x00000000f9e80000,0x00000000fa380000)
 ParOldGen       total 85504K, used 32920K [0x00000000e0000000, 0x00000000e5380000, 0x00000000f5580000)
  object space 85504K, 38% used [0x00000000e0000000,0x00000000e2026088,0x00000000e5380000)
 Metaspace       used 75827K, capacity 81972K, committed 82136K, reserved 1120256K
  class space    used 9298K, capacity 11151K, committed 11224K, reserved 1048576K
}
Event: 3154.851 GC heap before
{Heap before GC invocations=86 (full 37):
 PSYoungGen      total 79360K, used 2610K [0x00000000f5580000, 0x00000000fa880000, 0x0000000100000000)
  eden space 74752K, 3% used [0x00000000f5580000,0x00000000f580cb28,0x00000000f9e80000)
  from space 4608K, 0% used [0x00000000fa400000,0x00000000fa400000,0x00000000fa880000)
  to   space 5120K, 0% used [0x00000000f9e80000,0x00000000f9e80000,0x00000000fa380000)
 ParOldGen       total 85504K, used 32920K [0x00000000e0000000, 0x00000000e5380000, 0x00000000f5580000)
  object space 85504K, 38% used [0x00000000e0000000,0x00000000e2026088,0x00000000e5380000)
 Metaspace       used 75827K, capacity 81972K, committed 82136K, reserved 1120256K
  class space    used 9298K, capacity 11151K, committed 11224K, reserved 1048576K
Event: 3154.854 GC heap after
Heap after GC invocations=86 (full 37):
 PSYoungGen      total 75264K, used 192K [0x00000000f5580000, 0x00000000fa780000, 0x0000000100000000)
  eden space 74752K, 0% used [0x00000000f5580000,0x00000000f5580000,0x00000000f9e80000)
  from space 512K, 37% used [0x00000000f9e80000,0x00000000f9eb0000,0x00000000f9f00000)
  to   space 4608K, 0% used [0x00000000fa300000,0x00000000fa300000,0x00000000fa780000)
 ParOldGen       total 85504K, used 32920K [0x00000000e0000000, 0x00000000e5380000, 0x00000000f5580000)
  object space 85504K, 38% used [0x00000000e0000000,0x00000000e2026088,0x00000000e5380000)
 Metaspace       used 75827K, capacity 81972K, committed 82136K, reserved 1120256K
  class space    used 9298K, capacity 11151K, committed 11224K, reserved 1048576K
}
Event: 3154.854 GC heap before
{Heap before GC invocations=87 (full 38):
 PSYoungGen      total 75264K, used 192K [0x00000000f5580000, 0x00000000fa780000, 0x0000000100000000)
  eden space 74752K, 0% used [0x00000000f5580000,0x00000000f5580000,0x00000000f9e80000)
  from space 512K, 37% used [0x00000000f9e80000,0x00000000f9eb0000,0x00000000f9f00000)
  to   space 4608K, 0% used [0x00000000fa300000,0x00000000fa300000,0x00000000fa780000)
 ParOldGen       total 85504K, used 32920K [0x00000000e0000000, 0x00000000e5380000, 0x00000000f5580000)
  object space 85504K, 38% used [0x00000000e0000000,0x00000000e2026088,0x00000000e5380000)
 Metaspace       used 75827K, capacity 81972K, committed 82136K, reserved 1120256K
  class space    used 9298K, capacity 11151K, committed 11224K, reserved 1048576K
Event: 3155.026 GC heap after
Heap after GC invocations=87 (full 38):
 PSYoungGen      total 75264K, used 0K [0x00000000f5580000, 0x00000000fa780000, 0x0000000100000000)
  eden space 74752K, 0% used [0x00000000f5580000,0x00000000f5580000,0x00000000f9e80000)
  from space 512K, 0% used [0x00000000f9e80000,0x00000000f9e80000,0x00000000f9f00000)
  to   space 4608K, 0% used [0x00000000fa300000,0x00000000fa300000,0x00000000fa780000)
 ParOldGen       total 85504K, used 32917K [0x00000000e0000000, 0x00000000e5380000, 0x00000000f5580000)
  object space 85504K, 38% used [0x00000000e0000000,0x00000000e2025658,0x00000000e5380000)
 Metaspace       used 75827K, capacity 81972K, committed 82136K, reserved 1120256K
  class space    used 9298K, capacity 11151K, committed 11224K, reserved 1048576K
}

Deoptimization events (10 events):
Event: 3178.403 Thread 0x00000000003fe800 Uncommon trap: reason=class_check action=maybe_recompile pc=0x0000000002fc2084 method=org.eclipse.emf.ecore.util.EcoreEList.contains(Ljava/lang/Object;)Z @ 53
Event: 3178.579 Thread 0x00000000003fe800 Uncommon trap: reason=unreached action=reinterpret pc=0x0000000003b1d27c method=org.eclipse.swt.widgets.Display.drawMenuBars()V @ 4
Event: 3178.691 Thread 0x00000000190ea000 Uncommon trap: reason=bimorphic action=maybe_recompile pc=0x000000000309882c method=java.util.Properties.load0(Ljava/util/Properties$LineReader;)V @ 242
Event: 3178.748 Thread 0x00000000003fe800 Uncommon trap: reason=unreached action=reinterpret pc=0x0000000003b3ac5c method=org.eclipse.e4.ui.internal.workbench.swt.PartRenderingEngine.someAreVisible(Ljava/util/List;)Z @ 41
Event: 3178.777 Thread 0x00000000003fe800 Uncommon trap: reason=unreached action=reinterpret pc=0x000000000419835c method=org.eclipse.emf.ecore.impl.MinimalEObjectImpl.setField(ILjava/lang/Object;)V @ 9
Event: 3178.777 Thread 0x00000000003fe800 Uncommon trap: reason=unreached action=reinterpret pc=0x00000000040c09d0 method=org.eclipse.emf.ecore.impl.MinimalEObjectImpl.setField(ILjava/lang/Object;)V @ 9
Event: 3178.848 Thread 0x00000000003fe800 Uncommon trap: reason=class_check action=maybe_recompile pc=0x000000000428d5c0 method=org.eclipse.e4.core.internal.contexts.TrackableComputationExt.update(Lorg/eclipse/e4/core/internal/contexts/ContextChangeEvent;)Z @ 62
Event: 3178.848 Thread 0x00000000003fe800 Uncommon trap: reason=class_check action=maybe_recompile pc=0x000000000428d5c0 method=org.eclipse.e4.core.internal.contexts.TrackableComputationExt.update(Lorg/eclipse/e4/core/internal/contexts/ContextChangeEvent;)Z @ 62
Event: 3178.848 Thread 0x00000000003fe800 Uncommon trap: reason=class_check action=maybe_recompile pc=0x000000000428d5c0 method=org.eclipse.e4.core.internal.contexts.TrackableComputationExt.update(Lorg/eclipse/e4/core/internal/contexts/ContextChangeEvent;)Z @ 62
Event: 3179.546 Thread 0x00000000003fe800 Uncommon trap: reason=null_check action=make_not_entrant pc=0x0000000002b48b74 method=org.eclipse.core.runtime.internal.adaptor.EclipseLazyStarter.shouldActivateFor(Ljava/lang/String;Lorg/eclipse/osgi/baseadaptor/BaseData;Lorg/eclipse/core/runtime/internal–€Ò8ÎÔ¨@

Internal exceptions (10 events):
Event: 3178.159 Thread 0x00000000190ee800 Exception <a 'java/net/SocketException': Socket closed> (0x00000000f5d221f8) thrown at [D:\re\workspace\8-2-build-windows-amd64-cygwin\jdk8u25\1677\hotspot\src\share\vm\prims\jni.cpp, line 742]
Event: 3178.245 Thread 0x00000000003fe800 Implicit null exception at 0x000000000382548c to 0x00000000038254e9
Event: 3178.246 Thread 0x00000000003fe800 Implicit null exception at 0x0000000003d4e209 to 0x0000000003d4eff5
Event: 3178.279 Thread 0x00000000003fe800 Implicit null exception at 0x00000000027084d3 to 0x000000000270856e
Event: 3178.949 Thread 0x0000000019b67000 Exception <a 'java/lang/InterruptedException'> (0x00000000f6d18cc0) thrown at [D:\re\workspace\8-2-build-windows-amd64-cygwin\jdk8u25\1677\hotspot\src\share\vm\runtime\objectMonitor.cpp, line 1682]
Event: 3179.546 Thread 0x00000000003fe800 Implicit null exception at 0x0000000002b47cef to 0x0000000002b48b65
Event: 3179.642 Thread 0x0000000016549800 Exception <a 'java/lang/InterruptedException': sleep interrupted> (0x00000000f6fe1eb8) thrown at [D:\re\workspace\8-2-build-windows-amd64-cygwin\jdk8u25\1677\hotspot\src\share\vm\prims\jvm.cpp, line 3141]
Event: 3179.644 Thread 0x00000000154d8000 Exception <a 'java/lang/InterruptedException'> (0x00000000f703f580) thrown at [D:\re\workspace\8-2-build-windows-amd64-cygwin\jdk8u25\1677\hotspot\src\share\vm\runtime\objectMonitor.cpp, line 1682]
Event: 3179.644 Thread 0x00000000160f3800 Exception <a 'java/lang/InterruptedException'> (0x00000000f7064b98) thrown at [D:\re\workspace\8-2-build-windows-amd64-cygwin\jdk8u25\1677\hotspot\src\share\vm\runtime\objectMonitor.cpp, line 1682]
Event: 3179.833 Thread 0x00000000166cb000 Exception <a 'java/lang/InterruptedException'> (0x00000000f6fe12b0) thrown at [D:\re\workspace\8-2-build-windows-amd64-cygwin\jdk8u25\1677\hotspot\src\share\vm\runtime\objectMonitor.cpp, line 1682]

Events (10 events):
Event: 3179.835 loading class java/util/IdentityHashMap$IdentityHashMapIterator done
Event: 3179.835 loading class java/util/IdentityHashMap$KeyIterator done
Event: 3179.835 Thread 0x00000000190e6800 Thread added: 0x00000000190e6800
Event: 3179.835 Executing VM operation: RevokeBias
Event: 3179.836 Executing VM operation: RevokeBias done
Event: 3179.836 Executing VM operation: RevokeBias
Event: 3179.836 Executing VM operation: RevokeBias done
Event: 3179.836 Thread 0x00000000190e6800 Thread exited: 0x00000000190e6800
Event: 3179.837 Thread 0x000000001395d000 Thread exited: 0x000000001395d000
Event: 3179.837 Executing VM operation: Exit


Dynamic libraries:
0x0000000000400000 - 0x000000000044f000 	C:\Xilinx\SDK\2015.2\eclipse\win64.o\eclipse.exe
0x00007ffff2810000 - 0x00007ffff29d1000 	C:\WINDOWS\SYSTEM32\ntdll.dll
0x00007ffff0e20000 - 0x00007ffff0ecd000 	C:\WINDOWS\system32\KERNEL32.DLL
0x00007fffefd00000 - 0x00007fffefedd000 	C:\WINDOWS\system32\KERNELBASE.dll
0x00007ffff0bc0000 - 0x00007ffff0d0e000 	C:\WINDOWS\system32\USER32.dll
0x00007fffefff0000 - 0x00007ffff0176000 	C:\WINDOWS\system32\GDI32.dll
0x00007ffff0500000 - 0x00007ffff059d000 	C:\WINDOWS\system32\msvcrt.dll
0x00007fffe6070000 - 0x00007fffe62e4000 	C:\WINDOWS\WinSxS\amd64_microsoft.windows.common-controls_6595b64144ccf1df_6.0.10240.16384_none_f41f7b285750ef43\COMCTL32.dll
0x00007ffff0990000 - 0x00007ffff09c6000 	C:\WINDOWS\system32\IMM32.DLL
0x00007ffff0760000 - 0x00007ffff08bc000 	C:\WINDOWS\system32\MSCTF.dll
0x0000000072000000 - 0x0000000072012000 	C:\Xilinx\SDK\2015.2\eclipse\win64.o\plugins\org.eclipse.equinox.launcher.win32.win32.x86_64_1.1.200.v20140116-2212\eclipse_1503.dll
0x00007ffff0b10000 - 0x00007ffff0bb6000 	C:\WINDOWS\system32\ADVAPI32.dll
0x00007ffff08c0000 - 0x00007ffff091b000 	C:\WINDOWS\system32\sechost.dll
0x00007ffff2680000 - 0x00007ffff27a6000 	C:\WINDOWS\system32\RPCRT4.dll
0x00007fffe77f0000 - 0x00007fffe77fa000 	C:\WINDOWS\SYSTEM32\VERSION.dll
0x00007fffedb40000 - 0x00007fffedbd6000 	C:\WINDOWS\system32\uxtheme.dll
0x00007ffff2400000 - 0x00007ffff267c000 	C:\WINDOWS\system32\combase.dll
0x00007fffd95b0000 - 0x00007fffd9652000 	C:\Program Files\Common Files\microsoft shared\ink\tiptsf.dll
0x00007ffff09d0000 - 0x00007ffff0a8e000 	C:\WINDOWS\system32\OLEAUT32.dll
0x000000006bc50000 - 0x000000006c4aa000 	C:\Xilinx\SDK\2015.2\tps\win64\jre\bin\server\jvm.dll
0x00007ffff0750000 - 0x00007ffff0758000 	C:\WINDOWS\system32\PSAPI.DLL
0x00007fffed890000 - 0x00007fffed8b3000 	C:\WINDOWS\SYSTEM32\WINMM.dll
0x00007fffce560000 - 0x00007fffce569000 	C:\WINDOWS\SYSTEM32\WSOCK32.dll
0x000000006e390000 - 0x000000006e462000 	C:\WINDOWS\SYSTEM32\MSVCR100.dll
0x00007ffff0a90000 - 0x00007ffff0af9000 	C:\WINDOWS\system32\WS2_32.dll
0x00007fffefee0000 - 0x00007fffefee8000 	C:\WINDOWS\system32\NSI.dll
0x0000000002380000 - 0x00000000023ac000 	C:\WINDOWS\SYSTEM32\WINMMBASE.dll
0x00007fffef2e0000 - 0x00007fffef324000 	C:\WINDOWS\system32\cfgmgr32.dll
0x00007fffedb10000 - 0x00007fffedb37000 	C:\WINDOWS\SYSTEM32\DEVOBJ.dll
0x000000006bb10000 - 0x000000006bb1f000 	C:\Xilinx\SDK\2015.2\tps\win64\jre\bin\verify.dll
0x000000006bae0000 - 0x000000006bb08000 	C:\Xilinx\SDK\2015.2\tps\win64\jre\bin\java.dll
0x000000006bac0000 - 0x000000006bad6000 	C:\Xilinx\SDK\2015.2\tps\win64\jre\bin\zip.dll
0x00007ffff0ed0000 - 0x00007ffff23f2000 	C:\WINDOWS\system32\SHELL32.dll
0x00007fffef6d0000 - 0x00007fffefcf8000 	C:\WINDOWS\system32\windows.storage.dll
0x00007ffff0180000 - 0x00007ffff01d1000 	C:\WINDOWS\system32\shlwapi.dll
0x00007fffef2d0000 - 0x00007fffef2df000 	C:\WINDOWS\system32\kernel.appcore.dll
0x00007fffef610000 - 0x00007fffef6c3000 	C:\WINDOWS\system32\shcore.dll
0x00007fffef260000 - 0x00007fffef2aa000 	C:\WINDOWS\system32\powrprof.dll
0x00007fffef2b0000 - 0x00007fffef2c3000 	C:\WINDOWS\system32\profapi.dll
0x00007fffeeb10000 - 0x00007fffeeb27000 	C:\WINDOWS\SYSTEM32\CRYPTSP.dll
0x00007fffef170000 - 0x00007fffef198000 	C:\WINDOWS\SYSTEM32\bcrypt.dll
0x00007fffee6e0000 - 0x00007fffee713000 	C:\WINDOWS\system32\rsaenh.dll
0x00007fffeea90000 - 0x00007fffeeaaf000 	C:\WINDOWS\SYSTEM32\USERENV.dll
0x00007fffef060000 - 0x00007fffef0cb000 	C:\WINDOWS\system32\bcryptprimitives.dll
0x00007fffeec80000 - 0x00007fffeec8b000 	C:\WINDOWS\SYSTEM32\CRYPTBASE.dll
0x000000006baa0000 - 0x000000006baba000 	C:\Xilinx\SDK\2015.2\tps\win64\jre\bin\net.dll
0x00007fffee9e0000 - 0x00007fffeea3d000 	C:\WINDOWS\system32\mswsock.dll
0x00007fffe8280000 - 0x00007fffe82b8000 	C:\WINDOWS\SYSTEM32\IPHLPAPI.DLL
0x00007fffe7ba0000 - 0x00007fffe7bab000 	C:\WINDOWS\SYSTEM32\WINNSI.DLL
0x00007fffe71c0000 - 0x00007fffe71d6000 	C:\WINDOWS\SYSTEM32\dhcpcsvc6.DLL
0x00007fffe71a0000 - 0x00007fffe71ba000 	C:\WINDOWS\SYSTEM32\dhcpcsvc.DLL
0x000000006ba80000 - 0x000000006ba91000 	C:\Xilinx\SDK\2015.2\tps\win64\jre\bin\nio.dll
0x00007ffff0d10000 - 0x00007ffff0db5000 	C:\WINDOWS\system32\clbcatq.dll
0x00007fffdb7e0000 - 0x00007fffdb92c000 	C:\Windows\System32\uiautomationcore.dll
0x00007fffef0d0000 - 0x00007fffef168000 	C:\WINDOWS\SYSTEM32\sxs.dll
0x00007fffe5b40000 - 0x00007fffe5ba9000 	C:\Windows\System32\OLEACC.dll
0x00007fffd7ee0000 - 0x00007fffd7ef5000 	C:\WINDOWS\system32\napinsp.dll
0x00007fffd7ec0000 - 0x00007fffd7eda000 	C:\WINDOWS\system32\pnrpnsp.dll
0x00007fffecd50000 - 0x00007fffecd68000 	C:\WINDOWS\system32\NLAapi.dll
0x00007fffee810000 - 0x00007fffee8b8000 	C:\WINDOWS\SYSTEM32\DNSAPI.dll
0x00007fffd7eb0000 - 0x00007fffd7ebd000 	C:\WINDOWS\System32\winrnr.dll
0x00007fffd7e90000 - 0x00007fffd7ea5000 	C:\WINDOWS\system32\wshbth.dll
0x00007fffe1150000 - 0x00007fffe115a000 	C:\Windows\System32\rasadhlp.dll
0x00007fffe7800000 - 0x00007fffe7868000 	C:\WINDOWS\System32\fwpuclnt.dll
0x00007ffff03b0000 - 0x00007ffff04f1000 	C:\WINDOWS\system32\ole32.dll
0x00000000184c0000 - 0x0000000018568000 	C:\Users\mr_co_000\.Xilinx\SDK\2015.2\org.eclipse.osgi\bundles\287\1\.cp\swt-win32-4335.dll
0x00007fffeff10000 - 0x00007fffeffe7000 	C:\WINDOWS\system32\comdlg32.dll
0x00007fffef3e0000 - 0x00007fffef5a1000 	C:\WINDOWS\system32\CRYPT32.dll
0x00007fffe6340000 - 0x00007fffe63c4000 	C:\WINDOWS\SYSTEM32\WINSPOOL.DRV
0x00007fffef240000 - 0x00007fffef251000 	C:\WINDOWS\system32\MSASN1.dll
0x00007fffe7fc0000 - 0x00007fffe8267000 	C:\WINDOWS\SYSTEM32\WININET.dll
0x00007fffda430000 - 0x00007fffda448000 	C:\WINDOWS\SYSTEM32\USP10.dll
0x00007fffecd00000 - 0x00007fffecd22000 	C:\WINDOWS\system32\dwmapi.dll
0x00007fffecee0000 - 0x00007fffed063000 	C:\WINDOWS\SYSTEM32\propsys.dll
0x00000000185c0000 - 0x00000000185de000 	C:\Users\mr_co_000\.Xilinx\SDK\2015.2\org.eclipse.osgi\bundles\287\1\.cp\swt-gdip-win32-4335.dll
0x00007fffe7640000 - 0x00007fffe77e9000 	C:\WINDOWS\WinSxS\amd64_microsoft.windows.gdiplus_6595b64144ccf1df_1.1.10240.16384_none_89a94c179af51f83\gdiplus.dll
0x00007fffe9740000 - 0x00007fffe98f2000 	C:\WINDOWS\SYSTEM32\WindowsCodecs.dll
0x0000000180000000 - 0x0000000180012000 	C:\Users\mr_co_000\.Xilinx\SDK\2015.2\org.eclipse.osgi\bundles\113\1\.cp\os\win32\x86_64\localfile_1_0_0.dll
0x00007fffc7340000 - 0x00007fffc7351000 	C:\Users\mr_co_000\.Xilinx\SDK\2015.2\org.eclipse.osgi\bundles\116\1\.cp\jWinHttp-1.0.0.dll
0x00007fffe7480000 - 0x00007fffe7556000 	C:\WINDOWS\SYSTEM32\WINHTTP.dll
0x00007fffedc00000 - 0x00007fffedcee000 	C:\WINDOWS\system32\twinapi.appcore.dll
0x00007fffd9880000 - 0x00007fffd993a000 	C:\WINDOWS\SYSTEM32\twinapi.dll
0x00007fffd6a90000 - 0x00007fffd6aa0000 	C:\Xilinx\SDK\2015.2\lib\win64.o\librdi_repo_manager.dll
0x00007fffc5a70000 - 0x00007fffc5a9a000 	C:\Xilinx\SDK\2015.2\lib\win64.o\libisl_sysinfo.dll
0x00007fff988c0000 - 0x00007fff99203000 	C:\Xilinx\SDK\2015.2\lib\win64.o\librdi_common.dll
0x00007fffc53d0000 - 0x00007fffc5424000 	C:\Xilinx\SDK\2015.2\lib\win64.o\librdi_commonxillic.dll
0x00007fffd17e0000 - 0x00007fffd1887000 	C:\WINDOWS\SYSTEM32\MSVCP110.dll
0x00007fffd0470000 - 0x00007fffd0544000 	C:\WINDOWS\SYSTEM32\MSVCR110.dll
0x00007fff96960000 - 0x00007fff96b48000 	C:\Xilinx\SDK\2015.2\lib\win64.o\librdi_hsm.dll
0x00007fff98610000 - 0x00007fff988b8000 	C:\Xilinx\SDK\2015.2\lib\win64.o\libCOIN-all.dll
0x00007fff983f0000 - 0x00007fff98610000 	C:\Xilinx\SDK\2015.2\lib\win64.o\libXil_lmgr11.dll
0x00007fffef5b0000 - 0x00007fffef604000 	C:\WINDOWS\system32\WINTRUST.dll
0x00007fffda420000 - 0x00007fffda430000 	C:\Xilinx\SDK\2015.2\lib\win64.o\libboost_date_time.dll
0x00007fff982f0000 - 0x00007fff983ea000 	C:\Xilinx\SDK\2015.2\lib\win64.o\libboost_regex.dll
0x00007fffc4b70000 - 0x00007fffc4be4000 	C:\Xilinx\SDK\2015.2\lib\win64.o\libboost_program_options.dll
0x00007fffd82b0000 - 0x00007fffd82b9000 	C:\Xilinx\SDK\2015.2\lib\win64.o\libboost_system.dll
0x00007fffc5c60000 - 0x00007fffc5c73000 	C:\Xilinx\SDK\2015.2\lib\win64.o\libboost_signals.dll
0x00007fffc13d0000 - 0x00007fffc1450000 	C:\Xilinx\SDK\2015.2\lib\win64.o\libhdlpsolve.dll
0x00007fff97c40000 - 0x00007fff97cda000 	C:\Xilinx\SDK\2015.2\lib\win64.o\libhdxml.dll
0x00007fffc5c40000 - 0x00007fffc5c5d000 	C:\Xilinx\SDK\2015.2\lib\win64.o\libboost_thread.dll
0x00007fff97ce0000 - 0x00007fff982ea200 	C:\Xilinx\SDK\2015.2\lib\win64.o\libisl_iostreams.dll
0x00007fffc5c10000 - 0x00007fffc5c33000 	C:\Xilinx\SDK\2015.2\lib\win64.o\libisl_iosutils.dll
0x00007fffc62a0000 - 0x00007fffc62c2000 	C:\Xilinx\SDK\2015.2\lib\win64.o\libboost_filesystem.dll
0x00007fffc6760000 - 0x00007fffc6775000 	C:\Xilinx\SDK\2015.2\lib\win64.o\pthreadVC2.dll
0x00007fff97b10000 - 0x00007fff97c40000 	C:\Xilinx\SDK\2015.2\lib\win64.o\librdi_curl.dll
0x000000006bb20000 - 0x000000006bc47000 	C:\Xilinx\SDK\2015.2\lib\win64.o\tcl85t.dll
0x00007fffc4610000 - 0x00007fffc4628000 	C:\Xilinx\SDK\2015.2\lib\win64.o\librdiconfig.dll
0x00007fffc45b0000 - 0x00007fffc45d3000 	C:\Xilinx\SDK\2015.2\lib\win64.o\librdizlib.dll
0x00007fffde430000 - 0x00007fffde5c6000 	C:\WINDOWS\SYSTEM32\urlmon.dll
0x00007fffcde40000 - 0x00007fffcde63000 	C:\WINDOWS\SYSTEM32\VCOMP110.DLL
0x0000000022170000 - 0x00000000223d3000 	C:\Xilinx\SDK\2015.2\lib\win64.o\xerces-c_3_1.dll
0x00007fffc42c0000 - 0x00007fffc4303000 	C:\Xilinx\SDK\2015.2\lib\win64.o\librdi_hdf.dll
0x00007fff967a0000 - 0x00007fff9695a000 	C:\Xilinx\SDK\2015.2\lib\win64.o\librdi_ippcw.dll
0x00007fffdbf40000 - 0x00007fffdbf57000 	C:\WINDOWS\SYSTEM32\NETAPI32.dll
0x00007fffd7d20000 - 0x00007fffd7d2b000 	C:\Xilinx\SDK\2015.2\lib\win64.o\libboost_chrono.dll
0x00007fffc4590000 - 0x00007fffc45a6000 	C:\Xilinx\SDK\2015.2\lib\win64.o\libboost_iostreams.dll
0x00007fffe40c0000 - 0x00007fffe4436000 	C:\WINDOWS\SYSTEM32\iertutil.dll
0x00007fffe8340000 - 0x00007fffe8356000 	C:\WINDOWS\SYSTEM32\wkscli.dll
0x00007fffee500000 - 0x00007fffee526000 	C:\WINDOWS\SYSTEM32\srvcli.dll
0x00007fffee4d0000 - 0x00007fffee4dc000 	C:\WINDOWS\SYSTEM32\netutils.dll
0x00007fffe62f0000 - 0x00007fffe62f7000 	C:\WINDOWS\SYSTEM32\msimg32.dll
0x00007fffc41c0000 - 0x00007fffc41dc000 	C:\Xilinx\SDK\2015.2\lib\win64.o\librdi_hw_platform.dll
0x00007fffd7060000 - 0x00007fffd708f000 	C:\WINDOWS\SYSTEM32\edputil.dll
0x00007fffe7a10000 - 0x00007fffe7b41000 	C:\WINDOWS\SYSTEM32\wintypes.dll
0x00007fffece90000 - 0x00007fffecec9000 	C:\WINDOWS\SYSTEM32\policymanager.dll
0x00007fffecde0000 - 0x00007fffece72000 	C:\WINDOWS\SYSTEM32\msvcp110_win.dll
0x00007fffecd70000 - 0x00007fffecda6000 	C:\WINDOWS\SYSTEM32\XmlLite.dll
0x00007fffc41a0000 - 0x00007fffc41b6000 	C:\Xilinx\SDK\2015.2\eclipse\win64.o\plugins\org.eclipse.cdt.core.win32.x86_64_5.2.0.201402142303\os\win32\x86_64\spawner.dll

VM Arguments:
jvm_args: -Dcom.xilinx.sdk.args.hwspec=C:/Users/mr_co_000/Documents/GitHub/ECE495/Lab/Lab4/lab4/lab4.sdk/design_1_wrapper.hdf -Xms64m -Xmx512m & 
java_command: <unknown>
java_class_path (initial): C:\Xilinx\SDK\2015.2\eclipse\win64.o\\plugins/org.eclipse.equinox.launcher_1.3.0.v20130327-1440.jar
Launcher Type: generic

Environment Variables:
USERNAME=mr_co_000
OS=Windows_NT
PROCESSOR_IDENTIFIER=Intel64 Family 6 Model 69 Stepping 1, GenuineIntel



---------------  S Y S T E M  ---------------

OS: Windows 8 , 64 bit Build 9200 

CPU:total 4 (2 cores per cpu, 2 threads per core) family 6 model 69 stepping 1, cmov, cx8, fxsr, mmx, sse, sse2, sse3, ssse3, sse4.1, sse4.2, popcnt, avx, avx2, aes, clmul, erms, lzcnt, ht, tsc, tscinvbit, bmi1, bmi2

Memory: 4k page, physical 4097768k(1234920k free), swap 6850280k(2218348k free)

vm_info: Java HotSpot(TM) 64-Bit Server VM (25.25-b02) for windows-amd64 JRE (1.8.0_25-b18), built on Oct  7 2014 14:25:37 by "java_re" with MS VC++ 10.0 (VS2010)

time: Fri Nov 13 15:46:42 2015
elapsed time: 3181 seconds (0d 0h 53m 1s)

