#
# A fatal error has been detected by the Java Runtime Environment:
#
#  Internal Error (0xc000000d), pid=8904, tid=7724
#
# JRE version: Java(TM) SE Runtime Environment (8.0_25-b18) (build 1.8.0_25-b18)
# Java VM: Java HotSpot(TM) 64-Bit Server VM (25.25-b02 mixed mode windows-amd64 compressed oops)
# Problematic frame:
# C  [ntdll.dll+0xf5920]
#
# Failed to write core dump. Minidumps are not enabled by default on client versions of Windows
#
# If you would like to submit a bug report, please visit:
#   http://bugreport.sun.com/bugreport/crash.jsp
#

---------------  T H R E A D  ---------------

Current thread (0x0000000013977000):  VMThread [stack: 0x0000000014a20000,0x0000000014b20000] [id=7724]

siginfo: ExceptionCode=0xc000000d

Registers:
RAX=0x0000000015f02ac0, RBX=0xfffffffffffffffe, RCX=0x0000000015f02b30, RDX=0x0000000015f02b90
RSP=0x0000000014b1f270, RBP=0x00007ffef7667408, RSI=0x0000000000000000, RDI=0x000000000000058c
R8 =0x00007fff1b96655c, R9 =0x000000000014f7b0, R10=0x000000000014f7b0, R11=0x0000000015f03130
R12=0x00000000265bdcc0, R13=0x00000000261eb7c0, R14=0x00000000265bddc8, R15=0x0000000014b1f3e8
RIP=0x00007fff1ba15920, EFLAGS=0x0000000000000206

Top of Stack: (sp=0x0000000014b1f270)
0x0000000014b1f270:   0000000000000000 fffffffffffffffe
0x0000000014b1f280:   0000000000000000 000000000000058c
0x0000000014b1f290:   00000000c000000d 0000000000000000
0x0000000014b1f2a0:   00007fff1ba15920 0000000000000000
0x0000000014b1f2b0:   0000000000000000 0000000000000000
0x0000000014b1f2c0:   0000000000000000 0000000000000000
0x0000000014b1f2d0:   0000000000000000 0000000000000000
0x0000000014b1f2e0:   0000000000000000 0000000000000000
0x0000000014b1f2f0:   0000000000000000 0000000000000000
0x0000000014b1f300:   0000000000000000 0000000000000000
0x0000000014b1f310:   0000000000000000 0000000000000000
0x0000000014b1f320:   0000000000000000 0000000000000000
0x0000000014b1f330:   0000f9a1b7bbb4ed 0000000000000000
0x0000000014b1f340:   0000000000000000 00007fff1b9c9e6d
0x0000000014b1f350:   0000000000000000 0000000000000000
0x0000000014b1f360:   0000000000000000 0000000000000000 

Instructions: (pc=0x00007fff1ba15920)
0x00007fff1ba15900:   28 fa ff c7 44 24 20 0d 00 00 c0 b9 57 00 00 00
0x00007fff1ba15910:   e8 7b 97 f1 ff 90 48 8d 4c 24 20 e8 80 c5 f1 ff
0x00007fff1ba15920:   eb 00 48 8b 8c 24 c0 00 00 00 48 33 cc e8 4e e3
0x00007fff1ba15930:   f8 ff 48 81 c4 d8 00 00 00 c3 40 55 48 83 ec 20 


Register to memory mapping:

RAX=0x0000000015f02ac0 is an unknown value
RBX=0xfffffffffffffffe is an unknown value
RCX=0x0000000015f02b30 is an unknown value
RDX=0x0000000015f02b90 is an unknown value
RSP=0x0000000014b1f270 is an unknown value
RBP=0x00007ffef7667408 is an unknown value
RSI=0x0000000000000000 is an unknown value
RDI=0x000000000000058c is an unknown value
R8 =0x00007fff1b96655c is an unknown value
R9 =0x000000000014f7b0 is pointing into the stack for thread: 0x000000000263e800
R10=0x000000000014f7b0 is pointing into the stack for thread: 0x000000000263e800
R11=0x0000000015f03130 is an unknown value
R12=0x00000000265bdcc0 is an unknown value
R13=0x00000000261eb7c0 is an unknown value
R14=0x00000000265bddc8 is an unknown value
R15=0x0000000014b1f3e8 is an unknown value


Stack: [0x0000000014a20000,0x0000000014b20000],  sp=0x0000000014b1f270,  free space=1020k
Native frames: (J=compiled Java code, j=interpreted, Vv=VM code, C=native code)
C  [ntdll.dll+0xf5920]
C  [ntdll.dll+0xa9e6d]
C  [KERNEL32.DLL+0x228da]
C  [MSVCR110.dll+0x752d]
C  [MSVCR110.dll+0x14cde]
C  [MSVCR110.dll+0x13edc]
C  [MSVCR110.dll+0x239e]
C  [MSVCR110.dll+0xaf9e]
C  [MSVCP110.dll+0x397b9]
C  [librdi_common.dll+0x135d02]
C  [librdi_common.dll+0x13447b]
C  0x00007fff057b2400
C  0x00007fff057b2682
C  [ntdll.dll+0x23d70]
C  [ntdll.dll+0x4638a]
C  [ntdll.dll+0x46224]
C  [KERNEL32.DLL+0x1ef5a]
C  [MSVCR100.dll+0x20ccd]
V  [jvm.dll+0x1f9c55]
V  [jvm.dll+0x2325e7]
V  [jvm.dll+0x231826]
V  [jvm.dll+0x231cc1]
V  [jvm.dll+0x231ede]
V  [jvm.dll+0x2852fa]
C  [MSVCR100.dll+0x21d9f]
C  [MSVCR100.dll+0x21e3b]
C  [KERNEL32.DLL+0x12d92]
C  [ntdll.dll+0x9f64]

VM_Operation (0x000000000014f500): Exit, mode: safepoint, requested by thread 0x000000000263e800


---------------  P R O C E S S  ---------------

Java Threads: ( => current thread )
  0x00000000153dc800 JavaThread "pool-1-thread-10" [_thread_blocked, id=17772, stack(0x000000002b000000,0x000000002b100000)]
  0x00000000153dc000 JavaThread "pool-1-thread-9" [_thread_blocked, id=19532, stack(0x000000002ad00000,0x000000002ae00000)]
  0x00000000153da800 JavaThread "pool-1-thread-8" [_thread_blocked, id=16348, stack(0x0000000022a40000,0x0000000022b40000)]
  0x00000000153d6800 JavaThread "pool-1-thread-7" [_thread_blocked, id=20580, stack(0x000000001b580000,0x000000001b680000)]
  0x00000000153d1000 JavaThread "pool-1-thread-6" [_thread_blocked, id=2800, stack(0x000000002aa00000,0x000000002ab00000)]
  0x00000000153d8000 JavaThread "pool-1-thread-5" [_thread_blocked, id=19460, stack(0x0000000023300000,0x0000000023400000)]
  0x000000001e913000 JavaThread "pool-1-thread-4" [_thread_blocked, id=3368, stack(0x0000000022f90000,0x0000000023090000)]
  0x000000001dc1e000 JavaThread "pool-1-thread-3" [_thread_blocked, id=13100, stack(0x000000001ffc0000,0x00000000200c0000)]
  0x000000001dc28800 JavaThread "pool-1-thread-2" [_thread_blocked, id=8488, stack(0x000000001c450000,0x000000001c550000)]
  0x000000001dc22000 JavaThread "pool-1-thread-1" [_thread_blocked, id=21100, stack(0x000000001c150000,0x000000001c250000)]
  0x000000001dc1a800 JavaThread "Thread-16" daemon [_thread_blocked, id=21084, stack(0x000000002a3f0000,0x000000002a4f0000)]
  0x000000001e90a000 JavaThread "TCF Locator DNS Lookup" daemon [_thread_blocked, id=17296, stack(0x0000000021470000,0x0000000021570000)]
  0x000000001e908000 JavaThread "TCF Locator Timer" daemon [_thread_blocked, id=6240, stack(0x0000000021370000,0x0000000021470000)]
  0x000000001e905800 JavaThread "TCF Locator Receiver" daemon [_thread_in_native, id=5160, stack(0x0000000021270000,0x0000000021370000)]
  0x000000001e909800 JavaThread "TCF Timer Dispatcher" daemon [_thread_blocked, id=7024, stack(0x0000000021070000,0x0000000021170000)]
  0x0000000016ae7000 JavaThread "EMF Reference Cleaner" daemon [_thread_blocked, id=7144, stack(0x00000000181d0000,0x00000000182d0000)]
  0x0000000013a0d800 JavaThread "Service Thread" daemon [_thread_blocked, id=12428, stack(0x0000000015620000,0x0000000015720000)]
  0x00000000139b9000 JavaThread "C1 CompilerThread2" daemon [_thread_blocked, id=16636, stack(0x0000000015120000,0x0000000015220000)]
  0x00000000139b3800 JavaThread "C2 CompilerThread1" daemon [_thread_blocked, id=22216, stack(0x0000000015020000,0x0000000015120000)]
  0x00000000139af800 JavaThread "C2 CompilerThread0" daemon [_thread_blocked, id=13576, stack(0x0000000014f20000,0x0000000015020000)]
  0x00000000139ae000 JavaThread "Attach Listener" daemon [_thread_blocked, id=8272, stack(0x0000000014e20000,0x0000000014f20000)]
  0x0000000013978800 JavaThread "Finalizer" daemon [_thread_blocked, id=21228, stack(0x0000000014c20000,0x0000000014d20000)]
  0x000000000255e800 JavaThread "Reference Handler" daemon [_thread_blocked, id=6604, stack(0x0000000014b20000,0x0000000014c20000)]
  0x000000000263e800 JavaThread "main" [_thread_blocked, id=13096, stack(0x0000000000050000,0x0000000000150000)]

Other Threads:
=>0x0000000013977000 VMThread [stack: 0x0000000014a20000,0x0000000014b20000] [id=7724]

VM state:at safepoint (shutting down)

VM Mutex/Monitor currently owned by a thread:  ([mutex/lock_event])
[0x000000000263ddd0] Threads_lock - owner thread: 0x0000000013977000

Heap:
 PSYoungGen      total 101888K, used 86009K [0x00000000f5580000, 0x00000000fbc00000, 0x0000000100000000)
  eden space 98816K, 87% used [0x00000000f5580000,0x00000000fa97e6f0,0x00000000fb600000)
  from space 3072K, 0% used [0x00000000fb600000,0x00000000fb600000,0x00000000fb900000)
  to   space 3072K, 0% used [0x00000000fb900000,0x00000000fb900000,0x00000000fbc00000)
 ParOldGen       total 88576K, used 37412K [0x00000000e0000000, 0x00000000e5680000, 0x00000000f5580000)
  object space 88576K, 42% used [0x00000000e0000000,0x00000000e2489030,0x00000000e5680000)
 Metaspace       used 87093K, capacity 93590K, committed 93844K, reserved 1130496K
  class space    used 10067K, capacity 12137K, committed 12180K, reserved 1048576K

Card table byte_map: [0x0000000011a00000,0x0000000011b10000] byte_map_base: 0x0000000011300000

Marking Bits: (ParMarkBitMap*) 0x0000000067b6d490
 Begin Bits: [0x0000000011f10000, 0x0000000012710000)
 End Bits:   [0x0000000012710000, 0x0000000012f10000)

Polling page: 0x00000000003f0000

CodeCache: size=245760Kb used=63521Kb max_used=63521Kb free=182238Kb
 bounds [0x0000000002640000, 0x00000000064d0000, 0x0000000011640000]
 total_blobs=17121 nmethods=16267 adapters=760
 compilation: enabled

Compilation events (10 events):
Event: 20061.698 Thread 0x00000000139b9000 nmethod 21453 0x00000000064b5490 code [0x00000000064b56e0, 0x00000000064b6478]
Event: 20061.701 Thread 0x00000000139b9000 21455       3       org.eclipse.osgi.internal.serviceregistry.ServiceRegistry::removeServiceRegistration (139 bytes)
Event: 20061.702 Thread 0x00000000139b9000 nmethod 21455 0x00000000064b69d0 code [0x00000000064b6be0, 0x00000000064b7648]
Event: 20061.702 Thread 0x00000000139b9000 21454   !   3       org.eclipse.osgi.internal.serviceregistry.ServiceRegistrationImpl::unregister (253 bytes)
Event: 20061.706 Thread 0x00000000139b9000 nmethod 21454 0x00000000064b7a90 code [0x00000000064b7e80, 0x00000000064ba3f8]
Event: 20061.729 Thread 0x00000000139b3800 nmethod 21431 0x00000000064c0210 code [0x00000000064c04a0, 0x00000000064c1ed0]
Event: 20061.808 Thread 0x00000000139b9000 21456   !   3       org.eclipse.osgi.internal.baseadaptor.BaseStorage::compact (215 bytes)
Event: 20061.811 Thread 0x00000000139b9000 nmethod 21456 0x00000000064bc590 code [0x00000000064bc9c0, 0x00000000064bee28]
Event: 20061.854 Thread 0x00000000139b9000 21457       3       org.eclipse.osgi.framework.internal.core.AbstractBundle::close (52 bytes)
Event: 20061.855 Thread 0x00000000139b9000 nmethod 21457 0x00000000064c42d0 code [0x00000000064c4500, 0x00000000064c51e8]

GC Heap History (10 events):
Event: 19919.925 GC heap before
{Heap before GC invocations=191 (full 74):
 PSYoungGen      total 100352K, used 99552K [0x00000000f5580000, 0x00000000fba80000, 0x0000000100000000)
  eden space 98304K, 100% used [0x00000000f5580000,0x00000000fb580000,0x00000000fb580000)
  from space 2048K, 60% used [0x00000000fb880000,0x00000000fb9b8000,0x00000000fba80000)
  to   space 2560K, 0% used [0x00000000fb580000,0x00000000fb580000,0x00000000fb800000)
 ParOldGen       total 88576K, used 37239K [0x00000000e0000000, 0x00000000e5680000, 0x00000000f5580000)
  object space 88576K, 42% used [0x00000000e0000000,0x00000000e245dd80,0x00000000e5680000)
 Metaspace       used 86411K, capacity 92950K, committed 93332K, reserved 1130496K
  class space    used 9992K, capacity 12073K, committed 12180K, reserved 1048576K
Event: 19919.931 GC heap after
Heap after GC invocations=191 (full 74):
 PSYoungGen      total 100864K, used 2000K [0x00000000f5580000, 0x00000000fbc00000, 0x0000000100000000)
  eden space 98304K, 0% used [0x00000000f5580000,0x00000000f5580000,0x00000000fb580000)
  from space 2560K, 78% used [0x00000000fb580000,0x00000000fb774020,0x00000000fb800000)
  to   space 3072K, 0% used [0x00000000fb900000,0x00000000fb900000,0x00000000fbc00000)
 ParOldGen       total 88576K, used 37239K [0x00000000e0000000, 0x00000000e5680000, 0x00000000f5580000)
  object space 88576K, 42% used [0x00000000e0000000,0x00000000e245dd80,0x00000000e5680000)
 Metaspace       used 86411K, capacity 92950K, committed 93332K, reserved 1130496K
  class space    used 9992K, capacity 12073K, committed 12180K, reserved 1048576K
}
Event: 19936.294 GC heap before
{Heap before GC invocations=192 (full 74):
 PSYoungGen      total 100864K, used 29502K [0x00000000f5580000, 0x00000000fbc00000, 0x0000000100000000)
  eden space 98304K, 27% used [0x00000000f5580000,0x00000000f705b898,0x00000000fb580000)
  from space 2560K, 78% used [0x00000000fb580000,0x00000000fb774020,0x00000000fb800000)
  to   space 3072K, 0% used [0x00000000fb900000,0x00000000fb900000,0x00000000fbc00000)
 ParOldGen       total 88576K, used 37239K [0x00000000e0000000, 0x00000000e5680000, 0x00000000f5580000)
  object space 88576K, 42% used [0x00000000e0000000,0x00000000e245dd80,0x00000000e5680000)
 Metaspace       used 86418K, capacity 92950K, committed 93332K, reserved 1130496K
  class space    used 9992K, capacity 12073K, committed 12180K, reserved 1048576K
Event: 19936.298 GC heap after
Heap after GC invocations=192 (full 74):
 PSYoungGen      total 101888K, used 2211K [0x00000000f5580000, 0x00000000fbc00000, 0x0000000100000000)
  eden space 98816K, 0% used [0x00000000f5580000,0x00000000f5580000,0x00000000fb600000)
  from space 3072K, 71% used [0x00000000fb900000,0x00000000fbb28e50,0x00000000fbc00000)
  to   space 3072K, 0% used [0x00000000fb600000,0x00000000fb600000,0x00000000fb900000)
 ParOldGen       total 88576K, used 37239K [0x00000000e0000000, 0x00000000e5680000, 0x00000000f5580000)
  object space 88576K, 42% used [0x00000000e0000000,0x00000000e245dd80,0x00000000e5680000)
 Metaspace       used 86418K, capacity 92950K, committed 93332K, reserved 1130496K
  class space    used 9992K, capacity 12073K, committed 12180K, reserved 1048576K
}
Event: 19936.298 GC heap before
{Heap before GC invocations=193 (full 75):
 PSYoungGen      total 101888K, used 2211K [0x00000000f5580000, 0x00000000fbc00000, 0x0000000100000000)
  eden space 98816K, 0% used [0x00000000f5580000,0x00000000f5580000,0x00000000fb600000)
  from space 3072K, 71% used [0x00000000fb900000,0x00000000fbb28e50,0x00000000fbc00000)
  to   space 3072K, 0% used [0x00000000fb600000,0x00000000fb600000,0x00000000fb900000)
 ParOldGen       total 88576K, used 37239K [0x00000000e0000000, 0x00000000e5680000, 0x00000000f5580000)
  object space 88576K, 42% used [0x00000000e0000000,0x00000000e245dd80,0x00000000e5680000)
 Metaspace       used 86418K, capacity 92950K, committed 93332K, reserved 1130496K
  class space    used 9992K, capacity 12073K, committed 12180K, reserved 1048576K
Event: 19936.540 GC heap after
Heap after GC invocations=193 (full 75):
 PSYoungGen      total 101888K, used 0K [0x00000000f5580000, 0x00000000fbc00000, 0x0000000100000000)
  eden space 98816K, 0% used [0x00000000f5580000,0x00000000f5580000,0x00000000fb600000)
  from space 3072K, 0% used [0x00000000fb900000,0x00000000fb900000,0x00000000fbc00000)
  to   space 3072K, 0% used [0x00000000fb600000,0x00000000fb600000,0x00000000fb900000)
 ParOldGen       total 88576K, used 37460K [0x00000000e0000000, 0x00000000e5680000, 0x00000000f5580000)
  object space 88576K, 42% used [0x00000000e0000000,0x00000000e24952a8,0x00000000e5680000)
 Metaspace       used 86418K, capacity 92950K, committed 93332K, reserved 1130496K
  class space    used 9992K, capacity 12073K, committed 12180K, reserved 1048576K
}
Event: 19996.301 GC heap before
{Heap before GC invocations=194 (full 75):
 PSYoungGen      total 101888K, used 84118K [0x00000000f5580000, 0x00000000fbc00000, 0x0000000100000000)
  eden space 98816K, 85% used [0x00000000f5580000,0x00000000fa7a5bb0,0x00000000fb600000)
  from space 3072K, 0% used [0x00000000fb900000,0x00000000fb900000,0x00000000fbc00000)
  to   space 3072K, 0% used [0x00000000fb600000,0x00000000fb600000,0x00000000fb900000)
 ParOldGen       total 88576K, used 37460K [0x00000000e0000000, 0x00000000e5680000, 0x00000000f5580000)
  object space 88576K, 42% used [0x00000000e0000000,0x00000000e24952a8,0x00000000e5680000)
 Metaspace       used 86441K, capacity 92950K, committed 93332K, reserved 1130496K
  class space    used 9992K, capacity 12073K, committed 12180K, reserved 1048576K
Event: 19996.306 GC heap after
Heap after GC invocations=194 (full 75):
 PSYoungGen      total 101888K, used 1943K [0x00000000f5580000, 0x00000000fbc00000, 0x0000000100000000)
  eden space 98816K, 0% used [0x00000000f5580000,0x00000000f5580000,0x00000000fb600000)
  from space 3072K, 63% used [0x00000000fb600000,0x00000000fb7e5c80,0x00000000fb900000)
  to   space 3072K, 0% used [0x00000000fb900000,0x00000000fb900000,0x00000000fbc00000)
 ParOldGen       total 88576K, used 37460K [0x00000000e0000000, 0x00000000e5680000, 0x00000000f5580000)
  object space 88576K, 42% used [0x00000000e0000000,0x00000000e24952a8,0x00000000e5680000)
 Metaspace       used 86441K, capacity 92950K, committed 93332K, reserved 1130496K
  class space    used 9992K, capacity 12073K, committed 12180K, reserved 1048576K
}
Event: 19996.306 GC heap before
{Heap before GC invocations=195 (full 76):
 PSYoungGen      total 101888K, used 1943K [0x00000000f5580000, 0x00000000fbc00000, 0x0000000100000000)
  eden space 98816K, 0% used [0x00000000f5580000,0x00000000f5580000,0x00000000fb600000)
  from space 3072K, 63% used [0x00000000fb600000,0x00000000fb7e5c80,0x00000000fb900000)
  to   space 3072K, 0% used [0x00000000fb900000,0x00000000fb900000,0x00000000fbc00000)
 ParOldGen       total 88576K, used 37460K [0x00000000e0000000, 0x00000000e5680000, 0x00000000f5580000)
  object space 88576K, 42% used [0x00000000e0000000,0x00000000e24952a8,0x00000000e5680000)
 Metaspace       used 86441K, capacity 92950K, committed 93332K, reserved 1130496K
  class space    used 9992K, capacity 12073K, committed 12180K, reserved 1048576K
Event: 19996.524 GC heap after
Heap after GC invocations=195 (full 76):
 PSYoungGen      total 101888K, used 0K [0x00000000f5580000, 0x00000000fbc00000, 0x0000000100000000)
  eden space 98816K, 0% used [0x00000000f5580000,0x00000000f5580000,0x00000000fb600000)
  from space 3072K, 0% used [0x00000000fb600000,0x00000000fb600000,0x00000000fb900000)
  to   space 3072K, 0% used [0x00000000fb900000,0x00000000fb900000,0x00000000fbc00000)
 ParOldGen       total 88576K, used 37412K [0x00000000e0000000, 0x00000000e5680000, 0x00000000f5580000)
  object space 88576K, 42% used [0x00000000e0000000,0x00000000e2489030,0x00000000e5680000)
 Metaspace       used 86441K, capacity 92950K, committed 93332K, reserved 1130496K
  class space    used 9992K, capacity 12073K, committed 12180K, reserved 1048576K
}

Deoptimization events (10 events):
Event: 20061.679 Thread 0x0000000016ae4800 Uncommon trap: reason=unreached action=reinterpret pc=0x0000000005869910 method=org.eclipse.core.internal.jobs.WorkerPool.startJob(Lorg/eclipse/core/internal/jobs/Worker;)Lorg/eclipse/core/internal/jobs/InternalJob; @ 185
Event: 20061.679 Thread 0x00000000153e0800 Uncommon trap: reason=unreached action=reinterpret pc=0x0000000005869910 method=org.eclipse.core.internal.jobs.WorkerPool.startJob(Lorg/eclipse/core/internal/jobs/Worker;)Lorg/eclipse/core/internal/jobs/InternalJob; @ 185
Event: 20061.679 Thread 0x00000000153d4000 Uncommon trap: reason=unreached action=reinterpret pc=0x0000000005869910 method=org.eclipse.core.internal.jobs.WorkerPool.startJob(Lorg/eclipse/core/internal/jobs/Worker;)Lorg/eclipse/core/internal/jobs/InternalJob; @ 185
Event: 20061.680 Thread 0x00000000153d5000 Uncommon trap: reason=unreached action=reinterpret pc=0x0000000005869910 method=org.eclipse.core.internal.jobs.WorkerPool.startJob(Lorg/eclipse/core/internal/jobs/Worker;)Lorg/eclipse/core/internal/jobs/InternalJob; @ 185
Event: 20061.680 Thread 0x00000000153d2000 Uncommon trap: reason=unreached action=reinterpret pc=0x0000000005869910 method=org.eclipse.core.internal.jobs.WorkerPool.startJob(Lorg/eclipse/core/internal/jobs/Worker;)Lorg/eclipse/core/internal/jobs/InternalJob; @ 185
Event: 20061.680 Thread 0x00000000153dd800 Uncommon trap: reason=unreached action=reinterpret pc=0x0000000005869910 method=org.eclipse.core.internal.jobs.WorkerPool.startJob(Lorg/eclipse/core/internal/jobs/Worker;)Lorg/eclipse/core/internal/jobs/InternalJob; @ 185
Event: 20061.680 Thread 0x000000001dc20800 Uncommon trap: reason=unreached action=reinterpret pc=0x0000000005869910 method=org.eclipse.core.internal.jobs.WorkerPool.startJob(Lorg/eclipse/core/internal/jobs/Worker;)Lorg/eclipse/core/internal/jobs/InternalJob; @ 185
Event: 20061.680 Thread 0x00000000153d9800 Uncommon trap: reason=unreached action=reinterpret pc=0x0000000005869910 method=org.eclipse.core.internal.jobs.WorkerPool.startJob(Lorg/eclipse/core/internal/jobs/Worker;)Lorg/eclipse/core/internal/jobs/InternalJob; @ 185
Event: 20061.680 Thread 0x00000000153d9000 Uncommon trap: reason=unreached action=reinterpret pc=0x0000000005869910 method=org.eclipse.core.internal.jobs.WorkerPool.startJob(Lorg/eclipse/core/internal/jobs/Worker;)Lorg/eclipse/core/internal/jobs/InternalJob; @ 185
Event: 20061.855 Thread 0x000000000263e800 Uncommon trap: reason=unreached action=reinterpret pc=0x000000000444325c method=sun.reflect.UnsafeStaticObjectFieldAccessorImpl.set(Ljava/lang/Object;Ljava/lang/Object;)V @ 13

Internal exceptions (10 events):
Event: 20060.880 Thread 0x00000000153d9000 Implicit null exception at 0x00000000060e4850 to 0x00000000060e5c79
Event: 20060.996 Thread 0x000000001e908800 Exception <a 'java/lang/InterruptedException'> (0x00000000fa468660) thrown at [D:\re\workspace\8-2-build-windows-amd64-cygwin\jdk8u25\1677\hotspot\src\share\vm\runtime\objectMonitor.cpp, line 1682]
Event: 20061.007 Thread 0x000000000263e800 Implicit null exception at 0x00000000052e22ee to 0x00000000052e33c1
Event: 20061.008 Thread 0x000000000263e800 Implicit null exception at 0x0000000003c81179 to 0x0000000003c82375
Event: 20061.583 Thread 0x000000000263e800 Implicit null exception at 0x0000000003bd984f to 0x0000000003bd9e6d
Event: 20061.702 Thread 0x0000000016231800 Exception <a 'java/lang/InterruptedException': sleep interrupted> (0x00000000f6913ee0) thrown at [D:\re\workspace\8-2-build-windows-amd64-cygwin\jdk8u25\1677\hotspot\src\share\vm\prims\jvm.cpp, line 3141]
Event: 20061.706 Thread 0x0000000016ae9000 Exception <a 'java/lang/InterruptedException'> (0x00000000fa811e20) thrown at [D:\re\workspace\8-2-build-windows-amd64-cygwin\jdk8u25\1677\hotspot\src\share\vm\runtime\objectMonitor.cpp, line 1682]
Event: 20061.707 Thread 0x0000000016453000 Exception <a 'java/lang/InterruptedException'> (0x00000000fa83a080) thrown at [D:\re\workspace\8-2-build-windows-amd64-cygwin\jdk8u25\1677\hotspot\src\share\vm\runtime\objectMonitor.cpp, line 1682]
Event: 20061.855 Thread 0x0000000016500000 Exception <a 'java/lang/InterruptedException'> (0x00000000fa77a3d0) thrown at [D:\re\workspace\8-2-build-windows-amd64-cygwin\jdk8u25\1677\hotspot\src\share\vm\runtime\objectMonitor.cpp, line 1682]
Event: 20061.855 Thread 0x000000000263e800 Implicit null exception at 0x0000000004442ea0 to 0x000000000444324d

Events (10 events):
Event: 20061.857 Thread 0x000000001dc25000 Thread added: 0x000000001dc25000
Event: 20061.857 Executing VM operation: RevokeBias
Event: 20061.858 Executing VM operation: RevokeBias done
Event: 20061.858 Executing VM operation: RevokeBias
Event: 20061.858 Executing VM operation: RevokeBias done
Event: 20061.858 Executing VM operation: RevokeBias
Event: 20061.858 Executing VM operation: RevokeBias done
Event: 20061.858 Thread 0x000000001dc25000 Thread exited: 0x000000001dc25000
Event: 20061.859 Thread 0x00000000139ad000 Thread exited: 0x00000000139ad000
Event: 20061.859 Executing VM operation: Exit


Dynamic libraries:
0x0000000000400000 - 0x000000000044f000 	C:\Xilinx\SDK\2015.2\eclipse\win64.o\eclipse.exe
0x00007fff1b920000 - 0x00007fff1bae1000 	C:\WINDOWS\SYSTEM32\ntdll.dll
0x00007fff1b710000 - 0x00007fff1b7bd000 	C:\WINDOWS\system32\KERNEL32.DLL
0x00007fff18450000 - 0x00007fff1862d000 	C:\WINDOWS\system32\KERNELBASE.dll
0x00007fff191c0000 - 0x00007fff1930e000 	C:\WINDOWS\system32\USER32.dll
0x00007fff19a80000 - 0x00007fff19c06000 	C:\WINDOWS\system32\GDI32.dll
0x00007fff1a0e0000 - 0x00007fff1a17d000 	C:\WINDOWS\system32\msvcrt.dll
0x00007fff0f330000 - 0x00007fff0f5a4000 	C:\WINDOWS\WinSxS\amd64_microsoft.windows.common-controls_6595b64144ccf1df_6.0.10240.16384_none_f41f7b285750ef43\COMCTL32.dll
0x00007fff19f80000 - 0x00007fff19fb6000 	C:\WINDOWS\system32\IMM32.DLL
0x00007fff19c70000 - 0x00007fff19dcc000 	C:\WINDOWS\system32\MSCTF.dll
0x0000000072000000 - 0x0000000072012000 	C:\Xilinx\SDK\2015.2\eclipse\win64.o\plugins\org.eclipse.equinox.launcher.win32.win32.x86_64_1.1.200.v20140116-2212\eclipse_1503.dll
0x00007fff19310000 - 0x00007fff193b6000 	C:\WINDOWS\system32\ADVAPI32.dll
0x00007fff19c10000 - 0x00007fff19c6b000 	C:\WINDOWS\system32\sechost.dll
0x00007fff1b7c0000 - 0x00007fff1b8e6000 	C:\WINDOWS\system32\RPCRT4.dll
0x00007fff119c0000 - 0x00007fff119ca000 	C:\WINDOWS\SYSTEM32\VERSION.dll
0x00007fff16c50000 - 0x00007fff16ce6000 	C:\WINDOWS\system32\uxtheme.dll
0x00007fff19570000 - 0x00007fff197ec000 	C:\WINDOWS\system32\combase.dll
0x00007fff00270000 - 0x00007fff00312000 	C:\Program Files\Common Files\microsoft shared\ink\tiptsf.dll
0x00007fff198f0000 - 0x00007fff199ae000 	C:\WINDOWS\system32\OLEAUT32.dll
0x0000000067390000 - 0x0000000067bea000 	C:\Xilinx\SDK\2015.2\tps\win64\jre\bin\server\jvm.dll
0x00007fff1b910000 - 0x00007fff1b918000 	C:\WINDOWS\system32\PSAPI.DLL
0x00007fff165e0000 - 0x00007fff16603000 	C:\WINDOWS\SYSTEM32\WINMM.dll
0x00007fff09d20000 - 0x00007fff09d29000 	C:\WINDOWS\SYSTEM32\WSOCK32.dll
0x0000000069a00000 - 0x0000000069ad2000 	C:\WINDOWS\SYSTEM32\MSVCR100.dll
0x00007fff19a10000 - 0x00007fff19a79000 	C:\WINDOWS\system32\WS2_32.dll
0x00007fff1b900000 - 0x00007fff1b908000 	C:\WINDOWS\system32\NSI.dll
0x00007fff16550000 - 0x00007fff1657c000 	C:\WINDOWS\SYSTEM32\WINMMBASE.dll
0x00007fff18800000 - 0x00007fff18844000 	C:\WINDOWS\system32\cfgmgr32.dll
0x00007fff16c20000 - 0x00007fff16c47000 	C:\WINDOWS\SYSTEM32\DEVOBJ.dll
0x0000000067250000 - 0x000000006725f000 	C:\Xilinx\SDK\2015.2\tps\win64\jre\bin\verify.dll
0x0000000067220000 - 0x0000000067248000 	C:\Xilinx\SDK\2015.2\tps\win64\jre\bin\java.dll
0x0000000067200000 - 0x0000000067216000 	C:\Xilinx\SDK\2015.2\tps\win64\jre\bin\zip.dll
0x00007fff1a180000 - 0x00007fff1b6a2000 	C:\WINDOWS\system32\SHELL32.dll
0x00007fff18850000 - 0x00007fff18e78000 	C:\WINDOWS\system32\windows.storage.dll
0x00007fff199b0000 - 0x00007fff19a01000 	C:\WINDOWS\system32\shlwapi.dll
0x00007fff183e0000 - 0x00007fff183ef000 	C:\WINDOWS\system32\kernel.appcore.dll
0x00007fff18e80000 - 0x00007fff18f33000 	C:\WINDOWS\system32\shcore.dll
0x00007fff18370000 - 0x00007fff183ba000 	C:\WINDOWS\system32\powrprof.dll
0x00007fff18350000 - 0x00007fff18363000 	C:\WINDOWS\system32\profapi.dll
0x00007fff17c50000 - 0x00007fff17c67000 	C:\WINDOWS\SYSTEM32\CRYPTSP.dll
0x00007fff18280000 - 0x00007fff182a8000 	C:\WINDOWS\SYSTEM32\bcrypt.dll
0x00007fff17860000 - 0x00007fff17893000 	C:\WINDOWS\system32\rsaenh.dll
0x00007fff17af0000 - 0x00007fff17b0f000 	C:\WINDOWS\SYSTEM32\USERENV.dll
0x00007fff18170000 - 0x00007fff181db000 	C:\WINDOWS\system32\bcryptprimitives.dll
0x00007fff17d90000 - 0x00007fff17d9b000 	C:\WINDOWS\SYSTEM32\CRYPTBASE.dll
0x00000000671e0000 - 0x00000000671fa000 	C:\Xilinx\SDK\2015.2\tps\win64\jre\bin\net.dll
0x00007fff17a80000 - 0x00007fff17add000 	C:\WINDOWS\system32\mswsock.dll
0x00007fff11b20000 - 0x00007fff11b58000 	C:\WINDOWS\SYSTEM32\IPHLPAPI.DLL
0x00007fff11b10000 - 0x00007fff11b1b000 	C:\WINDOWS\SYSTEM32\WINNSI.DLL
0x00007fff0ff10000 - 0x00007fff0ff26000 	C:\WINDOWS\SYSTEM32\dhcpcsvc6.DLL
0x00007fff10020000 - 0x00007fff1003a000 	C:\WINDOWS\SYSTEM32\dhcpcsvc.DLL
0x00000000671c0000 - 0x00000000671d1000 	C:\Xilinx\SDK\2015.2\tps\win64\jre\bin\nio.dll
0x00007fff1a030000 - 0x00007fff1a0d5000 	C:\WINDOWS\system32\clbcatq.dll
0x00007ffeffda0000 - 0x00007ffeffeec000 	C:\Windows\System32\uiautomationcore.dll
0x00007fff181e0000 - 0x00007fff18278000 	C:\WINDOWS\SYSTEM32\sxs.dll
0x00007fff0ec70000 - 0x00007fff0ecd9000 	C:\Windows\System32\OLEACC.dll
0x00007fff01980000 - 0x00007fff01995000 	C:\WINDOWS\system32\napinsp.dll
0x00007fff01960000 - 0x00007fff0197a000 	C:\WINDOWS\system32\pnrpnsp.dll
0x00007fff15e60000 - 0x00007fff15e78000 	C:\WINDOWS\system32\NLAapi.dll
0x00007fff178f0000 - 0x00007fff17998000 	C:\WINDOWS\SYSTEM32\DNSAPI.dll
0x00007fff01950000 - 0x00007fff0195d000 	C:\WINDOWS\System32\winrnr.dll
0x00007fff01930000 - 0x00007fff01945000 	C:\WINDOWS\system32\wshbth.dll
0x00007fff0c970000 - 0x00007fff0c97a000 	C:\Windows\System32\rasadhlp.dll
0x00007fff10390000 - 0x00007fff103f8000 	C:\WINDOWS\System32\fwpuclnt.dll
0x00007fff19420000 - 0x00007fff19561000 	C:\WINDOWS\system32\ole32.dll
0x00000000184d0000 - 0x0000000018578000 	C:\Users\mr_co_000\.Xilinx\SDK\2015.2\org.eclipse.osgi\bundles\287\1\.cp\swt-win32-4335.dll
0x00007fff197f0000 - 0x00007fff198c7000 	C:\WINDOWS\system32\comdlg32.dll
0x00007fff18630000 - 0x00007fff187f1000 	C:\WINDOWS\system32\CRYPT32.dll
0x00007fff0f200000 - 0x00007fff0f284000 	C:\WINDOWS\SYSTEM32\WINSPOOL.DRV
0x00007fff183c0000 - 0x00007fff183d1000 	C:\WINDOWS\system32\MSASN1.dll
0x00007fff11c20000 - 0x00007fff11ec7000 	C:\WINDOWS\SYSTEM32\WININET.dll
0x00007fff06380000 - 0x00007fff06398000 	C:\WINDOWS\SYSTEM32\USP10.dll
0x00007fff15a60000 - 0x00007fff15a82000 	C:\WINDOWS\system32\dwmapi.dll
0x00007fff161a0000 - 0x00007fff16323000 	C:\WINDOWS\SYSTEM32\propsys.dll
0x00000000185c0000 - 0x00000000185de000 	C:\Users\mr_co_000\.Xilinx\SDK\2015.2\org.eclipse.osgi\bundles\287\1\.cp\swt-gdip-win32-4335.dll
0x00007fff117b0000 - 0x00007fff11959000 	C:\WINDOWS\WinSxS\amd64_microsoft.windows.gdiplus_6595b64144ccf1df_1.1.10240.16384_none_89a94c179af51f83\gdiplus.dll
0x00007fff12320000 - 0x00007fff124d2000 	C:\WINDOWS\SYSTEM32\WindowsCodecs.dll
0x0000000180000000 - 0x0000000180012000 	C:\Users\mr_co_000\.Xilinx\SDK\2015.2\org.eclipse.osgi\bundles\113\1\.cp\os\win32\x86_64\localfile_1_0_0.dll
0x00007fff05bd0000 - 0x00007fff05be1000 	C:\Users\mr_co_000\.Xilinx\SDK\2015.2\org.eclipse.osgi\bundles\116\1\.cp\jWinHttp-1.0.0.dll
0x00007fff115f0000 - 0x00007fff116c6000 	C:\WINDOWS\SYSTEM32\WINHTTP.dll
0x00007fff16d10000 - 0x00007fff16dfe000 	C:\WINDOWS\system32\twinapi.appcore.dll
0x00007fff007e0000 - 0x00007fff0089a000 	C:\WINDOWS\SYSTEM32\twinapi.dll
0x00007fff0b0a0000 - 0x00007fff0b0b0000 	C:\Xilinx\SDK\2015.2\lib\win64.o\librdi_repo_manager.dll
0x00007ffec1810000 - 0x00007ffec2153000 	C:\Xilinx\SDK\2015.2\lib\win64.o\librdi_common.dll
0x00007ffefff60000 - 0x00007ffefff8a000 	C:\Xilinx\SDK\2015.2\lib\win64.o\libisl_sysinfo.dll
0x00007ffebfd50000 - 0x00007ffebff38000 	C:\Xilinx\SDK\2015.2\lib\win64.o\librdi_hsm.dll
0x00007ffef7830000 - 0x00007ffef7884000 	C:\Xilinx\SDK\2015.2\lib\win64.o\librdi_commonxillic.dll
0x00007ffef83b0000 - 0x00007ffef8457000 	C:\WINDOWS\SYSTEM32\MSVCP110.dll
0x00007ffef7660000 - 0x00007ffef7734000 	C:\WINDOWS\SYSTEM32\MSVCR110.dll
0x00007ffeee1d0000 - 0x00007ffeee3f0000 	C:\Xilinx\SDK\2015.2\lib\win64.o\libXil_lmgr11.dll
0x00007fff00fa0000 - 0x00007fff00fc2000 	C:\Xilinx\SDK\2015.2\lib\win64.o\libboost_filesystem.dll
0x00007fff183f0000 - 0x00007fff18444000 	C:\WINDOWS\system32\WINTRUST.dll
0x00007ffef5ec0000 - 0x00007ffef5fba000 	C:\Xilinx\SDK\2015.2\lib\win64.o\libboost_regex.dll
0x00007fff0e6d0000 - 0x00007fff0e6d9000 	C:\Xilinx\SDK\2015.2\lib\win64.o\libboost_system.dll
0x00007ffec4d40000 - 0x00007ffec4fe8000 	C:\Xilinx\SDK\2015.2\lib\win64.o\libCOIN-all.dll
0x00007fff0e740000 - 0x00007fff0e750000 	C:\Xilinx\SDK\2015.2\lib\win64.o\libboost_date_time.dll
0x00007ffef7310000 - 0x00007ffef7384000 	C:\Xilinx\SDK\2015.2\lib\win64.o\libboost_program_options.dll
0x00007ffeffa20000 - 0x00007ffeffa33000 	C:\Xilinx\SDK\2015.2\lib\win64.o\libboost_signals.dll
0x00007fff01170000 - 0x00007fff0118d000 	C:\Xilinx\SDK\2015.2\lib\win64.o\libboost_thread.dll
0x00007ffef7260000 - 0x00007ffef72e0000 	C:\Xilinx\SDK\2015.2\lib\win64.o\libhdlpsolve.dll
0x00007ffef4e20000 - 0x00007ffef4eba000 	C:\Xilinx\SDK\2015.2\lib\win64.o\libhdxml.dll
0x00007ffec1200000 - 0x00007ffec180a200 	C:\Xilinx\SDK\2015.2\lib\win64.o\libisl_iostreams.dll
0x00007fff00000000 - 0x00007fff00023000 	C:\Xilinx\SDK\2015.2\lib\win64.o\libisl_iosutils.dll
0x00007ffee7eb0000 - 0x00007ffee7fe0000 	C:\Xilinx\SDK\2015.2\lib\win64.o\librdi_curl.dll
0x00007fff04180000 - 0x00007fff04195000 	C:\Xilinx\SDK\2015.2\lib\win64.o\pthreadVC2.dll
0x00007fff00330000 - 0x00007fff00348000 	C:\Xilinx\SDK\2015.2\lib\win64.o\librdiconfig.dll
0x00007ffefd7b0000 - 0x00007ffefd7d3000 	C:\Xilinx\SDK\2015.2\lib\win64.o\librdizlib.dll
0x0000000067260000 - 0x0000000067387000 	C:\Xilinx\SDK\2015.2\lib\win64.o\tcl85t.dll
0x0000000023090000 - 0x00000000232f3000 	C:\Xilinx\SDK\2015.2\lib\win64.o\xerces-c_3_1.dll
0x00007fff0a170000 - 0x00007fff0a306000 	C:\WINDOWS\SYSTEM32\urlmon.dll
0x00007ffef7800000 - 0x00007ffef7823000 	C:\WINDOWS\SYSTEM32\VCOMP110.DLL
0x00007fff06ef0000 - 0x00007fff06f07000 	C:\WINDOWS\SYSTEM32\NETAPI32.dll
0x00007fff0dfe0000 - 0x00007fff0dfeb000 	C:\Xilinx\SDK\2015.2\lib\win64.o\libboost_chrono.dll
0x00007fff00060000 - 0x00007fff00076000 	C:\Xilinx\SDK\2015.2\lib\win64.o\libboost_iostreams.dll
0x00007fff0d6e0000 - 0x00007fff0da56000 	C:\WINDOWS\SYSTEM32\iertutil.dll
0x00007fff143f0000 - 0x00007fff14406000 	C:\WINDOWS\SYSTEM32\wkscli.dll
0x00007fff177e0000 - 0x00007fff177ec000 	C:\WINDOWS\SYSTEM32\netutils.dll
0x00007fff17750000 - 0x00007fff17776000 	C:\WINDOWS\SYSTEM32\srvcli.dll
0x00007ffef6dd0000 - 0x00007ffef6e13000 	C:\Xilinx\SDK\2015.2\lib\win64.o\librdi_hdf.dll
0x00007ffebfb90000 - 0x00007ffebfd4a000 	C:\Xilinx\SDK\2015.2\lib\win64.o\librdi_ippcw.dll
0x00007ffef8170000 - 0x00007ffef818c000 	C:\Xilinx\SDK\2015.2\lib\win64.o\librdi_hw_platform.dll
0x00007fff0f5b0000 - 0x00007fff0f5b7000 	C:\WINDOWS\SYSTEM32\msimg32.dll
0x00007ffeff6a0000 - 0x00007ffeff6cf000 	C:\WINDOWS\SYSTEM32\edputil.dll
0x00007fff12e50000 - 0x00007fff12f81000 	C:\WINDOWS\SYSTEM32\wintypes.dll
0x00007fff15fb0000 - 0x00007fff15fe9000 	C:\WINDOWS\SYSTEM32\policymanager.dll
0x00007fff15f00000 - 0x00007fff15f92000 	C:\WINDOWS\SYSTEM32\msvcp110_win.dll
0x00007fff15e80000 - 0x00007fff15eb6000 	C:\WINDOWS\SYSTEM32\XmlLite.dll
0x00007ffec0df0000 - 0x00007ffec11fa000 	C:\Xilinx\SDK\2015.2\lib\win64.o\librdi_commontasks.dll

VM Arguments:
jvm_args: -Dcom.xilinx.sdk.args.hwspec=C:/Users/mr_co_000/Documents/GitHub/ECE495/Lab/Lab4/lab4/lab4.sdk/design_1_wrapper.hdf -Xms64m -Xmx512m & 
java_command: <unknown>
java_class_path (initial): C:\Xilinx\SDK\2015.2\eclipse\win64.o\\plugins/org.eclipse.equinox.launcher_1.3.0.v20130327-1440.jar
Launcher Type: generic

Environment Variables:
USERNAME=mr_co_000
OS=Windows_NT
PROCESSOR_IDENTIFIER=Intel64 Family 6 Model 69 Stepping 1, GenuineIntel



---------------  S Y S T E M  ---------------

OS: Windows 8 , 64 bit Build 9200 

CPU:total 4 (2 cores per cpu, 2 threads per core) family 6 model 69 stepping 1, cmov, cx8, fxsr, mmx, sse, sse2, sse3, ssse3, sse4.1, sse4.2, popcnt, avx, avx2, aes, clmul, erms, lzcnt, ht, tsc, tscinvbit, bmi1, bmi2

Memory: 4k page, physical 4097768k(856608k free), swap 9525104k(1197648k free)

vm_info: Java HotSpot(TM) 64-Bit Server VM (25.25-b02) for windows-amd64 JRE (1.8.0_25-b18), built on Oct  7 2014 14:25:37 by "java_re" with MS VC++ 10.0 (VS2010)

time: Wed Nov 11 22:38:09 2015
elapsed time: 20063 seconds (0d 5h 34m 23s)

