#
# A fatal error has been detected by the Java Runtime Environment:
#
#  Internal Error (0xc000000d), pid=8968, tid=6116
#
# JRE version: Java(TM) SE Runtime Environment (8.0_25-b18) (build 1.8.0_25-b18)
# Java VM: Java HotSpot(TM) 64-Bit Server VM (25.25-b02 mixed mode windows-amd64 compressed oops)
# Problematic frame:
# C  [ntdll.dll+0xf5920]
#
# Failed to write core dump. Minidumps are not enabled by default on client versions of Windows
#
# If you would like to submit a bug report, please visit:
#   http://bugreport.sun.com/bugreport/crash.jsp
#

---------------  T H R E A D  ---------------

Current thread (0x0000000013976000):  VMThread [stack: 0x0000000014a20000,0x0000000014b20000] [id=6116]

siginfo: ExceptionCode=0xc000000d

Registers:
RAX=0x0000000000140012, RBX=0xfffffffffffffffe, RCX=0x0000000014b1ef40, RDX=0x000000001a5078d0
RSP=0x0000000014b1f270, RBP=0x00007ffef7667408, RSI=0x0000000000000000, RDI=0x00000000000007e8
R8 =0x0000000000000000, R9 =0x0000000000000000, R10=0x0000000000000000, R11=0x0000000000000000
R12=0x0000000022c31970, R13=0x0000000022af5f70, R14=0x0000000022c31a78, R15=0x0000000014b1f3e8
RIP=0x00007fff1ba15920, EFLAGS=0x0000000000000206

Top of Stack: (sp=0x0000000014b1f270)
0x0000000014b1f270:   0000000000000000 fffffffffffffffe
0x0000000014b1f280:   0000000000000000 00000000000007e8
0x0000000014b1f290:   00000000c000000d 0000000000000000
0x0000000014b1f2a0:   00007fff1ba15920 0000000000000000
0x0000000014b1f2b0:   0000000000000000 0000000000000000
0x0000000014b1f2c0:   0000000000000000 0000000000000000
0x0000000014b1f2d0:   0000000000000000 0000000000000000
0x0000000014b1f2e0:   0000000000000000 0000000000000000
0x0000000014b1f2f0:   0000000000000000 0000000000000000
0x0000000014b1f300:   0000000000000000 0000000000000000
0x0000000014b1f310:   0000000000000000 0000000000000000
0x0000000014b1f320:   0000000000000000 0000000000000000
0x0000000014b1f330:   0000808ce6f50263 0000000000000000
0x0000000014b1f340:   0000000000000000 00007fff1b9c9e6d
0x0000000014b1f350:   0000000000000000 0000000000000000
0x0000000014b1f360:   0000000000000000 00007fff1b94aa68 

Instructions: (pc=0x00007fff1ba15920)
0x00007fff1ba15900:   28 fa ff c7 44 24 20 0d 00 00 c0 b9 57 00 00 00
0x00007fff1ba15910:   e8 7b 97 f1 ff 90 48 8d 4c 24 20 e8 80 c5 f1 ff
0x00007fff1ba15920:   eb 00 48 8b 8c 24 c0 00 00 00 48 33 cc e8 4e e3
0x00007fff1ba15930:   f8 ff 48 81 c4 d8 00 00 00 c3 40 55 48 83 ec 20 


Register to memory mapping:

RAX=0x0000000000140012 is pointing into the stack for thread: 0x000000000258e800
RBX=0xfffffffffffffffe is an unknown value
RCX=0x0000000014b1ef40 is an unknown value
RDX=0x000000001a5078d0 is an unknown value
RSP=0x0000000014b1f270 is an unknown value
RBP=0x00007ffef7667408 is an unknown value
RSI=0x0000000000000000 is an unknown value
RDI=0x00000000000007e8 is an unknown value
R8 =0x0000000000000000 is an unknown value
R9 =0x0000000000000000 is an unknown value
R10=0x0000000000000000 is an unknown value
R11=0x0000000000000000 is an unknown value
R12=0x0000000022c31970 is an unknown value
R13=0x0000000022af5f70 is an unknown value
R14=0x0000000022c31a78 is an unknown value
R15=0x0000000014b1f3e8 is an unknown value


Stack: [0x0000000014a20000,0x0000000014b20000],  sp=0x0000000014b1f270,  free space=1020k
Native frames: (J=compiled Java code, j=interpreted, Vv=VM code, C=native code)
C  [ntdll.dll+0xf5920]
C  [ntdll.dll+0xa9e6d]
C  [KERNEL32.DLL+0x228da]
C  [MSVCR110.dll+0x752d]
C  [MSVCR110.dll+0x14cde]
C  [MSVCR110.dll+0x13edc]
C  [MSVCR110.dll+0x239e]
C  [MSVCR110.dll+0xaf9e]
C  [MSVCP110.dll+0x397b9]
C  [librdi_common.dll+0x135d02]
C  [librdi_common.dll+0x13447b]
C  0x00007ffefd7d2400
C  0x00007ffefd7d2682
C  [ntdll.dll+0x23d70]
C  [ntdll.dll+0x4638a]
C  [ntdll.dll+0x46224]
C  [KERNEL32.DLL+0x1ef5a]
C  [MSVCR100.dll+0x20ccd]
V  [jvm.dll+0x1f9c55]
V  [jvm.dll+0x2325e7]
V  [jvm.dll+0x231826]
V  [jvm.dll+0x231cc1]
V  [jvm.dll+0x231ede]
V  [jvm.dll+0x2852fa]
C  [MSVCR100.dll+0x21d9f]
C  [MSVCR100.dll+0x21e3b]
C  [KERNEL32.DLL+0x12d92]
C  [ntdll.dll+0x9f64]

VM_Operation (0x000000000014f500): Exit, mode: safepoint, requested by thread 0x000000000258e800


---------------  P R O C E S S  ---------------

Java Threads: ( => current thread )
  0x000000001bf96800 JavaThread "Spawner Reaper" daemon [_thread_in_native, id=5696, stack(0x0000000025420000,0x0000000025520000)]
  0x000000001bf8f000 JavaThread "Thread-317" daemon [_thread_blocked, id=16692, stack(0x000000002f3e0000,0x000000002f4e0000)]
  0x000000001c2c3800 JavaThread "Worker-21" [_thread_blocked, id=17284, stack(0x000000002eae0000,0x000000002ebe0000)]
  0x000000001c5c9800 JavaThread "TCF Locator DNS Lookup" daemon [_thread_blocked, id=13944, stack(0x000000001d150000,0x000000001d250000)]
  0x000000001c5cf800 JavaThread "TCF Locator Timer" daemon [_thread_blocked, id=14600, stack(0x000000001d050000,0x000000001d150000)]
  0x000000001c5cc800 JavaThread "TCF Locator Receiver" daemon [_thread_in_native, id=19356, stack(0x000000001cf50000,0x000000001d050000)]
  0x000000001c5d0800 JavaThread "TCF Timer Dispatcher" daemon [_thread_blocked, id=20244, stack(0x000000001c960000,0x000000001ca60000)]
  0x0000000015fd1800 JavaThread "EMF Reference Cleaner" daemon [_thread_blocked, id=7316, stack(0x00000000182d0000,0x00000000183d0000)]
  0x000000001524c800 JavaThread "Service Thread" daemon [_thread_blocked, id=21300, stack(0x0000000015620000,0x0000000015720000)]
  0x00000000139bf800 JavaThread "C1 CompilerThread2" daemon [_thread_blocked, id=7420, stack(0x0000000015120000,0x0000000015220000)]
  0x00000000139b2800 JavaThread "C2 CompilerThread1" daemon [_thread_blocked, id=17568, stack(0x0000000015020000,0x0000000015120000)]
  0x00000000139ae000 JavaThread "C2 CompilerThread0" daemon [_thread_blocked, id=21304, stack(0x0000000014f20000,0x0000000015020000)]
  0x00000000139ac800 JavaThread "Attach Listener" daemon [_thread_blocked, id=5740, stack(0x0000000014e20000,0x0000000014f20000)]
  0x00000000139ab800 JavaThread "Signal Dispatcher" daemon [_thread_blocked, id=4384, stack(0x0000000014d20000,0x0000000014e20000)]
  0x00000000024e3000 JavaThread "Finalizer" daemon [_thread_blocked, id=15744, stack(0x0000000014c20000,0x0000000014d20000)]
  0x00000000024dc000 JavaThread "Reference Handler" daemon [_thread_blocked, id=15972, stack(0x0000000014b20000,0x0000000014c20000)]
  0x000000000258e800 JavaThread "main" [_thread_blocked, id=9716, stack(0x0000000000050000,0x0000000000150000)]

Other Threads:
=>0x0000000013976000 VMThread [stack: 0x0000000014a20000,0x0000000014b20000] [id=6116]

VM state:at safepoint (shutting down)

VM Mutex/Monitor currently owned by a thread:  ([mutex/lock_event])
[0x000000000258de50] Threads_lock - owner thread: 0x0000000013976000

Heap:
 PSYoungGen      total 109568K, used 60040K [0x00000000f5580000, 0x00000000fd400000, 0x0000000100000000)
  eden space 99840K, 50% used [0x00000000f5580000,0x00000000f86c8f08,0x00000000fb700000)
  from space 9728K, 98% used [0x00000000fbb00000,0x00000000fc459200,0x00000000fc480000)
  to   space 14848K, 0% used [0x00000000fc580000,0x00000000fc580000,0x00000000fd400000)
 ParOldGen       total 87040K, used 49209K [0x00000000e0000000, 0x00000000e5500000, 0x00000000f5580000)
  object space 87040K, 56% used [0x00000000e0000000,0x00000000e300e7e0,0x00000000e5500000)
 Metaspace       used 97306K, capacity 103934K, committed 104064K, reserved 1138688K
  class space    used 11651K, capacity 13844K, committed 13952K, reserved 1048576K

Card table byte_map: [0x0000000011950000,0x0000000011a60000] byte_map_base: 0x0000000011250000

Marking Bits: (ParMarkBitMap*) 0x0000000067b6d490
 Begin Bits: [0x0000000011f10000, 0x0000000012710000)
 End Bits:   [0x0000000012710000, 0x0000000012f10000)

Polling page: 0x00000000022b0000

CodeCache: size=245760Kb used=63002Kb max_used=63155Kb free=182757Kb
 bounds [0x0000000002590000, 0x00000000063c0000, 0x0000000011590000]
 total_blobs=17166 nmethods=16288 adapters=784
 compilation: enabled

Compilation events (10 events):
Event: 10033.657 Thread 0x00000000139bf800 21399       1       org.eclipse.osgi.internal.loader.BundleLoaderProxy::getBasicBundleLoader (5 bytes)
Event: 10033.658 Thread 0x00000000139bf800 nmethod 21399 0x0000000004003bd0 code [0x0000000004003d20, 0x0000000004003e30]
Event: 10033.667 Thread 0x00000000139bf800 21400       1       org.eclipse.osgi.internal.loader.BundleLoaderProxy::getBundleData (5 bytes)
Event: 10033.668 Thread 0x00000000139bf800 nmethod 21400 0x0000000002936290 code [0x00000000029363e0, 0x00000000029364f0]
Event: 10033.678 Thread 0x00000000139bf800 21401   !   3       java.util.zip.Inflater::end (50 bytes)
Event: 10033.679 Thread 0x00000000139bf800 nmethod 21401 0x00000000037a9dd0 code [0x00000000037a9f60, 0x00000000037aa3c8]
Event: 10033.939 Thread 0x00000000139bf800 21402   !   3       org.eclipse.osgi.internal.baseadaptor.BaseStorage::compact (215 bytes)
Event: 10033.943 Thread 0x00000000139bf800 nmethod 21402 0x00000000056fc290 code [0x00000000056fc6c0, 0x00000000056feb28]
Event: 10033.996 Thread 0x00000000139bf800 21403       3       org.eclipse.osgi.framework.internal.core.AbstractBundle::close (52 bytes)
Event: 10033.998 Thread 0x00000000139bf800 nmethod 21403 0x000000000570bd90 code [0x000000000570bfc0, 0x000000000570cca8]

GC Heap History (10 events):
Event: 9142.580 GC heap before
{Heap before GC invocations=117 (full 48):
 PSYoungGen      total 125952K, used 125477K [0x00000000f5580000, 0x00000000fe280000, 0x0000000100000000)
  eden space 117760K, 100% used [0x00000000f5580000,0x00000000fc880000,0x00000000fc880000)
  from space 8192K, 94% used [0x00000000fda80000,0x00000000fe209418,0x00000000fe280000)
  to   space 10752K, 0% used [0x00000000fcd80000,0x00000000fcd80000,0x00000000fd800000)
 ParOldGen       total 87040K, used 48675K [0x00000000e0000000, 0x00000000e5500000, 0x00000000f5580000)
  object space 87040K, 55% used [0x00000000e0000000,0x00000000e2f88c58,0x00000000e5500000)
 Metaspace       used 95613K, capacity 102132K, committed 102400K, reserved 1138688K
  class space    used 11475K, capacity 13564K, committed 13568K, reserved 1048576K
Event: 9142.603 GC heap after
Heap after GC invocations=117 (full 48):
 PSYoungGen      total 121344K, used 7428K [0x00000000f5580000, 0x00000000fdb80000, 0x0000000100000000)
  eden space 113664K, 0% used [0x00000000f5580000,0x00000000f5580000,0x00000000fc480000)
  from space 7680K, 96% used [0x00000000fcd80000,0x00000000fd4c10d0,0x00000000fd500000)
  to   space 6656K, 0% used [0x00000000fd500000,0x00000000fd500000,0x00000000fdb80000)
 ParOldGen       total 87040K, used 48675K [0x00000000e0000000, 0x00000000e5500000, 0x00000000f5580000)
  object space 87040K, 55% used [0x00000000e0000000,0x00000000e2f88c58,0x00000000e5500000)
 Metaspace       used 95613K, capacity 102132K, committed 102400K, reserved 1138688K
  class space    used 11475K, capacity 13564K, committed 13568K, reserved 1048576K
}
Event: 9213.790 GC heap before
{Heap before GC invocations=118 (full 48):
 PSYoungGen      total 121344K, used 121092K [0x00000000f5580000, 0x00000000fdb80000, 0x0000000100000000)
  eden space 113664K, 100% used [0x00000000f5580000,0x00000000fc480000,0x00000000fc480000)
  from space 7680K, 96% used [0x00000000fcd80000,0x00000000fd4c10d0,0x00000000fd500000)
  to   space 6656K, 0% used [0x00000000fd500000,0x00000000fd500000,0x00000000fdb80000)
 ParOldGen       total 87040K, used 48675K [0x00000000e0000000, 0x00000000e5500000, 0x00000000f5580000)
  object space 87040K, 55% used [0x00000000e0000000,0x00000000e2f88c58,0x00000000e5500000)
 Metaspace       used 95733K, capacity 102196K, committed 102400K, reserved 1138688K
  class space    used 11475K, capacity 13564K, committed 13568K, reserved 1048576K
Event: 9213.826 GC heap after
Heap after GC invocations=118 (full 48):
 PSYoungGen      total 116736K, used 6643K [0x00000000f5580000, 0x00000000fdb80000, 0x0000000100000000)
  eden space 110080K, 0% used [0x00000000f5580000,0x00000000f5580000,0x00000000fc100000)
  from space 6656K, 99% used [0x00000000fd500000,0x00000000fdb7cc10,0x00000000fdb80000)
  to   space 12288K, 0% used [0x00000000fc380000,0x00000000fc380000,0x00000000fcf80000)
 ParOldGen       total 87040K, used 49185K [0x00000000e0000000, 0x00000000e5500000, 0x00000000f5580000)
  object space 87040K, 56% used [0x00000000e0000000,0x00000000e30087e0,0x00000000e5500000)
 Metaspace       used 95733K, capacity 102196K, committed 102400K, reserved 1138688K
  class space    used 11475K, capacity 13564K, committed 13568K, reserved 1048576K
}
Event: 9733.986 GC heap before
{Heap before GC invocations=119 (full 48):
 PSYoungGen      total 116736K, used 116723K [0x00000000f5580000, 0x00000000fdb80000, 0x0000000100000000)
  eden space 110080K, 100% used [0x00000000f5580000,0x00000000fc100000,0x00000000fc100000)
  from space 6656K, 99% used [0x00000000fd500000,0x00000000fdb7cc10,0x00000000fdb80000)
  to   space 12288K, 0% used [0x00000000fc380000,0x00000000fc380000,0x00000000fcf80000)
 ParOldGen       total 87040K, used 49185K [0x00000000e0000000, 0x00000000e5500000, 0x00000000f5580000)
  object space 87040K, 56% used [0x00000000e0000000,0x00000000e30087e0,0x00000000e5500000)
 Metaspace       used 96010K, capacity 102426K, committed 102784K, reserved 1138688K
  class space    used 11499K, capacity 13597K, committed 13696K, reserved 1048576K
Event: 9734.083 GC heap after
Heap after GC invocations=119 (full 48):
 PSYoungGen      total 115200K, used 8241K [0x00000000f5580000, 0x00000000fd680000, 0x0000000100000000)
  eden space 106496K, 0% used [0x00000000f5580000,0x00000000f5580000,0x00000000fbd80000)
  from space 8704K, 94% used [0x00000000fc380000,0x00000000fcb8c730,0x00000000fcc00000)
  to   space 10752K, 0% used [0x00000000fcc00000,0x00000000fcc00000,0x00000000fd680000)
 ParOldGen       total 87040K, used 49193K [0x00000000e0000000, 0x00000000e5500000, 0x00000000f5580000)
  object space 87040K, 56% used [0x00000000e0000000,0x00000000e300a7e0,0x00000000e5500000)
 Metaspace       used 96010K, capacity 102426K, committed 102784K, reserved 1138688K
  class space    used 11499K, capacity 13597K, committed 13696K, reserved 1048576K
}
Event: 9981.521 GC heap before
{Heap before GC invocations=120 (full 48):
 PSYoungGen      total 115200K, used 114737K [0x00000000f5580000, 0x00000000fd680000, 0x0000000100000000)
  eden space 106496K, 100% used [0x00000000f5580000,0x00000000fbd80000,0x00000000fbd80000)
  from space 8704K, 94% used [0x00000000fc380000,0x00000000fcb8c730,0x00000000fcc00000)
  to   space 10752K, 0% used [0x00000000fcc00000,0x00000000fcc00000,0x00000000fd680000)
 ParOldGen       total 87040K, used 49193K [0x00000000e0000000, 0x00000000e5500000, 0x00000000f5580000)
  object space 87040K, 56% used [0x00000000e0000000,0x00000000e300a7e0,0x00000000e5500000)
 Metaspace       used 96480K, capacity 102966K, committed 103168K, reserved 1138688K
  class space    used 11574K, capacity 13737K, committed 13824K, reserved 1048576K
Event: 9981.567 GC heap after
Heap after GC invocations=120 (full 48):
 PSYoungGen      total 113152K, used 9847K [0x00000000f5580000, 0x00000000fd600000, 0x0000000100000000)
  eden space 102912K, 0% used [0x00000000f5580000,0x00000000f5580000,0x00000000fba00000)
  from space 10240K, 96% used [0x00000000fcc00000,0x00000000fd59dd48,0x00000000fd600000)
  to   space 13824K, 0% used [0x00000000fbb00000,0x00000000fbb00000,0x00000000fc880000)
 ParOldGen       total 87040K, used 49201K [0x00000000e0000000, 0x00000000e5500000, 0x00000000f5580000)
  object space 87040K, 56% used [0x00000000e0000000,0x00000000e300c7e0,0x00000000e5500000)
 Metaspace       used 96480K, capacity 102966K, committed 103168K, reserved 1138688K
  class space    used 11574K, capacity 13737K, committed 13824K, reserved 1048576K
}
Event: 10024.389 GC heap before
{Heap before GC invocations=121 (full 48):
 PSYoungGen      total 113152K, used 112759K [0x00000000f5580000, 0x00000000fd600000, 0x0000000100000000)
  eden space 102912K, 100% used [0x00000000f5580000,0x00000000fba00000,0x00000000fba00000)
  from space 10240K, 96% used [0x00000000fcc00000,0x00000000fd59dd48,0x00000000fd600000)
  to   space 13824K, 0% used [0x00000000fbb00000,0x00000000fbb00000,0x00000000fc880000)
 ParOldGen       total 87040K, used 49201K [0x00000000e0000000, 0x00000000e5500000, 0x00000000f5580000)
  object space 87040K, 56% used [0x00000000e0000000,0x00000000e300c7e0,0x00000000e5500000)
 Metaspace       used 96674K, capacity 103044K, committed 103168K, reserved 1138688K
  class space    used 11582K, capacity 13741K, committed 13824K, reserved 1048576K
Event: 10024.419 GC heap after
Heap after GC invocations=121 (full 48):
 PSYoungGen      total 109568K, used 9572K [0x00000000f5580000, 0x00000000fd400000, 0x0000000100000000)
  eden space 99840K, 0% used [0x00000000f5580000,0x00000000f5580000,0x00000000fb700000)
  from space 9728K, 98% used [0x00000000fbb00000,0x00000000fc459200,0x00000000fc480000)
  to   space 14848K, 0% used [0x00000000fc580000,0x00000000fc580000,0x00000000fd400000)
 ParOldGen       total 87040K, used 49209K [0x00000000e0000000, 0x00000000e5500000, 0x00000000f5580000)
  object space 87040K, 56% used [0x00000000e0000000,0x00000000e300e7e0,0x00000000e5500000)
 Metaspace       used 96674K, capacity 103044K, committed 103168K, reserved 1138688K
  class space    used 11582K, capacity 13741K, committed 13824K, reserved 1048576K
}

Deoptimization events (10 events):
Event: 10032.294 Thread 0x000000000258e800 Uncommon trap: reason=unreached action=reinterpret pc=0x00000000036c295c method=org.eclipse.cdt.managedbuilder.internal.core.Option.getValueHandlerElement()Lorg/eclipse/core/runtime/IConfigurationElement; @ 4
Event: 10032.295 Thread 0x000000000258e800 Uncommon trap: reason=null_check action=make_not_entrant pc=0x0000000002ddd1f0 method=org.eclipse.core.runtime.internal.adaptor.EclipseLazyStarter.shouldActivateFor(Ljava/lang/String;Lorg/eclipse/osgi/baseadaptor/BaseData;Lorg/eclipse/core/runtime/internalVéçvò√@
Event: 10032.922 Thread 0x000000000258e800 Uncommon trap: reason=unreached action=reinterpret pc=0x0000000003743450 method=org.eclipse.swt.widgets.Display.getDefault()Lorg/eclipse/swt/widgets/Display; @ 39
Event: 10032.923 Thread 0x000000000258e800 Uncommon trap: reason=unreached action=reinterpret pc=0x000000000580e510 method=org.eclipse.swt.widgets.Display.getSystemFont()Lorg/eclipse/swt/graphics/Font; @ 8
Event: 10033.007 Thread 0x000000000258e800 Uncommon trap: reason=class_check action=maybe_recompile pc=0x0000000005188158 method=org.eclipse.swt.widgets.Display.asyncExec(Ljava/lang/Runnable;)V @ 54
Event: 10033.008 Thread 0x000000000258e800 Uncommon trap: reason=class_check action=maybe_recompile pc=0x0000000005188158 method=org.eclipse.swt.widgets.Display.asyncExec(Ljava/lang/Runnable;)V @ 54
Event: 10033.108 Thread 0x000000000258e800 Uncommon trap: reason=null_check action=maybe_recompile pc=0x000000000353c560 method=com.xilinx.sdk.targetmanager.internal.json.XMDJSONProcess.issueCommand(Ljava/lang/String;)Lcom/xilinx/sdk/targetmanager/internal/IXMDResult; @ 3
Event: 10033.111 Thread 0x000000000258e800 Uncommon trap: reason=unreached action=reinterpret pc=0x00000000061b59bc method=sun.misc.URLClassPath$JarLoader.findResource(Ljava/lang/String;Z)Ljava/net/URL; @ 8
Event: 10033.263 Thread 0x000000000258e800 Uncommon trap: reason=unreached action=reinterpret pc=0x0000000002b4f16c method=org.osgi.util.tracker.ServiceTracker.getService()Ljava/lang/Object; @ 17
Event: 10034.001 Thread 0x000000001bf90800 Uncommon trap: reason=predicate action=maybe_recompile pc=0x0000000003703660 method=java.util.concurrent.CopyOnWriteArrayList.indexOf(Ljava/lang/Object;[Ljava/lang/Object;II)I @ 41

Internal exceptions (10 events):
Event: 10032.295 Thread 0x000000000258e800 Implicit null exception at 0x0000000002ddc26b to 0x0000000002ddd1e1
Event: 10033.108 Thread 0x000000000258e800 Exception <a 'java/lang/NullPointerException'> (0x00000000f82d6008) thrown at [D:\re\workspace\8-2-build-windows-amd64-cygwin\jdk8u25\1677\hotspot\src\share\vm\prims\jvm.cpp, line 1316]
Event: 10033.591 Thread 0x000000000258e800 Exception <a 'java/io/IOException'> (0x00000000f840b5f8) thrown at [D:\re\workspace\8-2-build-windows-amd64-cygwin\jdk8u25\1677\hotspot\src\share\vm\prims\jni.cpp, line 716]
Event: 10033.591 Thread 0x000000000258e800 Exception <a 'java/io/IOException'> (0x00000000f840b9c0) thrown at [D:\re\workspace\8-2-build-windows-amd64-cygwin\jdk8u25\1677\hotspot\src\share\vm\prims\jni.cpp, line 716]
Event: 10033.591 Thread 0x000000000258e800 Exception <a 'java/io/IOException'> (0x00000000f840bd58) thrown at [D:\re\workspace\8-2-build-windows-amd64-cygwin\jdk8u25\1677\hotspot\src\share\vm\prims\jni.cpp, line 716]
Event: 10033.698 Thread 0x0000000015a1c800 Exception <a 'java/lang/InterruptedException': sleep interrupted> (0x00000000f84a29c0) thrown at [D:\re\workspace\8-2-build-windows-amd64-cygwin\jdk8u25\1677\hotspot\src\share\vm\prims\jvm.cpp, line 3141]
Event: 10033.701 Thread 0x00000000139c2800 Exception <a 'java/lang/InterruptedException'> (0x00000000f84d7528) thrown at [D:\re\workspace\8-2-build-windows-amd64-cygwin\jdk8u25\1677\hotspot\src\share\vm\runtime\objectMonitor.cpp, line 1682]
Event: 10033.702 Thread 0x0000000016a00800 Exception <a 'java/lang/InterruptedException'> (0x00000000f84f7c68) thrown at [D:\re\workspace\8-2-build-windows-amd64-cygwin\jdk8u25\1677\hotspot\src\share\vm\runtime\objectMonitor.cpp, line 1682]
Event: 10033.996 Thread 0x0000000015e82800 Exception <a 'java/lang/InterruptedException'> (0x00000000f84a2190) thrown at [D:\re\workspace\8-2-build-windows-amd64-cygwin\jdk8u25\1677\hotspot\src\share\vm\runtime\objectMonitor.cpp, line 1682]
Event: 10034.001 Thread 0x000000001bf90800 Exception <a 'java/io/IOException'> (0x00000000f86aebe8) thrown at [D:\re\workspace\8-2-build-windows-amd64-cygwin\jdk8u25\1677\hotspot\src\share\vm\prims\jni.cpp, line 716]

Events (10 events):
Event: 10034.001 Executing VM operation: RevokeBias done
Event: 10034.001 Thread 0x000000001bf90800 Uncommon trap: trap_request=0xffffff86 fr.pc=0x0000000003703660
Event: 10034.001 Thread 0x000000001bf90800 DEOPT PACKING pc=0x0000000003703660 sp=0x000000001675f4a0
Event: 10034.001 Thread 0x000000001bf90800 DEOPT UNPACKING pc=0x00000000025d556a sp=0x000000001675f458 mode 2
Event: 10034.001 Executing VM operation: RevokeBias
Event: 10034.001 Executing VM operation: RevokeBias done
Event: 10034.001 Executing VM operation: RevokeBias
Event: 10034.001 Executing VM operation: RevokeBias done
Event: 10034.001 Thread 0x000000001bf90800 Thread exited: 0x000000001bf90800
Event: 10034.003 Executing VM operation: Exit


Dynamic libraries:
0x0000000000400000 - 0x000000000044f000 	C:\Xilinx\SDK\2015.2\eclipse\win64.o\eclipse.exe
0x00007fff1b920000 - 0x00007fff1bae1000 	C:\WINDOWS\SYSTEM32\ntdll.dll
0x00007fff1b710000 - 0x00007fff1b7bd000 	C:\WINDOWS\system32\KERNEL32.DLL
0x00007fff18450000 - 0x00007fff1862d000 	C:\WINDOWS\system32\KERNELBASE.dll
0x00007fff191c0000 - 0x00007fff1930e000 	C:\WINDOWS\system32\USER32.dll
0x00007fff19a80000 - 0x00007fff19c06000 	C:\WINDOWS\system32\GDI32.dll
0x00007fff1a0e0000 - 0x00007fff1a17d000 	C:\WINDOWS\system32\msvcrt.dll
0x00007fff0f330000 - 0x00007fff0f5a4000 	C:\WINDOWS\WinSxS\amd64_microsoft.windows.common-controls_6595b64144ccf1df_6.0.10240.16384_none_f41f7b285750ef43\COMCTL32.dll
0x00007fff19f80000 - 0x00007fff19fb6000 	C:\WINDOWS\system32\IMM32.DLL
0x00007fff19c70000 - 0x00007fff19dcc000 	C:\WINDOWS\system32\MSCTF.dll
0x0000000072000000 - 0x0000000072012000 	C:\Xilinx\SDK\2015.2\eclipse\win64.o\plugins\org.eclipse.equinox.launcher.win32.win32.x86_64_1.1.200.v20140116-2212\eclipse_1503.dll
0x00007fff19310000 - 0x00007fff193b6000 	C:\WINDOWS\system32\ADVAPI32.dll
0x00007fff19c10000 - 0x00007fff19c6b000 	C:\WINDOWS\system32\sechost.dll
0x00007fff1b7c0000 - 0x00007fff1b8e6000 	C:\WINDOWS\system32\RPCRT4.dll
0x00007fff119c0000 - 0x00007fff119ca000 	C:\WINDOWS\SYSTEM32\VERSION.dll
0x00007fff16c50000 - 0x00007fff16ce6000 	C:\WINDOWS\system32\uxtheme.dll
0x00007fff19570000 - 0x00007fff197ec000 	C:\WINDOWS\system32\combase.dll
0x00007fff00270000 - 0x00007fff00312000 	C:\Program Files\Common Files\microsoft shared\ink\tiptsf.dll
0x00007fff198f0000 - 0x00007fff199ae000 	C:\WINDOWS\system32\OLEAUT32.dll
0x0000000067390000 - 0x0000000067bea000 	C:\Xilinx\SDK\2015.2\tps\win64\jre\bin\server\jvm.dll
0x00007fff1b910000 - 0x00007fff1b918000 	C:\WINDOWS\system32\PSAPI.DLL
0x00007fff09d20000 - 0x00007fff09d29000 	C:\WINDOWS\SYSTEM32\WSOCK32.dll
0x00007fff165e0000 - 0x00007fff16603000 	C:\WINDOWS\SYSTEM32\WINMM.dll
0x00007fff19a10000 - 0x00007fff19a79000 	C:\WINDOWS\system32\WS2_32.dll
0x0000000069a00000 - 0x0000000069ad2000 	C:\WINDOWS\SYSTEM32\MSVCR100.dll
0x00007fff1b900000 - 0x00007fff1b908000 	C:\WINDOWS\system32\NSI.dll
0x00007fff16550000 - 0x00007fff1657c000 	C:\WINDOWS\SYSTEM32\WINMMBASE.dll
0x00007fff18800000 - 0x00007fff18844000 	C:\WINDOWS\system32\cfgmgr32.dll
0x00007fff16c20000 - 0x00007fff16c47000 	C:\WINDOWS\SYSTEM32\DEVOBJ.dll
0x0000000067250000 - 0x000000006725f000 	C:\Xilinx\SDK\2015.2\tps\win64\jre\bin\verify.dll
0x0000000067220000 - 0x0000000067248000 	C:\Xilinx\SDK\2015.2\tps\win64\jre\bin\java.dll
0x0000000067200000 - 0x0000000067216000 	C:\Xilinx\SDK\2015.2\tps\win64\jre\bin\zip.dll
0x00007fff1a180000 - 0x00007fff1b6a2000 	C:\WINDOWS\system32\SHELL32.dll
0x00007fff18850000 - 0x00007fff18e78000 	C:\WINDOWS\system32\windows.storage.dll
0x00007fff199b0000 - 0x00007fff19a01000 	C:\WINDOWS\system32\shlwapi.dll
0x00007fff183e0000 - 0x00007fff183ef000 	C:\WINDOWS\system32\kernel.appcore.dll
0x00007fff18e80000 - 0x00007fff18f33000 	C:\WINDOWS\system32\shcore.dll
0x00007fff18370000 - 0x00007fff183ba000 	C:\WINDOWS\system32\powrprof.dll
0x00007fff18350000 - 0x00007fff18363000 	C:\WINDOWS\system32\profapi.dll
0x00007fff17c50000 - 0x00007fff17c67000 	C:\WINDOWS\SYSTEM32\CRYPTSP.dll
0x00007fff18280000 - 0x00007fff182a8000 	C:\WINDOWS\SYSTEM32\bcrypt.dll
0x00007fff17860000 - 0x00007fff17893000 	C:\WINDOWS\system32\rsaenh.dll
0x00007fff17af0000 - 0x00007fff17b0f000 	C:\WINDOWS\SYSTEM32\USERENV.dll
0x00007fff18170000 - 0x00007fff181db000 	C:\WINDOWS\system32\bcryptprimitives.dll
0x00007fff17d90000 - 0x00007fff17d9b000 	C:\WINDOWS\SYSTEM32\CRYPTBASE.dll
0x00000000671e0000 - 0x00000000671fa000 	C:\Xilinx\SDK\2015.2\tps\win64\jre\bin\net.dll
0x00007fff17a80000 - 0x00007fff17add000 	C:\WINDOWS\system32\mswsock.dll
0x00007fff11b20000 - 0x00007fff11b58000 	C:\WINDOWS\SYSTEM32\IPHLPAPI.DLL
0x00007fff11b10000 - 0x00007fff11b1b000 	C:\WINDOWS\SYSTEM32\WINNSI.DLL
0x00007fff0ff10000 - 0x00007fff0ff26000 	C:\WINDOWS\SYSTEM32\dhcpcsvc6.DLL
0x00007fff10020000 - 0x00007fff1003a000 	C:\WINDOWS\SYSTEM32\dhcpcsvc.DLL
0x00000000671c0000 - 0x00000000671d1000 	C:\Xilinx\SDK\2015.2\tps\win64\jre\bin\nio.dll
0x00007fff1a030000 - 0x00007fff1a0d5000 	C:\WINDOWS\system32\clbcatq.dll
0x00007ffeffda0000 - 0x00007ffeffeec000 	C:\Windows\System32\uiautomationcore.dll
0x00007fff181e0000 - 0x00007fff18278000 	C:\WINDOWS\SYSTEM32\sxs.dll
0x00007fff0ec70000 - 0x00007fff0ecd9000 	C:\Windows\System32\OLEACC.dll
0x00007fff01980000 - 0x00007fff01995000 	C:\WINDOWS\system32\napinsp.dll
0x00007fff01960000 - 0x00007fff0197a000 	C:\WINDOWS\system32\pnrpnsp.dll
0x00007fff15e60000 - 0x00007fff15e78000 	C:\WINDOWS\system32\NLAapi.dll
0x00007fff178f0000 - 0x00007fff17998000 	C:\WINDOWS\SYSTEM32\DNSAPI.dll
0x00007fff01950000 - 0x00007fff0195d000 	C:\WINDOWS\System32\winrnr.dll
0x00007fff01930000 - 0x00007fff01945000 	C:\WINDOWS\system32\wshbth.dll
0x00007fff0c970000 - 0x00007fff0c97a000 	C:\Windows\System32\rasadhlp.dll
0x00007fff10390000 - 0x00007fff103f8000 	C:\WINDOWS\System32\fwpuclnt.dll
0x00007fff19420000 - 0x00007fff19561000 	C:\WINDOWS\system32\ole32.dll
0x0000000017dd0000 - 0x0000000017e78000 	C:\Users\mr_co_000\.Xilinx\SDK\2015.2\org.eclipse.osgi\bundles\287\1\.cp\swt-win32-4335.dll
0x00007fff197f0000 - 0x00007fff198c7000 	C:\WINDOWS\system32\comdlg32.dll
0x00007fff18630000 - 0x00007fff187f1000 	C:\WINDOWS\system32\CRYPT32.dll
0x00007fff183c0000 - 0x00007fff183d1000 	C:\WINDOWS\system32\MSASN1.dll
0x00007fff0f200000 - 0x00007fff0f284000 	C:\WINDOWS\SYSTEM32\WINSPOOL.DRV
0x00007fff11c20000 - 0x00007fff11ec7000 	C:\WINDOWS\SYSTEM32\WININET.dll
0x00007fff0b0a0000 - 0x00007fff0b0b8000 	C:\WINDOWS\SYSTEM32\USP10.dll
0x00007fff15a60000 - 0x00007fff15a82000 	C:\WINDOWS\system32\dwmapi.dll
0x00007fff161a0000 - 0x00007fff16323000 	C:\WINDOWS\SYSTEM32\propsys.dll
0x0000000017ea0000 - 0x0000000017ebe000 	C:\Users\mr_co_000\.Xilinx\SDK\2015.2\org.eclipse.osgi\bundles\287\1\.cp\swt-gdip-win32-4335.dll
0x00007fff117b0000 - 0x00007fff11959000 	C:\WINDOWS\WinSxS\amd64_microsoft.windows.gdiplus_6595b64144ccf1df_1.1.10240.16384_none_89a94c179af51f83\gdiplus.dll
0x00007fff12320000 - 0x00007fff124d2000 	C:\WINDOWS\SYSTEM32\WindowsCodecs.dll
0x00007fff06200000 - 0x00007fff06211000 	C:\Users\mr_co_000\.Xilinx\SDK\2015.2\org.eclipse.osgi\bundles\116\1\.cp\jWinHttp-1.0.0.dll
0x00007fff115f0000 - 0x00007fff116c6000 	C:\WINDOWS\SYSTEM32\WINHTTP.dll
0x00007fff09d70000 - 0x00007fff09dad000 	C:\WINDOWS\system32\mlang.dll
0x00007ffefdea0000 - 0x00007ffefdee6000 	C:\WINDOWS\system32\dataexchange.dll
0x00007fff15760000 - 0x00007fff15a03000 	C:\WINDOWS\system32\d3d11.dll
0x00007fff16470000 - 0x00007fff16541000 	C:\WINDOWS\system32\dcomp.dll
0x00007fff0e080000 - 0x00007fff0e5c5000 	C:\WINDOWS\system32\d2d1.dll
0x00007fff156c0000 - 0x00007fff1575c000 	C:\WINDOWS\system32\dxgi.dll
0x00007fff16d10000 - 0x00007fff16dfe000 	C:\WINDOWS\system32\twinapi.appcore.dll
0x0000000180000000 - 0x0000000180012000 	C:\Users\mr_co_000\.Xilinx\SDK\2015.2\org.eclipse.osgi\bundles\113\1\.cp\os\win32\x86_64\localfile_1_0_0.dll
0x00007ffeeabb0000 - 0x00007ffeeb7aa000 	C:\Windows\System32\ieframe.dll
0x00007fff0d6e0000 - 0x00007fff0da56000 	C:\Windows\System32\iertutil.dll
0x00007fff19fc0000 - 0x00007fff1a02f000 	C:\WINDOWS\system32\coml2.dll
0x00007fff0a170000 - 0x00007fff0a306000 	C:\WINDOWS\SYSTEM32\urlmon.dll
0x00007ffebf470000 - 0x00007ffec0bfa000 	C:\Windows\System32\mshtml.dll
0x00007fff17f70000 - 0x00007fff17f9c000 	C:\WINDOWS\SYSTEM32\SspiCli.dll
0x00007ffef6000000 - 0x00007ffef61a2000 	C:\WINDOWS\SYSTEM32\ieapfltr.dll
0x00007fff0e9c0000 - 0x00007fff0e9d0000 	C:\WINDOWS\system32\msimtf.dll
0x00007fff12260000 - 0x00007fff1226c000 	C:\WINDOWS\SYSTEM32\Secur32.dll
0x00007fff06ad0000 - 0x00007fff06d29000 	C:\WINDOWS\SYSTEM32\DWrite.dll
0x00007ffebebc0000 - 0x00007ffebf05b000 	C:\Windows\System32\jscript9.dll
0x00007fff16aa0000 - 0x00007fff16b18000 	C:\WINDOWS\SYSTEM32\apphelp.dll
0x00007fff05c00000 - 0x00007fff05c10000 	C:\Xilinx\SDK\2015.2\lib\win64.o\librdi_repo_manager.dll
0x00007ffef7160000 - 0x00007ffef718a000 	C:\Xilinx\SDK\2015.2\lib\win64.o\libisl_sysinfo.dll
0x00007ffec1810000 - 0x00007ffec2153000 	C:\Xilinx\SDK\2015.2\lib\win64.o\librdi_common.dll
0x00007ffef6270000 - 0x00007ffef62c4000 	C:\Xilinx\SDK\2015.2\lib\win64.o\librdi_commonxillic.dll
0x00007ffef83b0000 - 0x00007ffef8457000 	C:\WINDOWS\SYSTEM32\MSVCP110.dll
0x00007ffef7660000 - 0x00007ffef7734000 	C:\WINDOWS\SYSTEM32\MSVCR110.dll
0x00007ffec1560000 - 0x00007ffec1808000 	C:\Xilinx\SDK\2015.2\lib\win64.o\libCOIN-all.dll
0x00007ffec1340000 - 0x00007ffec1560000 	C:\Xilinx\SDK\2015.2\lib\win64.o\libXil_lmgr11.dll
0x00007fff183f0000 - 0x00007fff18444000 	C:\WINDOWS\system32\WINTRUST.dll
0x00007fff0e6d0000 - 0x00007fff0e6e0000 	C:\Xilinx\SDK\2015.2\lib\win64.o\libboost_date_time.dll
0x00007ffef7190000 - 0x00007ffef71b2000 	C:\Xilinx\SDK\2015.2\lib\win64.o\libboost_filesystem.dll
0x00007ffef5ec0000 - 0x00007ffef5f34000 	C:\Xilinx\SDK\2015.2\lib\win64.o\libboost_program_options.dll
0x00007ffef0fc0000 - 0x00007ffef10ba000 	C:\Xilinx\SDK\2015.2\lib\win64.o\libboost_regex.dll
0x00007ffebe9d0000 - 0x00007ffebebb8000 	C:\Xilinx\SDK\2015.2\lib\win64.o\librdi_hsm.dll
0x00007ffef8170000 - 0x00007ffef8183000 	C:\Xilinx\SDK\2015.2\lib\win64.o\libboost_signals.dll
0x00007fff0e070000 - 0x00007fff0e079000 	C:\Xilinx\SDK\2015.2\lib\win64.o\libboost_system.dll
0x00007ffef7c70000 - 0x00007ffef7c8d000 	C:\Xilinx\SDK\2015.2\lib\win64.o\libboost_thread.dll
0x00007ffef1170000 - 0x00007ffef11f0000 	C:\Xilinx\SDK\2015.2\lib\win64.o\libhdlpsolve.dll
0x00007ffec7f20000 - 0x00007ffec7fba000 	C:\Xilinx\SDK\2015.2\lib\win64.o\libhdxml.dll
0x00007ffec0d30000 - 0x00007ffec133a200 	C:\Xilinx\SDK\2015.2\lib\win64.o\libisl_iostreams.dll
0x00007ffef6d50000 - 0x00007ffef6d73000 	C:\Xilinx\SDK\2015.2\lib\win64.o\libisl_iosutils.dll
0x00007ffef77c0000 - 0x00007ffef77d8000 	C:\Xilinx\SDK\2015.2\lib\win64.o\librdiconfig.dll
0x00007ffef5e90000 - 0x00007ffef5eb3000 	C:\Xilinx\SDK\2015.2\lib\win64.o\librdizlib.dll
0x0000000067260000 - 0x0000000067387000 	C:\Xilinx\SDK\2015.2\lib\win64.o\tcl85t.dll
0x00007ffec0c00000 - 0x00007ffec0d30000 	C:\Xilinx\SDK\2015.2\lib\win64.o\librdi_curl.dll
0x00007ffef7800000 - 0x00007ffef7823000 	C:\WINDOWS\SYSTEM32\VCOMP110.DLL
0x0000000025b10000 - 0x0000000025d73000 	C:\Xilinx\SDK\2015.2\lib\win64.o\xerces-c_3_1.dll
0x00007ffefff70000 - 0x00007ffefff85000 	C:\Xilinx\SDK\2015.2\lib\win64.o\pthreadVC2.dll
0x00007fff06ef0000 - 0x00007fff06f07000 	C:\WINDOWS\SYSTEM32\NETAPI32.dll

VM Arguments:
jvm_args: -Dcom.xilinx.sdk.args.hwspec=C:/Users/mr_co_000/Documents/GitHub/ECE495/Lab/Lab4/lab4/lab4.sdk/design_1_wrapper.hdf -Xms64m -Xmx512m & 
java_command: <unknown>
java_class_path (initial): C:\Xilinx\SDK\2015.2\eclipse\win64.o\\plugins/org.eclipse.equinox.launcher_1.3.0.v20130327-1440.jar
Launcher Type: generic

Environment Variables:
USERNAME=mr_co_000
OS=Windows_NT
PROCESSOR_IDENTIFIER=Intel64 Family 6 Model 69 Stepping 1, GenuineIntel



---------------  S Y S T E M  ---------------

OS: Windows 8 , 64 bit Build 9200 

CPU:total 4 (2 cores per cpu, 2 threads per core) family 6 model 69 stepping 1, cmov, cx8, fxsr, mmx, sse, sse2, sse3, ssse3, sse4.1, sse4.2, popcnt, avx, avx2, aes, clmul, erms, lzcnt, ht, tsc, tscinvbit, bmi1, bmi2

Memory: 4k page, physical 4097768k(469312k free), swap 9535624k(1284412k free)

vm_info: Java HotSpot(TM) 64-Bit Server VM (25.25-b02) for windows-amd64 JRE (1.8.0_25-b18), built on Oct  7 2014 14:25:37 by "java_re" with MS VC++ 10.0 (VS2010)

time: Wed Nov 11 13:32:59 2015
elapsed time: 10035 seconds (0d 2h 47m 15s)

