#-----------------------------------------------------------
# Vivado v2015.2 (64-bit)
# SW Build 1266856 on Fri Jun 26 16:35:25 MDT 2015
# IP Build 1264090 on Wed Jun 24 14:22:01 MDT 2015
# Start of session at: Wed Nov 11 17:05:38 2015
# Process ID: 2488
# Log file: C:/Users/mr_co_000/Documents/GitHub/ECE495/Lab/Lab3/lab3/vivado.log
# Journal file: C:/Users/mr_co_000/Documents/GitHub/ECE495/Lab/Lab3/lab3\vivado.jou
#-----------------------------------------------------------
start_gui
open_project C:/Users/mr_co_000/Documents/GitHub/ECE495/Lab/Lab3/lab3/lab3.xpr
Scanning sources...
Finished scanning sources
INFO: [IP_Flow 19-234] Refreshing IP repositories
INFO: [IP_Flow 19-1704] No user IP repositories specified
INFO: [IP_Flow 19-2313] Loaded Vivado IP repository 'C:/Xilinx/Vivado/2015.2/data/ip'.
open_project: Time (s): cpu = 00:00:18 ; elapsed = 00:00:10 . Memory (MB): peak = 728.402 ; gain = 157.012
launch_simulation
INFO: [USF-XSim-27] Simulation object is 'sim_1'
INFO: [USF-XSim-37] Inspecting design source files for 'tb_cordic_fp' in fileset 'sim_1'...
INFO: [USF-XSim-97] Finding global include files...
INFO: [USF-XSim-100] Fetching design files from 'sources_1'...(this may take a while)...
INFO: [USF-XSim-101] Fetching design files from 'sim_1'...
INFO: [USF-XSim-2] XSim::Compile design
INFO: [USF-XSim-61] Executing 'COMPILE' step in 'C:/Users/mr_co_000/Documents/GitHub/ECE495/Lab/Lab3/lab3/lab3.sim/sim_1/behav'
"xvhdl -m64 --relax -prj tb_cordic_fp_vhdl.prj"
INFO: [VRFC 10-163] Analyzing VHDL file "C:/Users/mr_co_000/Documents/GitHub/ECE495/Lab/Lab3/lpm_pack.vhd" into library xil_defaultlib
INFO: [VRFC 10-163] Analyzing VHDL file "C:/Users/mr_co_000/Documents/GitHub/ECE495/Lab/Lab3/fulladd.vhd" into library xil_defaultlib
INFO: [VRFC 10-307] analyzing entity fulladd
INFO: [VRFC 10-163] Analyzing VHDL file "C:/Users/mr_co_000/Documents/GitHub/ECE495/Lab/Lab3/my4to1LUT_atan.vhd" into library xil_defaultlib
INFO: [VRFC 10-307] analyzing entity my4to1LUT
INFO: [VRFC 10-163] Analyzing VHDL file "C:/Users/mr_co_000/Documents/GitHub/ECE495/Lab/Lab3/my_rege.vhd" into library xil_defaultlib
INFO: [VRFC 10-307] analyzing entity my_rege
INFO: [VRFC 10-163] Analyzing VHDL file "C:/Users/mr_co_000/Documents/GitHub/ECE495/Lab/Lab3/my_addsub.vhd" into library xil_defaultlib
INFO: [VRFC 10-307] analyzing entity my_addsub
INFO: [VRFC 10-163] Analyzing VHDL file "C:/Users/mr_co_000/Documents/GitHub/ECE495/Lab/Lab3/mux_2to1.vhd" into library xil_defaultlib
INFO: [VRFC 10-307] analyzing entity mux_2to1
INFO: [VRFC 10-163] Analyzing VHDL file "C:/Users/mr_co_000/Documents/GitHub/ECE495/Lab/Lab3/lpm_clshift.vhd" into library xil_defaultlib
INFO: [VRFC 10-307] analyzing entity LPM_CLSHIFT
INFO: [VRFC 10-163] Analyzing VHDL file "C:/Users/mr_co_000/Documents/GitHub/ECE495/Lab/Lab3/CORDIC_FP_top.vhd" into library xil_defaultlib
INFO: [VRFC 10-307] analyzing entity CORDIC_FP_top
INFO: [VRFC 10-163] Analyzing VHDL file "C:/Users/mr_co_000/Documents/GitHub/ECE495/Lab/Lab3/LPM_COMMON_CONVERSION.vhd" into library xil_defaultlib
INFO: [VRFC 10-163] Analyzing VHDL file "C:/Users/mr_co_000/Documents/GitHub/ECE495/Lab/Lab3/tb_cordic_fp.vhd" into library xil_defaultlib
INFO: [VRFC 10-307] analyzing entity tb_cordic_fp
INFO: [USF-XSim-3] XSim::Elaborate design
INFO: [USF-XSim-61] Executing 'ELABORATE' step in 'C:/Users/mr_co_000/Documents/GitHub/ECE495/Lab/Lab3/lab3/lab3.sim/sim_1/behav'
Vivado Simulator 2015.2
Copyright 1986-1999, 2001-2015 Xilinx, Inc. All Rights Reserved.
Running: C:/Xilinx/Vivado/2015.2/bin/unwrapped/win64.o/xelab.exe -wto 6dd5183cbbae4d4d82b82930dfdfb805 --debug typical --relax --mt 2 -L xil_defaultlib -L secureip --snapshot tb_cordic_fp_behav xil_defaultlib.tb_cordic_fp -log elaborate.log 
Using 2 slave threads.
Starting static elaboration
Completed static elaboration
Starting simulation data flow analysis
Completed simulation data flow analysis
Time Resolution for simulation is 1ps
Compiling package std.standard
Compiling package ieee.std_logic_1164
Compiling package ieee.numeric_std
Compiling package ieee.std_logic_arith
Compiling package ieee.std_logic_unsigned
Compiling package xil_defaultlib.lpm_components
Compiling architecture behavioral of entity xil_defaultlib.mux_2to1 [\mux_2to1(20)\]
Compiling architecture behavioral of entity xil_defaultlib.mux_2to1 [\mux_2to1(16)\]
Compiling architecture behavioral of entity xil_defaultlib.my_rege [\my_rege(20)\]
Compiling architecture behavioral of entity xil_defaultlib.my_rege [\my_rege(16)\]
Compiling architecture structure of entity xil_defaultlib.fulladd [fulladd_default]
Compiling architecture structure of entity xil_defaultlib.my_addsub [\my_addsub(20)\]
Compiling architecture structure of entity xil_defaultlib.my_addsub [\my_addsub(16)\]
Compiling architecture struct of entity xil_defaultlib.my4to1LUT [my4to1lut_default]
Compiling architecture lpm_syn of entity xil_defaultlib.LPM_CLSHIFT [\LPM_CLSHIFT(20,5,"ARITHMETIC","...]
Compiling architecture behavioral of entity xil_defaultlib.CORDIC_FP_top [cordic_fp_top_default]
Compiling architecture behavior of entity xil_defaultlib.tb_cordic_fp
Waiting for 2 sub-compilation(s) to finish...
Built simulation snapshot tb_cordic_fp_behav

****** Webtalk v2015.2 (64-bit)
  **** SW Build 1266856 on Fri Jun 26 16:35:25 MDT 2015
  **** IP Build 1264090 on Wed Jun 24 14:22:01 MDT 2015
    ** Copyright 1986-2015 Xilinx, Inc. All Rights Reserved.

source C:/Users/mr_co_000/Documents/GitHub/ECE495/Lab/Lab3/lab3/lab3.sim/sim_1/behav/xsim.dir/tb_cordic_fp_behav/webtalk/xsim_webtalk.tcl -notrace
INFO: [Common 17-186] 'C:/Users/mr_co_000/Documents/GitHub/ECE495/Lab/Lab3/lab3/lab3.sim/sim_1/behav/xsim.dir/tb_cordic_fp_behav/webtalk/usage_statistics_ext_xsim.xml' has been successfully sent to Xilinx on Wed Nov 11 17:06:46 2015. For additional details about this file, please refer to the WebTalk help file at C:/Xilinx/Vivado/2015.2/doc/webtalk_introduction.html.
INFO: [Common 17-206] Exiting Webtalk at Wed Nov 11 17:06:46 2015...
run_program: Time (s): cpu = 00:00:00 ; elapsed = 00:00:06 . Memory (MB): peak = 734.148 ; gain = 0.000
INFO: [USF-XSim-4] XSim::Simulate design
INFO: [USF-XSim-61] Executing 'SIMULATE' step in 'C:/Users/mr_co_000/Documents/GitHub/ECE495/Lab/Lab3/lab3/lab3.sim/sim_1/behav'
INFO: [USF-XSim-98] *** Running xsim
   with args "tb_cordic_fp_behav -key {Behavioral:sim_1:Functional:tb_cordic_fp} -tclbatch {tb_cordic_fp.tcl} -view {C:/Users/mr_co_000/Documents/GitHub/ECE495/Lab/Lab3/lab3/tb_cordic_fp_behav.wcfg} -log {simulate.log}"
INFO: [USF-XSim-8] Loading simulator feature
Vivado Simulator 2015.2
Time resolution is 1 ps
open_wave_config C:/Users/mr_co_000/Documents/GitHub/ECE495/Lab/Lab3/lab3/tb_cordic_fp_behav.wcfg
source tb_cordic_fp.tcl
# set curr_wave [current_wave_config]
# if { [string length $curr_wave] == 0 } {
#   if { [llength [get_objects]] > 0} {
#     add_wave /
#     set_property needs_save false [current_wave_config]
#   } else {
#      send_msg_id Add_Wave-1 WARNING "No top level signals found. Simulator will start without a wave window. If you want to open a wave window go to 'File->New Waveform Configuration' or type 'create_wave_config' in the TCL console."
#   }
# }
# run 1000ns
INFO: [USF-XSim-96] XSim completed. Design snapshot 'tb_cordic_fp_behav' loaded.
INFO: [USF-XSim-97] XSim simulation ran for 1000ns
launch_simulation: Time (s): cpu = 00:00:06 ; elapsed = 00:00:10 . Memory (MB): peak = 738.098 ; gain = 3.949
close_sim
INFO: [Simtcl 6-16] Simulation closed
close_sim: Time (s): cpu = 00:00:01 ; elapsed = 00:00:06 . Memory (MB): peak = 776.035 ; gain = 0.000
launch_simulation
INFO: [USF-XSim-27] Simulation object is 'sim_1'
INFO: [USF-XSim-37] Inspecting design source files for 'tb_cordic_fp' in fileset 'sim_1'...
INFO: [USF-XSim-97] Finding global include files...
INFO: [USF-XSim-100] Fetching design files from 'sources_1'...(this may take a while)...
INFO: [USF-XSim-101] Fetching design files from 'sim_1'...
INFO: [USF-XSim-2] XSim::Compile design
INFO: [USF-XSim-61] Executing 'COMPILE' step in 'C:/Users/mr_co_000/Documents/GitHub/ECE495/Lab/Lab3/lab3/lab3.sim/sim_1/behav'
"xvhdl -m64 --relax -prj tb_cordic_fp_vhdl.prj"
INFO: [VRFC 10-163] Analyzing VHDL file "C:/Users/mr_co_000/Documents/GitHub/ECE495/Lab/Lab3/lpm_pack.vhd" into library xil_defaultlib
INFO: [VRFC 10-163] Analyzing VHDL file "C:/Users/mr_co_000/Documents/GitHub/ECE495/Lab/Lab3/fulladd.vhd" into library xil_defaultlib
INFO: [VRFC 10-307] analyzing entity fulladd
INFO: [VRFC 10-163] Analyzing VHDL file "C:/Users/mr_co_000/Documents/GitHub/ECE495/Lab/Lab3/my4to1LUT_atan.vhd" into library xil_defaultlib
INFO: [VRFC 10-307] analyzing entity my4to1LUT
INFO: [VRFC 10-163] Analyzing VHDL file "C:/Users/mr_co_000/Documents/GitHub/ECE495/Lab/Lab3/my_rege.vhd" into library xil_defaultlib
INFO: [VRFC 10-307] analyzing entity my_rege
INFO: [VRFC 10-163] Analyzing VHDL file "C:/Users/mr_co_000/Documents/GitHub/ECE495/Lab/Lab3/my_addsub.vhd" into library xil_defaultlib
INFO: [VRFC 10-307] analyzing entity my_addsub
INFO: [VRFC 10-163] Analyzing VHDL file "C:/Users/mr_co_000/Documents/GitHub/ECE495/Lab/Lab3/mux_2to1.vhd" into library xil_defaultlib
INFO: [VRFC 10-307] analyzing entity mux_2to1
INFO: [VRFC 10-163] Analyzing VHDL file "C:/Users/mr_co_000/Documents/GitHub/ECE495/Lab/Lab3/lpm_clshift.vhd" into library xil_defaultlib
INFO: [VRFC 10-307] analyzing entity LPM_CLSHIFT
INFO: [VRFC 10-163] Analyzing VHDL file "C:/Users/mr_co_000/Documents/GitHub/ECE495/Lab/Lab3/CORDIC_FP_top.vhd" into library xil_defaultlib
INFO: [VRFC 10-307] analyzing entity CORDIC_FP_top
INFO: [VRFC 10-163] Analyzing VHDL file "C:/Users/mr_co_000/Documents/GitHub/ECE495/Lab/Lab3/LPM_COMMON_CONVERSION.vhd" into library xil_defaultlib
INFO: [VRFC 10-163] Analyzing VHDL file "C:/Users/mr_co_000/Documents/GitHub/ECE495/Lab/Lab3/tb_cordic_fp.vhd" into library xil_defaultlib
INFO: [VRFC 10-307] analyzing entity tb_cordic_fp
INFO: [USF-XSim-3] XSim::Elaborate design
INFO: [USF-XSim-61] Executing 'ELABORATE' step in 'C:/Users/mr_co_000/Documents/GitHub/ECE495/Lab/Lab3/lab3/lab3.sim/sim_1/behav'
Vivado Simulator 2015.2
Copyright 1986-1999, 2001-2015 Xilinx, Inc. All Rights Reserved.
Running: C:/Xilinx/Vivado/2015.2/bin/unwrapped/win64.o/xelab.exe -wto 6dd5183cbbae4d4d82b82930dfdfb805 --debug typical --relax --mt 2 -L xil_defaultlib -L secureip --snapshot tb_cordic_fp_behav xil_defaultlib.tb_cordic_fp -log elaborate.log 
Using 2 slave threads.
Starting static elaboration
Completed static elaboration
Starting simulation data flow analysis
Completed simulation data flow analysis
Time Resolution for simulation is 1ps
Compiling package std.standard
Compiling package ieee.std_logic_1164
Compiling package ieee.numeric_std
Compiling package ieee.std_logic_arith
Compiling package ieee.std_logic_unsigned
Compiling package xil_defaultlib.lpm_components
Compiling architecture behavioral of entity xil_defaultlib.mux_2to1 [\mux_2to1(20)\]
Compiling architecture behavioral of entity xil_defaultlib.mux_2to1 [\mux_2to1(16)\]
Compiling architecture behavioral of entity xil_defaultlib.my_rege [\my_rege(20)\]
Compiling architecture behavioral of entity xil_defaultlib.my_rege [\my_rege(16)\]
Compiling architecture structure of entity xil_defaultlib.fulladd [fulladd_default]
Compiling architecture structure of entity xil_defaultlib.my_addsub [\my_addsub(20)\]
Compiling architecture structure of entity xil_defaultlib.my_addsub [\my_addsub(16)\]
Compiling architecture struct of entity xil_defaultlib.my4to1LUT [my4to1lut_default]
Compiling architecture lpm_syn of entity xil_defaultlib.LPM_CLSHIFT [\LPM_CLSHIFT(20,5,"ARITHMETIC","...]
Compiling architecture behavioral of entity xil_defaultlib.CORDIC_FP_top [cordic_fp_top_default]
Compiling architecture behavior of entity xil_defaultlib.tb_cordic_fp
Waiting for 2 sub-compilation(s) to finish...
Built simulation snapshot tb_cordic_fp_behav

****** Webtalk v2015.2 (64-bit)
  **** SW Build 1266856 on Fri Jun 26 16:35:25 MDT 2015
  **** IP Build 1264090 on Wed Jun 24 14:22:01 MDT 2015
    ** Copyright 1986-2015 Xilinx, Inc. All Rights Reserved.

source C:/Users/mr_co_000/Documents/GitHub/ECE495/Lab/Lab3/lab3/lab3.sim/sim_1/behav/xsim.dir/tb_cordic_fp_behav/webtalk/xsim_webtalk.tcl -notrace

    while executing
"webtalk_transmit -clientid 561348529 -regid "210943894_0_0_125" -xml C:/Users/mr_co_000/Documents/GitHub/ECE495/Lab/Lab3/lab3/lab3.sim/sim_1/behav/xsi..."
    (file "C:/Users/mr_co_000/Documents/GitHub/ECE495/Lab/Lab3/lab3/lab3.sim/sim_1/behav/xsim.dir/tb_cordic_fp_behav/webtalk/xsim_webtalk.tcl" line 41)
INFO: [Common 17-206] Exiting Webtalk at Wed Nov 11 17:12:06 2015...
run_program: Time (s): cpu = 00:00:01 ; elapsed = 00:00:06 . Memory (MB): peak = 776.035 ; gain = 0.000
INFO: [USF-XSim-4] XSim::Simulate design
INFO: [USF-XSim-61] Executing 'SIMULATE' step in 'C:/Users/mr_co_000/Documents/GitHub/ECE495/Lab/Lab3/lab3/lab3.sim/sim_1/behav'
INFO: [USF-XSim-98] *** Running xsim
   with args "tb_cordic_fp_behav -key {Behavioral:sim_1:Functional:tb_cordic_fp} -tclbatch {tb_cordic_fp.tcl} -view {C:/Users/mr_co_000/Documents/GitHub/ECE495/Lab/Lab3/lab3/tb_cordic_fp_behav.wcfg} -log {simulate.log}"
INFO: [USF-XSim-8] Loading simulator feature
Vivado Simulator 2015.2
Time resolution is 1 ps
open_wave_config C:/Users/mr_co_000/Documents/GitHub/ECE495/Lab/Lab3/lab3/tb_cordic_fp_behav.wcfg
source tb_cordic_fp.tcl
# set curr_wave [current_wave_config]
# if { [string length $curr_wave] == 0 } {
#   if { [llength [get_objects]] > 0} {
#     add_wave /
#     set_property needs_save false [current_wave_config]
#   } else {
#      send_msg_id Add_Wave-1 WARNING "No top level signals found. Simulator will start without a wave window. If you want to open a wave window go to 'File->New Waveform Configuration' or type 'create_wave_config' in the TCL console."
#   }
# }
# run 1000ns
INFO: [USF-XSim-96] XSim completed. Design snapshot 'tb_cordic_fp_behav' loaded.
INFO: [USF-XSim-97] XSim simulation ran for 1000ns
launch_simulation: Time (s): cpu = 00:00:05 ; elapsed = 00:00:10 . Memory (MB): peak = 776.035 ; gain = 0.000
close_sim
INFO: [Simtcl 6-16] Simulation closed
close_sim: Time (s): cpu = 00:00:01 ; elapsed = 00:00:12 . Memory (MB): peak = 793.980 ; gain = 0.000
exit
INFO: [Common 17-206] Exiting Vivado at Wed Nov 11 22:38:27 2015...
