Vivado Simulator 2015.2
Copyright 1986-1999, 2001-2015 Xilinx, Inc. All Rights Reserved.
Running: C:/Xilinx/Vivado/2015.2/bin/unwrapped/win64.o/xelab.exe -wto 30e52cfa0c1448e18fce95db07aab79e --debug typical --relax --mt 2 -L xil_defaultlib -L secureip --snapshot pipe_tb_behav xil_defaultlib.pipe_tb -log elaborate.log 
Using 2 slave threads.
Starting static elaboration
Completed static elaboration
Starting simulation data flow analysis
Completed simulation data flow analysis
Time Resolution for simulation is 1ps
Compiling package std.standard
Compiling package ieee.std_logic_1164
Compiling package ieee.std_logic_arith
Compiling package ieee.std_logic_unsigned
Compiling package xil_defaultlib.lpm_components
Compiling architecture struct of entity xil_defaultlib.my4to1LUT [my4to1lut_default]
Compiling architecture lpm_syn of entity xil_defaultlib.LPM_CLSHIFT [\LPM_CLSHIFT(20,5,"ARITHMETIC","...]
Compiling architecture behavioral of entity xil_defaultlib.mux_2to1 [mux_2to1_default]
Compiling architecture behavioral of entity xil_defaultlib.my_rege [\my_rege(20)\]
Compiling architecture behavioral of entity xil_defaultlib.my_rege [\my_rege(16)\]
Compiling architecture behavioral of entity xil_defaultlib.my_rege [\my_rege(1)\]
Compiling architecture structure of entity xil_defaultlib.fulladd [fulladd_default]
Compiling architecture structure of entity xil_defaultlib.my_addsub [\my_addsub(20)\]
Compiling architecture structure of entity xil_defaultlib.my_addsub [\my_addsub(16)\]
Compiling architecture behavioral of entity xil_defaultlib.CORDIC_FP_top [\CORDIC_FP_top(0,16,20)\]
Compiling architecture behavioral of entity xil_defaultlib.CORDIC_Pipeline_Top [\CORDIC_Pipeline_Top(16,16,16)\]
Compiling architecture behavioral of entity xil_defaultlib.pipe_tb
Waiting for 2 sub-compilation(s) to finish...
Built simulation snapshot pipe_tb_behav
