#-----------------------------------------------------------
# Vivado v2015.2 (64-bit)
# SW Build 1266856 on Fri Jun 26 16:35:25 MDT 2015
# IP Build 1264090 on Wed Jun 24 14:22:01 MDT 2015
# Start of session at: Wed Dec 02 13:19:37 2015
# Process ID: 1400
# Log file: C:/Users/mr_co_000/Documents/GitHub/ECE495/FinalProject/GrayScale/vivado.log
# Journal file: C:/Users/mr_co_000/Documents/GitHub/ECE495/FinalProject/GrayScale\vivado.jou
#-----------------------------------------------------------
start_gui
open_project C:/Users/mr_co_000/Documents/GitHub/ECE495/FinalProject/GrayScale/GrayScale.xpr
Scanning sources...
Finished scanning sources
INFO: [IP_Flow 19-234] Refreshing IP repositories
INFO: [IP_Flow 19-1704] No user IP repositories specified
INFO: [IP_Flow 19-2313] Loaded Vivado IP repository 'C:/Xilinx/Vivado/2015.2/data/ip'.
open_project: Time (s): cpu = 00:00:20 ; elapsed = 00:00:10 . Memory (MB): peak = 740.402 ; gain = 182.039
remove_files C:/Users/mr_co_000/Documents/GitHub/ECE495/FinalProject/GrayScale/GrayScale.srcs/sources_1/bd/design_1/design_1.bd
file delete -force C:/Users/mr_co_000/Documents/GitHub/ECE495/FinalProject/GrayScale/GrayScale.srcs/sources_1/bd/design_1
import_files -norecurse {C:/Users/mr_co_000/Documents/GitHub/ECE495/FinalProject/rest_integer_iter_v1/my_rege.vhd C:/Users/mr_co_000/Documents/GitHub/ECE495/FinalProject/rest_integer_iter_v1/pack_xtras.vhd C:/Users/mr_co_000/Documents/GitHub/ECE495/FinalProject/rest_integer_iter_v1/my_counter.vhd C:/Users/mr_co_000/Documents/GitHub/ECE495/FinalProject/rest_integer_iter_v1/my_sub.vhd C:/Users/mr_co_000/Documents/GitHub/ECE495/FinalProject/rest_integer_iter_v1/fulladd.vhd C:/Users/mr_co_000/Documents/GitHub/ECE495/FinalProject/rest_integer_iter_v1/my_pashiftreg_sclr.vhd C:/Users/mr_co_000/Documents/GitHub/ECE495/FinalProject/rest_integer_iter_v1/res_div_iter.vhd C:/Users/mr_co_000/Documents/GitHub/ECE495/FinalProject/rest_integer_iter_v1/my_pashiftreg.vhd}
update_compile_order -fileset sources_1
update_compile_order -fileset sources_1
remove_files C:/Users/mr_co_000/Documents/GitHub/ECE495/FinalProject/GrayScale/GrayScale.srcs/sources_1/imports/rest_integer_iter_v1/fulladd.vhd
update_compile_order -fileset sources_1
update_compile_order -fileset sources_1
update_compile_order -fileset sources_1
update_compile_order -fileset sources_1
update_compile_order -fileset sources_1
update_compile_order -fileset sources_1
reset_run synth_1
launch_runs synth_1
INFO: [HDL 9-1061] Parsing VHDL file "C:/Users/mr_co_000/Documents/GitHub/ECE495/FinalProject/GrayScale/GrayScale.srcs/sources_1/new/Grayscale.vhd" into library xil_defaultlib [C:/Users/mr_co_000/Documents/GitHub/ECE495/FinalProject/GrayScale/GrayScale.srcs/sources_1/new/Grayscale.vhd:1]
INFO: [HDL 9-1061] Parsing VHDL file "C:/Users/mr_co_000/Documents/GitHub/ECE495/FinalProject/GrayScale/GrayScale.srcs/sources_1/imports/custom/custom_pkg.vhd" into library xil_defaultlib [C:/Users/mr_co_000/Documents/GitHub/ECE495/FinalProject/GrayScale/GrayScale.srcs/sources_1/imports/custom/custom_pkg.vhd:1]
INFO: [HDL 9-1061] Parsing VHDL file "C:/Users/mr_co_000/Documents/GitHub/ECE495/FinalProject/GrayScale/GrayScale.srcs/sources_1/imports/my_mult/fulladd.vhd" into library xil_defaultlib [C:/Users/mr_co_000/Documents/GitHub/ECE495/FinalProject/GrayScale/GrayScale.srcs/sources_1/imports/my_mult/fulladd.vhd:1]
INFO: [HDL 9-1061] Parsing VHDL file "C:/Users/mr_co_000/Documents/GitHub/ECE495/FinalProject/GrayScale/GrayScale.srcs/sources_1/imports/my_addsub/my_addsub.vhd" into library xil_defaultlib [C:/Users/mr_co_000/Documents/GitHub/ECE495/FinalProject/GrayScale/GrayScale.srcs/sources_1/imports/my_addsub/my_addsub.vhd:1]
INFO: [HDL 9-1061] Parsing VHDL file "C:/Users/mr_co_000/Documents/GitHub/ECE495/FinalProject/GrayScale/GrayScale.srcs/sources_1/imports/my_busmux3to1/my_busmux3to1.vhd" into library xil_defaultlib [C:/Users/mr_co_000/Documents/GitHub/ECE495/FinalProject/GrayScale/GrayScale.srcs/sources_1/imports/my_busmux3to1/my_busmux3to1.vhd:1]
INFO: [HDL 9-1061] Parsing VHDL file "C:/Users/mr_co_000/Documents/GitHub/ECE495/FinalProject/GrayScale/GrayScale.srcs/sources_1/imports/rest_integer_iter_v1/my_counter.vhd" into library xil_defaultlib [C:/Users/mr_co_000/Documents/GitHub/ECE495/FinalProject/GrayScale/GrayScale.srcs/sources_1/imports/rest_integer_iter_v1/my_counter.vhd:1]
INFO: [HDL 9-1061] Parsing VHDL file "C:/Users/mr_co_000/Documents/GitHub/ECE495/FinalProject/GrayScale/GrayScale.srcs/sources_1/imports/my_mult/my_mult.vhd" into library xil_defaultlib [C:/Users/mr_co_000/Documents/GitHub/ECE495/FinalProject/GrayScale/GrayScale.srcs/sources_1/imports/my_mult/my_mult.vhd:1]
INFO: [HDL 9-1061] Parsing VHDL file "C:/Users/mr_co_000/Documents/GitHub/ECE495/FinalProject/GrayScale/GrayScale.srcs/sources_1/imports/rest_integer_iter_v1/my_pashiftreg.vhd" into library xil_defaultlib [C:/Users/mr_co_000/Documents/GitHub/ECE495/FinalProject/GrayScale/GrayScale.srcs/sources_1/imports/rest_integer_iter_v1/my_pashiftreg.vhd:1]
INFO: [HDL 9-1061] Parsing VHDL file "C:/Users/mr_co_000/Documents/GitHub/ECE495/FinalProject/GrayScale/GrayScale.srcs/sources_1/imports/rest_integer_iter_v1/my_pashiftreg_sclr.vhd" into library xil_defaultlib [C:/Users/mr_co_000/Documents/GitHub/ECE495/FinalProject/GrayScale/GrayScale.srcs/sources_1/imports/rest_integer_iter_v1/my_pashiftreg_sclr.vhd:1]
INFO: [HDL 9-1061] Parsing VHDL file "C:/Users/mr_co_000/Documents/GitHub/ECE495/FinalProject/GrayScale/GrayScale.srcs/sources_1/imports/rest_integer_iter_v1/my_rege.vhd" into library xil_defaultlib [C:/Users/mr_co_000/Documents/GitHub/ECE495/FinalProject/GrayScale/GrayScale.srcs/sources_1/imports/rest_integer_iter_v1/my_rege.vhd:1]
INFO: [HDL 9-1061] Parsing VHDL file "C:/Users/mr_co_000/Documents/GitHub/ECE495/FinalProject/GrayScale/GrayScale.srcs/sources_1/imports/rest_integer_iter_v1/my_sub.vhd" into library xil_defaultlib [C:/Users/mr_co_000/Documents/GitHub/ECE495/FinalProject/GrayScale/GrayScale.srcs/sources_1/imports/rest_integer_iter_v1/my_sub.vhd:1]
INFO: [HDL 9-1061] Parsing VHDL file "C:/Users/mr_co_000/Documents/GitHub/ECE495/FinalProject/GrayScale/GrayScale.srcs/sources_1/imports/rest_integer_iter_v1/pack_xtras.vhd" into library xil_defaultlib [C:/Users/mr_co_000/Documents/GitHub/ECE495/FinalProject/GrayScale/GrayScale.srcs/sources_1/imports/rest_integer_iter_v1/pack_xtras.vhd:1]
INFO: [HDL 9-1061] Parsing VHDL file "C:/Users/mr_co_000/Documents/GitHub/ECE495/FinalProject/GrayScale/GrayScale.srcs/sources_1/imports/rest_integer_iter_v1/res_div_iter.vhd" into library xil_defaultlib [C:/Users/mr_co_000/Documents/GitHub/ECE495/FinalProject/GrayScale/GrayScale.srcs/sources_1/imports/rest_integer_iter_v1/res_div_iter.vhd:1]
[Wed Dec 02 14:12:16 2015] Launched synth_1...
Run output will be captured here: C:/Users/mr_co_000/Documents/GitHub/ECE495/FinalProject/GrayScale/GrayScale.runs/synth_1/runme.log
reset_run synth_1
launch_runs synth_1
INFO: [HDL 9-1061] Parsing VHDL file "C:/Users/mr_co_000/Documents/GitHub/ECE495/FinalProject/GrayScale/GrayScale.srcs/sources_1/new/Grayscale.vhd" into library xil_defaultlib [C:/Users/mr_co_000/Documents/GitHub/ECE495/FinalProject/GrayScale/GrayScale.srcs/sources_1/new/Grayscale.vhd:1]
INFO: [HDL 9-1061] Parsing VHDL file "C:/Users/mr_co_000/Documents/GitHub/ECE495/FinalProject/GrayScale/GrayScale.srcs/sources_1/imports/custom/custom_pkg.vhd" into library xil_defaultlib [C:/Users/mr_co_000/Documents/GitHub/ECE495/FinalProject/GrayScale/GrayScale.srcs/sources_1/imports/custom/custom_pkg.vhd:1]
INFO: [HDL 9-1061] Parsing VHDL file "C:/Users/mr_co_000/Documents/GitHub/ECE495/FinalProject/GrayScale/GrayScale.srcs/sources_1/imports/my_mult/fulladd.vhd" into library xil_defaultlib [C:/Users/mr_co_000/Documents/GitHub/ECE495/FinalProject/GrayScale/GrayScale.srcs/sources_1/imports/my_mult/fulladd.vhd:1]
INFO: [HDL 9-1061] Parsing VHDL file "C:/Users/mr_co_000/Documents/GitHub/ECE495/FinalProject/GrayScale/GrayScale.srcs/sources_1/imports/my_addsub/my_addsub.vhd" into library xil_defaultlib [C:/Users/mr_co_000/Documents/GitHub/ECE495/FinalProject/GrayScale/GrayScale.srcs/sources_1/imports/my_addsub/my_addsub.vhd:1]
INFO: [HDL 9-1061] Parsing VHDL file "C:/Users/mr_co_000/Documents/GitHub/ECE495/FinalProject/GrayScale/GrayScale.srcs/sources_1/imports/my_busmux3to1/my_busmux3to1.vhd" into library xil_defaultlib [C:/Users/mr_co_000/Documents/GitHub/ECE495/FinalProject/GrayScale/GrayScale.srcs/sources_1/imports/my_busmux3to1/my_busmux3to1.vhd:1]
INFO: [HDL 9-1061] Parsing VHDL file "C:/Users/mr_co_000/Documents/GitHub/ECE495/FinalProject/GrayScale/GrayScale.srcs/sources_1/imports/rest_integer_iter_v1/my_counter.vhd" into library xil_defaultlib [C:/Users/mr_co_000/Documents/GitHub/ECE495/FinalProject/GrayScale/GrayScale.srcs/sources_1/imports/rest_integer_iter_v1/my_counter.vhd:1]
INFO: [HDL 9-1061] Parsing VHDL file "C:/Users/mr_co_000/Documents/GitHub/ECE495/FinalProject/GrayScale/GrayScale.srcs/sources_1/imports/my_mult/my_mult.vhd" into library xil_defaultlib [C:/Users/mr_co_000/Documents/GitHub/ECE495/FinalProject/GrayScale/GrayScale.srcs/sources_1/imports/my_mult/my_mult.vhd:1]
INFO: [HDL 9-1061] Parsing VHDL file "C:/Users/mr_co_000/Documents/GitHub/ECE495/FinalProject/GrayScale/GrayScale.srcs/sources_1/imports/rest_integer_iter_v1/my_pashiftreg.vhd" into library xil_defaultlib [C:/Users/mr_co_000/Documents/GitHub/ECE495/FinalProject/GrayScale/GrayScale.srcs/sources_1/imports/rest_integer_iter_v1/my_pashiftreg.vhd:1]
INFO: [HDL 9-1061] Parsing VHDL file "C:/Users/mr_co_000/Documents/GitHub/ECE495/FinalProject/GrayScale/GrayScale.srcs/sources_1/imports/rest_integer_iter_v1/my_pashiftreg_sclr.vhd" into library xil_defaultlib [C:/Users/mr_co_000/Documents/GitHub/ECE495/FinalProject/GrayScale/GrayScale.srcs/sources_1/imports/rest_integer_iter_v1/my_pashiftreg_sclr.vhd:1]
INFO: [HDL 9-1061] Parsing VHDL file "C:/Users/mr_co_000/Documents/GitHub/ECE495/FinalProject/GrayScale/GrayScale.srcs/sources_1/imports/rest_integer_iter_v1/my_rege.vhd" into library xil_defaultlib [C:/Users/mr_co_000/Documents/GitHub/ECE495/FinalProject/GrayScale/GrayScale.srcs/sources_1/imports/rest_integer_iter_v1/my_rege.vhd:1]
INFO: [HDL 9-1061] Parsing VHDL file "C:/Users/mr_co_000/Documents/GitHub/ECE495/FinalProject/GrayScale/GrayScale.srcs/sources_1/imports/rest_integer_iter_v1/my_sub.vhd" into library xil_defaultlib [C:/Users/mr_co_000/Documents/GitHub/ECE495/FinalProject/GrayScale/GrayScale.srcs/sources_1/imports/rest_integer_iter_v1/my_sub.vhd:1]
INFO: [HDL 9-1061] Parsing VHDL file "C:/Users/mr_co_000/Documents/GitHub/ECE495/FinalProject/GrayScale/GrayScale.srcs/sources_1/imports/rest_integer_iter_v1/pack_xtras.vhd" into library xil_defaultlib [C:/Users/mr_co_000/Documents/GitHub/ECE495/FinalProject/GrayScale/GrayScale.srcs/sources_1/imports/rest_integer_iter_v1/pack_xtras.vhd:1]
INFO: [HDL 9-1061] Parsing VHDL file "C:/Users/mr_co_000/Documents/GitHub/ECE495/FinalProject/GrayScale/GrayScale.srcs/sources_1/imports/rest_integer_iter_v1/res_div_iter.vhd" into library xil_defaultlib [C:/Users/mr_co_000/Documents/GitHub/ECE495/FinalProject/GrayScale/GrayScale.srcs/sources_1/imports/rest_integer_iter_v1/res_div_iter.vhd:1]
[Wed Dec 02 14:13:08 2015] Launched synth_1...
Run output will be captured here: C:/Users/mr_co_000/Documents/GitHub/ECE495/FinalProject/GrayScale/GrayScale.runs/synth_1/runme.log
reset_run synth_1
launch_runs synth_1
INFO: [HDL 9-1061] Parsing VHDL file "C:/Users/mr_co_000/Documents/GitHub/ECE495/FinalProject/GrayScale/GrayScale.srcs/sources_1/new/Grayscale.vhd" into library xil_defaultlib [C:/Users/mr_co_000/Documents/GitHub/ECE495/FinalProject/GrayScale/GrayScale.srcs/sources_1/new/Grayscale.vhd:1]
INFO: [HDL 9-1061] Parsing VHDL file "C:/Users/mr_co_000/Documents/GitHub/ECE495/FinalProject/GrayScale/GrayScale.srcs/sources_1/imports/custom/custom_pkg.vhd" into library xil_defaultlib [C:/Users/mr_co_000/Documents/GitHub/ECE495/FinalProject/GrayScale/GrayScale.srcs/sources_1/imports/custom/custom_pkg.vhd:1]
INFO: [HDL 9-1061] Parsing VHDL file "C:/Users/mr_co_000/Documents/GitHub/ECE495/FinalProject/GrayScale/GrayScale.srcs/sources_1/imports/my_mult/fulladd.vhd" into library xil_defaultlib [C:/Users/mr_co_000/Documents/GitHub/ECE495/FinalProject/GrayScale/GrayScale.srcs/sources_1/imports/my_mult/fulladd.vhd:1]
INFO: [HDL 9-1061] Parsing VHDL file "C:/Users/mr_co_000/Documents/GitHub/ECE495/FinalProject/GrayScale/GrayScale.srcs/sources_1/imports/my_addsub/my_addsub.vhd" into library xil_defaultlib [C:/Users/mr_co_000/Documents/GitHub/ECE495/FinalProject/GrayScale/GrayScale.srcs/sources_1/imports/my_addsub/my_addsub.vhd:1]
INFO: [HDL 9-1061] Parsing VHDL file "C:/Users/mr_co_000/Documents/GitHub/ECE495/FinalProject/GrayScale/GrayScale.srcs/sources_1/imports/my_busmux3to1/my_busmux3to1.vhd" into library xil_defaultlib [C:/Users/mr_co_000/Documents/GitHub/ECE495/FinalProject/GrayScale/GrayScale.srcs/sources_1/imports/my_busmux3to1/my_busmux3to1.vhd:1]
INFO: [HDL 9-1061] Parsing VHDL file "C:/Users/mr_co_000/Documents/GitHub/ECE495/FinalProject/GrayScale/GrayScale.srcs/sources_1/imports/rest_integer_iter_v1/my_counter.vhd" into library xil_defaultlib [C:/Users/mr_co_000/Documents/GitHub/ECE495/FinalProject/GrayScale/GrayScale.srcs/sources_1/imports/rest_integer_iter_v1/my_counter.vhd:1]
INFO: [HDL 9-1061] Parsing VHDL file "C:/Users/mr_co_000/Documents/GitHub/ECE495/FinalProject/GrayScale/GrayScale.srcs/sources_1/imports/my_mult/my_mult.vhd" into library xil_defaultlib [C:/Users/mr_co_000/Documents/GitHub/ECE495/FinalProject/GrayScale/GrayScale.srcs/sources_1/imports/my_mult/my_mult.vhd:1]
INFO: [HDL 9-1061] Parsing VHDL file "C:/Users/mr_co_000/Documents/GitHub/ECE495/FinalProject/GrayScale/GrayScale.srcs/sources_1/imports/rest_integer_iter_v1/my_pashiftreg.vhd" into library xil_defaultlib [C:/Users/mr_co_000/Documents/GitHub/ECE495/FinalProject/GrayScale/GrayScale.srcs/sources_1/imports/rest_integer_iter_v1/my_pashiftreg.vhd:1]
INFO: [HDL 9-1061] Parsing VHDL file "C:/Users/mr_co_000/Documents/GitHub/ECE495/FinalProject/GrayScale/GrayScale.srcs/sources_1/imports/rest_integer_iter_v1/my_pashiftreg_sclr.vhd" into library xil_defaultlib [C:/Users/mr_co_000/Documents/GitHub/ECE495/FinalProject/GrayScale/GrayScale.srcs/sources_1/imports/rest_integer_iter_v1/my_pashiftreg_sclr.vhd:1]
INFO: [HDL 9-1061] Parsing VHDL file "C:/Users/mr_co_000/Documents/GitHub/ECE495/FinalProject/GrayScale/GrayScale.srcs/sources_1/imports/rest_integer_iter_v1/my_rege.vhd" into library xil_defaultlib [C:/Users/mr_co_000/Documents/GitHub/ECE495/FinalProject/GrayScale/GrayScale.srcs/sources_1/imports/rest_integer_iter_v1/my_rege.vhd:1]
INFO: [HDL 9-1061] Parsing VHDL file "C:/Users/mr_co_000/Documents/GitHub/ECE495/FinalProject/GrayScale/GrayScale.srcs/sources_1/imports/rest_integer_iter_v1/my_sub.vhd" into library xil_defaultlib [C:/Users/mr_co_000/Documents/GitHub/ECE495/FinalProject/GrayScale/GrayScale.srcs/sources_1/imports/rest_integer_iter_v1/my_sub.vhd:1]
INFO: [HDL 9-1061] Parsing VHDL file "C:/Users/mr_co_000/Documents/GitHub/ECE495/FinalProject/GrayScale/GrayScale.srcs/sources_1/imports/rest_integer_iter_v1/pack_xtras.vhd" into library xil_defaultlib [C:/Users/mr_co_000/Documents/GitHub/ECE495/FinalProject/GrayScale/GrayScale.srcs/sources_1/imports/rest_integer_iter_v1/pack_xtras.vhd:1]
INFO: [HDL 9-1061] Parsing VHDL file "C:/Users/mr_co_000/Documents/GitHub/ECE495/FinalProject/GrayScale/GrayScale.srcs/sources_1/imports/rest_integer_iter_v1/res_div_iter.vhd" into library xil_defaultlib [C:/Users/mr_co_000/Documents/GitHub/ECE495/FinalProject/GrayScale/GrayScale.srcs/sources_1/imports/rest_integer_iter_v1/res_div_iter.vhd:1]
[Wed Dec 02 14:13:42 2015] Launched synth_1...
Run output will be captured here: C:/Users/mr_co_000/Documents/GitHub/ECE495/FinalProject/GrayScale/GrayScale.runs/synth_1/runme.log
reset_run synth_1
launch_runs synth_1
INFO: [HDL 9-1061] Parsing VHDL file "C:/Users/mr_co_000/Documents/GitHub/ECE495/FinalProject/GrayScale/GrayScale.srcs/sources_1/new/Grayscale.vhd" into library xil_defaultlib [C:/Users/mr_co_000/Documents/GitHub/ECE495/FinalProject/GrayScale/GrayScale.srcs/sources_1/new/Grayscale.vhd:1]
INFO: [HDL 9-1061] Parsing VHDL file "C:/Users/mr_co_000/Documents/GitHub/ECE495/FinalProject/GrayScale/GrayScale.srcs/sources_1/imports/custom/custom_pkg.vhd" into library xil_defaultlib [C:/Users/mr_co_000/Documents/GitHub/ECE495/FinalProject/GrayScale/GrayScale.srcs/sources_1/imports/custom/custom_pkg.vhd:1]
INFO: [HDL 9-1061] Parsing VHDL file "C:/Users/mr_co_000/Documents/GitHub/ECE495/FinalProject/GrayScale/GrayScale.srcs/sources_1/imports/my_mult/fulladd.vhd" into library xil_defaultlib [C:/Users/mr_co_000/Documents/GitHub/ECE495/FinalProject/GrayScale/GrayScale.srcs/sources_1/imports/my_mult/fulladd.vhd:1]
INFO: [HDL 9-1061] Parsing VHDL file "C:/Users/mr_co_000/Documents/GitHub/ECE495/FinalProject/GrayScale/GrayScale.srcs/sources_1/imports/my_addsub/my_addsub.vhd" into library xil_defaultlib [C:/Users/mr_co_000/Documents/GitHub/ECE495/FinalProject/GrayScale/GrayScale.srcs/sources_1/imports/my_addsub/my_addsub.vhd:1]
INFO: [HDL 9-1061] Parsing VHDL file "C:/Users/mr_co_000/Documents/GitHub/ECE495/FinalProject/GrayScale/GrayScale.srcs/sources_1/imports/my_busmux3to1/my_busmux3to1.vhd" into library xil_defaultlib [C:/Users/mr_co_000/Documents/GitHub/ECE495/FinalProject/GrayScale/GrayScale.srcs/sources_1/imports/my_busmux3to1/my_busmux3to1.vhd:1]
INFO: [HDL 9-1061] Parsing VHDL file "C:/Users/mr_co_000/Documents/GitHub/ECE495/FinalProject/GrayScale/GrayScale.srcs/sources_1/imports/rest_integer_iter_v1/my_counter.vhd" into library xil_defaultlib [C:/Users/mr_co_000/Documents/GitHub/ECE495/FinalProject/GrayScale/GrayScale.srcs/sources_1/imports/rest_integer_iter_v1/my_counter.vhd:1]
INFO: [HDL 9-1061] Parsing VHDL file "C:/Users/mr_co_000/Documents/GitHub/ECE495/FinalProject/GrayScale/GrayScale.srcs/sources_1/imports/my_mult/my_mult.vhd" into library xil_defaultlib [C:/Users/mr_co_000/Documents/GitHub/ECE495/FinalProject/GrayScale/GrayScale.srcs/sources_1/imports/my_mult/my_mult.vhd:1]
INFO: [HDL 9-1061] Parsing VHDL file "C:/Users/mr_co_000/Documents/GitHub/ECE495/FinalProject/GrayScale/GrayScale.srcs/sources_1/imports/rest_integer_iter_v1/my_pashiftreg.vhd" into library xil_defaultlib [C:/Users/mr_co_000/Documents/GitHub/ECE495/FinalProject/GrayScale/GrayScale.srcs/sources_1/imports/rest_integer_iter_v1/my_pashiftreg.vhd:1]
INFO: [HDL 9-1061] Parsing VHDL file "C:/Users/mr_co_000/Documents/GitHub/ECE495/FinalProject/GrayScale/GrayScale.srcs/sources_1/imports/rest_integer_iter_v1/my_pashiftreg_sclr.vhd" into library xil_defaultlib [C:/Users/mr_co_000/Documents/GitHub/ECE495/FinalProject/GrayScale/GrayScale.srcs/sources_1/imports/rest_integer_iter_v1/my_pashiftreg_sclr.vhd:1]
INFO: [HDL 9-1061] Parsing VHDL file "C:/Users/mr_co_000/Documents/GitHub/ECE495/FinalProject/GrayScale/GrayScale.srcs/sources_1/imports/rest_integer_iter_v1/my_rege.vhd" into library xil_defaultlib [C:/Users/mr_co_000/Documents/GitHub/ECE495/FinalProject/GrayScale/GrayScale.srcs/sources_1/imports/rest_integer_iter_v1/my_rege.vhd:1]
INFO: [HDL 9-1061] Parsing VHDL file "C:/Users/mr_co_000/Documents/GitHub/ECE495/FinalProject/GrayScale/GrayScale.srcs/sources_1/imports/rest_integer_iter_v1/my_sub.vhd" into library xil_defaultlib [C:/Users/mr_co_000/Documents/GitHub/ECE495/FinalProject/GrayScale/GrayScale.srcs/sources_1/imports/rest_integer_iter_v1/my_sub.vhd:1]
INFO: [HDL 9-1061] Parsing VHDL file "C:/Users/mr_co_000/Documents/GitHub/ECE495/FinalProject/GrayScale/GrayScale.srcs/sources_1/imports/rest_integer_iter_v1/pack_xtras.vhd" into library xil_defaultlib [C:/Users/mr_co_000/Documents/GitHub/ECE495/FinalProject/GrayScale/GrayScale.srcs/sources_1/imports/rest_integer_iter_v1/pack_xtras.vhd:1]
INFO: [HDL 9-1061] Parsing VHDL file "C:/Users/mr_co_000/Documents/GitHub/ECE495/FinalProject/GrayScale/GrayScale.srcs/sources_1/imports/rest_integer_iter_v1/res_div_iter.vhd" into library xil_defaultlib [C:/Users/mr_co_000/Documents/GitHub/ECE495/FinalProject/GrayScale/GrayScale.srcs/sources_1/imports/rest_integer_iter_v1/res_div_iter.vhd:1]
[Wed Dec 02 14:16:18 2015] Launched synth_1...
Run output will be captured here: C:/Users/mr_co_000/Documents/GitHub/ECE495/FinalProject/GrayScale/GrayScale.runs/synth_1/runme.log
reset_run synth_1
launch_runs synth_1
INFO: [HDL 9-1061] Parsing VHDL file "C:/Users/mr_co_000/Documents/GitHub/ECE495/FinalProject/GrayScale/GrayScale.srcs/sources_1/new/Grayscale.vhd" into library xil_defaultlib [C:/Users/mr_co_000/Documents/GitHub/ECE495/FinalProject/GrayScale/GrayScale.srcs/sources_1/new/Grayscale.vhd:1]
INFO: [HDL 9-1061] Parsing VHDL file "C:/Users/mr_co_000/Documents/GitHub/ECE495/FinalProject/GrayScale/GrayScale.srcs/sources_1/imports/custom/custom_pkg.vhd" into library xil_defaultlib [C:/Users/mr_co_000/Documents/GitHub/ECE495/FinalProject/GrayScale/GrayScale.srcs/sources_1/imports/custom/custom_pkg.vhd:1]
INFO: [HDL 9-1061] Parsing VHDL file "C:/Users/mr_co_000/Documents/GitHub/ECE495/FinalProject/GrayScale/GrayScale.srcs/sources_1/imports/my_mult/fulladd.vhd" into library xil_defaultlib [C:/Users/mr_co_000/Documents/GitHub/ECE495/FinalProject/GrayScale/GrayScale.srcs/sources_1/imports/my_mult/fulladd.vhd:1]
INFO: [HDL 9-1061] Parsing VHDL file "C:/Users/mr_co_000/Documents/GitHub/ECE495/FinalProject/GrayScale/GrayScale.srcs/sources_1/imports/my_addsub/my_addsub.vhd" into library xil_defaultlib [C:/Users/mr_co_000/Documents/GitHub/ECE495/FinalProject/GrayScale/GrayScale.srcs/sources_1/imports/my_addsub/my_addsub.vhd:1]
INFO: [HDL 9-1061] Parsing VHDL file "C:/Users/mr_co_000/Documents/GitHub/ECE495/FinalProject/GrayScale/GrayScale.srcs/sources_1/imports/my_busmux3to1/my_busmux3to1.vhd" into library xil_defaultlib [C:/Users/mr_co_000/Documents/GitHub/ECE495/FinalProject/GrayScale/GrayScale.srcs/sources_1/imports/my_busmux3to1/my_busmux3to1.vhd:1]
INFO: [HDL 9-1061] Parsing VHDL file "C:/Users/mr_co_000/Documents/GitHub/ECE495/FinalProject/GrayScale/GrayScale.srcs/sources_1/imports/rest_integer_iter_v1/my_counter.vhd" into library xil_defaultlib [C:/Users/mr_co_000/Documents/GitHub/ECE495/FinalProject/GrayScale/GrayScale.srcs/sources_1/imports/rest_integer_iter_v1/my_counter.vhd:1]
INFO: [HDL 9-1061] Parsing VHDL file "C:/Users/mr_co_000/Documents/GitHub/ECE495/FinalProject/GrayScale/GrayScale.srcs/sources_1/imports/my_mult/my_mult.vhd" into library xil_defaultlib [C:/Users/mr_co_000/Documents/GitHub/ECE495/FinalProject/GrayScale/GrayScale.srcs/sources_1/imports/my_mult/my_mult.vhd:1]
INFO: [HDL 9-1061] Parsing VHDL file "C:/Users/mr_co_000/Documents/GitHub/ECE495/FinalProject/GrayScale/GrayScale.srcs/sources_1/imports/rest_integer_iter_v1/my_pashiftreg.vhd" into library xil_defaultlib [C:/Users/mr_co_000/Documents/GitHub/ECE495/FinalProject/GrayScale/GrayScale.srcs/sources_1/imports/rest_integer_iter_v1/my_pashiftreg.vhd:1]
INFO: [HDL 9-1061] Parsing VHDL file "C:/Users/mr_co_000/Documents/GitHub/ECE495/FinalProject/GrayScale/GrayScale.srcs/sources_1/imports/rest_integer_iter_v1/my_pashiftreg_sclr.vhd" into library xil_defaultlib [C:/Users/mr_co_000/Documents/GitHub/ECE495/FinalProject/GrayScale/GrayScale.srcs/sources_1/imports/rest_integer_iter_v1/my_pashiftreg_sclr.vhd:1]
INFO: [HDL 9-1061] Parsing VHDL file "C:/Users/mr_co_000/Documents/GitHub/ECE495/FinalProject/GrayScale/GrayScale.srcs/sources_1/imports/rest_integer_iter_v1/my_rege.vhd" into library xil_defaultlib [C:/Users/mr_co_000/Documents/GitHub/ECE495/FinalProject/GrayScale/GrayScale.srcs/sources_1/imports/rest_integer_iter_v1/my_rege.vhd:1]
INFO: [HDL 9-1061] Parsing VHDL file "C:/Users/mr_co_000/Documents/GitHub/ECE495/FinalProject/GrayScale/GrayScale.srcs/sources_1/imports/rest_integer_iter_v1/my_sub.vhd" into library xil_defaultlib [C:/Users/mr_co_000/Documents/GitHub/ECE495/FinalProject/GrayScale/GrayScale.srcs/sources_1/imports/rest_integer_iter_v1/my_sub.vhd:1]
INFO: [HDL 9-1061] Parsing VHDL file "C:/Users/mr_co_000/Documents/GitHub/ECE495/FinalProject/GrayScale/GrayScale.srcs/sources_1/imports/rest_integer_iter_v1/pack_xtras.vhd" into library xil_defaultlib [C:/Users/mr_co_000/Documents/GitHub/ECE495/FinalProject/GrayScale/GrayScale.srcs/sources_1/imports/rest_integer_iter_v1/pack_xtras.vhd:1]
INFO: [HDL 9-1061] Parsing VHDL file "C:/Users/mr_co_000/Documents/GitHub/ECE495/FinalProject/GrayScale/GrayScale.srcs/sources_1/imports/rest_integer_iter_v1/res_div_iter.vhd" into library xil_defaultlib [C:/Users/mr_co_000/Documents/GitHub/ECE495/FinalProject/GrayScale/GrayScale.srcs/sources_1/imports/rest_integer_iter_v1/res_div_iter.vhd:1]
[Wed Dec 02 14:16:50 2015] Launched synth_1...
Run output will be captured here: C:/Users/mr_co_000/Documents/GitHub/ECE495/FinalProject/GrayScale/GrayScale.runs/synth_1/runme.log
reset_run synth_1
launch_runs synth_1
INFO: [HDL 9-1061] Parsing VHDL file "C:/Users/mr_co_000/Documents/GitHub/ECE495/FinalProject/GrayScale/GrayScale.srcs/sources_1/new/Grayscale.vhd" into library xil_defaultlib [C:/Users/mr_co_000/Documents/GitHub/ECE495/FinalProject/GrayScale/GrayScale.srcs/sources_1/new/Grayscale.vhd:1]
INFO: [HDL 9-1061] Parsing VHDL file "C:/Users/mr_co_000/Documents/GitHub/ECE495/FinalProject/GrayScale/GrayScale.srcs/sources_1/imports/custom/custom_pkg.vhd" into library xil_defaultlib [C:/Users/mr_co_000/Documents/GitHub/ECE495/FinalProject/GrayScale/GrayScale.srcs/sources_1/imports/custom/custom_pkg.vhd:1]
INFO: [HDL 9-1061] Parsing VHDL file "C:/Users/mr_co_000/Documents/GitHub/ECE495/FinalProject/GrayScale/GrayScale.srcs/sources_1/imports/my_mult/fulladd.vhd" into library xil_defaultlib [C:/Users/mr_co_000/Documents/GitHub/ECE495/FinalProject/GrayScale/GrayScale.srcs/sources_1/imports/my_mult/fulladd.vhd:1]
INFO: [HDL 9-1061] Parsing VHDL file "C:/Users/mr_co_000/Documents/GitHub/ECE495/FinalProject/GrayScale/GrayScale.srcs/sources_1/imports/my_addsub/my_addsub.vhd" into library xil_defaultlib [C:/Users/mr_co_000/Documents/GitHub/ECE495/FinalProject/GrayScale/GrayScale.srcs/sources_1/imports/my_addsub/my_addsub.vhd:1]
INFO: [HDL 9-1061] Parsing VHDL file "C:/Users/mr_co_000/Documents/GitHub/ECE495/FinalProject/GrayScale/GrayScale.srcs/sources_1/imports/my_busmux3to1/my_busmux3to1.vhd" into library xil_defaultlib [C:/Users/mr_co_000/Documents/GitHub/ECE495/FinalProject/GrayScale/GrayScale.srcs/sources_1/imports/my_busmux3to1/my_busmux3to1.vhd:1]
INFO: [HDL 9-1061] Parsing VHDL file "C:/Users/mr_co_000/Documents/GitHub/ECE495/FinalProject/GrayScale/GrayScale.srcs/sources_1/imports/rest_integer_iter_v1/my_counter.vhd" into library xil_defaultlib [C:/Users/mr_co_000/Documents/GitHub/ECE495/FinalProject/GrayScale/GrayScale.srcs/sources_1/imports/rest_integer_iter_v1/my_counter.vhd:1]
INFO: [HDL 9-1061] Parsing VHDL file "C:/Users/mr_co_000/Documents/GitHub/ECE495/FinalProject/GrayScale/GrayScale.srcs/sources_1/imports/my_mult/my_mult.vhd" into library xil_defaultlib [C:/Users/mr_co_000/Documents/GitHub/ECE495/FinalProject/GrayScale/GrayScale.srcs/sources_1/imports/my_mult/my_mult.vhd:1]
INFO: [HDL 9-1061] Parsing VHDL file "C:/Users/mr_co_000/Documents/GitHub/ECE495/FinalProject/GrayScale/GrayScale.srcs/sources_1/imports/rest_integer_iter_v1/my_pashiftreg.vhd" into library xil_defaultlib [C:/Users/mr_co_000/Documents/GitHub/ECE495/FinalProject/GrayScale/GrayScale.srcs/sources_1/imports/rest_integer_iter_v1/my_pashiftreg.vhd:1]
INFO: [HDL 9-1061] Parsing VHDL file "C:/Users/mr_co_000/Documents/GitHub/ECE495/FinalProject/GrayScale/GrayScale.srcs/sources_1/imports/rest_integer_iter_v1/my_pashiftreg_sclr.vhd" into library xil_defaultlib [C:/Users/mr_co_000/Documents/GitHub/ECE495/FinalProject/GrayScale/GrayScale.srcs/sources_1/imports/rest_integer_iter_v1/my_pashiftreg_sclr.vhd:1]
INFO: [HDL 9-1061] Parsing VHDL file "C:/Users/mr_co_000/Documents/GitHub/ECE495/FinalProject/GrayScale/GrayScale.srcs/sources_1/imports/rest_integer_iter_v1/my_rege.vhd" into library xil_defaultlib [C:/Users/mr_co_000/Documents/GitHub/ECE495/FinalProject/GrayScale/GrayScale.srcs/sources_1/imports/rest_integer_iter_v1/my_rege.vhd:1]
INFO: [HDL 9-1061] Parsing VHDL file "C:/Users/mr_co_000/Documents/GitHub/ECE495/FinalProject/GrayScale/GrayScale.srcs/sources_1/imports/rest_integer_iter_v1/my_sub.vhd" into library xil_defaultlib [C:/Users/mr_co_000/Documents/GitHub/ECE495/FinalProject/GrayScale/GrayScale.srcs/sources_1/imports/rest_integer_iter_v1/my_sub.vhd:1]
INFO: [HDL 9-1061] Parsing VHDL file "C:/Users/mr_co_000/Documents/GitHub/ECE495/FinalProject/GrayScale/GrayScale.srcs/sources_1/imports/rest_integer_iter_v1/pack_xtras.vhd" into library xil_defaultlib [C:/Users/mr_co_000/Documents/GitHub/ECE495/FinalProject/GrayScale/GrayScale.srcs/sources_1/imports/rest_integer_iter_v1/pack_xtras.vhd:1]
INFO: [HDL 9-1061] Parsing VHDL file "C:/Users/mr_co_000/Documents/GitHub/ECE495/FinalProject/GrayScale/GrayScale.srcs/sources_1/imports/rest_integer_iter_v1/res_div_iter.vhd" into library xil_defaultlib [C:/Users/mr_co_000/Documents/GitHub/ECE495/FinalProject/GrayScale/GrayScale.srcs/sources_1/imports/rest_integer_iter_v1/res_div_iter.vhd:1]
[Wed Dec 02 14:18:18 2015] Launched synth_1...
Run output will be captured here: C:/Users/mr_co_000/Documents/GitHub/ECE495/FinalProject/GrayScale/GrayScale.runs/synth_1/runme.log
reset_run synth_1
launch_runs synth_1
INFO: [HDL 9-1061] Parsing VHDL file "C:/Users/mr_co_000/Documents/GitHub/ECE495/FinalProject/GrayScale/GrayScale.srcs/sources_1/new/Grayscale.vhd" into library xil_defaultlib [C:/Users/mr_co_000/Documents/GitHub/ECE495/FinalProject/GrayScale/GrayScale.srcs/sources_1/new/Grayscale.vhd:1]
INFO: [HDL 9-1061] Parsing VHDL file "C:/Users/mr_co_000/Documents/GitHub/ECE495/FinalProject/GrayScale/GrayScale.srcs/sources_1/imports/custom/custom_pkg.vhd" into library xil_defaultlib [C:/Users/mr_co_000/Documents/GitHub/ECE495/FinalProject/GrayScale/GrayScale.srcs/sources_1/imports/custom/custom_pkg.vhd:1]
INFO: [HDL 9-1061] Parsing VHDL file "C:/Users/mr_co_000/Documents/GitHub/ECE495/FinalProject/GrayScale/GrayScale.srcs/sources_1/imports/my_mult/fulladd.vhd" into library xil_defaultlib [C:/Users/mr_co_000/Documents/GitHub/ECE495/FinalProject/GrayScale/GrayScale.srcs/sources_1/imports/my_mult/fulladd.vhd:1]
INFO: [HDL 9-1061] Parsing VHDL file "C:/Users/mr_co_000/Documents/GitHub/ECE495/FinalProject/GrayScale/GrayScale.srcs/sources_1/imports/my_addsub/my_addsub.vhd" into library xil_defaultlib [C:/Users/mr_co_000/Documents/GitHub/ECE495/FinalProject/GrayScale/GrayScale.srcs/sources_1/imports/my_addsub/my_addsub.vhd:1]
INFO: [HDL 9-1061] Parsing VHDL file "C:/Users/mr_co_000/Documents/GitHub/ECE495/FinalProject/GrayScale/GrayScale.srcs/sources_1/imports/my_busmux3to1/my_busmux3to1.vhd" into library xil_defaultlib [C:/Users/mr_co_000/Documents/GitHub/ECE495/FinalProject/GrayScale/GrayScale.srcs/sources_1/imports/my_busmux3to1/my_busmux3to1.vhd:1]
INFO: [HDL 9-1061] Parsing VHDL file "C:/Users/mr_co_000/Documents/GitHub/ECE495/FinalProject/GrayScale/GrayScale.srcs/sources_1/imports/rest_integer_iter_v1/my_counter.vhd" into library xil_defaultlib [C:/Users/mr_co_000/Documents/GitHub/ECE495/FinalProject/GrayScale/GrayScale.srcs/sources_1/imports/rest_integer_iter_v1/my_counter.vhd:1]
INFO: [HDL 9-1061] Parsing VHDL file "C:/Users/mr_co_000/Documents/GitHub/ECE495/FinalProject/GrayScale/GrayScale.srcs/sources_1/imports/my_mult/my_mult.vhd" into library xil_defaultlib [C:/Users/mr_co_000/Documents/GitHub/ECE495/FinalProject/GrayScale/GrayScale.srcs/sources_1/imports/my_mult/my_mult.vhd:1]
INFO: [HDL 9-1061] Parsing VHDL file "C:/Users/mr_co_000/Documents/GitHub/ECE495/FinalProject/GrayScale/GrayScale.srcs/sources_1/imports/rest_integer_iter_v1/my_pashiftreg.vhd" into library xil_defaultlib [C:/Users/mr_co_000/Documents/GitHub/ECE495/FinalProject/GrayScale/GrayScale.srcs/sources_1/imports/rest_integer_iter_v1/my_pashiftreg.vhd:1]
INFO: [HDL 9-1061] Parsing VHDL file "C:/Users/mr_co_000/Documents/GitHub/ECE495/FinalProject/GrayScale/GrayScale.srcs/sources_1/imports/rest_integer_iter_v1/my_pashiftreg_sclr.vhd" into library xil_defaultlib [C:/Users/mr_co_000/Documents/GitHub/ECE495/FinalProject/GrayScale/GrayScale.srcs/sources_1/imports/rest_integer_iter_v1/my_pashiftreg_sclr.vhd:1]
INFO: [HDL 9-1061] Parsing VHDL file "C:/Users/mr_co_000/Documents/GitHub/ECE495/FinalProject/GrayScale/GrayScale.srcs/sources_1/imports/rest_integer_iter_v1/my_rege.vhd" into library xil_defaultlib [C:/Users/mr_co_000/Documents/GitHub/ECE495/FinalProject/GrayScale/GrayScale.srcs/sources_1/imports/rest_integer_iter_v1/my_rege.vhd:1]
INFO: [HDL 9-1061] Parsing VHDL file "C:/Users/mr_co_000/Documents/GitHub/ECE495/FinalProject/GrayScale/GrayScale.srcs/sources_1/imports/rest_integer_iter_v1/my_sub.vhd" into library xil_defaultlib [C:/Users/mr_co_000/Documents/GitHub/ECE495/FinalProject/GrayScale/GrayScale.srcs/sources_1/imports/rest_integer_iter_v1/my_sub.vhd:1]
INFO: [HDL 9-1061] Parsing VHDL file "C:/Users/mr_co_000/Documents/GitHub/ECE495/FinalProject/GrayScale/GrayScale.srcs/sources_1/imports/rest_integer_iter_v1/pack_xtras.vhd" into library xil_defaultlib [C:/Users/mr_co_000/Documents/GitHub/ECE495/FinalProject/GrayScale/GrayScale.srcs/sources_1/imports/rest_integer_iter_v1/pack_xtras.vhd:1]
INFO: [HDL 9-1061] Parsing VHDL file "C:/Users/mr_co_000/Documents/GitHub/ECE495/FinalProject/GrayScale/GrayScale.srcs/sources_1/imports/rest_integer_iter_v1/res_div_iter.vhd" into library xil_defaultlib [C:/Users/mr_co_000/Documents/GitHub/ECE495/FinalProject/GrayScale/GrayScale.srcs/sources_1/imports/rest_integer_iter_v1/res_div_iter.vhd:1]
[Wed Dec 02 14:19:37 2015] Launched synth_1...
Run output will be captured here: C:/Users/mr_co_000/Documents/GitHub/ECE495/FinalProject/GrayScale/GrayScale.runs/synth_1/runme.log
reset_run synth_1
launch_runs synth_1
INFO: [HDL 9-1061] Parsing VHDL file "C:/Users/mr_co_000/Documents/GitHub/ECE495/FinalProject/GrayScale/GrayScale.srcs/sources_1/new/Grayscale.vhd" into library xil_defaultlib [C:/Users/mr_co_000/Documents/GitHub/ECE495/FinalProject/GrayScale/GrayScale.srcs/sources_1/new/Grayscale.vhd:1]
INFO: [HDL 9-1061] Parsing VHDL file "C:/Users/mr_co_000/Documents/GitHub/ECE495/FinalProject/GrayScale/GrayScale.srcs/sources_1/imports/custom/custom_pkg.vhd" into library xil_defaultlib [C:/Users/mr_co_000/Documents/GitHub/ECE495/FinalProject/GrayScale/GrayScale.srcs/sources_1/imports/custom/custom_pkg.vhd:1]
INFO: [HDL 9-1061] Parsing VHDL file "C:/Users/mr_co_000/Documents/GitHub/ECE495/FinalProject/GrayScale/GrayScale.srcs/sources_1/imports/my_mult/fulladd.vhd" into library xil_defaultlib [C:/Users/mr_co_000/Documents/GitHub/ECE495/FinalProject/GrayScale/GrayScale.srcs/sources_1/imports/my_mult/fulladd.vhd:1]
INFO: [HDL 9-1061] Parsing VHDL file "C:/Users/mr_co_000/Documents/GitHub/ECE495/FinalProject/GrayScale/GrayScale.srcs/sources_1/imports/my_addsub/my_addsub.vhd" into library xil_defaultlib [C:/Users/mr_co_000/Documents/GitHub/ECE495/FinalProject/GrayScale/GrayScale.srcs/sources_1/imports/my_addsub/my_addsub.vhd:1]
INFO: [HDL 9-1061] Parsing VHDL file "C:/Users/mr_co_000/Documents/GitHub/ECE495/FinalProject/GrayScale/GrayScale.srcs/sources_1/imports/my_busmux3to1/my_busmux3to1.vhd" into library xil_defaultlib [C:/Users/mr_co_000/Documents/GitHub/ECE495/FinalProject/GrayScale/GrayScale.srcs/sources_1/imports/my_busmux3to1/my_busmux3to1.vhd:1]
INFO: [HDL 9-1061] Parsing VHDL file "C:/Users/mr_co_000/Documents/GitHub/ECE495/FinalProject/GrayScale/GrayScale.srcs/sources_1/imports/rest_integer_iter_v1/my_counter.vhd" into library xil_defaultlib [C:/Users/mr_co_000/Documents/GitHub/ECE495/FinalProject/GrayScale/GrayScale.srcs/sources_1/imports/rest_integer_iter_v1/my_counter.vhd:1]
INFO: [HDL 9-1061] Parsing VHDL file "C:/Users/mr_co_000/Documents/GitHub/ECE495/FinalProject/GrayScale/GrayScale.srcs/sources_1/imports/my_mult/my_mult.vhd" into library xil_defaultlib [C:/Users/mr_co_000/Documents/GitHub/ECE495/FinalProject/GrayScale/GrayScale.srcs/sources_1/imports/my_mult/my_mult.vhd:1]
INFO: [HDL 9-1061] Parsing VHDL file "C:/Users/mr_co_000/Documents/GitHub/ECE495/FinalProject/GrayScale/GrayScale.srcs/sources_1/imports/rest_integer_iter_v1/my_pashiftreg.vhd" into library xil_defaultlib [C:/Users/mr_co_000/Documents/GitHub/ECE495/FinalProject/GrayScale/GrayScale.srcs/sources_1/imports/rest_integer_iter_v1/my_pashiftreg.vhd:1]
INFO: [HDL 9-1061] Parsing VHDL file "C:/Users/mr_co_000/Documents/GitHub/ECE495/FinalProject/GrayScale/GrayScale.srcs/sources_1/imports/rest_integer_iter_v1/my_pashiftreg_sclr.vhd" into library xil_defaultlib [C:/Users/mr_co_000/Documents/GitHub/ECE495/FinalProject/GrayScale/GrayScale.srcs/sources_1/imports/rest_integer_iter_v1/my_pashiftreg_sclr.vhd:1]
INFO: [HDL 9-1061] Parsing VHDL file "C:/Users/mr_co_000/Documents/GitHub/ECE495/FinalProject/GrayScale/GrayScale.srcs/sources_1/imports/rest_integer_iter_v1/my_rege.vhd" into library xil_defaultlib [C:/Users/mr_co_000/Documents/GitHub/ECE495/FinalProject/GrayScale/GrayScale.srcs/sources_1/imports/rest_integer_iter_v1/my_rege.vhd:1]
INFO: [HDL 9-1061] Parsing VHDL file "C:/Users/mr_co_000/Documents/GitHub/ECE495/FinalProject/GrayScale/GrayScale.srcs/sources_1/imports/rest_integer_iter_v1/my_sub.vhd" into library xil_defaultlib [C:/Users/mr_co_000/Documents/GitHub/ECE495/FinalProject/GrayScale/GrayScale.srcs/sources_1/imports/rest_integer_iter_v1/my_sub.vhd:1]
INFO: [HDL 9-1061] Parsing VHDL file "C:/Users/mr_co_000/Documents/GitHub/ECE495/FinalProject/GrayScale/GrayScale.srcs/sources_1/imports/rest_integer_iter_v1/pack_xtras.vhd" into library xil_defaultlib [C:/Users/mr_co_000/Documents/GitHub/ECE495/FinalProject/GrayScale/GrayScale.srcs/sources_1/imports/rest_integer_iter_v1/pack_xtras.vhd:1]
INFO: [HDL 9-1061] Parsing VHDL file "C:/Users/mr_co_000/Documents/GitHub/ECE495/FinalProject/GrayScale/GrayScale.srcs/sources_1/imports/rest_integer_iter_v1/res_div_iter.vhd" into library xil_defaultlib [C:/Users/mr_co_000/Documents/GitHub/ECE495/FinalProject/GrayScale/GrayScale.srcs/sources_1/imports/rest_integer_iter_v1/res_div_iter.vhd:1]
[Wed Dec 02 14:20:31 2015] Launched synth_1...
Run output will be captured here: C:/Users/mr_co_000/Documents/GitHub/ECE495/FinalProject/GrayScale/GrayScale.runs/synth_1/runme.log
reset_run synth_1
launch_runs synth_1
INFO: [HDL 9-1061] Parsing VHDL file "C:/Users/mr_co_000/Documents/GitHub/ECE495/FinalProject/GrayScale/GrayScale.srcs/sources_1/new/Grayscale.vhd" into library xil_defaultlib [C:/Users/mr_co_000/Documents/GitHub/ECE495/FinalProject/GrayScale/GrayScale.srcs/sources_1/new/Grayscale.vhd:1]
INFO: [HDL 9-1061] Parsing VHDL file "C:/Users/mr_co_000/Documents/GitHub/ECE495/FinalProject/GrayScale/GrayScale.srcs/sources_1/imports/custom/custom_pkg.vhd" into library xil_defaultlib [C:/Users/mr_co_000/Documents/GitHub/ECE495/FinalProject/GrayScale/GrayScale.srcs/sources_1/imports/custom/custom_pkg.vhd:1]
INFO: [HDL 9-1061] Parsing VHDL file "C:/Users/mr_co_000/Documents/GitHub/ECE495/FinalProject/GrayScale/GrayScale.srcs/sources_1/imports/my_mult/fulladd.vhd" into library xil_defaultlib [C:/Users/mr_co_000/Documents/GitHub/ECE495/FinalProject/GrayScale/GrayScale.srcs/sources_1/imports/my_mult/fulladd.vhd:1]
INFO: [HDL 9-1061] Parsing VHDL file "C:/Users/mr_co_000/Documents/GitHub/ECE495/FinalProject/GrayScale/GrayScale.srcs/sources_1/imports/my_addsub/my_addsub.vhd" into library xil_defaultlib [C:/Users/mr_co_000/Documents/GitHub/ECE495/FinalProject/GrayScale/GrayScale.srcs/sources_1/imports/my_addsub/my_addsub.vhd:1]
INFO: [HDL 9-1061] Parsing VHDL file "C:/Users/mr_co_000/Documents/GitHub/ECE495/FinalProject/GrayScale/GrayScale.srcs/sources_1/imports/my_busmux3to1/my_busmux3to1.vhd" into library xil_defaultlib [C:/Users/mr_co_000/Documents/GitHub/ECE495/FinalProject/GrayScale/GrayScale.srcs/sources_1/imports/my_busmux3to1/my_busmux3to1.vhd:1]
INFO: [HDL 9-1061] Parsing VHDL file "C:/Users/mr_co_000/Documents/GitHub/ECE495/FinalProject/GrayScale/GrayScale.srcs/sources_1/imports/rest_integer_iter_v1/my_counter.vhd" into library xil_defaultlib [C:/Users/mr_co_000/Documents/GitHub/ECE495/FinalProject/GrayScale/GrayScale.srcs/sources_1/imports/rest_integer_iter_v1/my_counter.vhd:1]
INFO: [HDL 9-1061] Parsing VHDL file "C:/Users/mr_co_000/Documents/GitHub/ECE495/FinalProject/GrayScale/GrayScale.srcs/sources_1/imports/my_mult/my_mult.vhd" into library xil_defaultlib [C:/Users/mr_co_000/Documents/GitHub/ECE495/FinalProject/GrayScale/GrayScale.srcs/sources_1/imports/my_mult/my_mult.vhd:1]
INFO: [HDL 9-1061] Parsing VHDL file "C:/Users/mr_co_000/Documents/GitHub/ECE495/FinalProject/GrayScale/GrayScale.srcs/sources_1/imports/rest_integer_iter_v1/my_pashiftreg.vhd" into library xil_defaultlib [C:/Users/mr_co_000/Documents/GitHub/ECE495/FinalProject/GrayScale/GrayScale.srcs/sources_1/imports/rest_integer_iter_v1/my_pashiftreg.vhd:1]
INFO: [HDL 9-1061] Parsing VHDL file "C:/Users/mr_co_000/Documents/GitHub/ECE495/FinalProject/GrayScale/GrayScale.srcs/sources_1/imports/rest_integer_iter_v1/my_pashiftreg_sclr.vhd" into library xil_defaultlib [C:/Users/mr_co_000/Documents/GitHub/ECE495/FinalProject/GrayScale/GrayScale.srcs/sources_1/imports/rest_integer_iter_v1/my_pashiftreg_sclr.vhd:1]
INFO: [HDL 9-1061] Parsing VHDL file "C:/Users/mr_co_000/Documents/GitHub/ECE495/FinalProject/GrayScale/GrayScale.srcs/sources_1/imports/rest_integer_iter_v1/my_rege.vhd" into library xil_defaultlib [C:/Users/mr_co_000/Documents/GitHub/ECE495/FinalProject/GrayScale/GrayScale.srcs/sources_1/imports/rest_integer_iter_v1/my_rege.vhd:1]
INFO: [HDL 9-1061] Parsing VHDL file "C:/Users/mr_co_000/Documents/GitHub/ECE495/FinalProject/GrayScale/GrayScale.srcs/sources_1/imports/rest_integer_iter_v1/my_sub.vhd" into library xil_defaultlib [C:/Users/mr_co_000/Documents/GitHub/ECE495/FinalProject/GrayScale/GrayScale.srcs/sources_1/imports/rest_integer_iter_v1/my_sub.vhd:1]
INFO: [HDL 9-1061] Parsing VHDL file "C:/Users/mr_co_000/Documents/GitHub/ECE495/FinalProject/GrayScale/GrayScale.srcs/sources_1/imports/rest_integer_iter_v1/pack_xtras.vhd" into library xil_defaultlib [C:/Users/mr_co_000/Documents/GitHub/ECE495/FinalProject/GrayScale/GrayScale.srcs/sources_1/imports/rest_integer_iter_v1/pack_xtras.vhd:1]
INFO: [HDL 9-1061] Parsing VHDL file "C:/Users/mr_co_000/Documents/GitHub/ECE495/FinalProject/GrayScale/GrayScale.srcs/sources_1/imports/rest_integer_iter_v1/res_div_iter.vhd" into library xil_defaultlib [C:/Users/mr_co_000/Documents/GitHub/ECE495/FinalProject/GrayScale/GrayScale.srcs/sources_1/imports/rest_integer_iter_v1/res_div_iter.vhd:1]
[Wed Dec 02 14:21:11 2015] Launched synth_1...
Run output will be captured here: C:/Users/mr_co_000/Documents/GitHub/ECE495/FinalProject/GrayScale/GrayScale.runs/synth_1/runme.log
reset_run synth_1
launch_runs synth_1
INFO: [HDL 9-1061] Parsing VHDL file "C:/Users/mr_co_000/Documents/GitHub/ECE495/FinalProject/GrayScale/GrayScale.srcs/sources_1/new/Grayscale.vhd" into library xil_defaultlib [C:/Users/mr_co_000/Documents/GitHub/ECE495/FinalProject/GrayScale/GrayScale.srcs/sources_1/new/Grayscale.vhd:1]
INFO: [HDL 9-1061] Parsing VHDL file "C:/Users/mr_co_000/Documents/GitHub/ECE495/FinalProject/GrayScale/GrayScale.srcs/sources_1/imports/custom/custom_pkg.vhd" into library xil_defaultlib [C:/Users/mr_co_000/Documents/GitHub/ECE495/FinalProject/GrayScale/GrayScale.srcs/sources_1/imports/custom/custom_pkg.vhd:1]
INFO: [HDL 9-1061] Parsing VHDL file "C:/Users/mr_co_000/Documents/GitHub/ECE495/FinalProject/GrayScale/GrayScale.srcs/sources_1/imports/my_mult/fulladd.vhd" into library xil_defaultlib [C:/Users/mr_co_000/Documents/GitHub/ECE495/FinalProject/GrayScale/GrayScale.srcs/sources_1/imports/my_mult/fulladd.vhd:1]
INFO: [HDL 9-1061] Parsing VHDL file "C:/Users/mr_co_000/Documents/GitHub/ECE495/FinalProject/GrayScale/GrayScale.srcs/sources_1/imports/my_addsub/my_addsub.vhd" into library xil_defaultlib [C:/Users/mr_co_000/Documents/GitHub/ECE495/FinalProject/GrayScale/GrayScale.srcs/sources_1/imports/my_addsub/my_addsub.vhd:1]
INFO: [HDL 9-1061] Parsing VHDL file "C:/Users/mr_co_000/Documents/GitHub/ECE495/FinalProject/GrayScale/GrayScale.srcs/sources_1/imports/my_busmux3to1/my_busmux3to1.vhd" into library xil_defaultlib [C:/Users/mr_co_000/Documents/GitHub/ECE495/FinalProject/GrayScale/GrayScale.srcs/sources_1/imports/my_busmux3to1/my_busmux3to1.vhd:1]
INFO: [HDL 9-1061] Parsing VHDL file "C:/Users/mr_co_000/Documents/GitHub/ECE495/FinalProject/GrayScale/GrayScale.srcs/sources_1/imports/rest_integer_iter_v1/my_counter.vhd" into library xil_defaultlib [C:/Users/mr_co_000/Documents/GitHub/ECE495/FinalProject/GrayScale/GrayScale.srcs/sources_1/imports/rest_integer_iter_v1/my_counter.vhd:1]
INFO: [HDL 9-1061] Parsing VHDL file "C:/Users/mr_co_000/Documents/GitHub/ECE495/FinalProject/GrayScale/GrayScale.srcs/sources_1/imports/my_mult/my_mult.vhd" into library xil_defaultlib [C:/Users/mr_co_000/Documents/GitHub/ECE495/FinalProject/GrayScale/GrayScale.srcs/sources_1/imports/my_mult/my_mult.vhd:1]
INFO: [HDL 9-1061] Parsing VHDL file "C:/Users/mr_co_000/Documents/GitHub/ECE495/FinalProject/GrayScale/GrayScale.srcs/sources_1/imports/rest_integer_iter_v1/my_pashiftreg.vhd" into library xil_defaultlib [C:/Users/mr_co_000/Documents/GitHub/ECE495/FinalProject/GrayScale/GrayScale.srcs/sources_1/imports/rest_integer_iter_v1/my_pashiftreg.vhd:1]
INFO: [HDL 9-1061] Parsing VHDL file "C:/Users/mr_co_000/Documents/GitHub/ECE495/FinalProject/GrayScale/GrayScale.srcs/sources_1/imports/rest_integer_iter_v1/my_pashiftreg_sclr.vhd" into library xil_defaultlib [C:/Users/mr_co_000/Documents/GitHub/ECE495/FinalProject/GrayScale/GrayScale.srcs/sources_1/imports/rest_integer_iter_v1/my_pashiftreg_sclr.vhd:1]
INFO: [HDL 9-1061] Parsing VHDL file "C:/Users/mr_co_000/Documents/GitHub/ECE495/FinalProject/GrayScale/GrayScale.srcs/sources_1/imports/rest_integer_iter_v1/my_rege.vhd" into library xil_defaultlib [C:/Users/mr_co_000/Documents/GitHub/ECE495/FinalProject/GrayScale/GrayScale.srcs/sources_1/imports/rest_integer_iter_v1/my_rege.vhd:1]
INFO: [HDL 9-1061] Parsing VHDL file "C:/Users/mr_co_000/Documents/GitHub/ECE495/FinalProject/GrayScale/GrayScale.srcs/sources_1/imports/rest_integer_iter_v1/my_sub.vhd" into library xil_defaultlib [C:/Users/mr_co_000/Documents/GitHub/ECE495/FinalProject/GrayScale/GrayScale.srcs/sources_1/imports/rest_integer_iter_v1/my_sub.vhd:1]
INFO: [HDL 9-1061] Parsing VHDL file "C:/Users/mr_co_000/Documents/GitHub/ECE495/FinalProject/GrayScale/GrayScale.srcs/sources_1/imports/rest_integer_iter_v1/pack_xtras.vhd" into library xil_defaultlib [C:/Users/mr_co_000/Documents/GitHub/ECE495/FinalProject/GrayScale/GrayScale.srcs/sources_1/imports/rest_integer_iter_v1/pack_xtras.vhd:1]
INFO: [HDL 9-1061] Parsing VHDL file "C:/Users/mr_co_000/Documents/GitHub/ECE495/FinalProject/GrayScale/GrayScale.srcs/sources_1/imports/rest_integer_iter_v1/res_div_iter.vhd" into library xil_defaultlib [C:/Users/mr_co_000/Documents/GitHub/ECE495/FinalProject/GrayScale/GrayScale.srcs/sources_1/imports/rest_integer_iter_v1/res_div_iter.vhd:1]
[Wed Dec 02 14:23:53 2015] Launched synth_1...
Run output will be captured here: C:/Users/mr_co_000/Documents/GitHub/ECE495/FinalProject/GrayScale/GrayScale.runs/synth_1/runme.log
reset_run synth_1
launch_runs synth_1
INFO: [HDL 9-1061] Parsing VHDL file "C:/Users/mr_co_000/Documents/GitHub/ECE495/FinalProject/GrayScale/GrayScale.srcs/sources_1/new/Grayscale.vhd" into library xil_defaultlib [C:/Users/mr_co_000/Documents/GitHub/ECE495/FinalProject/GrayScale/GrayScale.srcs/sources_1/new/Grayscale.vhd:1]
INFO: [HDL 9-1061] Parsing VHDL file "C:/Users/mr_co_000/Documents/GitHub/ECE495/FinalProject/GrayScale/GrayScale.srcs/sources_1/imports/custom/custom_pkg.vhd" into library xil_defaultlib [C:/Users/mr_co_000/Documents/GitHub/ECE495/FinalProject/GrayScale/GrayScale.srcs/sources_1/imports/custom/custom_pkg.vhd:1]
INFO: [HDL 9-1061] Parsing VHDL file "C:/Users/mr_co_000/Documents/GitHub/ECE495/FinalProject/GrayScale/GrayScale.srcs/sources_1/imports/my_mult/fulladd.vhd" into library xil_defaultlib [C:/Users/mr_co_000/Documents/GitHub/ECE495/FinalProject/GrayScale/GrayScale.srcs/sources_1/imports/my_mult/fulladd.vhd:1]
INFO: [HDL 9-1061] Parsing VHDL file "C:/Users/mr_co_000/Documents/GitHub/ECE495/FinalProject/GrayScale/GrayScale.srcs/sources_1/imports/my_addsub/my_addsub.vhd" into library xil_defaultlib [C:/Users/mr_co_000/Documents/GitHub/ECE495/FinalProject/GrayScale/GrayScale.srcs/sources_1/imports/my_addsub/my_addsub.vhd:1]
INFO: [HDL 9-1061] Parsing VHDL file "C:/Users/mr_co_000/Documents/GitHub/ECE495/FinalProject/GrayScale/GrayScale.srcs/sources_1/imports/my_busmux3to1/my_busmux3to1.vhd" into library xil_defaultlib [C:/Users/mr_co_000/Documents/GitHub/ECE495/FinalProject/GrayScale/GrayScale.srcs/sources_1/imports/my_busmux3to1/my_busmux3to1.vhd:1]
INFO: [HDL 9-1061] Parsing VHDL file "C:/Users/mr_co_000/Documents/GitHub/ECE495/FinalProject/GrayScale/GrayScale.srcs/sources_1/imports/rest_integer_iter_v1/my_counter.vhd" into library xil_defaultlib [C:/Users/mr_co_000/Documents/GitHub/ECE495/FinalProject/GrayScale/GrayScale.srcs/sources_1/imports/rest_integer_iter_v1/my_counter.vhd:1]
INFO: [HDL 9-1061] Parsing VHDL file "C:/Users/mr_co_000/Documents/GitHub/ECE495/FinalProject/GrayScale/GrayScale.srcs/sources_1/imports/my_mult/my_mult.vhd" into library xil_defaultlib [C:/Users/mr_co_000/Documents/GitHub/ECE495/FinalProject/GrayScale/GrayScale.srcs/sources_1/imports/my_mult/my_mult.vhd:1]
INFO: [HDL 9-1061] Parsing VHDL file "C:/Users/mr_co_000/Documents/GitHub/ECE495/FinalProject/GrayScale/GrayScale.srcs/sources_1/imports/rest_integer_iter_v1/my_pashiftreg.vhd" into library xil_defaultlib [C:/Users/mr_co_000/Documents/GitHub/ECE495/FinalProject/GrayScale/GrayScale.srcs/sources_1/imports/rest_integer_iter_v1/my_pashiftreg.vhd:1]
INFO: [HDL 9-1061] Parsing VHDL file "C:/Users/mr_co_000/Documents/GitHub/ECE495/FinalProject/GrayScale/GrayScale.srcs/sources_1/imports/rest_integer_iter_v1/my_pashiftreg_sclr.vhd" into library xil_defaultlib [C:/Users/mr_co_000/Documents/GitHub/ECE495/FinalProject/GrayScale/GrayScale.srcs/sources_1/imports/rest_integer_iter_v1/my_pashiftreg_sclr.vhd:1]
INFO: [HDL 9-1061] Parsing VHDL file "C:/Users/mr_co_000/Documents/GitHub/ECE495/FinalProject/GrayScale/GrayScale.srcs/sources_1/imports/rest_integer_iter_v1/my_rege.vhd" into library xil_defaultlib [C:/Users/mr_co_000/Documents/GitHub/ECE495/FinalProject/GrayScale/GrayScale.srcs/sources_1/imports/rest_integer_iter_v1/my_rege.vhd:1]
INFO: [HDL 9-1061] Parsing VHDL file "C:/Users/mr_co_000/Documents/GitHub/ECE495/FinalProject/GrayScale/GrayScale.srcs/sources_1/imports/rest_integer_iter_v1/my_sub.vhd" into library xil_defaultlib [C:/Users/mr_co_000/Documents/GitHub/ECE495/FinalProject/GrayScale/GrayScale.srcs/sources_1/imports/rest_integer_iter_v1/my_sub.vhd:1]
INFO: [HDL 9-1061] Parsing VHDL file "C:/Users/mr_co_000/Documents/GitHub/ECE495/FinalProject/GrayScale/GrayScale.srcs/sources_1/imports/rest_integer_iter_v1/pack_xtras.vhd" into library xil_defaultlib [C:/Users/mr_co_000/Documents/GitHub/ECE495/FinalProject/GrayScale/GrayScale.srcs/sources_1/imports/rest_integer_iter_v1/pack_xtras.vhd:1]
INFO: [HDL 9-1061] Parsing VHDL file "C:/Users/mr_co_000/Documents/GitHub/ECE495/FinalProject/GrayScale/GrayScale.srcs/sources_1/imports/rest_integer_iter_v1/res_div_iter.vhd" into library xil_defaultlib [C:/Users/mr_co_000/Documents/GitHub/ECE495/FinalProject/GrayScale/GrayScale.srcs/sources_1/imports/rest_integer_iter_v1/res_div_iter.vhd:1]
[Wed Dec 02 14:24:28 2015] Launched synth_1...
Run output will be captured here: C:/Users/mr_co_000/Documents/GitHub/ECE495/FinalProject/GrayScale/GrayScale.runs/synth_1/runme.log
reset_run synth_1
launch_runs synth_1
INFO: [HDL 9-1061] Parsing VHDL file "C:/Users/mr_co_000/Documents/GitHub/ECE495/FinalProject/GrayScale/GrayScale.srcs/sources_1/new/Grayscale.vhd" into library xil_defaultlib [C:/Users/mr_co_000/Documents/GitHub/ECE495/FinalProject/GrayScale/GrayScale.srcs/sources_1/new/Grayscale.vhd:1]
INFO: [HDL 9-1061] Parsing VHDL file "C:/Users/mr_co_000/Documents/GitHub/ECE495/FinalProject/GrayScale/GrayScale.srcs/sources_1/imports/custom/custom_pkg.vhd" into library xil_defaultlib [C:/Users/mr_co_000/Documents/GitHub/ECE495/FinalProject/GrayScale/GrayScale.srcs/sources_1/imports/custom/custom_pkg.vhd:1]
INFO: [HDL 9-1061] Parsing VHDL file "C:/Users/mr_co_000/Documents/GitHub/ECE495/FinalProject/GrayScale/GrayScale.srcs/sources_1/imports/my_mult/fulladd.vhd" into library xil_defaultlib [C:/Users/mr_co_000/Documents/GitHub/ECE495/FinalProject/GrayScale/GrayScale.srcs/sources_1/imports/my_mult/fulladd.vhd:1]
INFO: [HDL 9-1061] Parsing VHDL file "C:/Users/mr_co_000/Documents/GitHub/ECE495/FinalProject/GrayScale/GrayScale.srcs/sources_1/imports/my_addsub/my_addsub.vhd" into library xil_defaultlib [C:/Users/mr_co_000/Documents/GitHub/ECE495/FinalProject/GrayScale/GrayScale.srcs/sources_1/imports/my_addsub/my_addsub.vhd:1]
INFO: [HDL 9-1061] Parsing VHDL file "C:/Users/mr_co_000/Documents/GitHub/ECE495/FinalProject/GrayScale/GrayScale.srcs/sources_1/imports/my_busmux3to1/my_busmux3to1.vhd" into library xil_defaultlib [C:/Users/mr_co_000/Documents/GitHub/ECE495/FinalProject/GrayScale/GrayScale.srcs/sources_1/imports/my_busmux3to1/my_busmux3to1.vhd:1]
INFO: [HDL 9-1061] Parsing VHDL file "C:/Users/mr_co_000/Documents/GitHub/ECE495/FinalProject/GrayScale/GrayScale.srcs/sources_1/imports/rest_integer_iter_v1/my_counter.vhd" into library xil_defaultlib [C:/Users/mr_co_000/Documents/GitHub/ECE495/FinalProject/GrayScale/GrayScale.srcs/sources_1/imports/rest_integer_iter_v1/my_counter.vhd:1]
INFO: [HDL 9-1061] Parsing VHDL file "C:/Users/mr_co_000/Documents/GitHub/ECE495/FinalProject/GrayScale/GrayScale.srcs/sources_1/imports/my_mult/my_mult.vhd" into library xil_defaultlib [C:/Users/mr_co_000/Documents/GitHub/ECE495/FinalProject/GrayScale/GrayScale.srcs/sources_1/imports/my_mult/my_mult.vhd:1]
INFO: [HDL 9-1061] Parsing VHDL file "C:/Users/mr_co_000/Documents/GitHub/ECE495/FinalProject/GrayScale/GrayScale.srcs/sources_1/imports/rest_integer_iter_v1/my_pashiftreg.vhd" into library xil_defaultlib [C:/Users/mr_co_000/Documents/GitHub/ECE495/FinalProject/GrayScale/GrayScale.srcs/sources_1/imports/rest_integer_iter_v1/my_pashiftreg.vhd:1]
INFO: [HDL 9-1061] Parsing VHDL file "C:/Users/mr_co_000/Documents/GitHub/ECE495/FinalProject/GrayScale/GrayScale.srcs/sources_1/imports/rest_integer_iter_v1/my_pashiftreg_sclr.vhd" into library xil_defaultlib [C:/Users/mr_co_000/Documents/GitHub/ECE495/FinalProject/GrayScale/GrayScale.srcs/sources_1/imports/rest_integer_iter_v1/my_pashiftreg_sclr.vhd:1]
INFO: [HDL 9-1061] Parsing VHDL file "C:/Users/mr_co_000/Documents/GitHub/ECE495/FinalProject/GrayScale/GrayScale.srcs/sources_1/imports/rest_integer_iter_v1/my_rege.vhd" into library xil_defaultlib [C:/Users/mr_co_000/Documents/GitHub/ECE495/FinalProject/GrayScale/GrayScale.srcs/sources_1/imports/rest_integer_iter_v1/my_rege.vhd:1]
INFO: [HDL 9-1061] Parsing VHDL file "C:/Users/mr_co_000/Documents/GitHub/ECE495/FinalProject/GrayScale/GrayScale.srcs/sources_1/imports/rest_integer_iter_v1/my_sub.vhd" into library xil_defaultlib [C:/Users/mr_co_000/Documents/GitHub/ECE495/FinalProject/GrayScale/GrayScale.srcs/sources_1/imports/rest_integer_iter_v1/my_sub.vhd:1]
INFO: [HDL 9-1061] Parsing VHDL file "C:/Users/mr_co_000/Documents/GitHub/ECE495/FinalProject/GrayScale/GrayScale.srcs/sources_1/imports/rest_integer_iter_v1/pack_xtras.vhd" into library xil_defaultlib [C:/Users/mr_co_000/Documents/GitHub/ECE495/FinalProject/GrayScale/GrayScale.srcs/sources_1/imports/rest_integer_iter_v1/pack_xtras.vhd:1]
INFO: [HDL 9-1061] Parsing VHDL file "C:/Users/mr_co_000/Documents/GitHub/ECE495/FinalProject/GrayScale/GrayScale.srcs/sources_1/imports/rest_integer_iter_v1/res_div_iter.vhd" into library xil_defaultlib [C:/Users/mr_co_000/Documents/GitHub/ECE495/FinalProject/GrayScale/GrayScale.srcs/sources_1/imports/rest_integer_iter_v1/res_div_iter.vhd:1]
[Wed Dec 02 14:25:55 2015] Launched synth_1...
Run output will be captured here: C:/Users/mr_co_000/Documents/GitHub/ECE495/FinalProject/GrayScale/GrayScale.runs/synth_1/runme.log
delete_fileset sim_2
reset_simulation -simset sim_1 -mode behavioral
INFO: [Vivado 12-2266] Removing simulation data...
INFO: [Vivado 12-2267] Reset complete
reset_run synth_1
launch_runs synth_1
INFO: [HDL 9-1061] Parsing VHDL file "C:/Users/mr_co_000/Documents/GitHub/ECE495/FinalProject/GrayScale/GrayScale.srcs/sources_1/new/Grayscale.vhd" into library xil_defaultlib [C:/Users/mr_co_000/Documents/GitHub/ECE495/FinalProject/GrayScale/GrayScale.srcs/sources_1/new/Grayscale.vhd:1]
INFO: [HDL 9-1061] Parsing VHDL file "C:/Users/mr_co_000/Documents/GitHub/ECE495/FinalProject/GrayScale/GrayScale.srcs/sources_1/imports/custom/custom_pkg.vhd" into library xil_defaultlib [C:/Users/mr_co_000/Documents/GitHub/ECE495/FinalProject/GrayScale/GrayScale.srcs/sources_1/imports/custom/custom_pkg.vhd:1]
INFO: [HDL 9-1061] Parsing VHDL file "C:/Users/mr_co_000/Documents/GitHub/ECE495/FinalProject/GrayScale/GrayScale.srcs/sources_1/imports/my_mult/fulladd.vhd" into library xil_defaultlib [C:/Users/mr_co_000/Documents/GitHub/ECE495/FinalProject/GrayScale/GrayScale.srcs/sources_1/imports/my_mult/fulladd.vhd:1]
INFO: [HDL 9-1061] Parsing VHDL file "C:/Users/mr_co_000/Documents/GitHub/ECE495/FinalProject/GrayScale/GrayScale.srcs/sources_1/imports/my_addsub/my_addsub.vhd" into library xil_defaultlib [C:/Users/mr_co_000/Documents/GitHub/ECE495/FinalProject/GrayScale/GrayScale.srcs/sources_1/imports/my_addsub/my_addsub.vhd:1]
INFO: [HDL 9-1061] Parsing VHDL file "C:/Users/mr_co_000/Documents/GitHub/ECE495/FinalProject/GrayScale/GrayScale.srcs/sources_1/imports/my_busmux3to1/my_busmux3to1.vhd" into library xil_defaultlib [C:/Users/mr_co_000/Documents/GitHub/ECE495/FinalProject/GrayScale/GrayScale.srcs/sources_1/imports/my_busmux3to1/my_busmux3to1.vhd:1]
INFO: [HDL 9-1061] Parsing VHDL file "C:/Users/mr_co_000/Documents/GitHub/ECE495/FinalProject/GrayScale/GrayScale.srcs/sources_1/imports/rest_integer_iter_v1/my_counter.vhd" into library xil_defaultlib [C:/Users/mr_co_000/Documents/GitHub/ECE495/FinalProject/GrayScale/GrayScale.srcs/sources_1/imports/rest_integer_iter_v1/my_counter.vhd:1]
INFO: [HDL 9-1061] Parsing VHDL file "C:/Users/mr_co_000/Documents/GitHub/ECE495/FinalProject/GrayScale/GrayScale.srcs/sources_1/imports/my_mult/my_mult.vhd" into library xil_defaultlib [C:/Users/mr_co_000/Documents/GitHub/ECE495/FinalProject/GrayScale/GrayScale.srcs/sources_1/imports/my_mult/my_mult.vhd:1]
INFO: [HDL 9-1061] Parsing VHDL file "C:/Users/mr_co_000/Documents/GitHub/ECE495/FinalProject/GrayScale/GrayScale.srcs/sources_1/imports/rest_integer_iter_v1/my_pashiftreg.vhd" into library xil_defaultlib [C:/Users/mr_co_000/Documents/GitHub/ECE495/FinalProject/GrayScale/GrayScale.srcs/sources_1/imports/rest_integer_iter_v1/my_pashiftreg.vhd:1]
INFO: [HDL 9-1061] Parsing VHDL file "C:/Users/mr_co_000/Documents/GitHub/ECE495/FinalProject/GrayScale/GrayScale.srcs/sources_1/imports/rest_integer_iter_v1/my_pashiftreg_sclr.vhd" into library xil_defaultlib [C:/Users/mr_co_000/Documents/GitHub/ECE495/FinalProject/GrayScale/GrayScale.srcs/sources_1/imports/rest_integer_iter_v1/my_pashiftreg_sclr.vhd:1]
INFO: [HDL 9-1061] Parsing VHDL file "C:/Users/mr_co_000/Documents/GitHub/ECE495/FinalProject/GrayScale/GrayScale.srcs/sources_1/imports/rest_integer_iter_v1/my_rege.vhd" into library xil_defaultlib [C:/Users/mr_co_000/Documents/GitHub/ECE495/FinalProject/GrayScale/GrayScale.srcs/sources_1/imports/rest_integer_iter_v1/my_rege.vhd:1]
INFO: [HDL 9-1061] Parsing VHDL file "C:/Users/mr_co_000/Documents/GitHub/ECE495/FinalProject/GrayScale/GrayScale.srcs/sources_1/imports/rest_integer_iter_v1/my_sub.vhd" into library xil_defaultlib [C:/Users/mr_co_000/Documents/GitHub/ECE495/FinalProject/GrayScale/GrayScale.srcs/sources_1/imports/rest_integer_iter_v1/my_sub.vhd:1]
INFO: [HDL 9-1061] Parsing VHDL file "C:/Users/mr_co_000/Documents/GitHub/ECE495/FinalProject/GrayScale/GrayScale.srcs/sources_1/imports/rest_integer_iter_v1/pack_xtras.vhd" into library xil_defaultlib [C:/Users/mr_co_000/Documents/GitHub/ECE495/FinalProject/GrayScale/GrayScale.srcs/sources_1/imports/rest_integer_iter_v1/pack_xtras.vhd:1]
INFO: [HDL 9-1061] Parsing VHDL file "C:/Users/mr_co_000/Documents/GitHub/ECE495/FinalProject/GrayScale/GrayScale.srcs/sources_1/imports/rest_integer_iter_v1/res_div_iter.vhd" into library xil_defaultlib [C:/Users/mr_co_000/Documents/GitHub/ECE495/FinalProject/GrayScale/GrayScale.srcs/sources_1/imports/rest_integer_iter_v1/res_div_iter.vhd:1]
[Wed Dec 02 14:28:22 2015] Launched synth_1...
Run output will be captured here: C:/Users/mr_co_000/Documents/GitHub/ECE495/FinalProject/GrayScale/GrayScale.runs/synth_1/runme.log
file mkdir C:/Users/mr_co_000/Documents/GitHub/ECE495/FinalProject/GrayScale/GrayScale.srcs/sim_1/new
set_property SOURCE_SET sources_1 [get_filesets sim_1]
close [ open C:/Users/mr_co_000/Documents/GitHub/ECE495/FinalProject/GrayScale/GrayScale.srcs/sim_1/new/tb_grayscale.vhd w ]
add_files -fileset sim_1 C:/Users/mr_co_000/Documents/GitHub/ECE495/FinalProject/GrayScale/GrayScale.srcs/sim_1/new/tb_grayscale.vhd
update_compile_order -fileset sim_1
remove_files -fileset sim_1 C:/Users/mr_co_000/Documents/GitHub/ECE495/FinalProject/GrayScale/GrayScale.srcs/sim_1/imports/my_busmux3to1/tb_my_busmux4to1.vhd
file delete -force C:/Users/mr_co_000/Documents/GitHub/ECE495/FinalProject/GrayScale/GrayScale.srcs/sim_1/imports/my_busmux3to1/tb_my_busmux4to1.vhd
update_compile_order -fileset sim_1
update_compile_order -fileset sim_1
update_compile_order -fileset sim_1
remove_files -fileset sim_1 C:/Users/mr_co_000/Documents/GitHub/ECE495/FinalProject/GrayScale/GrayScale.srcs/sim_1/imports/my_mult/tb_my_mult.vhd
file delete -force C:/Users/mr_co_000/Documents/GitHub/ECE495/FinalProject/GrayScale/GrayScale.srcs/sim_1/imports/my_mult/tb_my_mult.vhd
update_compile_order -fileset sim_1
update_compile_order -fileset sim_1
launch_simulation
INFO: [USF-XSim-27] Simulation object is 'sim_1'
INFO: [USF-XSim-37] Inspecting design source files for 'tb_grayscale' in fileset 'sim_1'...
INFO: [USF-XSim-97] Finding global include files...
INFO: [USF-XSim-98] Fetching design files from 'sim_1'...
INFO: [USF-XSim-2] XSim::Compile design
INFO: [USF-XSim-61] Executing 'COMPILE' step in 'C:/Users/mr_co_000/Documents/GitHub/ECE495/FinalProject/GrayScale/GrayScale.sim/sim_1/behav'
"xvhdl -m64 --relax -prj tb_grayscale_vhdl.prj"
INFO: [VRFC 10-163] Analyzing VHDL file "C:/Users/mr_co_000/Documents/GitHub/ECE495/FinalProject/GrayScale/GrayScale.srcs/sources_1/imports/my_mult/fulladd.vhd" into library xil_defaultlib
INFO: [VRFC 10-307] analyzing entity fulladd
INFO: [VRFC 10-163] Analyzing VHDL file "C:/Users/mr_co_000/Documents/GitHub/ECE495/FinalProject/GrayScale/GrayScale.srcs/sources_1/imports/rest_integer_iter_v1/pack_xtras.vhd" into library xil_defaultlib
INFO: [VRFC 10-163] Analyzing VHDL file "C:/Users/mr_co_000/Documents/GitHub/ECE495/FinalProject/GrayScale/GrayScale.srcs/sources_1/imports/rest_integer_iter_v1/my_sub.vhd" into library xil_defaultlib
INFO: [VRFC 10-307] analyzing entity my_sub
INFO: [VRFC 10-163] Analyzing VHDL file "C:/Users/mr_co_000/Documents/GitHub/ECE495/FinalProject/GrayScale/GrayScale.srcs/sources_1/imports/rest_integer_iter_v1/my_rege.vhd" into library xil_defaultlib
INFO: [VRFC 10-307] analyzing entity my_rege
INFO: [VRFC 10-163] Analyzing VHDL file "C:/Users/mr_co_000/Documents/GitHub/ECE495/FinalProject/GrayScale/GrayScale.srcs/sources_1/imports/rest_integer_iter_v1/my_pashiftreg_sclr.vhd" into library xil_defaultlib
INFO: [VRFC 10-307] analyzing entity my_pashiftreg_sclr
INFO: [VRFC 10-163] Analyzing VHDL file "C:/Users/mr_co_000/Documents/GitHub/ECE495/FinalProject/GrayScale/GrayScale.srcs/sources_1/imports/rest_integer_iter_v1/my_pashiftreg.vhd" into library xil_defaultlib
INFO: [VRFC 10-307] analyzing entity my_pashiftreg
INFO: [VRFC 10-163] Analyzing VHDL file "C:/Users/mr_co_000/Documents/GitHub/ECE495/FinalProject/GrayScale/GrayScale.srcs/sources_1/imports/rest_integer_iter_v1/my_counter.vhd" into library xil_defaultlib
INFO: [VRFC 10-307] analyzing entity my_counter
INFO: [VRFC 10-163] Analyzing VHDL file "C:/Users/mr_co_000/Documents/GitHub/ECE495/FinalProject/GrayScale/GrayScale.srcs/sources_1/imports/my_mult/my_mult.vhd" into library xil_defaultlib
INFO: [VRFC 10-307] analyzing entity my_mult
INFO: [VRFC 10-163] Analyzing VHDL file "C:/Users/mr_co_000/Documents/GitHub/ECE495/FinalProject/GrayScale/GrayScale.srcs/sources_1/imports/my_busmux3to1/my_busmux3to1.vhd" into library xil_defaultlib
INFO: [VRFC 10-307] analyzing entity my_busmux3to1
INFO: [VRFC 10-163] Analyzing VHDL file "C:/Users/mr_co_000/Documents/GitHub/ECE495/FinalProject/GrayScale/GrayScale.srcs/sources_1/imports/my_addsub/my_addsub.vhd" into library xil_defaultlib
INFO: [VRFC 10-307] analyzing entity my_addsub
INFO: [VRFC 10-163] Analyzing VHDL file "C:/Users/mr_co_000/Documents/GitHub/ECE495/FinalProject/GrayScale/GrayScale.srcs/sources_1/imports/custom/custom_pkg.vhd" into library xil_defaultlib
INFO: [VRFC 10-163] Analyzing VHDL file "C:/Users/mr_co_000/Documents/GitHub/ECE495/FinalProject/GrayScale/GrayScale.srcs/sources_1/imports/rest_integer_iter_v1/res_div_iter.vhd" into library xil_defaultlib
INFO: [VRFC 10-307] analyzing entity res_div_iter
INFO: [VRFC 10-163] Analyzing VHDL file "C:/Users/mr_co_000/Documents/GitHub/ECE495/FinalProject/GrayScale/GrayScale.srcs/sources_1/new/Grayscale.vhd" into library xil_defaultlib
INFO: [VRFC 10-307] analyzing entity Grayscale
INFO: [VRFC 10-163] Analyzing VHDL file "C:/Users/mr_co_000/Documents/GitHub/ECE495/FinalProject/GrayScale/GrayScale.srcs/sim_1/new/tb_grayscale.vhd" into library xil_defaultlib
INFO: [VRFC 10-307] analyzing entity tb_grayscale
ERROR: [VRFC 10-487] character 'E' is not in element type std_logic [C:/Users/mr_co_000/Documents/GitHub/ECE495/FinalProject/GrayScale/GrayScale.srcs/sim_1/new/tb_grayscale.vhd:59]
ERROR: [VRFC 10-91] s is not declared [C:/Users/mr_co_000/Documents/GitHub/ECE495/FinalProject/GrayScale/GrayScale.srcs/sim_1/new/tb_grayscale.vhd:61]
ERROR: [VRFC 10-1504] unit behavioral ignored due to previous errors [C:/Users/mr_co_000/Documents/GitHub/ECE495/FinalProject/GrayScale/GrayScale.srcs/sim_1/new/tb_grayscale.vhd:10]
INFO: [VRFC 10-240] VHDL file C:/Users/mr_co_000/Documents/GitHub/ECE495/FinalProject/GrayScale/GrayScale.srcs/sim_1/new/tb_grayscale.vhd ignored due to errors
ERROR: [USF-XSim-62] 'compile' step failed with error(s) while executing 'C:/Users/mr_co_000/Documents/GitHub/ECE495/FinalProject/GrayScale/GrayScale.sim/sim_1/behav/compile.bat' script. Please check that the file has the correct 'read/write/execute' permissions and the Tcl console output for any other possible errors or warnings.
launch_simulation
INFO: [USF-XSim-27] Simulation object is 'sim_1'
INFO: [USF-XSim-37] Inspecting design source files for 'tb_grayscale' in fileset 'sim_1'...
INFO: [USF-XSim-97] Finding global include files...
INFO: [USF-XSim-98] Fetching design files from 'sim_1'...
INFO: [USF-XSim-2] XSim::Compile design
INFO: [USF-XSim-61] Executing 'COMPILE' step in 'C:/Users/mr_co_000/Documents/GitHub/ECE495/FinalProject/GrayScale/GrayScale.sim/sim_1/behav'
"xvhdl -m64 --relax -prj tb_grayscale_vhdl.prj"
INFO: [VRFC 10-163] Analyzing VHDL file "C:/Users/mr_co_000/Documents/GitHub/ECE495/FinalProject/GrayScale/GrayScale.srcs/sources_1/imports/my_mult/fulladd.vhd" into library xil_defaultlib
INFO: [VRFC 10-307] analyzing entity fulladd
INFO: [VRFC 10-163] Analyzing VHDL file "C:/Users/mr_co_000/Documents/GitHub/ECE495/FinalProject/GrayScale/GrayScale.srcs/sources_1/imports/rest_integer_iter_v1/pack_xtras.vhd" into library xil_defaultlib
INFO: [VRFC 10-163] Analyzing VHDL file "C:/Users/mr_co_000/Documents/GitHub/ECE495/FinalProject/GrayScale/GrayScale.srcs/sources_1/imports/rest_integer_iter_v1/my_sub.vhd" into library xil_defaultlib
INFO: [VRFC 10-307] analyzing entity my_sub
INFO: [VRFC 10-163] Analyzing VHDL file "C:/Users/mr_co_000/Documents/GitHub/ECE495/FinalProject/GrayScale/GrayScale.srcs/sources_1/imports/rest_integer_iter_v1/my_rege.vhd" into library xil_defaultlib
INFO: [VRFC 10-307] analyzing entity my_rege
INFO: [VRFC 10-163] Analyzing VHDL file "C:/Users/mr_co_000/Documents/GitHub/ECE495/FinalProject/GrayScale/GrayScale.srcs/sources_1/imports/rest_integer_iter_v1/my_pashiftreg_sclr.vhd" into library xil_defaultlib
INFO: [VRFC 10-307] analyzing entity my_pashiftreg_sclr
INFO: [VRFC 10-163] Analyzing VHDL file "C:/Users/mr_co_000/Documents/GitHub/ECE495/FinalProject/GrayScale/GrayScale.srcs/sources_1/imports/rest_integer_iter_v1/my_pashiftreg.vhd" into library xil_defaultlib
INFO: [VRFC 10-307] analyzing entity my_pashiftreg
INFO: [VRFC 10-163] Analyzing VHDL file "C:/Users/mr_co_000/Documents/GitHub/ECE495/FinalProject/GrayScale/GrayScale.srcs/sources_1/imports/rest_integer_iter_v1/my_counter.vhd" into library xil_defaultlib
INFO: [VRFC 10-307] analyzing entity my_counter
INFO: [VRFC 10-163] Analyzing VHDL file "C:/Users/mr_co_000/Documents/GitHub/ECE495/FinalProject/GrayScale/GrayScale.srcs/sources_1/imports/my_mult/my_mult.vhd" into library xil_defaultlib
INFO: [VRFC 10-307] analyzing entity my_mult
INFO: [VRFC 10-163] Analyzing VHDL file "C:/Users/mr_co_000/Documents/GitHub/ECE495/FinalProject/GrayScale/GrayScale.srcs/sources_1/imports/my_busmux3to1/my_busmux3to1.vhd" into library xil_defaultlib
INFO: [VRFC 10-307] analyzing entity my_busmux3to1
INFO: [VRFC 10-163] Analyzing VHDL file "C:/Users/mr_co_000/Documents/GitHub/ECE495/FinalProject/GrayScale/GrayScale.srcs/sources_1/imports/my_addsub/my_addsub.vhd" into library xil_defaultlib
INFO: [VRFC 10-307] analyzing entity my_addsub
INFO: [VRFC 10-163] Analyzing VHDL file "C:/Users/mr_co_000/Documents/GitHub/ECE495/FinalProject/GrayScale/GrayScale.srcs/sources_1/imports/custom/custom_pkg.vhd" into library xil_defaultlib
INFO: [VRFC 10-163] Analyzing VHDL file "C:/Users/mr_co_000/Documents/GitHub/ECE495/FinalProject/GrayScale/GrayScale.srcs/sources_1/imports/rest_integer_iter_v1/res_div_iter.vhd" into library xil_defaultlib
INFO: [VRFC 10-307] analyzing entity res_div_iter
INFO: [VRFC 10-163] Analyzing VHDL file "C:/Users/mr_co_000/Documents/GitHub/ECE495/FinalProject/GrayScale/GrayScale.srcs/sources_1/new/Grayscale.vhd" into library xil_defaultlib
INFO: [VRFC 10-307] analyzing entity Grayscale
INFO: [VRFC 10-163] Analyzing VHDL file "C:/Users/mr_co_000/Documents/GitHub/ECE495/FinalProject/GrayScale/GrayScale.srcs/sim_1/new/tb_grayscale.vhd" into library xil_defaultlib
INFO: [VRFC 10-307] analyzing entity tb_grayscale
ERROR: [VRFC 10-91] s is not declared [C:/Users/mr_co_000/Documents/GitHub/ECE495/FinalProject/GrayScale/GrayScale.srcs/sim_1/new/tb_grayscale.vhd:61]
ERROR: [VRFC 10-1504] unit behavioral ignored due to previous errors [C:/Users/mr_co_000/Documents/GitHub/ECE495/FinalProject/GrayScale/GrayScale.srcs/sim_1/new/tb_grayscale.vhd:10]
INFO: [VRFC 10-240] VHDL file C:/Users/mr_co_000/Documents/GitHub/ECE495/FinalProject/GrayScale/GrayScale.srcs/sim_1/new/tb_grayscale.vhd ignored due to errors
ERROR: [USF-XSim-62] 'compile' step failed with error(s) while executing 'C:/Users/mr_co_000/Documents/GitHub/ECE495/FinalProject/GrayScale/GrayScale.sim/sim_1/behav/compile.bat' script. Please check that the file has the correct 'read/write/execute' permissions and the Tcl console output for any other possible errors or warnings.
launch_simulation
INFO: [USF-XSim-27] Simulation object is 'sim_1'
INFO: [USF-XSim-37] Inspecting design source files for 'tb_grayscale' in fileset 'sim_1'...
INFO: [USF-XSim-97] Finding global include files...
INFO: [USF-XSim-98] Fetching design files from 'sim_1'...
INFO: [USF-XSim-2] XSim::Compile design
INFO: [USF-XSim-61] Executing 'COMPILE' step in 'C:/Users/mr_co_000/Documents/GitHub/ECE495/FinalProject/GrayScale/GrayScale.sim/sim_1/behav'
"xvhdl -m64 --relax -prj tb_grayscale_vhdl.prj"
INFO: [VRFC 10-163] Analyzing VHDL file "C:/Users/mr_co_000/Documents/GitHub/ECE495/FinalProject/GrayScale/GrayScale.srcs/sources_1/imports/my_mult/fulladd.vhd" into library xil_defaultlib
INFO: [VRFC 10-307] analyzing entity fulladd
INFO: [VRFC 10-163] Analyzing VHDL file "C:/Users/mr_co_000/Documents/GitHub/ECE495/FinalProject/GrayScale/GrayScale.srcs/sources_1/imports/rest_integer_iter_v1/pack_xtras.vhd" into library xil_defaultlib
INFO: [VRFC 10-163] Analyzing VHDL file "C:/Users/mr_co_000/Documents/GitHub/ECE495/FinalProject/GrayScale/GrayScale.srcs/sources_1/imports/rest_integer_iter_v1/my_sub.vhd" into library xil_defaultlib
INFO: [VRFC 10-307] analyzing entity my_sub
INFO: [VRFC 10-163] Analyzing VHDL file "C:/Users/mr_co_000/Documents/GitHub/ECE495/FinalProject/GrayScale/GrayScale.srcs/sources_1/imports/rest_integer_iter_v1/my_rege.vhd" into library xil_defaultlib
INFO: [VRFC 10-307] analyzing entity my_rege
INFO: [VRFC 10-163] Analyzing VHDL file "C:/Users/mr_co_000/Documents/GitHub/ECE495/FinalProject/GrayScale/GrayScale.srcs/sources_1/imports/rest_integer_iter_v1/my_pashiftreg_sclr.vhd" into library xil_defaultlib
INFO: [VRFC 10-307] analyzing entity my_pashiftreg_sclr
INFO: [VRFC 10-163] Analyzing VHDL file "C:/Users/mr_co_000/Documents/GitHub/ECE495/FinalProject/GrayScale/GrayScale.srcs/sources_1/imports/rest_integer_iter_v1/my_pashiftreg.vhd" into library xil_defaultlib
INFO: [VRFC 10-307] analyzing entity my_pashiftreg
INFO: [VRFC 10-163] Analyzing VHDL file "C:/Users/mr_co_000/Documents/GitHub/ECE495/FinalProject/GrayScale/GrayScale.srcs/sources_1/imports/rest_integer_iter_v1/my_counter.vhd" into library xil_defaultlib
INFO: [VRFC 10-307] analyzing entity my_counter
INFO: [VRFC 10-163] Analyzing VHDL file "C:/Users/mr_co_000/Documents/GitHub/ECE495/FinalProject/GrayScale/GrayScale.srcs/sources_1/imports/my_mult/my_mult.vhd" into library xil_defaultlib
INFO: [VRFC 10-307] analyzing entity my_mult
INFO: [VRFC 10-163] Analyzing VHDL file "C:/Users/mr_co_000/Documents/GitHub/ECE495/FinalProject/GrayScale/GrayScale.srcs/sources_1/imports/my_busmux3to1/my_busmux3to1.vhd" into library xil_defaultlib
INFO: [VRFC 10-307] analyzing entity my_busmux3to1
INFO: [VRFC 10-163] Analyzing VHDL file "C:/Users/mr_co_000/Documents/GitHub/ECE495/FinalProject/GrayScale/GrayScale.srcs/sources_1/imports/my_addsub/my_addsub.vhd" into library xil_defaultlib
INFO: [VRFC 10-307] analyzing entity my_addsub
INFO: [VRFC 10-163] Analyzing VHDL file "C:/Users/mr_co_000/Documents/GitHub/ECE495/FinalProject/GrayScale/GrayScale.srcs/sources_1/imports/custom/custom_pkg.vhd" into library xil_defaultlib
INFO: [VRFC 10-163] Analyzing VHDL file "C:/Users/mr_co_000/Documents/GitHub/ECE495/FinalProject/GrayScale/GrayScale.srcs/sources_1/imports/rest_integer_iter_v1/res_div_iter.vhd" into library xil_defaultlib
INFO: [VRFC 10-307] analyzing entity res_div_iter
INFO: [VRFC 10-163] Analyzing VHDL file "C:/Users/mr_co_000/Documents/GitHub/ECE495/FinalProject/GrayScale/GrayScale.srcs/sources_1/new/Grayscale.vhd" into library xil_defaultlib
INFO: [VRFC 10-307] analyzing entity Grayscale
INFO: [VRFC 10-163] Analyzing VHDL file "C:/Users/mr_co_000/Documents/GitHub/ECE495/FinalProject/GrayScale/GrayScale.srcs/sim_1/new/tb_grayscale.vhd" into library xil_defaultlib
INFO: [VRFC 10-307] analyzing entity tb_grayscale
INFO: [USF-XSim-3] XSim::Elaborate design
INFO: [USF-XSim-61] Executing 'ELABORATE' step in 'C:/Users/mr_co_000/Documents/GitHub/ECE495/FinalProject/GrayScale/GrayScale.sim/sim_1/behav'
Vivado Simulator 2015.2
Copyright 1986-1999, 2001-2015 Xilinx, Inc. All Rights Reserved.
Running: C:/Xilinx/Vivado/2015.2/bin/unwrapped/win64.o/xelab.exe -wto 4bb1d7d09c9a4260ae4ed380a493cf3f --debug typical --relax --mt 2 -L xil_defaultlib -L secureip --snapshot tb_grayscale_behav xil_defaultlib.tb_grayscale -log elaborate.log 
Using 2 slave threads.
Starting static elaboration
Completed static elaboration
Starting simulation data flow analysis
Completed simulation data flow analysis
Time Resolution for simulation is 1ps
Compiling package std.standard
Compiling package ieee.std_logic_1164
Compiling package ieee.std_logic_arith
Compiling package ieee.numeric_std
Compiling package xil_defaultlib.custom_pkg
Compiling package ieee.math_real
Compiling package ieee.std_logic_unsigned
Compiling package xil_defaultlib.pack_xtras
Compiling architecture structure of entity xil_defaultlib.my_busmux3to1 [\my_busmux3to1(8)\]
Compiling architecture structure of entity xil_defaultlib.fulladd [fulladd_default]
Compiling architecture structure of entity xil_defaultlib.my_mult [\my_mult(8)\]
Compiling architecture structure of entity xil_defaultlib.my_addsub [\my_addsub(16)\]
Compiling architecture behavioral of entity xil_defaultlib.my_rege [\my_rege(16)\]
Compiling architecture behavioral of entity xil_defaultlib.my_counter [\my_counter(16)\]
Compiling architecture behavioral of entity xil_defaultlib.my_pashiftreg [\my_pashiftreg(16,"LEFT")(1,4)\]
Compiling architecture behavioral of entity xil_defaultlib.my_rege [\my_rege(8)\]
Compiling architecture structure of entity xil_defaultlib.my_sub [\my_sub(9)\]
Compiling architecture behavioral of entity xil_defaultlib.my_pashiftreg_sclr [\my_pashiftreg_sclr(8,"LEFT")(1,...]
Compiling architecture structure of entity xil_defaultlib.res_div_iter [\res_div_iter(16,8)\]
Compiling architecture behavioral of entity xil_defaultlib.Grayscale [\Grayscale(8)\]
Compiling architecture behavioral of entity xil_defaultlib.tb_grayscale
Waiting for 2 sub-compilation(s) to finish...
Built simulation snapshot tb_grayscale_behav

****** Webtalk v2015.2 (64-bit)
  **** SW Build 1266856 on Fri Jun 26 16:35:25 MDT 2015
  **** IP Build 1264090 on Wed Jun 24 14:22:01 MDT 2015
    ** Copyright 1986-2015 Xilinx, Inc. All Rights Reserved.

source C:/Users/mr_co_000/Documents/GitHub/ECE495/FinalProject/GrayScale/GrayScale.sim/sim_1/behav/xsim.dir/tb_grayscale_behav/webtalk/xsim_webtalk.tcl -notrace

    while executing
"webtalk_transmit -clientid 1355338785 -regid "210943894_0_0_125" -xml C:/Users/mr_co_000/Documents/GitHub/ECE495/FinalProject/GrayScale/GrayScale.sim/..."
    (file "C:/Users/mr_co_000/Documents/GitHub/ECE495/FinalProject/GrayScale/GrayScale.sim/sim_1/behav/xsim.dir/tb_grayscale_behav/webtalk/xsim_webtalk.tcl" line 41)
INFO: [Common 17-206] Exiting Webtalk at Wed Dec 02 14:42:32 2015...
run_program: Time (s): cpu = 00:00:01 ; elapsed = 00:00:07 . Memory (MB): peak = 799.129 ; gain = 0.000
INFO: [USF-XSim-4] XSim::Simulate design
INFO: [USF-XSim-61] Executing 'SIMULATE' step in 'C:/Users/mr_co_000/Documents/GitHub/ECE495/FinalProject/GrayScale/GrayScale.sim/sim_1/behav'
INFO: [USF-XSim-98] *** Running xsim
   with args "tb_grayscale_behav -key {Behavioral:sim_1:Functional:tb_grayscale} -tclbatch {tb_grayscale.tcl} -view {C:/Users/mr_co_000/Documents/GitHub/ECE495/FinalProject/GrayScale/tb_my_mult_behav.wcfg} -log {simulate.log}"
INFO: [USF-XSim-8] Loading simulator feature
Vivado Simulator 2015.2
Time resolution is 1 ps
open_wave_config C:/Users/mr_co_000/Documents/GitHub/ECE495/FinalProject/GrayScale/tb_my_mult_behav.wcfg
WARNING: Simulation object /tb_my_mult/A was not found in the design.
WARNING: Simulation object /tb_my_mult/B was not found in the design.
WARNING: Simulation object /tb_my_mult/P was not found in the design.
WARNING: Simulation object /tb_my_mult/N was not found in the design.
source tb_grayscale.tcl
# set curr_wave [current_wave_config]
# if { [string length $curr_wave] == 0 } {
#   if { [llength [get_objects]] > 0} {
#     add_wave /
#     set_property needs_save false [current_wave_config]
#   } else {
#      send_msg_id Add_Wave-1 WARNING "No top level signals found. Simulator will start without a wave window. If you want to open a wave window go to 'File->New Waveform Configuration' or type 'create_wave_config' in the TCL console."
#   }
# }
# run 1000ns
INFO: [USF-XSim-96] XSim completed. Design snapshot 'tb_grayscale_behav' loaded.
INFO: [USF-XSim-97] XSim simulation ran for 1000ns
launch_simulation: Time (s): cpu = 00:00:03 ; elapsed = 00:00:11 . Memory (MB): peak = 801.871 ; gain = 2.742
INFO: [Simtcl 6-16] Simulation closed
close_sim: Time (s): cpu = 00:00:01 ; elapsed = 00:00:06 . Memory (MB): peak = 808.930 ; gain = 0.000
launch_simulation
INFO: [USF-XSim-27] Simulation object is 'sim_1'
INFO: [USF-XSim-37] Inspecting design source files for 'tb_grayscale' in fileset 'sim_1'...
INFO: [USF-XSim-97] Finding global include files...
INFO: [USF-XSim-98] Fetching design files from 'sim_1'...
INFO: [USF-XSim-2] XSim::Compile design
INFO: [USF-XSim-61] Executing 'COMPILE' step in 'C:/Users/mr_co_000/Documents/GitHub/ECE495/FinalProject/GrayScale/GrayScale.sim/sim_1/behav'
"xvhdl -m64 --relax -prj tb_grayscale_vhdl.prj"
INFO: [VRFC 10-163] Analyzing VHDL file "C:/Users/mr_co_000/Documents/GitHub/ECE495/FinalProject/GrayScale/GrayScale.srcs/sources_1/imports/my_mult/fulladd.vhd" into library xil_defaultlib
INFO: [VRFC 10-307] analyzing entity fulladd
INFO: [VRFC 10-163] Analyzing VHDL file "C:/Users/mr_co_000/Documents/GitHub/ECE495/FinalProject/GrayScale/GrayScale.srcs/sources_1/imports/rest_integer_iter_v1/pack_xtras.vhd" into library xil_defaultlib
INFO: [VRFC 10-163] Analyzing VHDL file "C:/Users/mr_co_000/Documents/GitHub/ECE495/FinalProject/GrayScale/GrayScale.srcs/sources_1/imports/rest_integer_iter_v1/my_sub.vhd" into library xil_defaultlib
INFO: [VRFC 10-307] analyzing entity my_sub
INFO: [VRFC 10-163] Analyzing VHDL file "C:/Users/mr_co_000/Documents/GitHub/ECE495/FinalProject/GrayScale/GrayScale.srcs/sources_1/imports/rest_integer_iter_v1/my_rege.vhd" into library xil_defaultlib
INFO: [VRFC 10-307] analyzing entity my_rege
INFO: [VRFC 10-163] Analyzing VHDL file "C:/Users/mr_co_000/Documents/GitHub/ECE495/FinalProject/GrayScale/GrayScale.srcs/sources_1/imports/rest_integer_iter_v1/my_pashiftreg_sclr.vhd" into library xil_defaultlib
INFO: [VRFC 10-307] analyzing entity my_pashiftreg_sclr
INFO: [VRFC 10-163] Analyzing VHDL file "C:/Users/mr_co_000/Documents/GitHub/ECE495/FinalProject/GrayScale/GrayScale.srcs/sources_1/imports/rest_integer_iter_v1/my_pashiftreg.vhd" into library xil_defaultlib
INFO: [VRFC 10-307] analyzing entity my_pashiftreg
INFO: [VRFC 10-163] Analyzing VHDL file "C:/Users/mr_co_000/Documents/GitHub/ECE495/FinalProject/GrayScale/GrayScale.srcs/sources_1/imports/rest_integer_iter_v1/my_counter.vhd" into library xil_defaultlib
INFO: [VRFC 10-307] analyzing entity my_counter
INFO: [VRFC 10-163] Analyzing VHDL file "C:/Users/mr_co_000/Documents/GitHub/ECE495/FinalProject/GrayScale/GrayScale.srcs/sources_1/imports/my_mult/my_mult.vhd" into library xil_defaultlib
INFO: [VRFC 10-307] analyzing entity my_mult
INFO: [VRFC 10-163] Analyzing VHDL file "C:/Users/mr_co_000/Documents/GitHub/ECE495/FinalProject/GrayScale/GrayScale.srcs/sources_1/imports/my_busmux3to1/my_busmux3to1.vhd" into library xil_defaultlib
INFO: [VRFC 10-307] analyzing entity my_busmux3to1
INFO: [VRFC 10-163] Analyzing VHDL file "C:/Users/mr_co_000/Documents/GitHub/ECE495/FinalProject/GrayScale/GrayScale.srcs/sources_1/imports/my_addsub/my_addsub.vhd" into library xil_defaultlib
INFO: [VRFC 10-307] analyzing entity my_addsub
INFO: [VRFC 10-163] Analyzing VHDL file "C:/Users/mr_co_000/Documents/GitHub/ECE495/FinalProject/GrayScale/GrayScale.srcs/sources_1/imports/custom/custom_pkg.vhd" into library xil_defaultlib
INFO: [VRFC 10-163] Analyzing VHDL file "C:/Users/mr_co_000/Documents/GitHub/ECE495/FinalProject/GrayScale/GrayScale.srcs/sources_1/imports/rest_integer_iter_v1/res_div_iter.vhd" into library xil_defaultlib
INFO: [VRFC 10-307] analyzing entity res_div_iter
INFO: [VRFC 10-163] Analyzing VHDL file "C:/Users/mr_co_000/Documents/GitHub/ECE495/FinalProject/GrayScale/GrayScale.srcs/sources_1/new/Grayscale.vhd" into library xil_defaultlib
INFO: [VRFC 10-307] analyzing entity Grayscale
INFO: [VRFC 10-163] Analyzing VHDL file "C:/Users/mr_co_000/Documents/GitHub/ECE495/FinalProject/GrayScale/GrayScale.srcs/sim_1/new/tb_grayscale.vhd" into library xil_defaultlib
INFO: [VRFC 10-307] analyzing entity tb_grayscale
INFO: [USF-XSim-3] XSim::Elaborate design
INFO: [USF-XSim-61] Executing 'ELABORATE' step in 'C:/Users/mr_co_000/Documents/GitHub/ECE495/FinalProject/GrayScale/GrayScale.sim/sim_1/behav'
Vivado Simulator 2015.2
Copyright 1986-1999, 2001-2015 Xilinx, Inc. All Rights Reserved.
Running: C:/Xilinx/Vivado/2015.2/bin/unwrapped/win64.o/xelab.exe -wto 4bb1d7d09c9a4260ae4ed380a493cf3f --debug typical --relax --mt 2 -L xil_defaultlib -L secureip --snapshot tb_grayscale_behav xil_defaultlib.tb_grayscale -log elaborate.log 
Using 2 slave threads.
Starting static elaboration
Completed static elaboration
Starting simulation data flow analysis
Completed simulation data flow analysis
Time Resolution for simulation is 1ps
Compiling package std.standard
Compiling package ieee.std_logic_1164
Compiling package ieee.std_logic_arith
Compiling package ieee.numeric_std
Compiling package xil_defaultlib.custom_pkg
Compiling package ieee.math_real
Compiling package ieee.std_logic_unsigned
Compiling package xil_defaultlib.pack_xtras
Compiling architecture structure of entity xil_defaultlib.my_busmux3to1 [\my_busmux3to1(8)\]
Compiling architecture structure of entity xil_defaultlib.fulladd [fulladd_default]
Compiling architecture structure of entity xil_defaultlib.my_mult [\my_mult(8)\]
Compiling architecture structure of entity xil_defaultlib.my_addsub [\my_addsub(16)\]
Compiling architecture behavioral of entity xil_defaultlib.my_rege [\my_rege(16)\]
Compiling architecture behavioral of entity xil_defaultlib.my_counter [\my_counter(16)\]
Compiling architecture behavioral of entity xil_defaultlib.my_pashiftreg [\my_pashiftreg(16,"LEFT")(1,4)\]
Compiling architecture behavioral of entity xil_defaultlib.my_rege [\my_rege(8)\]
Compiling architecture structure of entity xil_defaultlib.my_sub [\my_sub(9)\]
Compiling architecture behavioral of entity xil_defaultlib.my_pashiftreg_sclr [\my_pashiftreg_sclr(8,"LEFT")(1,...]
Compiling architecture structure of entity xil_defaultlib.res_div_iter [\res_div_iter(16,8)\]
Compiling architecture behavioral of entity xil_defaultlib.Grayscale [\Grayscale(8)\]
Compiling architecture behavioral of entity xil_defaultlib.tb_grayscale
Waiting for 2 sub-compilation(s) to finish...
Built simulation snapshot tb_grayscale_behav

****** Webtalk v2015.2 (64-bit)
  **** SW Build 1266856 on Fri Jun 26 16:35:25 MDT 2015
  **** IP Build 1264090 on Wed Jun 24 14:22:01 MDT 2015
    ** Copyright 1986-2015 Xilinx, Inc. All Rights Reserved.

source C:/Users/mr_co_000/Documents/GitHub/ECE495/FinalProject/GrayScale/GrayScale.sim/sim_1/behav/xsim.dir/tb_grayscale_behav/webtalk/xsim_webtalk.tcl -notrace

    while executing
"webtalk_transmit -clientid 765603632 -regid "210943894_0_0_125" -xml C:/Users/mr_co_000/Documents/GitHub/ECE495/FinalProject/GrayScale/GrayScale.sim/s..."
    (file "C:/Users/mr_co_000/Documents/GitHub/ECE495/FinalProject/GrayScale/GrayScale.sim/sim_1/behav/xsim.dir/tb_grayscale_behav/webtalk/xsim_webtalk.tcl" line 41)
INFO: [Common 17-206] Exiting Webtalk at Wed Dec 02 14:44:18 2015...
run_program: Time (s): cpu = 00:00:01 ; elapsed = 00:00:06 . Memory (MB): peak = 808.930 ; gain = 0.000
INFO: [USF-XSim-4] XSim::Simulate design
INFO: [USF-XSim-61] Executing 'SIMULATE' step in 'C:/Users/mr_co_000/Documents/GitHub/ECE495/FinalProject/GrayScale/GrayScale.sim/sim_1/behav'
INFO: [USF-XSim-98] *** Running xsim
   with args "tb_grayscale_behav -key {Behavioral:sim_1:Functional:tb_grayscale} -tclbatch {tb_grayscale.tcl} -view {C:/Users/mr_co_000/Documents/GitHub/ECE495/FinalProject/GrayScale/tb_my_mult_behav.wcfg} -log {simulate.log}"
INFO: [USF-XSim-8] Loading simulator feature
Vivado Simulator 2015.2
Time resolution is 1 ps
open_wave_config C:/Users/mr_co_000/Documents/GitHub/ECE495/FinalProject/GrayScale/tb_my_mult_behav.wcfg
WARNING: Simulation object /tb_my_mult/A was not found in the design.
WARNING: Simulation object /tb_my_mult/B was not found in the design.
WARNING: Simulation object /tb_my_mult/P was not found in the design.
WARNING: Simulation object /tb_my_mult/N was not found in the design.
source tb_grayscale.tcl
# set curr_wave [current_wave_config]
# if { [string length $curr_wave] == 0 } {
#   if { [llength [get_objects]] > 0} {
#     add_wave /
#     set_property needs_save false [current_wave_config]
#   } else {
#      send_msg_id Add_Wave-1 WARNING "No top level signals found. Simulator will start without a wave window. If you want to open a wave window go to 'File->New Waveform Configuration' or type 'create_wave_config' in the TCL console."
#   }
# }
# run 1000ns
INFO: [USF-XSim-96] XSim completed. Design snapshot 'tb_grayscale_behav' loaded.
INFO: [USF-XSim-97] XSim simulation ran for 1000ns
launch_simulation: Time (s): cpu = 00:00:04 ; elapsed = 00:00:10 . Memory (MB): peak = 818.320 ; gain = 9.391
set_property -name {xsim.simulate.saif_all_signals} -value {true} -objects [current_fileset -simset]
INFO: [Simtcl 6-16] Simulation closed
launch_simulation
INFO: [USF-XSim-27] Simulation object is 'sim_1'
INFO: [USF-XSim-37] Inspecting design source files for 'tb_grayscale' in fileset 'sim_1'...
INFO: [USF-XSim-97] Finding global include files...
INFO: [USF-XSim-98] Fetching design files from 'sim_1'...
INFO: [USF-XSim-2] XSim::Compile design
INFO: [USF-XSim-61] Executing 'COMPILE' step in 'C:/Users/mr_co_000/Documents/GitHub/ECE495/FinalProject/GrayScale/GrayScale.sim/sim_1/behav'
"xvhdl -m64 --relax -prj tb_grayscale_vhdl.prj"
INFO: [VRFC 10-163] Analyzing VHDL file "C:/Users/mr_co_000/Documents/GitHub/ECE495/FinalProject/GrayScale/GrayScale.srcs/sources_1/imports/my_mult/fulladd.vhd" into library xil_defaultlib
INFO: [VRFC 10-307] analyzing entity fulladd
INFO: [VRFC 10-163] Analyzing VHDL file "C:/Users/mr_co_000/Documents/GitHub/ECE495/FinalProject/GrayScale/GrayScale.srcs/sources_1/imports/rest_integer_iter_v1/pack_xtras.vhd" into library xil_defaultlib
INFO: [VRFC 10-163] Analyzing VHDL file "C:/Users/mr_co_000/Documents/GitHub/ECE495/FinalProject/GrayScale/GrayScale.srcs/sources_1/imports/rest_integer_iter_v1/my_sub.vhd" into library xil_defaultlib
INFO: [VRFC 10-307] analyzing entity my_sub
INFO: [VRFC 10-163] Analyzing VHDL file "C:/Users/mr_co_000/Documents/GitHub/ECE495/FinalProject/GrayScale/GrayScale.srcs/sources_1/imports/rest_integer_iter_v1/my_rege.vhd" into library xil_defaultlib
INFO: [VRFC 10-307] analyzing entity my_rege
INFO: [VRFC 10-163] Analyzing VHDL file "C:/Users/mr_co_000/Documents/GitHub/ECE495/FinalProject/GrayScale/GrayScale.srcs/sources_1/imports/rest_integer_iter_v1/my_pashiftreg_sclr.vhd" into library xil_defaultlib
INFO: [VRFC 10-307] analyzing entity my_pashiftreg_sclr
INFO: [VRFC 10-163] Analyzing VHDL file "C:/Users/mr_co_000/Documents/GitHub/ECE495/FinalProject/GrayScale/GrayScale.srcs/sources_1/imports/rest_integer_iter_v1/my_pashiftreg.vhd" into library xil_defaultlib
INFO: [VRFC 10-307] analyzing entity my_pashiftreg
INFO: [VRFC 10-163] Analyzing VHDL file "C:/Users/mr_co_000/Documents/GitHub/ECE495/FinalProject/GrayScale/GrayScale.srcs/sources_1/imports/rest_integer_iter_v1/my_counter.vhd" into library xil_defaultlib
INFO: [VRFC 10-307] analyzing entity my_counter
INFO: [VRFC 10-163] Analyzing VHDL file "C:/Users/mr_co_000/Documents/GitHub/ECE495/FinalProject/GrayScale/GrayScale.srcs/sources_1/imports/my_mult/my_mult.vhd" into library xil_defaultlib
INFO: [VRFC 10-307] analyzing entity my_mult
INFO: [VRFC 10-163] Analyzing VHDL file "C:/Users/mr_co_000/Documents/GitHub/ECE495/FinalProject/GrayScale/GrayScale.srcs/sources_1/imports/my_busmux3to1/my_busmux3to1.vhd" into library xil_defaultlib
INFO: [VRFC 10-307] analyzing entity my_busmux3to1
INFO: [VRFC 10-163] Analyzing VHDL file "C:/Users/mr_co_000/Documents/GitHub/ECE495/FinalProject/GrayScale/GrayScale.srcs/sources_1/imports/my_addsub/my_addsub.vhd" into library xil_defaultlib
INFO: [VRFC 10-307] analyzing entity my_addsub
INFO: [VRFC 10-163] Analyzing VHDL file "C:/Users/mr_co_000/Documents/GitHub/ECE495/FinalProject/GrayScale/GrayScale.srcs/sources_1/imports/custom/custom_pkg.vhd" into library xil_defaultlib
INFO: [VRFC 10-163] Analyzing VHDL file "C:/Users/mr_co_000/Documents/GitHub/ECE495/FinalProject/GrayScale/GrayScale.srcs/sources_1/imports/rest_integer_iter_v1/res_div_iter.vhd" into library xil_defaultlib
INFO: [VRFC 10-307] analyzing entity res_div_iter
INFO: [VRFC 10-163] Analyzing VHDL file "C:/Users/mr_co_000/Documents/GitHub/ECE495/FinalProject/GrayScale/GrayScale.srcs/sources_1/new/Grayscale.vhd" into library xil_defaultlib
INFO: [VRFC 10-307] analyzing entity Grayscale
INFO: [VRFC 10-163] Analyzing VHDL file "C:/Users/mr_co_000/Documents/GitHub/ECE495/FinalProject/GrayScale/GrayScale.srcs/sim_1/new/tb_grayscale.vhd" into library xil_defaultlib
INFO: [VRFC 10-307] analyzing entity tb_grayscale
INFO: [USF-XSim-3] XSim::Elaborate design
INFO: [USF-XSim-61] Executing 'ELABORATE' step in 'C:/Users/mr_co_000/Documents/GitHub/ECE495/FinalProject/GrayScale/GrayScale.sim/sim_1/behav'
Vivado Simulator 2015.2
Copyright 1986-1999, 2001-2015 Xilinx, Inc. All Rights Reserved.
Running: C:/Xilinx/Vivado/2015.2/bin/unwrapped/win64.o/xelab.exe -wto 4bb1d7d09c9a4260ae4ed380a493cf3f --debug typical --relax --mt 2 -L xil_defaultlib -L secureip --snapshot tb_grayscale_behav xil_defaultlib.tb_grayscale -log elaborate.log 
Using 2 slave threads.
Starting static elaboration
Completed static elaboration
Starting simulation data flow analysis
Completed simulation data flow analysis
Time Resolution for simulation is 1ps
Compiling package std.standard
Compiling package ieee.std_logic_1164
Compiling package ieee.std_logic_arith
Compiling package ieee.numeric_std
Compiling package xil_defaultlib.custom_pkg
Compiling package ieee.math_real
Compiling package ieee.std_logic_unsigned
Compiling package xil_defaultlib.pack_xtras
Compiling architecture structure of entity xil_defaultlib.my_busmux3to1 [\my_busmux3to1(8)\]
Compiling architecture structure of entity xil_defaultlib.fulladd [fulladd_default]
Compiling architecture structure of entity xil_defaultlib.my_mult [\my_mult(8)\]
Compiling architecture structure of entity xil_defaultlib.my_addsub [\my_addsub(16)\]
Compiling architecture behavioral of entity xil_defaultlib.my_rege [\my_rege(16)\]
Compiling architecture behavioral of entity xil_defaultlib.my_counter [\my_counter(16)\]
Compiling architecture behavioral of entity xil_defaultlib.my_pashiftreg [\my_pashiftreg(16,"LEFT")(1,4)\]
Compiling architecture behavioral of entity xil_defaultlib.my_rege [\my_rege(8)\]
Compiling architecture structure of entity xil_defaultlib.my_sub [\my_sub(9)\]
Compiling architecture behavioral of entity xil_defaultlib.my_pashiftreg_sclr [\my_pashiftreg_sclr(8,"LEFT")(1,...]
Compiling architecture structure of entity xil_defaultlib.res_div_iter [\res_div_iter(16,8)\]
Compiling architecture behavioral of entity xil_defaultlib.Grayscale [\Grayscale(8)\]
Compiling architecture behavioral of entity xil_defaultlib.tb_grayscale
Waiting for 2 sub-compilation(s) to finish...
Built simulation snapshot tb_grayscale_behav

****** Webtalk v2015.2 (64-bit)
  **** SW Build 1266856 on Fri Jun 26 16:35:25 MDT 2015
  **** IP Build 1264090 on Wed Jun 24 14:22:01 MDT 2015
    ** Copyright 1986-2015 Xilinx, Inc. All Rights Reserved.

source C:/Users/mr_co_000/Documents/GitHub/ECE495/FinalProject/GrayScale/GrayScale.sim/sim_1/behav/xsim.dir/tb_grayscale_behav/webtalk/xsim_webtalk.tcl -notrace
INFO: [Common 17-186] 'C:/Users/mr_co_000/Documents/GitHub/ECE495/FinalProject/GrayScale/GrayScale.sim/sim_1/behav/xsim.dir/tb_grayscale_behav/webtalk/usage_statistics_ext_xsim.xml' has been successfully sent to Xilinx on Wed Dec 02 14:52:04 2015. For additional details about this file, please refer to the WebTalk help file at C:/Xilinx/Vivado/2015.2/doc/webtalk_introduction.html.
INFO: [Common 17-206] Exiting Webtalk at Wed Dec 02 14:52:04 2015...
run_program: Time (s): cpu = 00:00:00 ; elapsed = 00:00:05 . Memory (MB): peak = 845.652 ; gain = 0.000
INFO: [USF-XSim-4] XSim::Simulate design
INFO: [USF-XSim-61] Executing 'SIMULATE' step in 'C:/Users/mr_co_000/Documents/GitHub/ECE495/FinalProject/GrayScale/GrayScale.sim/sim_1/behav'
INFO: [USF-XSim-98] *** Running xsim
   with args "tb_grayscale_behav -key {Behavioral:sim_1:Functional:tb_grayscale} -tclbatch {tb_grayscale.tcl} -view {C:/Users/mr_co_000/Documents/GitHub/ECE495/FinalProject/GrayScale/tb_my_mult_behav.wcfg} -log {simulate.log}"
INFO: [USF-XSim-8] Loading simulator feature
Vivado Simulator 2015.2
Time resolution is 1 ps
open_wave_config C:/Users/mr_co_000/Documents/GitHub/ECE495/FinalProject/GrayScale/tb_my_mult_behav.wcfg
WARNING: Simulation object /tb_my_mult/A was not found in the design.
WARNING: Simulation object /tb_my_mult/B was not found in the design.
WARNING: Simulation object /tb_my_mult/P was not found in the design.
WARNING: Simulation object /tb_my_mult/N was not found in the design.
source tb_grayscale.tcl
# set curr_wave [current_wave_config]
# if { [string length $curr_wave] == 0 } {
#   if { [llength [get_objects]] > 0} {
#     add_wave /
#     set_property needs_save false [current_wave_config]
#   } else {
#      send_msg_id Add_Wave-1 WARNING "No top level signals found. Simulator will start without a wave window. If you want to open a wave window go to 'File->New Waveform Configuration' or type 'create_wave_config' in the TCL console."
#   }
# }
# run 1000ns
INFO: [USF-XSim-96] XSim completed. Design snapshot 'tb_grayscale_behav' loaded.
INFO: [USF-XSim-97] XSim simulation ran for 1000ns
launch_simulation: Time (s): cpu = 00:00:02 ; elapsed = 00:00:09 . Memory (MB): peak = 845.652 ; gain = 0.000
set_property -name {xsim.simulate.saif_all_signals} -value {false} -objects [current_fileset -simset]
close_sim
INFO: [Simtcl 6-16] Simulation closed
exit
