#-----------------------------------------------------------
# Vivado v2015.2 (64-bit)
# SW Build 1266856 on Fri Jun 26 16:35:25 MDT 2015
# IP Build 1264090 on Wed Jun 24 14:22:01 MDT 2015
# Start of session at: Mon Dec 07 18:59:37 2015
# Process ID: 19316
# Log file: C:/Users/mr_co_000/Documents/GitHub/ECE495/FinalProject/GrayScale/vivado.log
# Journal file: C:/Users/mr_co_000/Documents/GitHub/ECE495/FinalProject/GrayScale\vivado.jou
#-----------------------------------------------------------
start_gui
open_project C:/Users/mr_co_000/Documents/GitHub/ECE495/FinalProject/GrayScale/GrayScale.xpr
Scanning sources...
Finished scanning sources
INFO: [IP_Flow 19-234] Refreshing IP repositories
INFO: [IP_Flow 19-1704] No user IP repositories specified
INFO: [IP_Flow 19-2313] Loaded Vivado IP repository 'C:/Xilinx/Vivado/2015.2/data/ip'.
open_project: Time (s): cpu = 00:00:15 ; elapsed = 00:00:07 . Memory (MB): peak = 703.887 ; gain = 158.910
launch_simulation
INFO: [USF-XSim-27] Simulation object is 'sim_1'
INFO: [USF-XSim-37] Inspecting design source files for 'tb_grayscaletop' in fileset 'sim_1'...
INFO: [USF-XSim-97] Finding global include files...
INFO: [USF-XSim-98] Fetching design files from 'sim_1'...
INFO: [USF-XSim-2] XSim::Compile design
INFO: [USF-XSim-61] Executing 'COMPILE' step in 'C:/Users/mr_co_000/Documents/GitHub/ECE495/FinalProject/GrayScale/GrayScale.sim/sim_1/behav'
"xvhdl -m64 --relax -prj tb_grayscaletop_vhdl.prj"
INFO: [VRFC 10-163] Analyzing VHDL file "C:/Users/mr_co_000/Documents/GitHub/ECE495/FinalProject/GrayScale/GrayScale.srcs/sources_1/imports/my_mult/fulladd.vhd" into library xil_defaultlib
INFO: [VRFC 10-307] analyzing entity fulladd
INFO: [VRFC 10-163] Analyzing VHDL file "C:/Users/mr_co_000/Documents/GitHub/ECE495/FinalProject/GrayScale/GrayScale.srcs/sources_1/imports/rest_integer_iter_v1/pack_xtras.vhd" into library xil_defaultlib
INFO: [VRFC 10-163] Analyzing VHDL file "C:/Users/mr_co_000/Documents/GitHub/ECE495/FinalProject/GrayScale/GrayScale.srcs/sources_1/imports/rest_integer_iter_v1/my_sub.vhd" into library xil_defaultlib
INFO: [VRFC 10-307] analyzing entity my_sub
INFO: [VRFC 10-163] Analyzing VHDL file "C:/Users/mr_co_000/Documents/GitHub/ECE495/FinalProject/GrayScale/GrayScale.srcs/sources_1/imports/rest_integer_iter_v1/my_rege.vhd" into library xil_defaultlib
INFO: [VRFC 10-307] analyzing entity my_rege
INFO: [VRFC 10-163] Analyzing VHDL file "C:/Users/mr_co_000/Documents/GitHub/ECE495/FinalProject/GrayScale/GrayScale.srcs/sources_1/imports/rest_integer_iter_v1/my_pashiftreg_sclr.vhd" into library xil_defaultlib
INFO: [VRFC 10-307] analyzing entity my_pashiftreg_sclr
INFO: [VRFC 10-163] Analyzing VHDL file "C:/Users/mr_co_000/Documents/GitHub/ECE495/FinalProject/GrayScale/GrayScale.srcs/sources_1/imports/rest_integer_iter_v1/my_pashiftreg.vhd" into library xil_defaultlib
INFO: [VRFC 10-307] analyzing entity my_pashiftreg
INFO: [VRFC 10-163] Analyzing VHDL file "C:/Users/mr_co_000/Documents/GitHub/ECE495/FinalProject/GrayScale/GrayScale.srcs/sources_1/imports/rest_integer_iter_v1/my_counter.vhd" into library xil_defaultlib
INFO: [VRFC 10-307] analyzing entity my_counter
INFO: [VRFC 10-163] Analyzing VHDL file "C:/Users/mr_co_000/Documents/GitHub/ECE495/FinalProject/GrayScale/GrayScale.srcs/sources_1/imports/my_mult/my_mult.vhd" into library xil_defaultlib
INFO: [VRFC 10-307] analyzing entity my_mult
INFO: [VRFC 10-163] Analyzing VHDL file "C:/Users/mr_co_000/Documents/GitHub/ECE495/FinalProject/GrayScale/GrayScale.srcs/sources_1/imports/my_busmux3to1/my_busmux3to1.vhd" into library xil_defaultlib
INFO: [VRFC 10-307] analyzing entity my_busmux3to1
INFO: [VRFC 10-163] Analyzing VHDL file "C:/Users/mr_co_000/Documents/GitHub/ECE495/FinalProject/GrayScale/GrayScale.srcs/sources_1/imports/my_addsub/my_addsub.vhd" into library xil_defaultlib
INFO: [VRFC 10-307] analyzing entity my_addsub
INFO: [VRFC 10-163] Analyzing VHDL file "C:/Users/mr_co_000/Documents/GitHub/ECE495/FinalProject/GrayScale/GrayScale.srcs/sources_1/imports/custom/custom_pkg.vhd" into library xil_defaultlib
INFO: [VRFC 10-163] Analyzing VHDL file "C:/Users/mr_co_000/Documents/GitHub/ECE495/FinalProject/GrayScale/GrayScale.srcs/sources_1/imports/rest_integer_iter_v1/res_div_iter.vhd" into library xil_defaultlib
INFO: [VRFC 10-307] analyzing entity res_div_iter
INFO: [VRFC 10-163] Analyzing VHDL file "C:/Users/mr_co_000/Documents/GitHub/ECE495/FinalProject/GrayScale/GrayScale.srcs/sources_1/new/Grayscale.vhd" into library xil_defaultlib
INFO: [VRFC 10-307] analyzing entity Grayscale
INFO: [VRFC 10-163] Analyzing VHDL file "C:/Users/mr_co_000/Documents/GitHub/ECE495/FinalProject/GrayScale/GrayScale.srcs/sources_1/new/Grayscale_Top.vhd" into library xil_defaultlib
INFO: [VRFC 10-307] analyzing entity Grayscale_Top
INFO: [VRFC 10-163] Analyzing VHDL file "C:/Users/mr_co_000/Documents/GitHub/ECE495/FinalProject/GrayScale/GrayScale.srcs/sim_1/new/tb_grayscaletop.vhd" into library xil_defaultlib
INFO: [VRFC 10-307] analyzing entity tb_grayscaletop
INFO: [USF-XSim-3] XSim::Elaborate design
INFO: [USF-XSim-61] Executing 'ELABORATE' step in 'C:/Users/mr_co_000/Documents/GitHub/ECE495/FinalProject/GrayScale/GrayScale.sim/sim_1/behav'
Vivado Simulator 2015.2
Copyright 1986-1999, 2001-2015 Xilinx, Inc. All Rights Reserved.
Running: C:/Xilinx/Vivado/2015.2/bin/unwrapped/win64.o/xelab.exe -wto 4bb1d7d09c9a4260ae4ed380a493cf3f --debug typical --relax --mt 2 -L xil_defaultlib -L secureip --snapshot tb_grayscaletop_behav xil_defaultlib.tb_grayscaletop -log elaborate.log 
Using 2 slave threads.
Starting static elaboration
Completed static elaboration
Starting simulation data flow analysis
Completed simulation data flow analysis
Time Resolution for simulation is 1ps
Compiling package std.standard
Compiling package ieee.std_logic_1164
Compiling package ieee.std_logic_arith
Compiling package ieee.numeric_std
Compiling package xil_defaultlib.custom_pkg
Compiling package ieee.math_real
Compiling package ieee.std_logic_unsigned
Compiling package xil_defaultlib.pack_xtras
Compiling architecture structure of entity xil_defaultlib.my_busmux3to1 [\my_busmux3to1(8)\]
Compiling architecture structure of entity xil_defaultlib.fulladd [fulladd_default]
Compiling architecture structure of entity xil_defaultlib.my_mult [\my_mult(8)\]
Compiling architecture structure of entity xil_defaultlib.my_addsub [\my_addsub(16)\]
Compiling architecture behavioral of entity xil_defaultlib.my_rege [\my_rege(16)\]
Compiling architecture behavioral of entity xil_defaultlib.my_counter [\my_counter(16)\]
Compiling architecture behavioral of entity xil_defaultlib.my_pashiftreg [\my_pashiftreg(16,"LEFT")(1,4)\]
Compiling architecture behavioral of entity xil_defaultlib.my_rege [\my_rege(8)\]
Compiling architecture structure of entity xil_defaultlib.my_sub [\my_sub(9)\]
Compiling architecture behavioral of entity xil_defaultlib.my_pashiftreg_sclr [\my_pashiftreg_sclr(8,"LEFT")(1,...]
Compiling architecture structure of entity xil_defaultlib.res_div_iter [\res_div_iter(16,8)\]
Compiling architecture behavioral of entity xil_defaultlib.Grayscale [\Grayscale(8)\]
Compiling architecture behavioral of entity xil_defaultlib.Grayscale_Top [\Grayscale_Top(8)\]
Compiling architecture behavioral of entity xil_defaultlib.tb_grayscaletop
Waiting for 2 sub-compilation(s) to finish...
Built simulation snapshot tb_grayscaletop_behav

****** Webtalk v2015.2 (64-bit)
  **** SW Build 1266856 on Fri Jun 26 16:35:25 MDT 2015
  **** IP Build 1264090 on Wed Jun 24 14:22:01 MDT 2015
    ** Copyright 1986-2015 Xilinx, Inc. All Rights Reserved.

source C:/Users/mr_co_000/Documents/GitHub/ECE495/FinalProject/GrayScale/GrayScale.sim/sim_1/behav/xsim.dir/tb_grayscaletop_behav/webtalk/xsim_webtalk.tcl -notrace
INFO: [Common 17-186] 'C:/Users/mr_co_000/Documents/GitHub/ECE495/FinalProject/GrayScale/GrayScale.sim/sim_1/behav/xsim.dir/tb_grayscaletop_behav/webtalk/usage_statistics_ext_xsim.xml' has been successfully sent to Xilinx on Mon Dec 07 19:00:24 2015. For additional details about this file, please refer to the WebTalk help file at C:/Xilinx/Vivado/2015.2/doc/webtalk_introduction.html.
INFO: [Common 17-206] Exiting Webtalk at Mon Dec 07 19:00:24 2015...
run_program: Time (s): cpu = 00:00:01 ; elapsed = 00:00:05 . Memory (MB): peak = 706.160 ; gain = 0.000
INFO: [USF-XSim-4] XSim::Simulate design
INFO: [USF-XSim-61] Executing 'SIMULATE' step in 'C:/Users/mr_co_000/Documents/GitHub/ECE495/FinalProject/GrayScale/GrayScale.sim/sim_1/behav'
INFO: [USF-XSim-98] *** Running xsim
   with args "tb_grayscaletop_behav -key {Behavioral:sim_1:Functional:tb_grayscaletop} -tclbatch {tb_grayscaletop.tcl} -view {C:/Users/mr_co_000/Documents/GitHub/ECE495/FinalProject/GrayScale/tb_my_mult_behav.wcfg} -log {simulate.log}"
INFO: [USF-XSim-8] Loading simulator feature
Vivado Simulator 2015.2
Time resolution is 1 ps
open_wave_config C:/Users/mr_co_000/Documents/GitHub/ECE495/FinalProject/GrayScale/tb_my_mult_behav.wcfg
source tb_grayscaletop.tcl
# set curr_wave [current_wave_config]
# if { [string length $curr_wave] == 0 } {
#   if { [llength [get_objects]] > 0} {
#     add_wave /
#     set_property needs_save false [current_wave_config]
#   } else {
#      send_msg_id Add_Wave-1 WARNING "No top level signals found. Simulator will start without a wave window. If you want to open a wave window go to 'File->New Waveform Configuration' or type 'create_wave_config' in the TCL console."
#   }
# }
# run 1000ns
INFO: [USF-XSim-96] XSim completed. Design snapshot 'tb_grayscaletop_behav' loaded.
INFO: [USF-XSim-97] XSim simulation ran for 1000ns
launch_simulation: Time (s): cpu = 00:00:07 ; elapsed = 00:00:10 . Memory (MB): peak = 747.059 ; gain = 40.898
close_sim
INFO: [Simtcl 6-16] Simulation closed
exit
INFO: [Common 17-206] Exiting Vivado at Mon Dec 07 19:01:30 2015...
