
*** Running vivado
    with args -log design_1_wrapper.vdi -applog -m64 -messageDb vivado.pb -mode batch -source design_1_wrapper.tcl -notrace

WARNING: Default location for XILINX_VIVADO_HLS not found: 

****** Vivado v2015.2 (64-bit)
  **** SW Build 1266856 on Fri Jun 26 16:35:25 MDT 2015
  **** IP Build 1264090 on Wed Jun 24 14:22:01 MDT 2015
    ** Copyright 1986-2015 Xilinx, Inc. All Rights Reserved.

source design_1_wrapper.tcl -notrace
Design is defaulting to srcset: sources_1
Design is defaulting to constrset: constrs_1
INFO: [Netlist 29-17] Analyzing 18 Unisim elements for replacement
INFO: [Netlist 29-28] Unisim Transformation completed in 0 CPU seconds
INFO: [Project 1-479] Netlist was created with Vivado 2015.2
INFO: [Device 21-403] Loading part xc7z010clg400-1
INFO: [Project 1-570] Preparing netlist for logic optimization
Parsing XDC File [/home/akcopema/Documents/ECE495/Lab/Lab2/project_1/project_1.srcs/sources_1/bd/design_1/ip/design_1_processing_system7_0_0/design_1_processing_system7_0_0.xdc] for cell 'design_1_i/processing_system7_0/inst'
Finished Parsing XDC File [/home/akcopema/Documents/ECE495/Lab/Lab2/project_1/project_1.srcs/sources_1/bd/design_1/ip/design_1_processing_system7_0_0/design_1_processing_system7_0_0.xdc] for cell 'design_1_i/processing_system7_0/inst'
Parsing XDC File [/home/akcopema/Documents/ECE495/Lab/Lab2/project_1/project_1.srcs/sources_1/bd/design_1/ip/design_1_axi_gpio_0_0/design_1_axi_gpio_0_0_board.xdc] for cell 'design_1_i/axi_gpio_0/U0'
Finished Parsing XDC File [/home/akcopema/Documents/ECE495/Lab/Lab2/project_1/project_1.srcs/sources_1/bd/design_1/ip/design_1_axi_gpio_0_0/design_1_axi_gpio_0_0_board.xdc] for cell 'design_1_i/axi_gpio_0/U0'
Parsing XDC File [/home/akcopema/Documents/ECE495/Lab/Lab2/project_1/project_1.srcs/sources_1/bd/design_1/ip/design_1_axi_gpio_0_0/design_1_axi_gpio_0_0.xdc] for cell 'design_1_i/axi_gpio_0/U0'
Finished Parsing XDC File [/home/akcopema/Documents/ECE495/Lab/Lab2/project_1/project_1.srcs/sources_1/bd/design_1/ip/design_1_axi_gpio_0_0/design_1_axi_gpio_0_0.xdc] for cell 'design_1_i/axi_gpio_0/U0'
Parsing XDC File [/home/akcopema/Documents/ECE495/Lab/Lab2/project_1/project_1.srcs/sources_1/bd/design_1/ip/design_1_rst_processing_system7_0_100M_0/design_1_rst_processing_system7_0_100M_0_board.xdc] for cell 'design_1_i/rst_processing_system7_0_100M'
Finished Parsing XDC File [/home/akcopema/Documents/ECE495/Lab/Lab2/project_1/project_1.srcs/sources_1/bd/design_1/ip/design_1_rst_processing_system7_0_100M_0/design_1_rst_processing_system7_0_100M_0_board.xdc] for cell 'design_1_i/rst_processing_system7_0_100M'
Parsing XDC File [/home/akcopema/Documents/ECE495/Lab/Lab2/project_1/project_1.srcs/sources_1/bd/design_1/ip/design_1_rst_processing_system7_0_100M_0/design_1_rst_processing_system7_0_100M_0.xdc] for cell 'design_1_i/rst_processing_system7_0_100M'
Finished Parsing XDC File [/home/akcopema/Documents/ECE495/Lab/Lab2/project_1/project_1.srcs/sources_1/bd/design_1/ip/design_1_rst_processing_system7_0_100M_0/design_1_rst_processing_system7_0_100M_0.xdc] for cell 'design_1_i/rst_processing_system7_0_100M'
Parsing XDC File [/home/akcopema/Documents/ECE495/Lab/Lab2/ZYBO_Master.xdc]
Finished Parsing XDC File [/home/akcopema/Documents/ECE495/Lab/Lab2/ZYBO_Master.xdc]
INFO: [Opt 31-138] Pushed 0 inverter(s) to 0 load pin(s).
INFO: [Project 1-111] Unisim Transformation Summary:
No Unisim elements were transformed.

Command: opt_design
Attempting to get a license for feature 'Implementation' and/or device 'xc7z010'
INFO: [Common 17-349] Got license for feature 'Implementation' and/or device 'xc7z010'
Running DRC as a precondition to command opt_design

Starting DRC Task
INFO: [DRC 23-27] Running DRC with 8 threads
INFO: [Project 1-461] DRC finished with 0 Errors
INFO: [Project 1-462] Please refer to the DRC report (report_drc) for more information.

Time (s): cpu = 00:00:00.11 ; elapsed = 00:00:00.11 . Memory (MB): peak = 1201.328 ; gain = 12.027 ; free physical = 2202 ; free virtual = 12577
INFO: [Timing 38-35] Done setting XDC timing constraints.

Starting Logic Optimization Task

Phase 1 Retarget

INFO: [Opt 31-138] Pushed 0 inverter(s) to 0 load pin(s).
INFO: [Opt 31-49] Retargeted 0 cell(s).
Phase 1 Retarget | Checksum: 22743bac2

Time (s): cpu = 00:00:00.10 ; elapsed = 00:00:00.08 . Memory (MB): peak = 1658.852 ; gain = 0.000 ; free physical = 1857 ; free virtual = 12232

Phase 2 Constant Propagation
INFO: [Opt 31-138] Pushed 0 inverter(s) to 0 load pin(s).
INFO: [Opt 31-10] Eliminated 24 cells.
Phase 2 Constant Propagation | Checksum: 1c970bb7c

Time (s): cpu = 00:00:00.26 ; elapsed = 00:00:00.24 . Memory (MB): peak = 1658.852 ; gain = 0.000 ; free physical = 1857 ; free virtual = 12232

Phase 3 Sweep
INFO: [Opt 31-12] Eliminated 190 unconnected nets.
INFO: [Opt 31-11] Eliminated 271 unconnected cells.
Phase 3 Sweep | Checksum: 213a1bb01

Time (s): cpu = 00:00:00.46 ; elapsed = 00:00:00.42 . Memory (MB): peak = 1658.852 ; gain = 0.000 ; free physical = 1857 ; free virtual = 12232

Starting Connectivity Check Task

Time (s): cpu = 00:00:00 ; elapsed = 00:00:00 . Memory (MB): peak = 1658.852 ; gain = 0.000 ; free physical = 1857 ; free virtual = 12232
Ending Logic Optimization Task | Checksum: 213a1bb01

Time (s): cpu = 00:00:00.46 ; elapsed = 00:00:00.42 . Memory (MB): peak = 1658.852 ; gain = 0.000 ; free physical = 1857 ; free virtual = 12232
Implement Debug Cores | Checksum: 2671e8946
Logic Optimization | Checksum: 2671e8946

Starting Power Optimization Task
INFO: [Pwropt 34-132] Skipping clock gating for clocks with a period < 3.12 ns.
Ending Power Optimization Task | Checksum: 213a1bb01

Time (s): cpu = 00:00:00.02 ; elapsed = 00:00:00.02 . Memory (MB): peak = 1658.852 ; gain = 0.000 ; free physical = 1857 ; free virtual = 12232
INFO: [Common 17-83] Releasing license: Implementation
20 Infos, 0 Warnings, 0 Critical Warnings and 0 Errors encountered.
opt_design completed successfully
opt_design: Time (s): cpu = 00:00:07 ; elapsed = 00:00:07 . Memory (MB): peak = 1658.852 ; gain = 477.555 ; free physical = 1857 ; free virtual = 12232
Writing placer database...
Writing XDEF routing.
Writing XDEF routing logical nets.
Writing XDEF routing special nets.
Write XDEF Complete: Time (s): cpu = 00:00:00.10 ; elapsed = 00:00:00.04 . Memory (MB): peak = 1690.867 ; gain = 0.000 ; free physical = 1855 ; free virtual = 12232
INFO: [DRC 23-27] Running DRC with 8 threads
INFO: [Coretcl 2-168] The results of DRC are in file /home/akcopema/Documents/ECE495/Lab/Lab2/project_1/project_1.runs/impl_1/design_1_wrapper_drc_opted.rpt.
Command: place_design
Attempting to get a license for feature 'Implementation' and/or device 'xc7z010'
INFO: [Common 17-349] Got license for feature 'Implementation' and/or device 'xc7z010'
INFO: [DRC 23-27] Running DRC with 8 threads
INFO: [Vivado_Tcl 4-198] DRC finished with 0 Errors
INFO: [Vivado_Tcl 4-199] Please refer to the DRC report (report_drc) for more information.
Running DRC as a precondition to command place_design
INFO: [DRC 23-27] Running DRC with 8 threads
INFO: [Vivado_Tcl 4-198] DRC finished with 0 Errors
INFO: [Vivado_Tcl 4-199] Please refer to the DRC report (report_drc) for more information.

Starting Placer Task
INFO: [Place 30-611] Multithreading enabled for place_design using a maximum of 8 CPUs

Phase 1 Placer Runtime Estimator
Phase 1 Placer Runtime Estimator | Checksum: 17a867787

Time (s): cpu = 00:00:00.03 ; elapsed = 00:00:00.03 . Memory (MB): peak = 1690.875 ; gain = 0.000 ; free physical = 1846 ; free virtual = 12222

Phase 2 Placer Initialization
Netlist sorting complete. Time (s): cpu = 00:00:00 ; elapsed = 00:00:00 . Memory (MB): peak = 1690.875 ; gain = 0.000 ; free physical = 1846 ; free virtual = 12222
Netlist sorting complete. Time (s): cpu = 00:00:00 ; elapsed = 00:00:00 . Memory (MB): peak = 1690.875 ; gain = 0.000 ; free physical = 1846 ; free virtual = 12222

Phase 2.1 IO Placement/ Clock Placement/ Build Placer Device

Phase 2.1.1 Pre-Place Cells
Phase 2.1.1 Pre-Place Cells | Checksum: cd9181d6

Time (s): cpu = 00:00:00.06 ; elapsed = 00:00:00.06 . Memory (MB): peak = 1690.875 ; gain = 0.000 ; free physical = 1846 ; free virtual = 12222
WARNING: [Place 30-12] An IO Bus FIXED_IO_mio with more than one IO standard is found. Components associated with this bus are: 
	FIXED_IO_mio[53] of IOStandard LVCMOS18
	FIXED_IO_mio[52] of IOStandard LVCMOS18
	FIXED_IO_mio[51] of IOStandard LVCMOS18
	FIXED_IO_mio[50] of IOStandard LVCMOS18
	FIXED_IO_mio[49] of IOStandard LVCMOS18
	FIXED_IO_mio[48] of IOStandard LVCMOS18
	FIXED_IO_mio[47] of IOStandard LVCMOS18
	FIXED_IO_mio[46] of IOStandard LVCMOS18
	FIXED_IO_mio[45] of IOStandard LVCMOS18
	FIXED_IO_mio[44] of IOStandard LVCMOS18
	FIXED_IO_mio[43] of IOStandard LVCMOS18
	FIXED_IO_mio[42] of IOStandard LVCMOS18
	FIXED_IO_mio[41] of IOStandard LVCMOS18
	FIXED_IO_mio[40] of IOStandard LVCMOS18
	FIXED_IO_mio[39] of IOStandard LVCMOS18
	FIXED_IO_mio[38] of IOStandard LVCMOS18
	FIXED_IO_mio[37] of IOStandard LVCMOS18
	FIXED_IO_mio[36] of IOStandard LVCMOS18
	FIXED_IO_mio[35] of IOStandard LVCMOS18
	FIXED_IO_mio[34] of IOStandard LVCMOS18
	FIXED_IO_mio[33] of IOStandard LVCMOS18
	FIXED_IO_mio[32] of IOStandard LVCMOS18
	FIXED_IO_mio[31] of IOStandard LVCMOS18
	FIXED_IO_mio[30] of IOStandard LVCMOS18
	FIXED_IO_mio[29] of IOStandard LVCMOS18
	FIXED_IO_mio[28] of IOStandard LVCMOS18
	FIXED_IO_mio[27] of IOStandard HSTL_I_18
	FIXED_IO_mio[26] of IOStandard HSTL_I_18
	FIXED_IO_mio[25] of IOStandard HSTL_I_18
	FIXED_IO_mio[24] of IOStandard HSTL_I_18
	FIXED_IO_mio[23] of IOStandard HSTL_I_18
	FIXED_IO_mio[22] of IOStandard HSTL_I_18
	FIXED_IO_mio[21] of IOStandard HSTL_I_18
	FIXED_IO_mio[20] of IOStandard HSTL_I_18
	FIXED_IO_mio[19] of IOStandard HSTL_I_18
	FIXED_IO_mio[18] of IOStandard HSTL_I_18
	FIXED_IO_mio[17] of IOStandard HSTL_I_18
	FIXED_IO_mio[16] of IOStandard HSTL_I_18
	FIXED_IO_mio[15] of IOStandard LVCMOS18
	FIXED_IO_mio[14] of IOStandard LVCMOS18
	FIXED_IO_mio[13] of IOStandard LVCMOS18
	FIXED_IO_mio[12] of IOStandard LVCMOS18
	FIXED_IO_mio[11] of IOStandard LVCMOS18
	FIXED_IO_mio[10] of IOStandard LVCMOS18
	FIXED_IO_mio[9] of IOStandard LVCMOS18
	FIXED_IO_mio[8] of IOStandard LVCMOS18
	FIXED_IO_mio[7] of IOStandard LVCMOS18
	FIXED_IO_mio[6] of IOStandard LVCMOS33
	FIXED_IO_mio[5] of IOStandard LVCMOS33
	FIXED_IO_mio[4] of IOStandard LVCMOS33
	FIXED_IO_mio[3] of IOStandard LVCMOS33
	FIXED_IO_mio[2] of IOStandard LVCMOS33
	FIXED_IO_mio[1] of IOStandard LVCMOS33
	FIXED_IO_mio[0] of IOStandard LVCMOS18
INFO: [Timing 38-35] Done setting XDC timing constraints.

Phase 2.1.2 IO & Clk Clean Up
Phase 2.1.2 IO & Clk Clean Up | Checksum: cd9181d6

Time (s): cpu = 00:00:00.68 ; elapsed = 00:00:00.71 . Memory (MB): peak = 1738.891 ; gain = 48.016 ; free physical = 1845 ; free virtual = 12221

Phase 2.1.3 Implementation Feasibility check On IDelay
Phase 2.1.3 Implementation Feasibility check On IDelay | Checksum: cd9181d6

Time (s): cpu = 00:00:00.69 ; elapsed = 00:00:00.72 . Memory (MB): peak = 1738.891 ; gain = 48.016 ; free physical = 1845 ; free virtual = 12221

Phase 2.1.4 Commit IO Placement
Phase 2.1.4 Commit IO Placement | Checksum: d6fc8e9b

Time (s): cpu = 00:00:00.69 ; elapsed = 00:00:00.72 . Memory (MB): peak = 1738.891 ; gain = 48.016 ; free physical = 1845 ; free virtual = 12221
Phase 2.1 IO Placement/ Clock Placement/ Build Placer Device | Checksum: f7d6e73f

Time (s): cpu = 00:00:00.69 ; elapsed = 00:00:00.72 . Memory (MB): peak = 1738.891 ; gain = 48.016 ; free physical = 1845 ; free virtual = 12221

Phase 2.2 Build Placer Netlist Model

Phase 2.2.1 Place Init Design

Phase 2.2.1.1 Init Lut Pin Assignment
Phase 2.2.1.1 Init Lut Pin Assignment | Checksum: 1aa21e051

Time (s): cpu = 00:00:00.75 ; elapsed = 00:00:00.76 . Memory (MB): peak = 1738.891 ; gain = 48.016 ; free physical = 1845 ; free virtual = 12221
Phase 2.2.1 Place Init Design | Checksum: 1cc902b8c

Time (s): cpu = 00:00:00.99 ; elapsed = 00:00:00.87 . Memory (MB): peak = 1738.891 ; gain = 48.016 ; free physical = 1845 ; free virtual = 12221
Phase 2.2 Build Placer Netlist Model | Checksum: 1cc902b8c

Time (s): cpu = 00:00:00.99 ; elapsed = 00:00:00.87 . Memory (MB): peak = 1738.891 ; gain = 48.016 ; free physical = 1845 ; free virtual = 12221

Phase 2.3 Constrain Clocks/Macros

Phase 2.3.1 Constrain Global/Regional Clocks
Phase 2.3.1 Constrain Global/Regional Clocks | Checksum: 1cc902b8c

Time (s): cpu = 00:00:00.99 ; elapsed = 00:00:00.87 . Memory (MB): peak = 1738.891 ; gain = 48.016 ; free physical = 1845 ; free virtual = 12221
Phase 2.3 Constrain Clocks/Macros | Checksum: 1cc902b8c

Time (s): cpu = 00:00:00.99 ; elapsed = 00:00:00.87 . Memory (MB): peak = 1738.891 ; gain = 48.016 ; free physical = 1845 ; free virtual = 12221
Phase 2 Placer Initialization | Checksum: 1cc902b8c

Time (s): cpu = 00:00:00.99 ; elapsed = 00:00:00.87 . Memory (MB): peak = 1738.891 ; gain = 48.016 ; free physical = 1845 ; free virtual = 12221

Phase 3 Global Placement
Phase 3 Global Placement | Checksum: 13989890f

Time (s): cpu = 00:00:03 ; elapsed = 00:00:01 . Memory (MB): peak = 1786.906 ; gain = 96.031 ; free physical = 1837 ; free virtual = 12213

Phase 4 Detail Placement

Phase 4.1 Commit Multi Column Macros
Phase 4.1 Commit Multi Column Macros | Checksum: 13989890f

Time (s): cpu = 00:00:03 ; elapsed = 00:00:01 . Memory (MB): peak = 1786.906 ; gain = 96.031 ; free physical = 1837 ; free virtual = 12213

Phase 4.2 Commit Most Macros & LUTRAMs
Phase 4.2 Commit Most Macros & LUTRAMs | Checksum: 180033a03

Time (s): cpu = 00:00:03 ; elapsed = 00:00:01 . Memory (MB): peak = 1786.906 ; gain = 96.031 ; free physical = 1837 ; free virtual = 12213

Phase 4.3 Area Swap Optimization
Phase 4.3 Area Swap Optimization | Checksum: f9147a96

Time (s): cpu = 00:00:03 ; elapsed = 00:00:01 . Memory (MB): peak = 1786.906 ; gain = 96.031 ; free physical = 1837 ; free virtual = 12213

Phase 4.4 updateClock Trees: DP
Phase 4.4 updateClock Trees: DP | Checksum: f9147a96

Time (s): cpu = 00:00:03 ; elapsed = 00:00:01 . Memory (MB): peak = 1786.906 ; gain = 96.031 ; free physical = 1837 ; free virtual = 12213

Phase 4.5 Timing Path Optimizer
Phase 4.5 Timing Path Optimizer | Checksum: 1600f4373

Time (s): cpu = 00:00:04 ; elapsed = 00:00:02 . Memory (MB): peak = 1786.906 ; gain = 96.031 ; free physical = 1838 ; free virtual = 12213

Phase 4.6 Small Shape Detail Placement

Phase 4.6.1 Commit Small Macros & Core Logic

Phase 4.6.1.1 setBudgets
Phase 4.6.1.1 setBudgets | Checksum: 130a0b68b

Time (s): cpu = 00:00:04 ; elapsed = 00:00:02 . Memory (MB): peak = 1786.906 ; gain = 96.031 ; free physical = 1838 ; free virtual = 12213

Phase 4.6.1.2 Commit Slice Clusters
Phase 4.6.1.2 Commit Slice Clusters | Checksum: 1a6dbc81e

Time (s): cpu = 00:00:04 ; elapsed = 00:00:02 . Memory (MB): peak = 1786.906 ; gain = 96.031 ; free physical = 1837 ; free virtual = 12213
Phase 4.6.1 Commit Small Macros & Core Logic | Checksum: 1a6dbc81e

Time (s): cpu = 00:00:04 ; elapsed = 00:00:02 . Memory (MB): peak = 1786.906 ; gain = 96.031 ; free physical = 1837 ; free virtual = 12213

Phase 4.6.2 Clock Restriction Legalization for Leaf Columns
Phase 4.6.2 Clock Restriction Legalization for Leaf Columns | Checksum: 1a6dbc81e

Time (s): cpu = 00:00:04 ; elapsed = 00:00:02 . Memory (MB): peak = 1786.906 ; gain = 96.031 ; free physical = 1837 ; free virtual = 12213

Phase 4.6.3 Clock Restriction Legalization for Non-Clock Pins
Phase 4.6.3 Clock Restriction Legalization for Non-Clock Pins | Checksum: 1a6dbc81e

Time (s): cpu = 00:00:04 ; elapsed = 00:00:02 . Memory (MB): peak = 1786.906 ; gain = 96.031 ; free physical = 1837 ; free virtual = 12213
Phase 4.6 Small Shape Detail Placement | Checksum: 1a6dbc81e

Time (s): cpu = 00:00:04 ; elapsed = 00:00:02 . Memory (MB): peak = 1786.906 ; gain = 96.031 ; free physical = 1837 ; free virtual = 12213

Phase 4.7 Re-assign LUT pins
Phase 4.7 Re-assign LUT pins | Checksum: 1a6dbc81e

Time (s): cpu = 00:00:04 ; elapsed = 00:00:02 . Memory (MB): peak = 1786.906 ; gain = 96.031 ; free physical = 1837 ; free virtual = 12213
Phase 4 Detail Placement | Checksum: 1a6dbc81e

Time (s): cpu = 00:00:04 ; elapsed = 00:00:02 . Memory (MB): peak = 1786.906 ; gain = 96.031 ; free physical = 1837 ; free virtual = 12213

Phase 5 Post Placement Optimization and Clean-Up

Phase 5.1 PCOPT Shape updates
Phase 5.1 PCOPT Shape updates | Checksum: 241f7f5f4

Time (s): cpu = 00:00:04 ; elapsed = 00:00:02 . Memory (MB): peak = 1786.906 ; gain = 96.031 ; free physical = 1837 ; free virtual = 12213

Phase 5.2 Post Commit Optimization

Phase 5.2.1 updateClock Trees: PCOPT
Phase 5.2.1 updateClock Trees: PCOPT | Checksum: 241f7f5f4

Time (s): cpu = 00:00:04 ; elapsed = 00:00:02 . Memory (MB): peak = 1786.906 ; gain = 96.031 ; free physical = 1837 ; free virtual = 12213

Phase 5.2.2 Post Placement Optimization

Phase 5.2.2.1 Post Placement Timing Optimization
INFO: [Place 30-746] Post Placement Timing Summary WNS=3.806. For the most accurate timing information please run report_timing.
Phase 5.2.2.1 Post Placement Timing Optimization | Checksum: 1ee2bdf88

Time (s): cpu = 00:00:04 ; elapsed = 00:00:02 . Memory (MB): peak = 1786.906 ; gain = 96.031 ; free physical = 1837 ; free virtual = 12213
Phase 5.2.2 Post Placement Optimization | Checksum: 1ee2bdf88

Time (s): cpu = 00:00:04 ; elapsed = 00:00:02 . Memory (MB): peak = 1786.906 ; gain = 96.031 ; free physical = 1837 ; free virtual = 12213
Phase 5.2 Post Commit Optimization | Checksum: 1ee2bdf88

Time (s): cpu = 00:00:04 ; elapsed = 00:00:02 . Memory (MB): peak = 1786.906 ; gain = 96.031 ; free physical = 1837 ; free virtual = 12213

Phase 5.3 Sweep Clock Roots: Post-Placement
Phase 5.3 Sweep Clock Roots: Post-Placement | Checksum: 1ee2bdf88

Time (s): cpu = 00:00:04 ; elapsed = 00:00:02 . Memory (MB): peak = 1786.906 ; gain = 96.031 ; free physical = 1837 ; free virtual = 12213

Phase 5.4 Post Placement Cleanup
Phase 5.4 Post Placement Cleanup | Checksum: 1ee2bdf88

Time (s): cpu = 00:00:04 ; elapsed = 00:00:02 . Memory (MB): peak = 1786.906 ; gain = 96.031 ; free physical = 1837 ; free virtual = 12213

Phase 5.5 Placer Reporting

Phase 5.5.1 Restore STA
Phase 5.5.1 Restore STA | Checksum: 1ee2bdf88

Time (s): cpu = 00:00:04 ; elapsed = 00:00:02 . Memory (MB): peak = 1786.906 ; gain = 96.031 ; free physical = 1837 ; free virtual = 12213
Phase 5.5 Placer Reporting | Checksum: 1ee2bdf88

Time (s): cpu = 00:00:04 ; elapsed = 00:00:02 . Memory (MB): peak = 1786.906 ; gain = 96.031 ; free physical = 1837 ; free virtual = 12213

Phase 5.6 Final Placement Cleanup
Phase 5.6 Final Placement Cleanup | Checksum: 148543429

Time (s): cpu = 00:00:04 ; elapsed = 00:00:02 . Memory (MB): peak = 1786.906 ; gain = 96.031 ; free physical = 1837 ; free virtual = 12213
Phase 5 Post Placement Optimization and Clean-Up | Checksum: 148543429

Time (s): cpu = 00:00:04 ; elapsed = 00:00:02 . Memory (MB): peak = 1786.906 ; gain = 96.031 ; free physical = 1837 ; free virtual = 12213
Ending Placer Task | Checksum: 11099ace2

Time (s): cpu = 00:00:04 ; elapsed = 00:00:02 . Memory (MB): peak = 1786.906 ; gain = 96.031 ; free physical = 1837 ; free virtual = 12213
INFO: [Common 17-83] Releasing license: Implementation
33 Infos, 1 Warnings, 0 Critical Warnings and 0 Errors encountered.
place_design completed successfully
Writing placer database...
Writing XDEF routing.
Writing XDEF routing logical nets.
Writing XDEF routing special nets.
Write XDEF Complete: Time (s): cpu = 00:00:00.29 ; elapsed = 00:00:00.09 . Memory (MB): peak = 1786.906 ; gain = 0.000 ; free physical = 1835 ; free virtual = 12214
report_io: Time (s): cpu = 00:00:00.09 ; elapsed = 00:00:00.10 . Memory (MB): peak = 1786.906 ; gain = 0.000 ; free physical = 1831 ; free virtual = 12208
report_utilization: Time (s): cpu = 00:00:00.05 ; elapsed = 00:00:00.08 . Memory (MB): peak = 1786.906 ; gain = 0.000 ; free physical = 1831 ; free virtual = 12208
report_control_sets: Time (s): cpu = 00:00:00.05 ; elapsed = 00:00:00.06 . Memory (MB): peak = 1786.906 ; gain = 0.000 ; free physical = 1830 ; free virtual = 12207
Command: route_design
Attempting to get a license for feature 'Implementation' and/or device 'xc7z010'
INFO: [Common 17-349] Got license for feature 'Implementation' and/or device 'xc7z010'
Running DRC as a precondition to command route_design
INFO: [DRC 23-27] Running DRC with 8 threads
WARNING: [DRC 23-20] Rule violation (PLIO-7) Placement Constraints Check for IO constraints - An IO Bus FIXED_IO_mio[53:0] with more than one IO standard is found. Components associated with this bus are:  FIXED_IO_mio[53] of IOStandard LVCMOS18; FIXED_IO_mio[52] of IOStandard LVCMOS18; FIXED_IO_mio[51] of IOStandard LVCMOS18; FIXED_IO_mio[50] of IOStandard LVCMOS18; FIXED_IO_mio[49] of IOStandard LVCMOS18; FIXED_IO_mio[48] of IOStandard LVCMOS18; FIXED_IO_mio[47] of IOStandard LVCMOS18; FIXED_IO_mio[46] of IOStandard LVCMOS18; FIXED_IO_mio[45] of IOStandard LVCMOS18; FIXED_IO_mio[44] of IOStandard LVCMOS18; FIXED_IO_mio[43] of IOStandard LVCMOS18; FIXED_IO_mio[42] of IOStandard LVCMOS18; FIXED_IO_mio[41] of IOStandard LVCMOS18; FIXED_IO_mio[40] of IOStandard LVCMOS18; FIXED_IO_mio[39] of IOStandard LVCMOS18; FIXED_IO_mio[38] of IOStandard LVCMOS18; FIXED_IO_mio[37] of IOStandard LVCMOS18; FIXED_IO_mio[36] of IOStandard LVCMOS18; FIXED_IO_mio[35] of IOStandard LVCMOS18; FIXED_IO_mio[34] of IOStandard LVCMOS18; FIXED_IO_mio[33] of IOStandard LVCMOS18; FIXED_IO_mio[32] of IOStandard LVCMOS18; FIXED_IO_mio[31] of IOStandard LVCMOS18; FIXED_IO_mio[30] of IOStandard LVCMOS18; FIXED_IO_mio[29] of IOStandard LVCMOS18; FIXED_IO_mio[28] of IOStandard LVCMOS18; FIXED_IO_mio[27] of IOStandard HSTL_I_18; FIXED_IO_mio[26] of IOStandard HSTL_I_18; FIXED_IO_mio[25] of IOStandard HSTL_I_18; FIXED_IO_mio[24] of IOStandard HSTL_I_18; FIXED_IO_mio[23] of IOStandard HSTL_I_18; FIXED_IO_mio[22] of IOStandard HSTL_I_18; FIXED_IO_mio[21] of IOStandard HSTL_I_18; FIXED_IO_mio[20] of IOStandard HSTL_I_18; FIXED_IO_mio[19] of IOStandard HSTL_I_18; FIXED_IO_mio[18] of IOStandard HSTL_I_18; FIXED_IO_mio[17] of IOStandard HSTL_I_18; FIXED_IO_mio[16] of IOStandard HSTL_I_18; FIXED_IO_mio[15] of IOStandard LVCMOS18; FIXED_IO_mio[14] of IOStandard LVCMOS18; FIXED_IO_mio[13] of IOStandard LVCMOS18; FIXED_IO_mio[12] of IOStandard LVCMOS18; FIXED_IO_mio[11] of IOStandard LVCMOS18; FIXED_IO_mio[10] of IOStandard LVCMOS18; FIXED_IO_mio[9] of IOStandard LVCMOS18; FIXED_IO_mio[8] of IOStandard LVCMOS18; FIXED_IO_mio[7] of IOStandard LVCMOS18; FIXED_IO_mio[6] of IOStandard LVCMOS33; FIXED_IO_mio[5] of IOStandard LVCMOS33; FIXED_IO_mio[4] of IOStandard LVCMOS33; FIXED_IO_mio[3] of IOStandard LVCMOS33; FIXED_IO_mio[2] of IOStandard LVCMOS33; FIXED_IO_mio[1] of IOStandard LVCMOS33; FIXED_IO_mio[0] of IOStandard LVCMOS18;
INFO: [Vivado_Tcl 4-198] DRC finished with 0 Errors, 1 Warnings
INFO: [Vivado_Tcl 4-199] Please refer to the DRC report (report_drc) for more information.


Starting Routing Task
INFO: [Route 35-254] Multithreading enabled for route_design using a maximum of 8 CPUs

Phase 1 Build RT Design
Phase 1 Build RT Design | Checksum: 79676e68

Time (s): cpu = 00:00:08 ; elapsed = 00:00:07 . Memory (MB): peak = 1786.906 ; gain = 0.000 ; free physical = 1774 ; free virtual = 12151

Phase 2 Router Initialization

Phase 2.1 Create Timer
Phase 2.1 Create Timer | Checksum: 79676e68

Time (s): cpu = 00:00:08 ; elapsed = 00:00:07 . Memory (MB): peak = 1786.906 ; gain = 0.000 ; free physical = 1774 ; free virtual = 12151

Phase 2.2 Pre Route Cleanup
Phase 2.2 Pre Route Cleanup | Checksum: 79676e68

Time (s): cpu = 00:00:08 ; elapsed = 00:00:07 . Memory (MB): peak = 1786.906 ; gain = 0.000 ; free physical = 1746 ; free virtual = 12123
 Number of Nodes with overlaps = 0

Phase 2.3 Update Timing
Phase 2.3 Update Timing | Checksum: 131491232

Time (s): cpu = 00:00:08 ; elapsed = 00:00:07 . Memory (MB): peak = 1787.867 ; gain = 0.961 ; free physical = 1736 ; free virtual = 12113
INFO: [Route 35-57] Estimated Timing Summary | WNS=3.837  | TNS=0.000  | WHS=-0.141 | THS=-12.433|

Phase 2 Router Initialization | Checksum: 1ca12c43c

Time (s): cpu = 00:00:09 ; elapsed = 00:00:07 . Memory (MB): peak = 1787.867 ; gain = 0.961 ; free physical = 1736 ; free virtual = 12113

Phase 3 Initial Routing
Phase 3 Initial Routing | Checksum: 181f6dbbb

Time (s): cpu = 00:00:09 ; elapsed = 00:00:07 . Memory (MB): peak = 1787.867 ; gain = 0.961 ; free physical = 1736 ; free virtual = 12113

Phase 4 Rip-up And Reroute

Phase 4.1 Global Iteration 0
 Number of Nodes with overlaps = 62
 Number of Nodes with overlaps = 0

Phase 4.1.1 Update Timing
Phase 4.1.1 Update Timing | Checksum: 1b6a629f7

Time (s): cpu = 00:00:10 ; elapsed = 00:00:07 . Memory (MB): peak = 1787.867 ; gain = 0.961 ; free physical = 1735 ; free virtual = 12112
INFO: [Route 35-57] Estimated Timing Summary | WNS=3.804  | TNS=0.000  | WHS=N/A    | THS=N/A    |

Phase 4.1 Global Iteration 0 | Checksum: e4143d8c

Time (s): cpu = 00:00:10 ; elapsed = 00:00:07 . Memory (MB): peak = 1787.867 ; gain = 0.961 ; free physical = 1735 ; free virtual = 12112

Phase 4.2 Global Iteration 1
 Number of Nodes with overlaps = 1
 Number of Nodes with overlaps = 0

Phase 4.2.1 Update Timing
Phase 4.2.1 Update Timing | Checksum: 1069e0d1e

Time (s): cpu = 00:00:10 ; elapsed = 00:00:07 . Memory (MB): peak = 1787.867 ; gain = 0.961 ; free physical = 1735 ; free virtual = 12112
INFO: [Route 35-57] Estimated Timing Summary | WNS=3.804  | TNS=0.000  | WHS=N/A    | THS=N/A    |

Phase 4.2 Global Iteration 1 | Checksum: 1159a6bdb

Time (s): cpu = 00:00:10 ; elapsed = 00:00:07 . Memory (MB): peak = 1787.867 ; gain = 0.961 ; free physical = 1735 ; free virtual = 12112
Phase 4 Rip-up And Reroute | Checksum: 1159a6bdb

Time (s): cpu = 00:00:10 ; elapsed = 00:00:07 . Memory (MB): peak = 1787.867 ; gain = 0.961 ; free physical = 1735 ; free virtual = 12112

Phase 5 Delay and Skew Optimization

Phase 5.1 Delay CleanUp

Phase 5.1.1 Update Timing
Phase 5.1.1 Update Timing | Checksum: 176cdd60b

Time (s): cpu = 00:00:10 ; elapsed = 00:00:07 . Memory (MB): peak = 1787.867 ; gain = 0.961 ; free physical = 1735 ; free virtual = 12112
INFO: [Route 35-57] Estimated Timing Summary | WNS=3.871  | TNS=0.000  | WHS=N/A    | THS=N/A    |

Phase 5.1 Delay CleanUp | Checksum: 176cdd60b

Time (s): cpu = 00:00:10 ; elapsed = 00:00:07 . Memory (MB): peak = 1787.867 ; gain = 0.961 ; free physical = 1735 ; free virtual = 12112

Phase 5.2 Clock Skew Optimization
Phase 5.2 Clock Skew Optimization | Checksum: 176cdd60b

Time (s): cpu = 00:00:10 ; elapsed = 00:00:07 . Memory (MB): peak = 1787.867 ; gain = 0.961 ; free physical = 1735 ; free virtual = 12112
Phase 5 Delay and Skew Optimization | Checksum: 176cdd60b

Time (s): cpu = 00:00:10 ; elapsed = 00:00:07 . Memory (MB): peak = 1787.867 ; gain = 0.961 ; free physical = 1735 ; free virtual = 12112

Phase 6 Post Hold Fix

Phase 6.1 Update Timing
Phase 6.1 Update Timing | Checksum: 197b57a3e

Time (s): cpu = 00:00:10 ; elapsed = 00:00:07 . Memory (MB): peak = 1787.867 ; gain = 0.961 ; free physical = 1735 ; free virtual = 12112
INFO: [Route 35-57] Estimated Timing Summary | WNS=3.871  | TNS=0.000  | WHS=0.078  | THS=0.000  |

Phase 6 Post Hold Fix | Checksum: 1e5c0775e

Time (s): cpu = 00:00:10 ; elapsed = 00:00:07 . Memory (MB): peak = 1787.867 ; gain = 0.961 ; free physical = 1735 ; free virtual = 12112

Phase 7 Route finalize

Router Utilization Summary
  Global Vertical Routing Utilization    = 0.336852 %
  Global Horizontal Routing Utilization  = 0.4483 %
  Routable Net Status*
  *Does not include unroutable nets such as driverless and loadless.
  Run report_route_status for detailed report.
  Number of Failed Nets               = 0
  Number of Unrouted Nets             = 0
  Number of Partially Routed Nets     = 0
  Number of Node Overlaps             = 0

Phase 7 Route finalize | Checksum: 17b3eb321

Time (s): cpu = 00:00:10 ; elapsed = 00:00:07 . Memory (MB): peak = 1787.867 ; gain = 0.961 ; free physical = 1735 ; free virtual = 12112

Phase 8 Verifying routed nets

 Verification completed successfully
Phase 8 Verifying routed nets | Checksum: 17b3eb321

Time (s): cpu = 00:00:10 ; elapsed = 00:00:07 . Memory (MB): peak = 1787.867 ; gain = 0.961 ; free physical = 1733 ; free virtual = 12110

Phase 9 Depositing Routes
Phase 9 Depositing Routes | Checksum: 1a478fed6

Time (s): cpu = 00:00:10 ; elapsed = 00:00:07 . Memory (MB): peak = 1787.867 ; gain = 0.961 ; free physical = 1733 ; free virtual = 12110

Phase 10 Post Router Timing
INFO: [Route 35-57] Estimated Timing Summary | WNS=3.871  | TNS=0.000  | WHS=0.078  | THS=0.000  |

INFO: [Route 35-327] The final timing numbers are based on the router estimated timing analysis. For a complete and accurate timing signoff, please run report_timing_summary.
Phase 10 Post Router Timing | Checksum: 1a478fed6

Time (s): cpu = 00:00:10 ; elapsed = 00:00:07 . Memory (MB): peak = 1787.867 ; gain = 0.961 ; free physical = 1733 ; free virtual = 12110
INFO: [Route 35-16] Router Completed Successfully

Time (s): cpu = 00:00:10 ; elapsed = 00:00:07 . Memory (MB): peak = 1787.867 ; gain = 0.961 ; free physical = 1733 ; free virtual = 12110

Routing Is Done.
INFO: [Common 17-83] Releasing license: Implementation
47 Infos, 2 Warnings, 0 Critical Warnings and 0 Errors encountered.
route_design completed successfully
route_design: Time (s): cpu = 00:00:11 ; elapsed = 00:00:08 . Memory (MB): peak = 1787.867 ; gain = 0.961 ; free physical = 1733 ; free virtual = 12110
Writing placer database...
Writing XDEF routing.
Writing XDEF routing logical nets.
Writing XDEF routing special nets.
Write XDEF Complete: Time (s): cpu = 00:00:00.18 ; elapsed = 00:00:00.06 . Memory (MB): peak = 1789.867 ; gain = 0.000 ; free physical = 1730 ; free virtual = 12110
INFO: [DRC 23-27] Running DRC with 8 threads
INFO: [Coretcl 2-168] The results of DRC are in file /home/akcopema/Documents/ECE495/Lab/Lab2/project_1/project_1.runs/impl_1/design_1_wrapper_drc_routed.rpt.
INFO: [Timing 38-91] UpdateTimingParams: Speed grade: -1, Delay Type: min_max.
INFO: [Timing 38-191] Multithreading enabled for timing update using a maximum of 8 CPUs
Running Vector-less Activity Propagation...

Finished Running Vector-less Activity Propagation
Attempting to get a license for feature 'Implementation' and/or device 'xc7z010'
INFO: [Common 17-349] Got license for feature 'Implementation' and/or device 'xc7z010'
Running DRC as a precondition to command write_bitstream
INFO: [DRC 23-27] Running DRC with 8 threads
INFO: [Vivado 12-3199] DRC finished with 0 Errors
INFO: [Vivado 12-3200] Please refer to the DRC report (report_drc) for more information.
Loading data files...
Loading site data...
Loading route data...
Processing options...
Creating bitmap...
Creating bitstream...
Writing bitstream ./design_1_wrapper.bit...
INFO: [Vivado 12-1842] Bitgen Completed Successfully.
INFO: [Common 17-83] Releasing license: Implementation
write_bitstream: Time (s): cpu = 00:00:08 ; elapsed = 00:00:08 . Memory (MB): peak = 2088.578 ; gain = 234.648 ; free physical = 1424 ; free virtual = 11809
INFO: [Common 17-206] Exiting Vivado at Thu Oct  8 18:20:06 2015...
