#
# A fatal error has been detected by the Java Runtime Environment:
#
#  Internal Error (0xc000000d), pid=352, tid=16076
#
# JRE version: Java(TM) SE Runtime Environment (8.0_25-b18) (build 1.8.0_25-b18)
# Java VM: Java HotSpot(TM) 64-Bit Server VM (25.25-b02 mixed mode windows-amd64 compressed oops)
# Problematic frame:
# C  [ntdll.dll+0xf5920]
#
# Failed to write core dump. Minidumps are not enabled by default on client versions of Windows
#
# If you would like to submit a bug report, please visit:
#   http://bugreport.sun.com/bugreport/crash.jsp
#

---------------  T H R E A D  ---------------

Current thread (0x0000000013957000):  VMThread [stack: 0x00000000149f0000,0x0000000014af0000] [id=16076]

siginfo: ExceptionCode=0xc000000d

Registers:
RAX=0x000000001731ab40, RBX=0xfffffffffffffffe, RCX=0x000000001731aba0, RDX=0x000000001731ac00
RSP=0x0000000014aef270, RBP=0x00007ff93f647408, RSI=0x0000000000000000, RDI=0x0000000000000584
R8 =0x00007ff961ba655c, R9 =0x000000000014f7b0, R10=0x000000000014f7b0, R11=0x000000001731b140
R12=0x000000002434b440, R13=0x0000000024dfbc40, R14=0x000000002434b548, R15=0x0000000014aef3e8
RIP=0x00007ff961c55920, EFLAGS=0x0000000000000202

Top of Stack: (sp=0x0000000014aef270)
0x0000000014aef270:   0000000000000000 fffffffffffffffe
0x0000000014aef280:   0000000000000000 0000000000000584
0x0000000014aef290:   00000000c000000d 0000000000000000
0x0000000014aef2a0:   00007ff961c55920 0000000000000000
0x0000000014aef2b0:   0000000000000000 0000000000000000
0x0000000014aef2c0:   0000000000000000 0000000000000000
0x0000000014aef2d0:   0000000000000000 0000000000000000
0x0000000014aef2e0:   0000000000000000 0000000000000000
0x0000000014aef2f0:   0000000000000000 0000000000000000
0x0000000014aef300:   0000000000000000 0000000000000000
0x0000000014aef310:   0000000000000000 0000000000000000
0x0000000014aef320:   0000000000000000 0000000000000000
0x0000000014aef330:   000099045b1413dc 0000000000000000
0x0000000014aef340:   0000000000000000 00007ff961c09e6d
0x0000000014aef350:   0000000000000000 0000000000000000
0x0000000014aef360:   0000000000000000 0000000000000000 

Instructions: (pc=0x00007ff961c55920)
0x00007ff961c55900:   28 fa ff c7 44 24 20 0d 00 00 c0 b9 57 00 00 00
0x00007ff961c55910:   e8 7b 97 f1 ff 90 48 8d 4c 24 20 e8 80 c5 f1 ff
0x00007ff961c55920:   eb 00 48 8b 8c 24 c0 00 00 00 48 33 cc e8 4e e3
0x00007ff961c55930:   f8 ff 48 81 c4 d8 00 00 00 c3 40 55 48 83 ec 20 


Register to memory mapping:

RAX=0x000000001731ab40 is an unknown value
RBX=0xfffffffffffffffe is an unknown value
RCX=0x000000001731aba0 is an unknown value
RDX=0x000000001731ac00 is an unknown value
RSP=0x0000000014aef270 is an unknown value
RBP=0x00007ff93f647408 is an unknown value
RSI=0x0000000000000000 is an unknown value
RDI=0x0000000000000584 is an unknown value
R8 =0x00007ff961ba655c is an unknown value
R9 =0x000000000014f7b0 is pointing into the stack for thread: 0x000000000256e800
R10=0x000000000014f7b0 is pointing into the stack for thread: 0x000000000256e800
R11=0x000000001731b140 is an unknown value
R12=0x000000002434b440 is an unknown value
R13=0x0000000024dfbc40 is an unknown value
R14=0x000000002434b548 is an unknown value
R15=0x0000000014aef3e8 is an unknown value


Stack: [0x00000000149f0000,0x0000000014af0000],  sp=0x0000000014aef270,  free space=1020k
Native frames: (J=compiled Java code, j=interpreted, Vv=VM code, C=native code)
C  [ntdll.dll+0xf5920]
C  [ntdll.dll+0xa9e6d]
C  [KERNEL32.DLL+0x228da]
C  [MSVCR110.dll+0x752d]
C  [MSVCR110.dll+0x14cde]
C  [MSVCR110.dll+0x13edc]
C  [MSVCR110.dll+0x239e]
C  [MSVCR110.dll+0xaf9e]
C  [MSVCP110.dll+0x397b9]
C  [librdi_common.dll+0x135d02]
C  [librdi_common.dll+0x13447b]
C  0x00007ff954db67b0
C  0x00007ff954db6a32
C  [ntdll.dll+0x23d70]
C  [ntdll.dll+0x4638a]
C  [ntdll.dll+0x46224]
C  [KERNEL32.DLL+0x1ef5a]
C  [MSVCR100.dll+0x20ccd]
V  [jvm.dll+0x1f9c55]
V  [jvm.dll+0x2325e7]
V  [jvm.dll+0x231826]
V  [jvm.dll+0x231cc1]
V  [jvm.dll+0x231ede]
V  [jvm.dll+0x2852fa]
C  [MSVCR100.dll+0x21d9f]
C  [MSVCR100.dll+0x21e3b]
C  [KERNEL32.DLL+0x12d92]
C  [ntdll.dll+0x9f64]

VM_Operation (0x000000000014f500): Exit, mode: safepoint, requested by thread 0x000000000256e800


---------------  P R O C E S S  ---------------

Java Threads: ( => current thread )
  0x0000000017066000 JavaThread "Thread-16" daemon [_thread_blocked, id=11972, stack(0x000000002a550000,0x000000002a650000)]
  0x00000000168e3800 JavaThread "TCF Locator DNS Lookup" daemon [_thread_blocked, id=21668, stack(0x0000000020350000,0x0000000020450000)]
  0x00000000168e3000 JavaThread "TCF Locator Timer" daemon [_thread_blocked, id=10792, stack(0x0000000020250000,0x0000000020350000)]
  0x00000000168e5000 JavaThread "TCF Locator Receiver" daemon [_thread_in_native, id=20056, stack(0x0000000020150000,0x0000000020250000)]
  0x0000000017067000 JavaThread "TCF Timer Dispatcher" daemon [_thread_blocked, id=13420, stack(0x000000001ff50000,0x0000000020050000)]
  0x0000000016985800 JavaThread "EMF Reference Cleaner" daemon [_thread_blocked, id=17996, stack(0x00000000181a0000,0x00000000182a0000)]
  0x00000000139ed800 JavaThread "Service Thread" daemon [_thread_blocked, id=19200, stack(0x00000000155f0000,0x00000000156f0000)]
  0x0000000013999000 JavaThread "C1 CompilerThread2" daemon [_thread_blocked, id=21456, stack(0x00000000150f0000,0x00000000151f0000)]
  0x0000000013993800 JavaThread "C2 CompilerThread1" daemon [_thread_blocked, id=14624, stack(0x0000000014ff0000,0x00000000150f0000)]
  0x000000001398f800 JavaThread "C2 CompilerThread0" daemon [_thread_blocked, id=5668, stack(0x0000000014ef0000,0x0000000014ff0000)]
  0x000000001398e000 JavaThread "Attach Listener" daemon [_thread_blocked, id=21064, stack(0x0000000014df0000,0x0000000014ef0000)]
  0x000000001398d000 JavaThread "Signal Dispatcher" daemon [_thread_blocked, id=14872, stack(0x0000000014cf0000,0x0000000014df0000)]
  0x0000000013958800 JavaThread "Finalizer" daemon [_thread_blocked, id=18116, stack(0x0000000014bf0000,0x0000000014cf0000)]
  0x000000000252d800 JavaThread "Reference Handler" daemon [_thread_blocked, id=20476, stack(0x0000000014af0000,0x0000000014bf0000)]
  0x000000000256e800 JavaThread "main" [_thread_blocked, id=6976, stack(0x0000000000050000,0x0000000000150000)]

Other Threads:
=>0x0000000013957000 VMThread [stack: 0x00000000149f0000,0x0000000014af0000] [id=16076]

VM state:at safepoint (shutting down)

VM Mutex/Monitor currently owned by a thread:  ([mutex/lock_event])
[0x000000000256d550] Threads_lock - owner thread: 0x0000000013957000

Heap:
 PSYoungGen      total 107520K, used 43851K [0x00000000f5580000, 0x00000000fde80000, 0x0000000100000000)
  eden space 101376K, 37% used [0x00000000f5580000,0x00000000f7ac2108,0x00000000fb880000)
  from space 6144K, 92% used [0x00000000fbc00000,0x00000000fc190c38,0x00000000fc200000)
  to   space 19456K, 0% used [0x00000000fcb80000,0x00000000fcb80000,0x00000000fde80000)
 ParOldGen       total 79872K, used 44689K [0x00000000e0000000, 0x00000000e4e00000, 0x00000000f5580000)
  object space 79872K, 55% used [0x00000000e0000000,0x00000000e2ba44d0,0x00000000e4e00000)
 Metaspace       used 80281K, capacity 86256K, committed 86360K, reserved 1124352K
  class space    used 9791K, capacity 11590K, committed 11608K, reserved 1048576K

Card table byte_map: [0x0000000011930000,0x0000000011a40000] byte_map_base: 0x0000000011230000

Marking Bits: (ParMarkBitMap*) 0x0000000059cbd490
 Begin Bits: [0x0000000011ef0000, 0x00000000126f0000)
 End Bits:   [0x00000000126f0000, 0x0000000012ef0000)

Polling page: 0x00000000003f0000

CodeCache: size=245760Kb used=34491Kb max_used=34932Kb free=211268Kb
 bounds [0x0000000002570000, 0x00000000047d0000, 0x0000000011570000]
 total_blobs=10703 nmethods=9855 adapters=756
 compilation: enabled

Compilation events (10 events):
Event: 712.486 Thread 0x0000000013999000 11974       3       org.eclipse.osgi.internal.serviceregistry.ServiceRegistry::removeServiceRegistration (139 bytes)
Event: 712.487 Thread 0x0000000013999000 nmethod 11974 0x000000000309fb50 code [0x000000000309fd60, 0x00000000030a07c8]
Event: 712.491 Thread 0x0000000013999000 11973   !   3       org.eclipse.osgi.internal.serviceregistry.ServiceRegistrationImpl::unregister (253 bytes)
Event: 712.494 Thread 0x0000000013999000 nmethod 11973 0x0000000003e06210 code [0x0000000003e06600, 0x0000000003e08b78]
Event: 712.503 Thread 0x0000000013999000 11975       3       java.io.File::list (33 bytes)
Event: 712.504 Thread 0x0000000013999000 nmethod 11975 0x000000000357c990 code [0x000000000357cb60, 0x000000000357d288]
Event: 712.548 Thread 0x0000000013999000 11976   !   3       org.eclipse.osgi.internal.baseadaptor.BaseStorage::compact (215 bytes)
Event: 712.551 Thread 0x0000000013999000 nmethod 11976 0x00000000041be210 code [0x00000000041be640, 0x00000000041c0aa8]
Event: 712.575 Thread 0x0000000013999000 11977       3       org.eclipse.osgi.framework.internal.core.AbstractBundle::close (52 bytes)
Event: 712.576 Thread 0x0000000013999000 nmethod 11977 0x000000000372ff90 code [0x00000000037301c0, 0x0000000003730ea8]

GC Heap History (10 events):
Event: 338.234 GC heap before
{Heap before GC invocations=19 (full 4):
 PSYoungGen      total 108544K, used 86528K [0x00000000f5580000, 0x00000000fd600000, 0x0000000100000000)
  eden space 86528K, 100% used [0x00000000f5580000,0x00000000faa00000,0x00000000faa00000)
  from space 22016K, 0% used [0x00000000fc080000,0x00000000fc080000,0x00000000fd600000)
  to   space 22528K, 0% used [0x00000000faa00000,0x00000000faa00000,0x00000000fc000000)
 ParOldGen       total 79872K, used 44585K [0x00000000e0000000, 0x00000000e4e00000, 0x00000000f5580000)
  object space 79872K, 55% used [0x00000000e0000000,0x00000000e2b8a4c0,0x00000000e4e00000)
 Metaspace       used 75488K, capacity 81454K, committed 81752K, reserved 1120256K
  class space    used 9415K, capacity 11272K, committed 11352K, reserved 1048576K
Event: 338.256 GC heap after
Heap after GC invocations=19 (full 4):
 PSYoungGen      total 109056K, used 3918K [0x00000000f5580000, 0x00000000fe480000, 0x0000000100000000)
  eden space 86528K, 0% used [0x00000000f5580000,0x00000000f5580000,0x00000000faa00000)
  from space 22528K, 17% used [0x00000000faa00000,0x00000000fadd3980,0x00000000fc000000)
  to   space 22528K, 0% used [0x00000000fce80000,0x00000000fce80000,0x00000000fe480000)
 ParOldGen       total 79872K, used 44657K [0x00000000e0000000, 0x00000000e4e00000, 0x00000000f5580000)
  object space 79872K, 55% used [0x00000000e0000000,0x00000000e2b9c4d0,0x00000000e4e00000)
 Metaspace       used 75488K, capacity 81454K, committed 81752K, reserved 1120256K
  class space    used 9415K, capacity 11272K, committed 11352K, reserved 1048576K
}
Event: 536.140 GC heap before
{Heap before GC invocations=20 (full 4):
 PSYoungGen      total 109056K, used 90446K [0x00000000f5580000, 0x00000000fe480000, 0x0000000100000000)
  eden space 86528K, 100% used [0x00000000f5580000,0x00000000faa00000,0x00000000faa00000)
  from space 22528K, 17% used [0x00000000faa00000,0x00000000fadd3980,0x00000000fc000000)
  to   space 22528K, 0% used [0x00000000fce80000,0x00000000fce80000,0x00000000fe480000)
 ParOldGen       total 79872K, used 44657K [0x00000000e0000000, 0x00000000e4e00000, 0x00000000f5580000)
  object space 79872K, 55% used [0x00000000e0000000,0x00000000e2b9c4d0,0x00000000e4e00000)
 Metaspace       used 76963K, capacity 83058K, committed 83160K, reserved 1120256K
  class space    used 9554K, capacity 11447K, committed 11480K, reserved 1048576K
Event: 536.179 GC heap after
Heap after GC invocations=20 (full 4):
 PSYoungGen      total 116736K, used 5158K [0x00000000f5580000, 0x00000000fe000000, 0x0000000100000000)
  eden space 98816K, 0% used [0x00000000f5580000,0x00000000f5580000,0x00000000fb600000)
  from space 17920K, 28% used [0x00000000fce80000,0x00000000fd389b30,0x00000000fe000000)
  to   space 21504K, 0% used [0x00000000fb600000,0x00000000fb600000,0x00000000fcb00000)
 ParOldGen       total 79872K, used 44665K [0x00000000e0000000, 0x00000000e4e00000, 0x00000000f5580000)
  object space 79872K, 55% used [0x00000000e0000000,0x00000000e2b9e4d0,0x00000000e4e00000)
 Metaspace       used 76963K, capacity 83058K, committed 83160K, reserved 1120256K
  class space    used 9554K, capacity 11447K, committed 11480K, reserved 1048576K
}
Event: 571.748 GC heap before
{Heap before GC invocations=21 (full 4):
 PSYoungGen      total 116736K, used 103974K [0x00000000f5580000, 0x00000000fe000000, 0x0000000100000000)
  eden space 98816K, 100% used [0x00000000f5580000,0x00000000fb600000,0x00000000fb600000)
  from space 17920K, 28% used [0x00000000fce80000,0x00000000fd389b30,0x00000000fe000000)
  to   space 21504K, 0% used [0x00000000fb600000,0x00000000fb600000,0x00000000fcb00000)
 ParOldGen       total 79872K, used 44665K [0x00000000e0000000, 0x00000000e4e00000, 0x00000000f5580000)
  object space 79872K, 55% used [0x00000000e0000000,0x00000000e2b9e4d0,0x00000000e4e00000)
 Metaspace       used 77468K, capacity 83460K, committed 83672K, reserved 1122304K
  class space    used 9558K, capacity 11451K, committed 11480K, reserved 1048576K
Event: 571.764 GC heap after
Heap after GC invocations=21 (full 4):
 PSYoungGen      total 120320K, used 4904K [0x00000000f5580000, 0x00000000fea00000, 0x0000000100000000)
  eden space 98816K, 0% used [0x00000000f5580000,0x00000000f5580000,0x00000000fb600000)
  from space 21504K, 22% used [0x00000000fb600000,0x00000000fbaca258,0x00000000fcb00000)
  to   space 20992K, 0% used [0x00000000fd580000,0x00000000fd580000,0x00000000fea00000)
 ParOldGen       total 79872K, used 44673K [0x00000000e0000000, 0x00000000e4e00000, 0x00000000f5580000)
  object space 79872K, 55% used [0x00000000e0000000,0x00000000e2ba04d0,0x00000000e4e00000)
 Metaspace       used 77468K, capacity 83460K, committed 83672K, reserved 1122304K
  class space    used 9558K, capacity 11451K, committed 11480K, reserved 1048576K
}
Event: 621.310 GC heap before
{Heap before GC invocations=22 (full 4):
 PSYoungGen      total 120320K, used 103720K [0x00000000f5580000, 0x00000000fea00000, 0x0000000100000000)
  eden space 98816K, 100% used [0x00000000f5580000,0x00000000fb600000,0x00000000fb600000)
  from space 21504K, 22% used [0x00000000fb600000,0x00000000fbaca258,0x00000000fcb00000)
  to   space 20992K, 0% used [0x00000000fd580000,0x00000000fd580000,0x00000000fea00000)
 ParOldGen       total 79872K, used 44673K [0x00000000e0000000, 0x00000000e4e00000, 0x00000000f5580000)
  object space 79872K, 55% used [0x00000000e0000000,0x00000000e2ba04d0,0x00000000e4e00000)
 Metaspace       used 78570K, capacity 84484K, committed 84824K, reserved 1122304K
  class space    used 9640K, capacity 11515K, committed 11608K, reserved 1048576K
Event: 621.320 GC heap after
Heap after GC invocations=22 (full 4):
 PSYoungGen      total 119808K, used 5766K [0x00000000f5580000, 0x00000000fe400000, 0x0000000100000000)
  eden space 104960K, 0% used [0x00000000f5580000,0x00000000f5580000,0x00000000fbc00000)
  from space 14848K, 38% used [0x00000000fd580000,0x00000000fdb21b48,0x00000000fe400000)
  to   space 20480K, 0% used [0x00000000fbc00000,0x00000000fbc00000,0x00000000fd000000)
 ParOldGen       total 79872K, used 44681K [0x00000000e0000000, 0x00000000e4e00000, 0x00000000f5580000)
  object space 79872K, 55% used [0x00000000e0000000,0x00000000e2ba24d0,0x00000000e4e00000)
 Metaspace       used 78570K, capacity 84484K, committed 84824K, reserved 1122304K
  class space    used 9640K, capacity 11515K, committed 11608K, reserved 1048576K
}
Event: 681.845 GC heap before
{Heap before GC invocations=23 (full 4):
 PSYoungGen      total 119808K, used 110726K [0x00000000f5580000, 0x00000000fe400000, 0x0000000100000000)
  eden space 104960K, 100% used [0x00000000f5580000,0x00000000fbc00000,0x00000000fbc00000)
  from space 14848K, 38% used [0x00000000fd580000,0x00000000fdb21b48,0x00000000fe400000)
  to   space 20480K, 0% used [0x00000000fbc00000,0x00000000fbc00000,0x00000000fd000000)
 ParOldGen       total 79872K, used 44681K [0x00000000e0000000, 0x00000000e4e00000, 0x00000000f5580000)
  object space 79872K, 55% used [0x00000000e0000000,0x00000000e2ba24d0,0x00000000e4e00000)
 Metaspace       used 79408K, capacity 85368K, committed 85592K, reserved 1124352K
  class space    used 9689K, capacity 11553K, committed 11608K, reserved 1048576K
Event: 681.859 GC heap after
Heap after GC invocations=23 (full 4):
 PSYoungGen      total 107520K, used 5699K [0x00000000f5580000, 0x00000000fde80000, 0x0000000100000000)
  eden space 101376K, 0% used [0x00000000f5580000,0x00000000f5580000,0x00000000fb880000)
  from space 6144K, 92% used [0x00000000fbc00000,0x00000000fc190c38,0x00000000fc200000)
  to   space 19456K, 0% used [0x00000000fcb80000,0x00000000fcb80000,0x00000000fde80000)
 ParOldGen       total 79872K, used 44689K [0x00000000e0000000, 0x00000000e4e00000, 0x00000000f5580000)
  object space 79872K, 55% used [0x00000000e0000000,0x00000000e2ba44d0,0x00000000e4e00000)
 Metaspace       used 79408K, capacity 85368K, committed 85592K, reserved 1124352K
  class space    used 9689K, capacity 11553K, committed 11608K, reserved 1048576K
}

Deoptimization events (10 events):
Event: 711.230 Thread 0x000000000256e800 Uncommon trap: reason=bimorphic action=maybe_recompile pc=0x00000000044aacd4 method=org.eclipse.swt.widgets.TypedListener.handleEvent(Lorg/eclipse/swt/widgets/Event;)V @ 1067
Event: 711.277 Thread 0x000000000256e800 Uncommon trap: reason=unreached action=reinterpret pc=0x00000000045e443c method=org.eclipse.ui.internal.services.ServiceLocator.getService(Ljava/lang/Class;)Ljava/lang/Object; @ 38
Event: 711.455 Thread 0x00000000198ba800 Uncommon trap: reason=bimorphic action=maybe_recompile pc=0x0000000003084878 method=java.util.Properties.load0(Ljava/util/Properties$LineReader;)V @ 242
Event: 711.520 Thread 0x000000000256e800 Uncommon trap: reason=unreached action=reinterpret pc=0x00000000032f635c method=org.eclipse.e4.ui.internal.workbench.swt.PartRenderingEngine.someAreVisible(Ljava/util/List;)Z @ 41
Event: 711.772 Thread 0x000000000256e800 Uncommon trap: reason=predicate action=maybe_recompile pc=0x00000000045fe44c method=java.util.concurrent.CopyOnWriteArrayList.indexOf(Ljava/lang/Object;[Ljava/lang/Object;II)I @ 41
Event: 712.172 Thread 0x00000000198bd000 Uncommon trap: reason=unreached action=reinterpret pc=0x0000000003e6ddd0 method=org.eclipse.swt.widgets.Display.getDefault()Lorg/eclipse/swt/widgets/Display; @ 39
Event: 712.179 Thread 0x00000000198bd000 Uncommon trap: reason=class_check action=maybe_recompile pc=0x000000000418f93c method=org.eclipse.swt.widgets.Display.syncExec(Ljava/lang/Runnable;)V @ 64
Event: 712.359 Thread 0x000000000256e800 Uncommon trap: reason=null_check action=make_not_entrant pc=0x0000000002b745dc method=org.eclipse.core.runtime.internal.adaptor.EclipseLazyStarter.shouldActivateFor(Ljava/lang/String;Lorg/eclipse/osgi/baseadaptor/BaseData;Lorg/eclipse/core/runtime/internal…-»πCÜ@
Event: 712.466 Thread 0x00000000198bc000 Uncommon trap: reason=unreached action=reinterpret pc=0x000000000420b428 method=org.eclipse.core.internal.jobs.JobManager.nextJob()Lorg/eclipse/core/runtime/jobs/Job; @ 80
Event: 712.466 Thread 0x00000000198b6000 Uncommon trap: reason=unreached action=reinterpret pc=0x0000000004210584 method=org.eclipse.core.internal.jobs.JobManager.nextJob()Lorg/eclipse/core/runtime/jobs/Job; @ 80

Internal exceptions (10 events):
Event: 710.792 Thread 0x00000000168e8000 Exception <a 'java/lang/InterruptedException'> (0x00000000f62cf320) thrown at [D:\re\workspace\8-2-build-windows-amd64-cygwin\jdk8u25\1677\hotspot\src\share\vm\runtime\objectMonitor.cpp, line 1682]
Event: 710.793 Thread 0x00000000198ba000 Exception <a 'java/net/SocketException': Socket closed> (0x00000000f6323b20) thrown at [D:\re\workspace\8-2-build-windows-amd64-cygwin\jdk8u25\1677\hotspot\src\share\vm\prims\jni.cpp, line 742]
Event: 711.069 Thread 0x000000001706a000 Exception <a 'java/lang/InterruptedException'> (0x00000000f6a509f0) thrown at [D:\re\workspace\8-2-build-windows-amd64-cygwin\jdk8u25\1677\hotspot\src\share\vm\runtime\objectMonitor.cpp, line 1682]
Event: 711.277 Thread 0x000000000256e800 Implicit null exception at 0x00000000045e40c9 to 0x00000000045e441d
Event: 711.755 Thread 0x00000000168e9800 Exception <a 'java/lang/InterruptedException'> (0x00000000f749cd30) thrown at [D:\re\workspace\8-2-build-windows-amd64-cygwin\jdk8u25\1677\hotspot\src\share\vm\runtime\objectMonitor.cpp, line 1682]
Event: 712.359 Thread 0x000000000256e800 Implicit null exception at 0x0000000002b73743 to 0x0000000002b745cd
Event: 712.484 Thread 0x0000000015e2e000 Exception <a 'java/lang/InterruptedException': sleep interrupted> (0x00000000f7815128) thrown at [D:\re\workspace\8-2-build-windows-amd64-cygwin\jdk8u25\1677\hotspot\src\share\vm\prims\jvm.cpp, line 3141]
Event: 712.486 Thread 0x000000001706a800 Exception <a 'java/lang/InterruptedException'> (0x00000000f79127e0) thrown at [D:\re\workspace\8-2-build-windows-amd64-cygwin\jdk8u25\1677\hotspot\src\share\vm\runtime\objectMonitor.cpp, line 1682]
Event: 712.486 Thread 0x0000000015a69000 Exception <a 'java/lang/InterruptedException'> (0x00000000f79452f8) thrown at [D:\re\workspace\8-2-build-windows-amd64-cygwin\jdk8u25\1677\hotspot\src\share\vm\runtime\objectMonitor.cpp, line 1682]
Event: 712.575 Thread 0x0000000015e1e800 Exception <a 'java/lang/InterruptedException'> (0x00000000f7814318) thrown at [D:\re\workspace\8-2-build-windows-amd64-cygwin\jdk8u25\1677\hotspot\src\share\vm\runtime\objectMonitor.cpp, line 1682]

Events (10 events):
Event: 712.576 loading class java/util/IdentityHashMap$KeyIterator done
Event: 712.576 Thread 0x00000000198b7800 Thread added: 0x00000000198b7800
Event: 712.576 Executing VM operation: RevokeBias
Event: 712.576 Executing VM operation: RevokeBias done
Event: 712.576 Executing VM operation: RevokeBias
Event: 712.576 Executing VM operation: RevokeBias done
Event: 712.577 Executing VM operation: RevokeBias
Event: 712.577 Executing VM operation: RevokeBias done
Event: 712.577 Thread 0x00000000198b7800 Thread exited: 0x00000000198b7800
Event: 712.577 Executing VM operation: Exit


Dynamic libraries:
0x0000000000400000 - 0x000000000044f000 	C:\Xilinx\SDK\2015.2\eclipse\win64.o\eclipse.exe
0x00007ff961b60000 - 0x00007ff961d21000 	C:\WINDOWS\SYSTEM32\ntdll.dll
0x00007ff95fd20000 - 0x00007ff95fdcd000 	C:\WINDOWS\system32\KERNEL32.DLL
0x00007ff95f050000 - 0x00007ff95f22d000 	C:\WINDOWS\system32\KERNELBASE.dll
0x00007ff95fae0000 - 0x00007ff95fc2e000 	C:\WINDOWS\system32\USER32.dll
0x00007ff961610000 - 0x00007ff961796000 	C:\WINDOWS\system32\GDI32.dll
0x00007ff95f610000 - 0x00007ff95f6ad000 	C:\WINDOWS\system32\msvcrt.dll
0x00007ff956ea0000 - 0x00007ff957114000 	C:\WINDOWS\WinSxS\amd64_microsoft.windows.common-controls_6595b64144ccf1df_6.0.10240.16384_none_f41f7b285750ef43\COMCTL32.dll
0x00007ff95fce0000 - 0x00007ff95fd16000 	C:\WINDOWS\system32\IMM32.DLL
0x00007ff95f4b0000 - 0x00007ff95f60c000 	C:\WINDOWS\system32\MSCTF.dll
0x0000000072000000 - 0x0000000072012000 	C:\Xilinx\SDK\2015.2\eclipse\win64.o\plugins\org.eclipse.equinox.launcher.win32.win32.x86_64_1.1.200.v20140116-2212\eclipse_1503.dll
0x00007ff95fc30000 - 0x00007ff95fcd6000 	C:\WINDOWS\system32\ADVAPI32.dll
0x00007ff95f920000 - 0x00007ff95f97b000 	C:\WINDOWS\system32\sechost.dll
0x00007ff95f9b0000 - 0x00007ff95fad6000 	C:\WINDOWS\system32\RPCRT4.dll
0x00007ff956270000 - 0x00007ff95627a000 	C:\WINDOWS\SYSTEM32\VERSION.dll
0x00007ff95ce60000 - 0x00007ff95cef6000 	C:\WINDOWS\system32\uxtheme.dll
0x00007ff95f230000 - 0x00007ff95f4ac000 	C:\WINDOWS\system32\combase.dll
0x00007ff94d780000 - 0x00007ff94d822000 	C:\Program Files\Common Files\microsoft shared\ink\tiptsf.dll
0x00007ff95f860000 - 0x00007ff95f91e000 	C:\WINDOWS\system32\OLEAUT32.dll
0x00000000594e0000 - 0x0000000059d3a000 	C:\Xilinx\SDK\2015.2\tps\win64\jre\bin\server\jvm.dll
0x00007ff9617a0000 - 0x00007ff9617a8000 	C:\WINDOWS\system32\PSAPI.DLL
0x00007ff94d620000 - 0x00007ff94d629000 	C:\WINDOWS\SYSTEM32\WSOCK32.dll
0x00007ff95c9d0000 - 0x00007ff95c9f3000 	C:\WINDOWS\SYSTEM32\WINMM.dll
0x000000005bc20000 - 0x000000005bcf2000 	C:\WINDOWS\SYSTEM32\MSVCR100.dll
0x00007ff961af0000 - 0x00007ff961b59000 	C:\WINDOWS\system32\WS2_32.dll
0x00007ff961600000 - 0x00007ff961608000 	C:\WINDOWS\system32\NSI.dll
0x00007ff95c8c0000 - 0x00007ff95c8ec000 	C:\WINDOWS\SYSTEM32\WINMMBASE.dll
0x00007ff95ee90000 - 0x00007ff95eed4000 	C:\WINDOWS\system32\cfgmgr32.dll
0x00007ff95cf00000 - 0x00007ff95cf27000 	C:\WINDOWS\SYSTEM32\DEVOBJ.dll
0x00000000593a0000 - 0x00000000593af000 	C:\Xilinx\SDK\2015.2\tps\win64\jre\bin\verify.dll
0x0000000059370000 - 0x0000000059398000 	C:\Xilinx\SDK\2015.2\tps\win64\jre\bin\java.dll
0x0000000059350000 - 0x0000000059366000 	C:\Xilinx\SDK\2015.2\tps\win64\jre\bin\zip.dll
0x00007ff95fe30000 - 0x00007ff961352000 	C:\WINDOWS\system32\SHELL32.dll
0x00007ff95e630000 - 0x00007ff95ec58000 	C:\WINDOWS\system32\windows.storage.dll
0x00007ff95fdd0000 - 0x00007ff95fe21000 	C:\WINDOWS\system32\shlwapi.dll
0x00007ff95e5b0000 - 0x00007ff95e5bf000 	C:\WINDOWS\system32\kernel.appcore.dll
0x00007ff95eee0000 - 0x00007ff95ef93000 	C:\WINDOWS\system32\shcore.dll
0x00007ff95e5e0000 - 0x00007ff95e62a000 	C:\WINDOWS\system32\powrprof.dll
0x00007ff95e590000 - 0x00007ff95e5a3000 	C:\WINDOWS\system32\profapi.dll
0x00007ff95de60000 - 0x00007ff95de77000 	C:\WINDOWS\SYSTEM32\CRYPTSP.dll
0x00007ff95e4c0000 - 0x00007ff95e4e8000 	C:\WINDOWS\SYSTEM32\bcrypt.dll
0x00007ff95dab0000 - 0x00007ff95dae3000 	C:\WINDOWS\system32\rsaenh.dll
0x00007ff95dba0000 - 0x00007ff95dbbf000 	C:\WINDOWS\SYSTEM32\USERENV.dll
0x00007ff95e3b0000 - 0x00007ff95e41b000 	C:\WINDOWS\system32\bcryptprimitives.dll
0x00007ff95dfd0000 - 0x00007ff95dfdb000 	C:\WINDOWS\SYSTEM32\CRYPTBASE.dll
0x0000000059330000 - 0x000000005934a000 	C:\Xilinx\SDK\2015.2\tps\win64\jre\bin\net.dll
0x00007ff95de00000 - 0x00007ff95de5d000 	C:\WINDOWS\system32\mswsock.dll
0x00007ff956b40000 - 0x00007ff956b78000 	C:\WINDOWS\SYSTEM32\IPHLPAPI.DLL
0x00007ff956b30000 - 0x00007ff956b3b000 	C:\WINDOWS\SYSTEM32\WINNSI.DLL
0x00007ff955b30000 - 0x00007ff955b46000 	C:\WINDOWS\SYSTEM32\dhcpcsvc6.DLL
0x00007ff955a80000 - 0x00007ff955a9a000 	C:\WINDOWS\SYSTEM32\dhcpcsvc.DLL
0x0000000059310000 - 0x0000000059321000 	C:\Xilinx\SDK\2015.2\tps\win64\jre\bin\nio.dll
0x00007ff961900000 - 0x00007ff9619a5000 	C:\WINDOWS\system32\clbcatq.dll
0x00007ff94d630000 - 0x00007ff94d77c000 	C:\Windows\System32\uiautomationcore.dll
0x00007ff95e420000 - 0x00007ff95e4b8000 	C:\WINDOWS\SYSTEM32\sxs.dll
0x00007ff955570000 - 0x00007ff9555d9000 	C:\Windows\System32\OLEACC.dll
0x00007ff947b10000 - 0x00007ff947b25000 	C:\WINDOWS\system32\napinsp.dll
0x00007ff947af0000 - 0x00007ff947b0a000 	C:\WINDOWS\system32\pnrpnsp.dll
0x00007ff95c220000 - 0x00007ff95c238000 	C:\WINDOWS\system32\NLAapi.dll
0x00007ff95dc00000 - 0x00007ff95dca8000 	C:\WINDOWS\SYSTEM32\DNSAPI.dll
0x00007ff947ae0000 - 0x00007ff947aed000 	C:\WINDOWS\System32\winrnr.dll
0x00007ff947ac0000 - 0x00007ff947ad5000 	C:\WINDOWS\system32\wshbth.dll
0x00007ff9532f0000 - 0x00007ff9532fa000 	C:\Windows\System32\rasadhlp.dll
0x00007ff956200000 - 0x00007ff956268000 	C:\WINDOWS\System32\fwpuclnt.dll
0x00007ff9617b0000 - 0x00007ff9618f1000 	C:\WINDOWS\system32\ole32.dll
0x0000000018690000 - 0x0000000018738000 	C:\Users\mr_co_000\.Xilinx\SDK\2015.2\org.eclipse.osgi\bundles\287\1\.cp\swt-win32-4335.dll
0x00007ff9619b0000 - 0x00007ff961a87000 	C:\WINDOWS\system32\comdlg32.dll
0x00007ff95ec60000 - 0x00007ff95ee21000 	C:\WINDOWS\system32\CRYPT32.dll
0x00007ff956e10000 - 0x00007ff956e94000 	C:\WINDOWS\SYSTEM32\WINSPOOL.DRV
0x00007ff95e5c0000 - 0x00007ff95e5d1000 	C:\WINDOWS\system32\MSASN1.dll
0x00007ff950bc0000 - 0x00007ff950bd8000 	C:\WINDOWS\SYSTEM32\USP10.dll
0x00007ff956360000 - 0x00007ff956607000 	C:\WINDOWS\SYSTEM32\WININET.dll
0x00007ff95b8f0000 - 0x00007ff95b912000 	C:\WINDOWS\system32\dwmapi.dll
0x00007ff95c3e0000 - 0x00007ff95c563000 	C:\WINDOWS\SYSTEM32\propsys.dll
0x0000000018780000 - 0x000000001879e000 	C:\Users\mr_co_000\.Xilinx\SDK\2015.2\org.eclipse.osgi\bundles\287\1\.cp\swt-gdip-win32-4335.dll
0x00007ff956c30000 - 0x00007ff956dd9000 	C:\WINDOWS\WinSxS\amd64_microsoft.windows.gdiplus_6595b64144ccf1df_1.1.10240.16384_none_89a94c179af51f83\gdiplus.dll
0x00007ff9575a0000 - 0x00007ff957752000 	C:\WINDOWS\SYSTEM32\WindowsCodecs.dll
0x0000000180000000 - 0x0000000180012000 	C:\Users\mr_co_000\.Xilinx\SDK\2015.2\org.eclipse.osgi\bundles\113\1\.cp\os\win32\x86_64\localfile_1_0_0.dll
0x00007ff94db50000 - 0x00007ff94db61000 	C:\Users\mr_co_000\.Xilinx\SDK\2015.2\org.eclipse.osgi\bundles\116\1\.cp\jWinHttp-1.0.0.dll
0x00007ff956040000 - 0x00007ff956116000 	C:\WINDOWS\SYSTEM32\WINHTTP.dll
0x00007ff95cf50000 - 0x00007ff95d03e000 	C:\WINDOWS\system32\twinapi.appcore.dll
0x00007ff94da00000 - 0x00007ff94daba000 	C:\WINDOWS\SYSTEM32\twinapi.dll
0x00007ff94db40000 - 0x00007ff94db50000 	C:\Xilinx\SDK\2015.2\lib\win64.o\librdi_repo_manager.dll
0x00007ff93f1e0000 - 0x00007ff93f20a000 	C:\Xilinx\SDK\2015.2\lib\win64.o\libisl_sysinfo.dll
0x00007ff905d90000 - 0x00007ff9066d3000 	C:\Xilinx\SDK\2015.2\lib\win64.o\librdi_common.dll
0x00007ff90b260000 - 0x00007ff90b448000 	C:\Xilinx\SDK\2015.2\lib\win64.o\librdi_hsm.dll
0x00007ff93fd90000 - 0x00007ff93fe37000 	C:\WINDOWS\SYSTEM32\MSVCP110.dll
0x00007ff93f640000 - 0x00007ff93f714000 	C:\WINDOWS\SYSTEM32\MSVCR110.dll
0x00007ff90b670000 - 0x00007ff90b918000 	C:\Xilinx\SDK\2015.2\lib\win64.o\libCOIN-all.dll
0x00007ff90b450000 - 0x00007ff90b670000 	C:\Xilinx\SDK\2015.2\lib\win64.o\libXil_lmgr11.dll
0x00007ff95ee30000 - 0x00007ff95ee84000 	C:\WINDOWS\system32\WINTRUST.dll
0x00007ff94ee60000 - 0x00007ff94ee70000 	C:\Xilinx\SDK\2015.2\lib\win64.o\libboost_date_time.dll
0x00007ff93ec10000 - 0x00007ff93ec64000 	C:\Xilinx\SDK\2015.2\lib\win64.o\librdi_commonxillic.dll
0x00007ff94b5f0000 - 0x00007ff94b612000 	C:\Xilinx\SDK\2015.2\lib\win64.o\libboost_filesystem.dll
0x00007ff93a000000 - 0x00007ff93a074000 	C:\Xilinx\SDK\2015.2\lib\win64.o\libboost_program_options.dll
0x00007ff937fb0000 - 0x00007ff9380aa000 	C:\Xilinx\SDK\2015.2\lib\win64.o\libboost_regex.dll
0x00007ff94b1b0000 - 0x00007ff94b1c3000 	C:\Xilinx\SDK\2015.2\lib\win64.o\libboost_signals.dll
0x00007ff948d90000 - 0x00007ff948dad000 	C:\Xilinx\SDK\2015.2\lib\win64.o\libboost_thread.dll
0x00007ff94ddd0000 - 0x00007ff94ddd9000 	C:\Xilinx\SDK\2015.2\lib\win64.o\libboost_system.dll
0x00007ff905780000 - 0x00007ff905d8a200 	C:\Xilinx\SDK\2015.2\lib\win64.o\libisl_iostreams.dll
0x00007ff937340000 - 0x00007ff9373da000 	C:\Xilinx\SDK\2015.2\lib\win64.o\libhdxml.dll
0x00007ff940030000 - 0x00007ff940053000 	C:\Xilinx\SDK\2015.2\lib\win64.o\libisl_iosutils.dll
0x00007ff94b9f0000 - 0x00007ff94ba05000 	C:\Xilinx\SDK\2015.2\lib\win64.o\pthreadVC2.dll
0x00007ff92e3f0000 - 0x00007ff92e520000 	C:\Xilinx\SDK\2015.2\lib\win64.o\librdi_curl.dll
0x00007ff948300000 - 0x00007ff948318000 	C:\Xilinx\SDK\2015.2\lib\win64.o\librdiconfig.dll
0x00007ff93eb70000 - 0x00007ff93eb93000 	C:\Xilinx\SDK\2015.2\lib\win64.o\librdizlib.dll
0x00000000593b0000 - 0x00000000594d7000 	C:\Xilinx\SDK\2015.2\lib\win64.o\tcl85t.dll
0x00007ff94e9f0000 - 0x00007ff94eb86000 	C:\WINDOWS\SYSTEM32\urlmon.dll
0x0000000023260000 - 0x00000000234c3000 	C:\Xilinx\SDK\2015.2\lib\win64.o\xerces-c_3_1.dll
0x00007ff94ba80000 - 0x00007ff94baa3000 	C:\WINDOWS\SYSTEM32\VCOMP110.DLL
0x00007ff938b00000 - 0x00007ff938b80000 	C:\Xilinx\SDK\2015.2\lib\win64.o\libhdlpsolve.dll
0x00007ff93c3e0000 - 0x00007ff93c423000 	C:\Xilinx\SDK\2015.2\lib\win64.o\librdi_hdf.dll
0x00007ff94d2a0000 - 0x00007ff94d2b7000 	C:\WINDOWS\SYSTEM32\NETAPI32.dll
0x00007ff94dd80000 - 0x00007ff94dd8b000 	C:\Xilinx\SDK\2015.2\lib\win64.o\libboost_chrono.dll
0x00007ff947fb0000 - 0x00007ff947fc6000 	C:\Xilinx\SDK\2015.2\lib\win64.o\libboost_iostreams.dll
0x00007ff953aa0000 - 0x00007ff953e16000 	C:\WINDOWS\SYSTEM32\iertutil.dll
0x00007ff95a3c0000 - 0x00007ff95a3d6000 	C:\WINDOWS\SYSTEM32\wkscli.dll
0x00007ff95d850000 - 0x00007ff95d876000 	C:\WINDOWS\SYSTEM32\srvcli.dll
0x00007ff95d820000 - 0x00007ff95d82c000 	C:\WINDOWS\SYSTEM32\netutils.dll
0x00007ff90ace0000 - 0x00007ff90ae9a000 	C:\Xilinx\SDK\2015.2\lib\win64.o\librdi_ippcw.dll
0x00007ff957120000 - 0x00007ff957127000 	C:\WINDOWS\SYSTEM32\msimg32.dll
0x00007ff946260000 - 0x00007ff94627c000 	C:\Xilinx\SDK\2015.2\lib\win64.o\librdi_hw_platform.dll
0x00007ff9480e0000 - 0x00007ff94810f000 	C:\WINDOWS\SYSTEM32\edputil.dll
0x00007ff959170000 - 0x00007ff9592a1000 	C:\WINDOWS\SYSTEM32\wintypes.dll
0x00007ff95c170000 - 0x00007ff95c1a9000 	C:\WINDOWS\SYSTEM32\policymanager.dll
0x00007ff95bfa0000 - 0x00007ff95bfd6000 	C:\WINDOWS\SYSTEM32\XmlLite.dll
0x00007ff95c0d0000 - 0x00007ff95c162000 	C:\WINDOWS\SYSTEM32\msvcp110_win.dll
0x00007ff909b50000 - 0x00007ff909f5a000 	C:\Xilinx\SDK\2015.2\lib\win64.o\librdi_commontasks.dll

VM Arguments:
jvm_args: -Dcom.xilinx.sdk.args.hwspec=C:/Users/mr_co_000/Documents/GitHub/ECE495/Lab/Lab5/lab5/lab5.sdk/design_1_wrapper.hdf -Xms64m -Xmx512m & 
java_command: <unknown>
java_class_path (initial): C:\Xilinx\SDK\2015.2\eclipse\win64.o\\plugins/org.eclipse.equinox.launcher_1.3.0.v20130327-1440.jar
Launcher Type: generic

Environment Variables:
USERNAME=mr_co_000
OS=Windows_NT
PROCESSOR_IDENTIFIER=Intel64 Family 6 Model 69 Stepping 1, GenuineIntel



---------------  S Y S T E M  ---------------

OS: Windows 8 , 64 bit Build 9200 

CPU:total 4 (2 cores per cpu, 2 threads per core) family 6 model 69 stepping 1, cmov, cx8, fxsr, mmx, sse, sse2, sse3, ssse3, sse4.1, sse4.2, popcnt, avx, avx2, aes, clmul, erms, lzcnt, ht, tsc, tscinvbit, bmi1, bmi2

Memory: 4k page, physical 4097768k(773980k free), swap 7705392k(1276068k free)

vm_info: Java HotSpot(TM) 64-Bit Server VM (25.25-b02) for windows-amd64 JRE (1.8.0_25-b18), built on Oct  7 2014 14:25:37 by "java_re" with MS VC++ 10.0 (VS2010)

time: Tue Nov 24 18:24:55 2015
elapsed time: 713 seconds (0d 0h 11m 53s)

