#
# A fatal error has been detected by the Java Runtime Environment:
#
#  Internal Error (0xc000000d), pid=16692, tid=4464
#
# JRE version: Java(TM) SE Runtime Environment (8.0_25-b18) (build 1.8.0_25-b18)
# Java VM: Java HotSpot(TM) 64-Bit Server VM (25.25-b02 mixed mode windows-amd64 compressed oops)
# Problematic frame:
# C  [ntdll.dll+0xf5920]
#
# Failed to write core dump. Minidumps are not enabled by default on client versions of Windows
#
# If you would like to submit a bug report, please visit:
#   http://bugreport.sun.com/bugreport/crash.jsp
#

---------------  T H R E A D  ---------------

Current thread (0x00000000139d6000):  VMThread [stack: 0x0000000014a70000,0x0000000014b70000] [id=4464]

siginfo: ExceptionCode=0xc000000d

Registers:
RAX=0x00000000159faf70, RBX=0xfffffffffffffffe, RCX=0x00000000159fafe0, RDX=0x00000000159fb040
RSP=0x0000000014b6f470, RBP=0x00007ff93f647408, RSI=0x0000000000000000, RDI=0x0000000000000560
R8 =0x00007ff961ba655c, R9 =0x000000000014f7b0, R10=0x000000000014f7b0, R11=0x00000000159fb5e0
R12=0x00000000254be420, R13=0x000000002336ecf0, R14=0x00000000254be528, R15=0x0000000014b6f5e8
RIP=0x00007ff961c55920, EFLAGS=0x0000000000000206

Top of Stack: (sp=0x0000000014b6f470)
0x0000000014b6f470:   0000000000000000 fffffffffffffffe
0x0000000014b6f480:   0000000000000000 0000000000000560
0x0000000014b6f490:   00000000c000000d 0000000000000000
0x0000000014b6f4a0:   00007ff961c55920 0000000000000000
0x0000000014b6f4b0:   0000000000000000 0000000000000000
0x0000000014b6f4c0:   0000000000000000 0000000000000000
0x0000000014b6f4d0:   0000000000000000 0000000000000000
0x0000000014b6f4e0:   0000000000000000 0000000000000000
0x0000000014b6f4f0:   0000000000000000 0000000000000000
0x0000000014b6f500:   0000000000000000 0000000000000000
0x0000000014b6f510:   0000000000000000 0000000000000000
0x0000000014b6f520:   0000000000000000 0000000000000000
0x0000000014b6f530:   00006b4add7eff82 0000000000000000
0x0000000014b6f540:   0000000000000000 00007ff961c09e6d
0x0000000014b6f550:   0000000000000000 0000000000000000
0x0000000014b6f560:   0000000000000000 0000000000000000 

Instructions: (pc=0x00007ff961c55920)
0x00007ff961c55900:   28 fa ff c7 44 24 20 0d 00 00 c0 b9 57 00 00 00
0x00007ff961c55910:   e8 7b 97 f1 ff 90 48 8d 4c 24 20 e8 80 c5 f1 ff
0x00007ff961c55920:   eb 00 48 8b 8c 24 c0 00 00 00 48 33 cc e8 4e e3
0x00007ff961c55930:   f8 ff 48 81 c4 d8 00 00 00 c3 40 55 48 83 ec 20 


Register to memory mapping:

RAX=0x00000000159faf70 is an unknown value
RBX=0xfffffffffffffffe is an unknown value
RCX=0x00000000159fafe0 is an unknown value
RDX=0x00000000159fb040 is an unknown value
RSP=0x0000000014b6f470 is an unknown value
RBP=0x00007ff93f647408 is an unknown value
RSI=0x0000000000000000 is an unknown value
RDI=0x0000000000000560 is an unknown value
R8 =0x00007ff961ba655c is an unknown value
R9 =0x000000000014f7b0 is pointing into the stack for thread: 0x000000000249e800
R10=0x000000000014f7b0 is pointing into the stack for thread: 0x000000000249e800
R11=0x00000000159fb5e0 is an unknown value
R12=0x00000000254be420 is an unknown value
R13=0x000000002336ecf0 is an unknown value
R14=0x00000000254be528 is an unknown value
R15=0x0000000014b6f5e8 is an unknown value


Stack: [0x0000000014a70000,0x0000000014b70000],  sp=0x0000000014b6f470,  free space=1021k
Native frames: (J=compiled Java code, j=interpreted, Vv=VM code, C=native code)
C  [ntdll.dll+0xf5920]
C  [ntdll.dll+0xa9e6d]
C  [KERNEL32.DLL+0x228da]
C  [MSVCR110.dll+0x752d]
C  [MSVCR110.dll+0x14cde]
C  [MSVCR110.dll+0x13edc]
C  [MSVCR110.dll+0x239e]
C  [MSVCR110.dll+0xaf9e]
C  [MSVCP110.dll+0x397b9]
C  [librdi_common.dll+0x135d02]
C  [librdi_common.dll+0x13447b]
C  0x00007ff94cba2400
C  0x00007ff94cba2682
C  [ntdll.dll+0x23d70]
C  [ntdll.dll+0x4638a]
C  [ntdll.dll+0x46224]
C  [KERNEL32.DLL+0x1ef5a]
C  [MSVCR100.dll+0x20ccd]
V  [jvm.dll+0x1f9c55]
V  [jvm.dll+0x2325e7]
V  [jvm.dll+0x231826]
V  [jvm.dll+0x231cc1]
V  [jvm.dll+0x231ede]
V  [jvm.dll+0x2852fa]
C  [MSVCR100.dll+0x21d9f]
C  [MSVCR100.dll+0x21e3b]
C  [KERNEL32.DLL+0x12d92]
C  [ntdll.dll+0x9f64]

VM_Operation (0x000000000014f500): Exit, mode: safepoint, requested by thread 0x000000000249e800


---------------  P R O C E S S  ---------------

Java Threads: ( => current thread )
  0x00000000195ed800 JavaThread "Thread-19" daemon [_thread_blocked, id=21704, stack(0x0000000029500000,0x0000000029600000)]
  0x00000000171bd800 JavaThread "TCF Locator DNS Lookup" daemon [_thread_blocked, id=16792, stack(0x00000000203b0000,0x00000000204b0000)]
  0x00000000171be800 JavaThread "TCF Locator Timer" daemon [_thread_blocked, id=5128, stack(0x00000000202b0000,0x00000000203b0000)]
  0x00000000171bd000 JavaThread "TCF Locator Receiver" daemon [_thread_in_native, id=19812, stack(0x00000000201b0000,0x00000000202b0000)]
  0x00000000171ba000 JavaThread "TCF Timer Dispatcher" daemon [_thread_blocked, id=21984, stack(0x000000001ffb0000,0x00000000200b0000)]
  0x0000000015b0c000 JavaThread "EMF Reference Cleaner" daemon [_thread_blocked, id=18532, stack(0x0000000018220000,0x0000000018320000)]
  0x0000000013a6e000 JavaThread "Service Thread" daemon [_thread_blocked, id=16328, stack(0x0000000015670000,0x0000000015770000)]
  0x0000000013a18800 JavaThread "C1 CompilerThread2" daemon [_thread_blocked, id=18592, stack(0x0000000015170000,0x0000000015270000)]
  0x0000000013a13800 JavaThread "C2 CompilerThread1" daemon [_thread_blocked, id=8616, stack(0x0000000015070000,0x0000000015170000)]
  0x0000000013a0f800 JavaThread "C2 CompilerThread0" daemon [_thread_blocked, id=20428, stack(0x0000000014f70000,0x0000000015070000)]
  0x0000000013a0e800 JavaThread "Attach Listener" daemon [_thread_blocked, id=18040, stack(0x0000000014e70000,0x0000000014f70000)]
  0x0000000013a0d800 JavaThread "Signal Dispatcher" daemon [_thread_blocked, id=16444, stack(0x0000000014d70000,0x0000000014e70000)]
  0x00000000025e6000 JavaThread "Finalizer" daemon [_thread_blocked, id=14212, stack(0x0000000014c70000,0x0000000014d70000)]
  0x00000000025de000 JavaThread "Reference Handler" daemon [_thread_blocked, id=18536, stack(0x0000000014b70000,0x0000000014c70000)]
  0x000000000249e800 JavaThread "main" [_thread_blocked, id=3372, stack(0x0000000000050000,0x0000000000150000)]

Other Threads:
=>0x00000000139d6000 VMThread [stack: 0x0000000014a70000,0x0000000014b70000] [id=4464]

VM state:at safepoint (shutting down)

VM Mutex/Monitor currently owned by a thread:  ([mutex/lock_event])
[0x000000000249d9d0] Threads_lock - owner thread: 0x00000000139d6000

Heap:
 PSYoungGen      total 93696K, used 28020K [0x00000000f5580000, 0x00000000fd080000, 0x0000000100000000)
  eden space 71168K, 15% used [0x00000000f5580000,0x00000000f5fff100,0x00000000f9b00000)
  from space 22528K, 76% used [0x00000000f9b00000,0x00000000fabddfe8,0x00000000fb100000)
  to   space 23552K, 0% used [0x00000000fb980000,0x00000000fb980000,0x00000000fd080000)
 ParOldGen       total 87552K, used 35206K [0x00000000e0000000, 0x00000000e5580000, 0x00000000f5580000)
  object space 87552K, 40% used [0x00000000e0000000,0x00000000e2261b58,0x00000000e5580000)
 Metaspace       used 75266K, capacity 80966K, committed 81112K, reserved 1120256K
  class space    used 9380K, capacity 11168K, committed 11224K, reserved 1048576K

Card table byte_map: [0x00000000119b0000,0x0000000011ac0000] byte_map_base: 0x00000000112b0000

Marking Bits: (ParMarkBitMap*) 0x0000000059cbd490
 Begin Bits: [0x0000000011f70000, 0x0000000012770000)
 End Bits:   [0x0000000012770000, 0x0000000012f70000)

Polling page: 0x00000000003f0000

CodeCache: size=245760Kb used=23543Kb max_used=23592Kb free=222216Kb
 bounds [0x00000000025f0000, 0x0000000003d30000, 0x00000000115f0000]
 total_blobs=7751 nmethods=6914 adapters=746
 compilation: enabled

Compilation events (10 events):
Event: 219.242 Thread 0x0000000013a18800 8311   !   3       org.eclipse.osgi.internal.serviceregistry.ServiceRegistrationImpl::unregister (253 bytes)
Event: 219.245 Thread 0x0000000013a18800 nmethod 8311 0x00000000034f38d0 code [0x00000000034f3cc0, 0x00000000034f6238]
Event: 219.275 Thread 0x0000000013a13800 8313       4       java.io.WinNTFileSystem::resolve (231 bytes)
Event: 219.284 Thread 0x0000000013a18800 8315       3       java.io.File::list (33 bytes)
Event: 219.285 Thread 0x0000000013a18800 nmethod 8315 0x0000000003d18290 code [0x0000000003d18460, 0x0000000003d18b88]
Event: 219.289 Thread 0x0000000013a13800 nmethod 8313 0x00000000034ef150 code [0x00000000034ef300, 0x00000000034efbf0]
Event: 219.328 Thread 0x0000000013a18800 8316   !   3       org.eclipse.osgi.internal.baseadaptor.BaseStorage::compact (215 bytes)
Event: 219.331 Thread 0x0000000013a18800 nmethod 8316 0x0000000003792310 code [0x0000000003792740, 0x0000000003794ba8]
Event: 219.365 Thread 0x0000000013a18800 8317       3       org.eclipse.osgi.framework.internal.core.AbstractBundle::close (52 bytes)
Event: 219.366 Thread 0x0000000013a18800 nmethod 8317 0x00000000034edcd0 code [0x00000000034edf00, 0x00000000034eebe8]

GC Heap History (10 events):
Event: 15.687 GC heap before
{Heap before GC invocations=14 (full 3):
 PSYoungGen      total 69632K, used 9811K [0x00000000f5580000, 0x00000000fb800000, 0x0000000100000000)
  eden space 52224K, 0% used [0x00000000f5580000,0x00000000f5580000,0x00000000f8880000)
  from space 17408K, 56% used [0x00000000f8880000,0x00000000f9214d48,0x00000000f9980000)
  to   space 16896K, 0% used [0x00000000fa780000,0x00000000fa780000,0x00000000fb800000)
 ParOldGen       total 63488K, used 27275K [0x00000000e0000000, 0x00000000e3e00000, 0x00000000f5580000)
  object space 63488K, 42% used [0x00000000e0000000,0x00000000e1aa2d18,0x00000000e3e00000)
 Metaspace       used 54793K, capacity 58968K, committed 59028K, reserved 1099776K
  class space    used 6760K, capacity 8117K, committed 8152K, reserved 1048576K
Event: 15.990 GC heap after
Heap after GC invocations=14 (full 3):
 PSYoungGen      total 69632K, used 0K [0x00000000f5580000, 0x00000000fb800000, 0x0000000100000000)
  eden space 52224K, 0% used [0x00000000f5580000,0x00000000f5580000,0x00000000f8880000)
  from space 17408K, 0% used [0x00000000f8880000,0x00000000f8880000,0x00000000f9980000)
  to   space 16896K, 0% used [0x00000000fa780000,0x00000000fa780000,0x00000000fb800000)
 ParOldGen       total 87552K, used 30646K [0x00000000e0000000, 0x00000000e5580000, 0x00000000f5580000)
  object space 87552K, 35% used [0x00000000e0000000,0x00000000e1dedb48,0x00000000e5580000)
 Metaspace       used 54793K, capacity 58968K, committed 59028K, reserved 1099776K
  class space    used 6760K, capacity 8117K, committed 8152K, reserved 1048576K
}
Event: 16.868 GC heap before
{Heap before GC invocations=15 (full 3):
 PSYoungGen      total 69632K, used 52224K [0x00000000f5580000, 0x00000000fb800000, 0x0000000100000000)
  eden space 52224K, 100% used [0x00000000f5580000,0x00000000f8880000,0x00000000f8880000)
  from space 17408K, 0% used [0x00000000f8880000,0x00000000f8880000,0x00000000f9980000)
  to   space 16896K, 0% used [0x00000000fa780000,0x00000000fa780000,0x00000000fb800000)
 ParOldGen       total 87552K, used 30646K [0x00000000e0000000, 0x00000000e5580000, 0x00000000f5580000)
  object space 87552K, 35% used [0x00000000e0000000,0x00000000e1dedb48,0x00000000e5580000)
 Metaspace       used 58052K, capacity 62374K, committed 62424K, reserved 1103872K
  class space    used 7236K, capacity 8634K, committed 8664K, reserved 1048576K
Event: 16.888 GC heap after
Heap after GC invocations=15 (full 3):
 PSYoungGen      total 74752K, used 9215K [0x00000000f5580000, 0x00000000fb300000, 0x0000000100000000)
  eden space 62976K, 0% used [0x00000000f5580000,0x00000000f5580000,0x00000000f9300000)
  from space 11776K, 78% used [0x00000000fa780000,0x00000000fb07fd08,0x00000000fb300000)
  to   space 16384K, 0% used [0x00000000f9300000,0x00000000f9300000,0x00000000fa300000)
 ParOldGen       total 87552K, used 30654K [0x00000000e0000000, 0x00000000e5580000, 0x00000000f5580000)
  object space 87552K, 35% used [0x00000000e0000000,0x00000000e1defb48,0x00000000e5580000)
 Metaspace       used 58052K, capacity 62374K, committed 62424K, reserved 1103872K
  class space    used 7236K, capacity 8634K, committed 8664K, reserved 1048576K
}
Event: 29.147 GC heap before
{Heap before GC invocations=16 (full 3):
 PSYoungGen      total 74752K, used 72191K [0x00000000f5580000, 0x00000000fb300000, 0x0000000100000000)
  eden space 62976K, 100% used [0x00000000f5580000,0x00000000f9300000,0x00000000f9300000)
  from space 11776K, 78% used [0x00000000fa780000,0x00000000fb07fd08,0x00000000fb300000)
  to   space 16384K, 0% used [0x00000000f9300000,0x00000000f9300000,0x00000000fa300000)
 ParOldGen       total 87552K, used 30654K [0x00000000e0000000, 0x00000000e5580000, 0x00000000f5580000)
  object space 87552K, 35% used [0x00000000e0000000,0x00000000e1defb48,0x00000000e5580000)
 Metaspace       used 67510K, capacity 73084K, committed 73432K, reserved 1112064K
  class space    used 8476K, capacity 10094K, committed 10200K, reserved 1048576K
Event: 29.173 GC heap after
Heap after GC invocations=16 (full 3):
 PSYoungGen      total 79360K, used 16379K [0x00000000f5580000, 0x00000000fc480000, 0x0000000100000000)
  eden space 62976K, 0% used [0x00000000f5580000,0x00000000f5580000,0x00000000f9300000)
  from space 16384K, 99% used [0x00000000f9300000,0x00000000fa2fed38,0x00000000fa300000)
  to   space 19968K, 0% used [0x00000000fb100000,0x00000000fb100000,0x00000000fc480000)
 ParOldGen       total 87552K, used 35190K [0x00000000e0000000, 0x00000000e5580000, 0x00000000f5580000)
  object space 87552K, 40% used [0x00000000e0000000,0x00000000e225db58,0x00000000e5580000)
 Metaspace       used 67510K, capacity 73084K, committed 73432K, reserved 1112064K
  class space    used 8476K, capacity 10094K, committed 10200K, reserved 1048576K
}
Event: 65.115 GC heap before
{Heap before GC invocations=17 (full 3):
 PSYoungGen      total 79360K, used 79355K [0x00000000f5580000, 0x00000000fc480000, 0x0000000100000000)
  eden space 62976K, 100% used [0x00000000f5580000,0x00000000f9300000,0x00000000f9300000)
  from space 16384K, 99% used [0x00000000f9300000,0x00000000fa2fed38,0x00000000fa300000)
  to   space 19968K, 0% used [0x00000000fb100000,0x00000000fb100000,0x00000000fc480000)
 ParOldGen       total 87552K, used 35190K [0x00000000e0000000, 0x00000000e5580000, 0x00000000f5580000)
  object space 87552K, 40% used [0x00000000e0000000,0x00000000e225db58,0x00000000e5580000)
 Metaspace       used 72179K, capacity 78070K, committed 78296K, reserved 1116160K
  class space    used 9048K, capacity 10845K, committed 10968K, reserved 1048576K
Event: 65.139 GC heap after
Heap after GC invocations=17 (full 3):
 PSYoungGen      total 91136K, used 19324K [0x00000000f5580000, 0x00000000fc780000, 0x0000000100000000)
  eden space 71168K, 0% used [0x00000000f5580000,0x00000000f5580000,0x00000000f9b00000)
  from space 19968K, 96% used [0x00000000fb100000,0x00000000fc3df140,0x00000000fc480000)
  to   space 22528K, 0% used [0x00000000f9b00000,0x00000000f9b00000,0x00000000fb100000)
 ParOldGen       total 87552K, used 35198K [0x00000000e0000000, 0x00000000e5580000, 0x00000000f5580000)
  object space 87552K, 40% used [0x00000000e0000000,0x00000000e225fb58,0x00000000e5580000)
 Metaspace       used 72179K, capacity 78070K, committed 78296K, reserved 1116160K
  class space    used 9048K, capacity 10845K, committed 10968K, reserved 1048576K
}
Event: 218.042 GC heap before
{Heap before GC invocations=18 (full 3):
 PSYoungGen      total 91136K, used 90492K [0x00000000f5580000, 0x00000000fc780000, 0x0000000100000000)
  eden space 71168K, 100% used [0x00000000f5580000,0x00000000f9b00000,0x00000000f9b00000)
  from space 19968K, 96% used [0x00000000fb100000,0x00000000fc3df140,0x00000000fc480000)
  to   space 22528K, 0% used [0x00000000f9b00000,0x00000000f9b00000,0x00000000fb100000)
 ParOldGen       total 87552K, used 35198K [0x00000000e0000000, 0x00000000e5580000, 0x00000000f5580000)
  object space 87552K, 40% used [0x00000000e0000000,0x00000000e225fb58,0x00000000e5580000)
 Metaspace       used 74384K, capacity 80230K, committed 80472K, reserved 1118208K
  class space    used 9290K, capacity 11072K, committed 11096K, reserved 1048576K
Event: 218.089 GC heap after
Heap after GC invocations=18 (full 3):
 PSYoungGen      total 93696K, used 17271K [0x00000000f5580000, 0x00000000fd080000, 0x0000000100000000)
  eden space 71168K, 0% used [0x00000000f5580000,0x00000000f5580000,0x00000000f9b00000)
  from space 22528K, 76% used [0x00000000f9b00000,0x00000000fabddfe8,0x00000000fb100000)
  to   space 23552K, 0% used [0x00000000fb980000,0x00000000fb980000,0x00000000fd080000)
 ParOldGen       total 87552K, used 35206K [0x00000000e0000000, 0x00000000e5580000, 0x00000000f5580000)
  object space 87552K, 40% used [0x00000000e0000000,0x00000000e2261b58,0x00000000e5580000)
 Metaspace       used 74384K, capacity 80230K, committed 80472K, reserved 1118208K
  class space    used 9290K, capacity 11072K, committed 11096K, reserved 1048576K
}

Deoptimization events (10 events):
Event: 217.690 Thread 0x000000000249e800 Uncommon trap: reason=class_check action=maybe_recompile pc=0x000000000316d118 method=org.eclipse.emf.ecore.util.EcoreEList.contains(Ljava/lang/Object;)Z @ 53
Event: 217.776 Thread 0x000000000249e800 Uncommon trap: reason=class_check action=maybe_recompile pc=0x000000000316d118 method=org.eclipse.emf.ecore.util.EcoreEList.contains(Ljava/lang/Object;)Z @ 53
Event: 217.885 Thread 0x000000000249e800 Uncommon trap: reason=unreached action=reinterpret pc=0x0000000003c2c6ac method=org.eclipse.swt.widgets.Composite._getChildren()[Lorg/eclipse/swt/widgets/Control; @ 76
Event: 218.207 Thread 0x00000000175db000 Uncommon trap: reason=bimorphic action=maybe_recompile pc=0x000000000312185c method=java.util.Properties.load0(Ljava/util/Properties$LineReader;)V @ 242
Event: 218.220 Thread 0x000000000249e800 Uncommon trap: reason=null_check action=make_not_entrant pc=0x00000000039e0c68 method=org.eclipse.e4.core.internal.contexts.WeakGroupedListenerList.getListeners(Ljava/lang/String;)Ljava/util/Set; @ 58
Event: 218.279 Thread 0x000000000249e800 Uncommon trap: reason=unreached action=reinterpret pc=0x0000000002a5ae5c method=org.eclipse.e4.ui.internal.workbench.swt.PartRenderingEngine.someAreVisible(Ljava/util/List;)Z @ 41
Event: 218.305 Thread 0x000000000249e800 Uncommon trap: reason=class_check action=maybe_recompile pc=0x00000000034789b0 method=org.eclipse.emf.common.util.BasicEMap.ensureEntryDataExists()V @ 37
Event: 218.310 Thread 0x000000000249e800 Uncommon trap: reason=unreached action=reinterpret pc=0x000000000347171c method=org.eclipse.e4.ui.model.application.impl.ApplicationElementImpl.eIsSet(I)Z @ 132
Event: 218.322 Thread 0x000000000249e800 Uncommon trap: reason=unreached action=reinterpret pc=0x000000000346e540 method=org.eclipse.e4.ui.model.application.impl.ApplicationElementImpl.eIsSet(I)Z @ 132
Event: 219.172 Thread 0x000000000249e800 Uncommon trap: reason=null_check action=make_not_entrant pc=0x0000000002efd4cc method=org.eclipse.core.runtime.internal.adaptor.EclipseLazyStarter.shouldActivateFor(Ljava/lang/String;Lorg/eclipse/osgi/baseadaptor/BaseData;Lorg/eclipse/core/runtime/internalôA6k@

Internal exceptions (10 events):
Event: 217.347 Thread 0x00000000175df800 Exception <a 'java/net/SocketException': Socket closed> (0x00000000f8e6e500) thrown at [D:\re\workspace\8-2-build-windows-amd64-cygwin\jdk8u25\1677\hotspot\src\share\vm\prims\jni.cpp, line 742]
Event: 217.682 Thread 0x000000000249e800 Implicit null exception at 0x0000000002ed4713 to 0x0000000002ed47ae
Event: 217.791 Thread 0x00000000195ee800 Exception <a 'java/lang/InterruptedException'> (0x00000000f6e13210) thrown at [D:\re\workspace\8-2-build-windows-amd64-cygwin\jdk8u25\1677\hotspot\src\share\vm\runtime\objectMonitor.cpp, line 1682]
Event: 218.220 Thread 0x000000000249e800 Implicit null exception at 0x00000000039d9c4c to 0x00000000039e0c4d
Event: 218.599 Thread 0x00000000171c5000 Exception <a 'java/lang/InterruptedException'> (0x00000000f5b21ed8) thrown at [D:\re\workspace\8-2-build-windows-amd64-cygwin\jdk8u25\1677\hotspot\src\share\vm\runtime\objectMonitor.cpp, line 1682]
Event: 219.172 Thread 0x000000000249e800 Implicit null exception at 0x0000000002efc0ab to 0x0000000002efd4c1
Event: 219.240 Thread 0x0000000015ab5800 Exception <a 'java/lang/InterruptedException': sleep interrupted> (0x00000000f5dfb318) thrown at [D:\re\workspace\8-2-build-windows-amd64-cygwin\jdk8u25\1677\hotspot\src\share\vm\prims\jvm.cpp, line 3141]
Event: 219.241 Thread 0x00000000195ef000 Exception <a 'java/lang/InterruptedException'> (0x00000000f5ead180) thrown at [D:\re\workspace\8-2-build-windows-amd64-cygwin\jdk8u25\1677\hotspot\src\share\vm\runtime\objectMonitor.cpp, line 1682]
Event: 219.242 Thread 0x0000000016adc800 Exception <a 'java/lang/InterruptedException'> (0x00000000f5ed0af0) thrown at [D:\re\workspace\8-2-build-windows-amd64-cygwin\jdk8u25\1677\hotspot\src\share\vm\runtime\objectMonitor.cpp, line 1682]
Event: 219.365 Thread 0x0000000016099800 Exception <a 'java/lang/InterruptedException'> (0x00000000f5dfa400) thrown at [D:\re\workspace\8-2-build-windows-amd64-cygwin\jdk8u25\1677\hotspot\src\share\vm\runtime\objectMonitor.cpp, line 1682]

Events (10 events):
Event: 219.366 loading class java/util/IdentityHashMap$KeyIterator done
Event: 219.366 Thread 0x00000000175db000 Thread added: 0x00000000175db000
Event: 219.366 Executing VM operation: RevokeBias
Event: 219.366 Executing VM operation: RevokeBias done
Event: 219.366 Executing VM operation: RevokeBias
Event: 219.366 Executing VM operation: RevokeBias done
Event: 219.366 Executing VM operation: RevokeBias
Event: 219.366 Executing VM operation: RevokeBias done
Event: 219.366 Thread 0x00000000175db000 Thread exited: 0x00000000175db000
Event: 219.367 Executing VM operation: Exit


Dynamic libraries:
0x0000000000400000 - 0x000000000044f000 	C:\Xilinx\SDK\2015.2\eclipse\win64.o\eclipse.exe
0x00007ff961b60000 - 0x00007ff961d21000 	C:\WINDOWS\SYSTEM32\ntdll.dll
0x00007ff95fd20000 - 0x00007ff95fdcd000 	C:\WINDOWS\system32\KERNEL32.DLL
0x00007ff95f050000 - 0x00007ff95f22d000 	C:\WINDOWS\system32\KERNELBASE.dll
0x00007ff95fae0000 - 0x00007ff95fc2e000 	C:\WINDOWS\system32\USER32.dll
0x00007ff961610000 - 0x00007ff961796000 	C:\WINDOWS\system32\GDI32.dll
0x00007ff95f610000 - 0x00007ff95f6ad000 	C:\WINDOWS\system32\msvcrt.dll
0x00007ff956ea0000 - 0x00007ff957114000 	C:\WINDOWS\WinSxS\amd64_microsoft.windows.common-controls_6595b64144ccf1df_6.0.10240.16384_none_f41f7b285750ef43\COMCTL32.dll
0x00007ff95fce0000 - 0x00007ff95fd16000 	C:\WINDOWS\system32\IMM32.DLL
0x00007ff95f4b0000 - 0x00007ff95f60c000 	C:\WINDOWS\system32\MSCTF.dll
0x0000000072000000 - 0x0000000072012000 	C:\Xilinx\SDK\2015.2\eclipse\win64.o\plugins\org.eclipse.equinox.launcher.win32.win32.x86_64_1.1.200.v20140116-2212\eclipse_1503.dll
0x00007ff95fc30000 - 0x00007ff95fcd6000 	C:\WINDOWS\system32\ADVAPI32.dll
0x00007ff95f920000 - 0x00007ff95f97b000 	C:\WINDOWS\system32\sechost.dll
0x00007ff95f9b0000 - 0x00007ff95fad6000 	C:\WINDOWS\system32\RPCRT4.dll
0x00007ff956270000 - 0x00007ff95627a000 	C:\WINDOWS\SYSTEM32\VERSION.dll
0x00007ff95ce60000 - 0x00007ff95cef6000 	C:\WINDOWS\system32\uxtheme.dll
0x00007ff95f230000 - 0x00007ff95f4ac000 	C:\WINDOWS\system32\combase.dll
0x00007ff94d780000 - 0x00007ff94d822000 	C:\Program Files\Common Files\microsoft shared\ink\tiptsf.dll
0x00007ff95f860000 - 0x00007ff95f91e000 	C:\WINDOWS\system32\OLEAUT32.dll
0x00000000594e0000 - 0x0000000059d3a000 	C:\Xilinx\SDK\2015.2\tps\win64\jre\bin\server\jvm.dll
0x00007ff9617a0000 - 0x00007ff9617a8000 	C:\WINDOWS\system32\PSAPI.DLL
0x00007ff94d620000 - 0x00007ff94d629000 	C:\WINDOWS\SYSTEM32\WSOCK32.dll
0x00007ff95c9d0000 - 0x00007ff95c9f3000 	C:\WINDOWS\SYSTEM32\WINMM.dll
0x000000005bc20000 - 0x000000005bcf2000 	C:\WINDOWS\SYSTEM32\MSVCR100.dll
0x00007ff961af0000 - 0x00007ff961b59000 	C:\WINDOWS\system32\WS2_32.dll
0x00007ff961600000 - 0x00007ff961608000 	C:\WINDOWS\system32\NSI.dll
0x00007ff95c8c0000 - 0x00007ff95c8ec000 	C:\WINDOWS\SYSTEM32\WINMMBASE.dll
0x00007ff95ee90000 - 0x00007ff95eed4000 	C:\WINDOWS\system32\cfgmgr32.dll
0x00007ff95cf00000 - 0x00007ff95cf27000 	C:\WINDOWS\SYSTEM32\DEVOBJ.dll
0x00000000593a0000 - 0x00000000593af000 	C:\Xilinx\SDK\2015.2\tps\win64\jre\bin\verify.dll
0x0000000059370000 - 0x0000000059398000 	C:\Xilinx\SDK\2015.2\tps\win64\jre\bin\java.dll
0x0000000059350000 - 0x0000000059366000 	C:\Xilinx\SDK\2015.2\tps\win64\jre\bin\zip.dll
0x00007ff95fe30000 - 0x00007ff961352000 	C:\WINDOWS\system32\SHELL32.dll
0x00007ff95e630000 - 0x00007ff95ec58000 	C:\WINDOWS\system32\windows.storage.dll
0x00007ff95fdd0000 - 0x00007ff95fe21000 	C:\WINDOWS\system32\shlwapi.dll
0x00007ff95e5b0000 - 0x00007ff95e5bf000 	C:\WINDOWS\system32\kernel.appcore.dll
0x00007ff95eee0000 - 0x00007ff95ef93000 	C:\WINDOWS\system32\shcore.dll
0x00007ff95e5e0000 - 0x00007ff95e62a000 	C:\WINDOWS\system32\powrprof.dll
0x00007ff95e590000 - 0x00007ff95e5a3000 	C:\WINDOWS\system32\profapi.dll
0x00007ff95de60000 - 0x00007ff95de77000 	C:\WINDOWS\SYSTEM32\CRYPTSP.dll
0x00007ff95e4c0000 - 0x00007ff95e4e8000 	C:\WINDOWS\SYSTEM32\bcrypt.dll
0x00007ff95dab0000 - 0x00007ff95dae3000 	C:\WINDOWS\system32\rsaenh.dll
0x00007ff95dba0000 - 0x00007ff95dbbf000 	C:\WINDOWS\SYSTEM32\USERENV.dll
0x00007ff95e3b0000 - 0x00007ff95e41b000 	C:\WINDOWS\system32\bcryptprimitives.dll
0x00007ff95dfd0000 - 0x00007ff95dfdb000 	C:\WINDOWS\SYSTEM32\CRYPTBASE.dll
0x0000000059330000 - 0x000000005934a000 	C:\Xilinx\SDK\2015.2\tps\win64\jre\bin\net.dll
0x00007ff95de00000 - 0x00007ff95de5d000 	C:\WINDOWS\system32\mswsock.dll
0x00007ff956b40000 - 0x00007ff956b78000 	C:\WINDOWS\SYSTEM32\IPHLPAPI.DLL
0x00007ff956b30000 - 0x00007ff956b3b000 	C:\WINDOWS\SYSTEM32\WINNSI.DLL
0x00007ff955b30000 - 0x00007ff955b46000 	C:\WINDOWS\SYSTEM32\dhcpcsvc6.DLL
0x00007ff955a80000 - 0x00007ff955a9a000 	C:\WINDOWS\SYSTEM32\dhcpcsvc.DLL
0x0000000059310000 - 0x0000000059321000 	C:\Xilinx\SDK\2015.2\tps\win64\jre\bin\nio.dll
0x00007ff961900000 - 0x00007ff9619a5000 	C:\WINDOWS\system32\clbcatq.dll
0x00007ff94d630000 - 0x00007ff94d77c000 	C:\Windows\System32\uiautomationcore.dll
0x00007ff95e420000 - 0x00007ff95e4b8000 	C:\WINDOWS\SYSTEM32\sxs.dll
0x00007ff955570000 - 0x00007ff9555d9000 	C:\Windows\System32\OLEACC.dll
0x00007ff947b10000 - 0x00007ff947b25000 	C:\WINDOWS\system32\napinsp.dll
0x00007ff947af0000 - 0x00007ff947b0a000 	C:\WINDOWS\system32\pnrpnsp.dll
0x00007ff95c220000 - 0x00007ff95c238000 	C:\WINDOWS\system32\NLAapi.dll
0x00007ff95dc00000 - 0x00007ff95dca8000 	C:\WINDOWS\SYSTEM32\DNSAPI.dll
0x00007ff947ae0000 - 0x00007ff947aed000 	C:\WINDOWS\System32\winrnr.dll
0x00007ff947ac0000 - 0x00007ff947ad5000 	C:\WINDOWS\system32\wshbth.dll
0x00007ff9532f0000 - 0x00007ff9532fa000 	C:\Windows\System32\rasadhlp.dll
0x00007ff956200000 - 0x00007ff956268000 	C:\WINDOWS\System32\fwpuclnt.dll
0x00007ff9617b0000 - 0x00007ff9618f1000 	C:\WINDOWS\system32\ole32.dll
0x0000000019810000 - 0x00000000198b8000 	C:\Users\mr_co_000\.Xilinx\SDK\2015.2\org.eclipse.osgi\bundles\287\1\.cp\swt-win32-4335.dll
0x00007ff9619b0000 - 0x00007ff961a87000 	C:\WINDOWS\system32\comdlg32.dll
0x00007ff95ec60000 - 0x00007ff95ee21000 	C:\WINDOWS\system32\CRYPT32.dll
0x00007ff95e5c0000 - 0x00007ff95e5d1000 	C:\WINDOWS\system32\MSASN1.dll
0x00007ff956e10000 - 0x00007ff956e94000 	C:\WINDOWS\SYSTEM32\WINSPOOL.DRV
0x00007ff956360000 - 0x00007ff956607000 	C:\WINDOWS\SYSTEM32\WININET.dll
0x00007ff94db50000 - 0x00007ff94db68000 	C:\WINDOWS\SYSTEM32\USP10.dll
0x00007ff95b8f0000 - 0x00007ff95b912000 	C:\WINDOWS\system32\dwmapi.dll
0x00007ff95c3e0000 - 0x00007ff95c563000 	C:\WINDOWS\SYSTEM32\propsys.dll
0x00000000024a0000 - 0x00000000024be000 	C:\Users\mr_co_000\.Xilinx\SDK\2015.2\org.eclipse.osgi\bundles\287\1\.cp\swt-gdip-win32-4335.dll
0x00007ff956c30000 - 0x00007ff956dd9000 	C:\WINDOWS\WinSxS\amd64_microsoft.windows.gdiplus_6595b64144ccf1df_1.1.10240.16384_none_89a94c179af51f83\gdiplus.dll
0x00007ff9575a0000 - 0x00007ff957752000 	C:\WINDOWS\SYSTEM32\WindowsCodecs.dll
0x0000000180000000 - 0x0000000180012000 	C:\Users\mr_co_000\.Xilinx\SDK\2015.2\org.eclipse.osgi\bundles\113\1\.cp\os\win32\x86_64\localfile_1_0_0.dll
0x00007ff94b640000 - 0x00007ff94b651000 	C:\Users\mr_co_000\.Xilinx\SDK\2015.2\org.eclipse.osgi\bundles\116\1\.cp\jWinHttp-1.0.0.dll
0x00007ff956040000 - 0x00007ff956116000 	C:\WINDOWS\SYSTEM32\WINHTTP.dll
0x00007ff95cf50000 - 0x00007ff95d03e000 	C:\WINDOWS\system32\twinapi.appcore.dll
0x00007ff94da00000 - 0x00007ff94daba000 	C:\WINDOWS\SYSTEM32\twinapi.dll
0x00007ff94db40000 - 0x00007ff94db50000 	C:\Xilinx\SDK\2015.2\lib\win64.o\librdi_repo_manager.dll
0x00007ff93ecd0000 - 0x00007ff93ecfa000 	C:\Xilinx\SDK\2015.2\lib\win64.o\libisl_sysinfo.dll
0x00007ff905d90000 - 0x00007ff9066d3000 	C:\Xilinx\SDK\2015.2\lib\win64.o\librdi_common.dll
0x00007ff93ec10000 - 0x00007ff93ec64000 	C:\Xilinx\SDK\2015.2\lib\win64.o\librdi_commonxillic.dll
0x00007ff90acb0000 - 0x00007ff90ae98000 	C:\Xilinx\SDK\2015.2\lib\win64.o\librdi_hsm.dll
0x00007ff93fd90000 - 0x00007ff93fe37000 	C:\WINDOWS\SYSTEM32\MSVCP110.dll
0x00007ff93f640000 - 0x00007ff93f714000 	C:\WINDOWS\SYSTEM32\MSVCR110.dll
0x00007ff90b670000 - 0x00007ff90b918000 	C:\Xilinx\SDK\2015.2\lib\win64.o\libCOIN-all.dll
0x00007ff90b450000 - 0x00007ff90b670000 	C:\Xilinx\SDK\2015.2\lib\win64.o\libXil_lmgr11.dll
0x00007ff95ee30000 - 0x00007ff95ee84000 	C:\WINDOWS\system32\WINTRUST.dll
0x00007ff940cb0000 - 0x00007ff940cd2000 	C:\Xilinx\SDK\2015.2\lib\win64.o\libboost_filesystem.dll
0x00007ff93ed50000 - 0x00007ff93edc4000 	C:\Xilinx\SDK\2015.2\lib\win64.o\libboost_program_options.dll
0x00007ff93a490000 - 0x00007ff93a58a000 	C:\Xilinx\SDK\2015.2\lib\win64.o\libboost_regex.dll
0x00007ff94b1b0000 - 0x00007ff94b1c3000 	C:\Xilinx\SDK\2015.2\lib\win64.o\libboost_signals.dll
0x00007ff94ee60000 - 0x00007ff94ee69000 	C:\Xilinx\SDK\2015.2\lib\win64.o\libboost_system.dll
0x00007ff948d90000 - 0x00007ff948dad000 	C:\Xilinx\SDK\2015.2\lib\win64.o\libboost_thread.dll
0x00007ff93a000000 - 0x00007ff93a080000 	C:\Xilinx\SDK\2015.2\lib\win64.o\libhdlpsolve.dll
0x00007ff938ae0000 - 0x00007ff938b7a000 	C:\Xilinx\SDK\2015.2\lib\win64.o\libhdxml.dll
0x00007ff905780000 - 0x00007ff905d8a200 	C:\Xilinx\SDK\2015.2\lib\win64.o\libisl_iostreams.dll
0x00007ff940030000 - 0x00007ff940053000 	C:\Xilinx\SDK\2015.2\lib\win64.o\libisl_iosutils.dll
0x00007ff94b620000 - 0x00007ff94b635000 	C:\Xilinx\SDK\2015.2\lib\win64.o\pthreadVC2.dll
0x00007ff954db0000 - 0x00007ff954dc0000 	C:\Xilinx\SDK\2015.2\lib\win64.o\libboost_date_time.dll
0x00007ff938020000 - 0x00007ff938150000 	C:\Xilinx\SDK\2015.2\lib\win64.o\librdi_curl.dll
0x00007ff948300000 - 0x00007ff948318000 	C:\Xilinx\SDK\2015.2\lib\win64.o\librdiconfig.dll
0x00007ff93eb70000 - 0x00007ff93eb93000 	C:\Xilinx\SDK\2015.2\lib\win64.o\librdizlib.dll
0x00000000593b0000 - 0x00000000594d7000 	C:\Xilinx\SDK\2015.2\lib\win64.o\tcl85t.dll
0x00007ff94e9f0000 - 0x00007ff94eb86000 	C:\WINDOWS\SYSTEM32\urlmon.dll
0x0000000022440000 - 0x00000000226a3000 	C:\Xilinx\SDK\2015.2\lib\win64.o\xerces-c_3_1.dll
0x00007ff94ba80000 - 0x00007ff94baa3000 	C:\WINDOWS\SYSTEM32\VCOMP110.DLL
0x00007ff93c3e0000 - 0x00007ff93c423000 	C:\Xilinx\SDK\2015.2\lib\win64.o\librdi_hdf.dll
0x00007ff904a10000 - 0x00007ff904bca000 	C:\Xilinx\SDK\2015.2\lib\win64.o\librdi_ippcw.dll
0x00007ff94d2a0000 - 0x00007ff94d2b7000 	C:\WINDOWS\SYSTEM32\NETAPI32.dll
0x00007ff94ddd0000 - 0x00007ff94dddb000 	C:\Xilinx\SDK\2015.2\lib\win64.o\libboost_chrono.dll
0x00007ff947fb0000 - 0x00007ff947fc6000 	C:\Xilinx\SDK\2015.2\lib\win64.o\libboost_iostreams.dll
0x00007ff953aa0000 - 0x00007ff953e16000 	C:\WINDOWS\SYSTEM32\iertutil.dll
0x00007ff95a3c0000 - 0x00007ff95a3d6000 	C:\WINDOWS\SYSTEM32\wkscli.dll
0x00007ff95d850000 - 0x00007ff95d876000 	C:\WINDOWS\SYSTEM32\srvcli.dll
0x00007ff95d820000 - 0x00007ff95d82c000 	C:\WINDOWS\SYSTEM32\netutils.dll
0x00007ff957120000 - 0x00007ff957127000 	C:\WINDOWS\SYSTEM32\msimg32.dll
0x00007ff946260000 - 0x00007ff94627c000 	C:\Xilinx\SDK\2015.2\lib\win64.o\librdi_hw_platform.dll
0x00007ff9480e0000 - 0x00007ff94810f000 	C:\WINDOWS\SYSTEM32\edputil.dll
0x00007ff959170000 - 0x00007ff9592a1000 	C:\WINDOWS\SYSTEM32\wintypes.dll
0x00007ff95c170000 - 0x00007ff95c1a9000 	C:\WINDOWS\SYSTEM32\policymanager.dll
0x00007ff95bfa0000 - 0x00007ff95bfd6000 	C:\WINDOWS\SYSTEM32\XmlLite.dll
0x00007ff95c0d0000 - 0x00007ff95c162000 	C:\WINDOWS\SYSTEM32\msvcp110_win.dll
0x00007ff909b50000 - 0x00007ff909f5a000 	C:\Xilinx\SDK\2015.2\lib\win64.o\librdi_commontasks.dll

VM Arguments:
jvm_args: -Dcom.xilinx.sdk.args.hwspec=C:/Users/mr_co_000/Documents/GitHub/ECE495/Lab/Lab5/lab5/lab5.sdk/design_1_wrapper.hdf -Xms64m -Xmx512m & 
java_command: <unknown>
java_class_path (initial): C:\Xilinx\SDK\2015.2\eclipse\win64.o\\plugins/org.eclipse.equinox.launcher_1.3.0.v20130327-1440.jar
Launcher Type: generic

Environment Variables:
USERNAME=mr_co_000
OS=Windows_NT
PROCESSOR_IDENTIFIER=Intel64 Family 6 Model 69 Stepping 1, GenuineIntel



---------------  S Y S T E M  ---------------

OS: Windows 8 , 64 bit Build 9200 

CPU:total 4 (2 cores per cpu, 2 threads per core) family 6 model 69 stepping 1, cmov, cx8, fxsr, mmx, sse, sse2, sse3, ssse3, sse4.1, sse4.2, popcnt, avx, avx2, aes, clmul, erms, lzcnt, ht, tsc, tscinvbit, bmi1, bmi2

Memory: 4k page, physical 4097768k(592856k free), swap 7749560k(1302928k free)

vm_info: Java HotSpot(TM) 64-Bit Server VM (25.25-b02) for windows-amd64 JRE (1.8.0_25-b18), built on Oct  7 2014 14:25:37 by "java_re" with MS VC++ 10.0 (VS2010)

time: Tue Nov 24 20:20:15 2015
elapsed time: 220 seconds (0d 0h 3m 40s)

