#
# A fatal error has been detected by the Java Runtime Environment:
#
#  Internal Error (0xc000000d), pid=3856, tid=8836
#
# JRE version: Java(TM) SE Runtime Environment (8.0_25-b18) (build 1.8.0_25-b18)
# Java VM: Java HotSpot(TM) 64-Bit Server VM (25.25-b02 mixed mode windows-amd64 compressed oops)
# Problematic frame:
# C  [ntdll.dll+0xf5920]
#
# Failed to write core dump. Minidumps are not enabled by default on client versions of Windows
#
# If you would like to submit a bug report, please visit:
#   http://bugreport.sun.com/bugreport/crash.jsp
#

---------------  T H R E A D  ---------------

Current thread (0x0000000013907000):  VMThread [stack: 0x0000000014990000,0x0000000014a90000] [id=8836]

siginfo: ExceptionCode=0xc000000d

Registers:
RAX=0x0000000000000000, RBX=0xfffffffffffffffe, RCX=0x0000000000000000, RDX=0x0000000000000000
RSP=0x0000000014a8f270, RBP=0x00007ff93f647408, RSI=0x0000000000000000, RDI=0x000000000000012c
R8 =0x00007ff961ba655c, R9 =0x000000000014f7b0, R10=0x000000000014f7b0, R11=0x0000000000000000
R12=0x0000000025e790c0, R13=0x0000000021e1b760, R14=0x0000000025e791c8, R15=0x0000000014a8f3e8
RIP=0x00007ff961c55920, EFLAGS=0x0000000000000206

Top of Stack: (sp=0x0000000014a8f270)
0x0000000014a8f270:   0000000000000000 fffffffffffffffe
0x0000000014a8f280:   0000000000000000 000000000000012c
0x0000000014a8f290:   00000000c000000d 0000000000000000
0x0000000014a8f2a0:   00007ff961c55920 0000000000000000
0x0000000014a8f2b0:   0000000000000000 0000000000000000
0x0000000014a8f2c0:   0000000000000000 0000000000000000
0x0000000014a8f2d0:   0000000000000000 0000000000000000
0x0000000014a8f2e0:   0000000000000000 0000000000000000
0x0000000014a8f2f0:   0000000000000000 0000000000000000
0x0000000014a8f300:   0000000000000000 0000000000000000
0x0000000014a8f310:   0000000000000000 0000000000000000
0x0000000014a8f320:   0000000000000000 0000000000000000
0x0000000014a8f330:   0000dde7b331a2a5 0000000000000000
0x0000000014a8f340:   0000000000000000 00007ff961c09e6d
0x0000000014a8f350:   0000000000000000 0000000000000000
0x0000000014a8f360:   0000000000000000 0000000000000000 

Instructions: (pc=0x00007ff961c55920)
0x00007ff961c55900:   28 fa ff c7 44 24 20 0d 00 00 c0 b9 57 00 00 00
0x00007ff961c55910:   e8 7b 97 f1 ff 90 48 8d 4c 24 20 e8 80 c5 f1 ff
0x00007ff961c55920:   eb 00 48 8b 8c 24 c0 00 00 00 48 33 cc e8 4e e3
0x00007ff961c55930:   f8 ff 48 81 c4 d8 00 00 00 c3 40 55 48 83 ec 20 


Register to memory mapping:

RAX=0x0000000000000000 is an unknown value
RBX=0xfffffffffffffffe is an unknown value
RCX=0x0000000000000000 is an unknown value
RDX=0x0000000000000000 is an unknown value
RSP=0x0000000014a8f270 is an unknown value
RBP=0x00007ff93f647408 is an unknown value
RSI=0x0000000000000000 is an unknown value
RDI=0x000000000000012c is an unknown value
R8 =0x00007ff961ba655c is an unknown value
R9 =0x000000000014f7b0 is pointing into the stack for thread: 0x00000000025ce800
R10=0x000000000014f7b0 is pointing into the stack for thread: 0x00000000025ce800
R11=0x0000000000000000 is an unknown value
R12=0x0000000025e790c0 is an unknown value
R13=0x0000000021e1b760 is an unknown value
R14=0x0000000025e791c8 is an unknown value
R15=0x0000000014a8f3e8 is an unknown value


Stack: [0x0000000014990000,0x0000000014a90000],  sp=0x0000000014a8f270,  free space=1020k
Native frames: (J=compiled Java code, j=interpreted, Vv=VM code, C=native code)
C  [ntdll.dll+0xf5920]
C  [ntdll.dll+0xa9e6d]
C  [KERNEL32.DLL+0x228da]
C  [MSVCR110.dll+0x752d]
C  [MSVCR110.dll+0x14cde]
C  [MSVCR110.dll+0x13edc]
C  [MSVCR110.dll+0x239e]
C  [MSVCR110.dll+0xaf9e]
C  [MSVCP110.dll+0x397b9]
C  [librdi_common.dll+0x135d02]
C  [librdi_common.dll+0x13447b]
C  0x00007ff94cd62400
C  0x00007ff94cd62682
C  [ntdll.dll+0x23d70]
C  [ntdll.dll+0x4638a]
C  [ntdll.dll+0x46224]
C  [KERNEL32.DLL+0x1ef5a]
C  [MSVCR100.dll+0x20ccd]
V  [jvm.dll+0x1f9c55]
V  [jvm.dll+0x2325e7]
V  [jvm.dll+0x231826]
V  [jvm.dll+0x231cc1]
V  [jvm.dll+0x231ede]
V  [jvm.dll+0x2852fa]
C  [MSVCR100.dll+0x21d9f]
C  [MSVCR100.dll+0x21e3b]
C  [KERNEL32.DLL+0x12d92]
C  [ntdll.dll+0x9f64]

VM_Operation (0x000000000014f500): Exit, mode: safepoint, requested by thread 0x00000000025ce800


---------------  P R O C E S S  ---------------

Java Threads: ( => current thread )
  0x00000000193a2800 JavaThread "Thread-20" daemon [_thread_blocked, id=1860, stack(0x0000000028c90000,0x0000000028d90000)]
  0x00000000171fa800 JavaThread "TCF Locator DNS Lookup" daemon [_thread_blocked, id=20468, stack(0x0000000021430000,0x0000000021530000)]
  0x00000000171f9000 JavaThread "TCF Locator Timer" daemon [_thread_blocked, id=7688, stack(0x0000000021330000,0x0000000021430000)]
  0x00000000171fd800 JavaThread "TCF Locator Receiver" daemon [_thread_in_native, id=12576, stack(0x0000000021230000,0x0000000021330000)]
  0x000000001939f800 JavaThread "TCF Timer Dispatcher" daemon [_thread_blocked, id=15340, stack(0x0000000021030000,0x0000000021130000)]
  0x00000000164f1000 JavaThread "EMF Reference Cleaner" daemon [_thread_blocked, id=2664, stack(0x00000000181b0000,0x00000000182b0000)]
  0x00000000151a8800 JavaThread "Service Thread" daemon [_thread_blocked, id=17584, stack(0x0000000015590000,0x0000000015690000)]
  0x0000000013949000 JavaThread "C1 CompilerThread2" daemon [_thread_blocked, id=6652, stack(0x0000000015090000,0x0000000015190000)]
  0x0000000013947800 JavaThread "C2 CompilerThread1" daemon [_thread_blocked, id=20536, stack(0x0000000014f90000,0x0000000015090000)]
  0x000000001393f800 JavaThread "C2 CompilerThread0" daemon [_thread_blocked, id=12004, stack(0x0000000014e90000,0x0000000014f90000)]
  0x000000001393e000 JavaThread "Attach Listener" daemon [_thread_blocked, id=11048, stack(0x0000000014d90000,0x0000000014e90000)]
  0x000000001393c800 JavaThread "Signal Dispatcher" daemon [_thread_blocked, id=3148, stack(0x0000000014c90000,0x0000000014d90000)]
  0x0000000013908800 JavaThread "Finalizer" daemon [_thread_blocked, id=4356, stack(0x0000000014b90000,0x0000000014c90000)]
  0x00000000024de800 JavaThread "Reference Handler" daemon [_thread_blocked, id=21936, stack(0x0000000014a90000,0x0000000014b90000)]
  0x00000000025ce800 JavaThread "main" [_thread_blocked, id=19072, stack(0x0000000000050000,0x0000000000150000)]

Other Threads:
=>0x0000000013907000 VMThread [stack: 0x0000000014990000,0x0000000014a90000] [id=8836]

VM state:at safepoint (shutting down)

VM Mutex/Monitor currently owned by a thread:  ([mutex/lock_event])
[0x00000000025cde50] Threads_lock - owner thread: 0x0000000013907000

Heap:
 PSYoungGen      total 105472K, used 96614K [0x00000000f5580000, 0x00000000fdb00000, 0x0000000100000000)
  eden space 77312K, 99% used [0x00000000f5580000,0x00000000fa041058,0x00000000fa100000)
  from space 28160K, 71% used [0x00000000fbf80000,0x00000000fd318858,0x00000000fdb00000)
  to   space 29696K, 0% used [0x00000000fa100000,0x00000000fa100000,0x00000000fbe00000)
 ParOldGen       total 86528K, used 42288K [0x00000000e0000000, 0x00000000e5480000, 0x00000000f5580000)
  object space 86528K, 48% used [0x00000000e0000000,0x00000000e294c210,0x00000000e5480000)
 Metaspace       used 84694K, capacity 90842K, committed 91028K, reserved 1128448K
  class space    used 10473K, capacity 12406K, committed 12436K, reserved 1048576K

Card table byte_map: [0x0000000011990000,0x0000000011aa0000] byte_map_base: 0x0000000011290000

Marking Bits: (ParMarkBitMap*) 0x0000000059cbd490
 Begin Bits: [0x0000000011ea0000, 0x00000000126a0000)
 End Bits:   [0x00000000126a0000, 0x0000000012ea0000)

Polling page: 0x0000000000a70000

CodeCache: size=245760Kb used=36553Kb max_used=36897Kb free=209206Kb
 bounds [0x00000000025d0000, 0x0000000004a20000, 0x00000000115d0000]
 total_blobs=11309 nmethods=10452 adapters=764
 compilation: enabled

Compilation events (10 events):
Event: 1086.546 Thread 0x000000001393f800 12893       4       java.io.File::<init> (113 bytes)
Event: 1086.560 Thread 0x000000001393f800 nmethod 12893 0x000000000428ae10 code [0x000000000428afe0, 0x000000000428b6b0]
Event: 1086.565 Thread 0x0000000013949000 12895       3       java.io.File::list (33 bytes)
Event: 1086.566 Thread 0x0000000013949000 nmethod 12895 0x000000000426f550 code [0x000000000426f720, 0x000000000426fe48]
Event: 1086.643 Thread 0x0000000013949000 12896   !   3       org.eclipse.osgi.internal.baseadaptor.BaseStorage::compact (215 bytes)
Event: 1086.646 Thread 0x0000000013949000 nmethod 12896 0x00000000042d6090 code [0x00000000042d64c0, 0x00000000042d8928]
Event: 1086.716 Thread 0x0000000013949000 12897       3       org.eclipse.osgi.framework.internal.core.AbstractBundle::close (52 bytes)
Event: 1086.717 Thread 0x0000000013949000 nmethod 12897 0x000000000329c350 code [0x000000000329c580, 0x000000000329d268]
Event: 1086.717 Thread 0x0000000013949000 12898       3       java.lang.Exception::<init> (5 bytes)
Event: 1086.720 Thread 0x0000000013949000 nmethod 12898 0x0000000002c05d90 code [0x0000000002c05f00, 0x0000000002c06228]

GC Heap History (10 events):
Event: 153.562 GC heap before
{Heap before GC invocations=19 (full 3):
 PSYoungGen      total 96768K, used 90667K [0x00000000f5580000, 0x00000000fd880000, 0x0000000100000000)
  eden space 71168K, 100% used [0x00000000f5580000,0x00000000f9b00000,0x00000000f9b00000)
  from space 25600K, 76% used [0x00000000f9b00000,0x00000000fae0ad80,0x00000000fb400000)
  to   space 27136K, 0% used [0x00000000fbe00000,0x00000000fbe00000,0x00000000fd880000)
 ParOldGen       total 86528K, used 42248K [0x00000000e0000000, 0x00000000e5480000, 0x00000000f5580000)
  object space 86528K, 48% used [0x00000000e0000000,0x00000000e2942210,0x00000000e5480000)
 Metaspace       used 79740K, capacity 85858K, committed 86036K, reserved 1124352K
  class space    used 10113K, capacity 11969K, committed 12052K, reserved 1048576K
Event: 153.584 GC heap after
Heap after GC invocations=19 (full 3):
 PSYoungGen      total 103936K, used 17476K [0x00000000f5580000, 0x00000000fd700000, 0x0000000100000000)
  eden space 78336K, 0% used [0x00000000f5580000,0x00000000f5580000,0x00000000fa200000)
  from space 25600K, 68% used [0x00000000fbe00000,0x00000000fcf112c8,0x00000000fd700000)
  to   space 27136K, 0% used [0x00000000fa200000,0x00000000fa200000,0x00000000fbc80000)
 ParOldGen       total 86528K, used 42256K [0x00000000e0000000, 0x00000000e5480000, 0x00000000f5580000)
  object space 86528K, 48% used [0x00000000e0000000,0x00000000e2944210,0x00000000e5480000)
 Metaspace       used 79740K, capacity 85858K, committed 86036K, reserved 1124352K
  class space    used 10113K, capacity 11969K, committed 12052K, reserved 1048576K
}
Event: 224.823 GC heap before
{Heap before GC invocations=20 (full 3):
 PSYoungGen      total 103936K, used 95812K [0x00000000f5580000, 0x00000000fd700000, 0x0000000100000000)
  eden space 78336K, 100% used [0x00000000f5580000,0x00000000fa200000,0x00000000fa200000)
  from space 25600K, 68% used [0x00000000fbe00000,0x00000000fcf112c8,0x00000000fd700000)
  to   space 27136K, 0% used [0x00000000fa200000,0x00000000fa200000,0x00000000fbc80000)
 ParOldGen       total 86528K, used 42256K [0x00000000e0000000, 0x00000000e5480000, 0x00000000f5580000)
  object space 86528K, 48% used [0x00000000e0000000,0x00000000e2944210,0x00000000e5480000)
 Metaspace       used 80458K, capacity 86376K, committed 86548K, reserved 1124352K
  class space    used 10158K, capacity 11970K, committed 12052K, reserved 1048576K
Event: 224.847 GC heap after
Heap after GC invocations=20 (full 3):
 PSYoungGen      total 105472K, used 18134K [0x00000000f5580000, 0x00000000fdc00000, 0x0000000100000000)
  eden space 78336K, 0% used [0x00000000f5580000,0x00000000f5580000,0x00000000fa200000)
  from space 27136K, 66% used [0x00000000fa200000,0x00000000fb3b5bb0,0x00000000fbc80000)
  to   space 27648K, 0% used [0x00000000fc100000,0x00000000fc100000,0x00000000fdc00000)
 ParOldGen       total 86528K, used 42264K [0x00000000e0000000, 0x00000000e5480000, 0x00000000f5580000)
  object space 86528K, 48% used [0x00000000e0000000,0x00000000e2946210,0x00000000e5480000)
 Metaspace       used 80458K, capacity 86376K, committed 86548K, reserved 1124352K
  class space    used 10158K, capacity 11970K, committed 12052K, reserved 1048576K
}
Event: 331.009 GC heap before
{Heap before GC invocations=21 (full 3):
 PSYoungGen      total 105472K, used 96470K [0x00000000f5580000, 0x00000000fdc00000, 0x0000000100000000)
  eden space 78336K, 100% used [0x00000000f5580000,0x00000000fa200000,0x00000000fa200000)
  from space 27136K, 66% used [0x00000000fa200000,0x00000000fb3b5bb0,0x00000000fbc80000)
  to   space 27648K, 0% used [0x00000000fc100000,0x00000000fc100000,0x00000000fdc00000)
 ParOldGen       total 86528K, used 42264K [0x00000000e0000000, 0x00000000e5480000, 0x00000000f5580000)
  object space 86528K, 48% used [0x00000000e0000000,0x00000000e2946210,0x00000000e5480000)
 Metaspace       used 81782K, capacity 87924K, committed 88212K, reserved 1126400K
  class space    used 10230K, capacity 12100K, committed 12180K, reserved 1048576K
Event: 331.034 GC heap after
Heap after GC invocations=21 (full 3):
 PSYoungGen      total 109056K, used 19371K [0x00000000f5580000, 0x00000000fdd80000, 0x0000000100000000)
  eden space 81408K, 0% used [0x00000000f5580000,0x00000000f5580000,0x00000000fa500000)
  from space 27648K, 70% used [0x00000000fc100000,0x00000000fd3eaca8,0x00000000fdc00000)
  to   space 28672K, 0% used [0x00000000fa500000,0x00000000fa500000,0x00000000fc100000)
 ParOldGen       total 86528K, used 42272K [0x00000000e0000000, 0x00000000e5480000, 0x00000000f5580000)
  object space 86528K, 48% used [0x00000000e0000000,0x00000000e2948210,0x00000000e5480000)
 Metaspace       used 81782K, capacity 87924K, committed 88212K, reserved 1126400K
  class space    used 10230K, capacity 12100K, committed 12180K, reserved 1048576K
}
Event: 414.361 GC heap before
{Heap before GC invocations=22 (full 3):
 PSYoungGen      total 109056K, used 100779K [0x00000000f5580000, 0x00000000fdd80000, 0x0000000100000000)
  eden space 81408K, 100% used [0x00000000f5580000,0x00000000fa500000,0x00000000fa500000)
  from space 27648K, 70% used [0x00000000fc100000,0x00000000fd3eaca8,0x00000000fdc00000)
  to   space 28672K, 0% used [0x00000000fa500000,0x00000000fa500000,0x00000000fc100000)
 ParOldGen       total 86528K, used 42272K [0x00000000e0000000, 0x00000000e5480000, 0x00000000f5580000)
  object space 86528K, 48% used [0x00000000e0000000,0x00000000e2948210,0x00000000e5480000)
 Metaspace       used 82875K, capacity 88774K, committed 88980K, reserved 1126400K
  class space    used 10309K, capacity 12165K, committed 12180K, reserved 1048576K
Event: 414.387 GC heap after
Heap after GC invocations=22 (full 3):
 PSYoungGen      total 98816K, used 18963K [0x00000000f5580000, 0x00000000fdc00000, 0x0000000100000000)
  eden space 79360K, 0% used [0x00000000f5580000,0x00000000f5580000,0x00000000fa300000)
  from space 19456K, 97% used [0x00000000fa500000,0x00000000fb784e68,0x00000000fb800000)
  to   space 29184K, 0% used [0x00000000fbf80000,0x00000000fbf80000,0x00000000fdc00000)
 ParOldGen       total 86528K, used 42280K [0x00000000e0000000, 0x00000000e5480000, 0x00000000f5580000)
  object space 86528K, 48% used [0x00000000e0000000,0x00000000e294a210,0x00000000e5480000)
 Metaspace       used 82875K, capacity 88774K, committed 88980K, reserved 1126400K
  class space    used 10309K, capacity 12165K, committed 12180K, reserved 1048576K
}
Event: 539.537 GC heap before
{Heap before GC invocations=23 (full 3):
 PSYoungGen      total 98816K, used 98323K [0x00000000f5580000, 0x00000000fdc00000, 0x0000000100000000)
  eden space 79360K, 100% used [0x00000000f5580000,0x00000000fa300000,0x00000000fa300000)
  from space 19456K, 97% used [0x00000000fa500000,0x00000000fb784e68,0x00000000fb800000)
  to   space 29184K, 0% used [0x00000000fbf80000,0x00000000fbf80000,0x00000000fdc00000)
 ParOldGen       total 86528K, used 42280K [0x00000000e0000000, 0x00000000e5480000, 0x00000000f5580000)
  object space 86528K, 48% used [0x00000000e0000000,0x00000000e294a210,0x00000000e5480000)
 Metaspace       used 83666K, capacity 89890K, committed 90132K, reserved 1126400K
  class space    used 10369K, capacity 12305K, committed 12308K, reserved 1048576K
Event: 539.564 GC heap after
Heap after GC invocations=23 (full 3):
 PSYoungGen      total 105472K, used 20066K [0x00000000f5580000, 0x00000000fdb00000, 0x0000000100000000)
  eden space 77312K, 0% used [0x00000000f5580000,0x00000000f5580000,0x00000000fa100000)
  from space 28160K, 71% used [0x00000000fbf80000,0x00000000fd318858,0x00000000fdb00000)
  to   space 29696K, 0% used [0x00000000fa100000,0x00000000fa100000,0x00000000fbe00000)
 ParOldGen       total 86528K, used 42288K [0x00000000e0000000, 0x00000000e5480000, 0x00000000f5580000)
  object space 86528K, 48% used [0x00000000e0000000,0x00000000e294c210,0x00000000e5480000)
 Metaspace       used 83666K, capacity 89890K, committed 90132K, reserved 1126400K
  class space    used 10369K, capacity 12305K, committed 12308K, reserved 1048576K
}

Deoptimization events (10 events):
Event: 1085.210 Thread 0x00000000171fc000 Uncommon trap: reason=bimorphic action=maybe_recompile pc=0x000000000307addc method=java.util.Properties.load0(Ljava/util/Properties$LineReader;)V @ 242
Event: 1085.312 Thread 0x00000000025ce800 Uncommon trap: reason=unreached action=reinterpret pc=0x00000000047f69a0 method=org.eclipse.e4.ui.internal.workbench.swt.PartRenderingEngine.someAreVisible(Ljava/util/List;)Z @ 41
Event: 1085.369 Thread 0x0000000017200800 Uncommon trap: reason=unreached action=reinterpret pc=0x00000000043c2d70 method=org.eclipse.core.internal.jobs.JobManager.createMonitor(Lorg/eclipse/core/runtime/jobs/Job;)Lorg/eclipse/core/runtime/IProgressMonitor; @ 6
Event: 1085.516 Thread 0x00000000025ce800 Uncommon trap: reason=class_check action=maybe_recompile pc=0x00000000049c36d4 method=org.eclipse.e4.core.internal.contexts.TrackableComputationExt.update(Lorg/eclipse/e4/core/internal/contexts/ContextChangeEvent;)Z @ 62
Event: 1085.516 Thread 0x00000000025ce800 Uncommon trap: reason=class_check action=maybe_recompile pc=0x00000000049c36d4 method=org.eclipse.e4.core.internal.contexts.TrackableComputationExt.update(Lorg/eclipse/e4/core/internal/contexts/ContextChangeEvent;)Z @ 62
Event: 1085.516 Thread 0x00000000025ce800 Uncommon trap: reason=class_check action=maybe_recompile pc=0x00000000049c36d4 method=org.eclipse.e4.core.internal.contexts.TrackableComputationExt.update(Lorg/eclipse/e4/core/internal/contexts/ContextChangeEvent;)Z @ 62
Event: 1086.327 Thread 0x00000000025ce800 Uncommon trap: reason=null_check action=make_not_entrant pc=0x0000000002fe83f4 method=org.eclipse.core.runtime.internal.adaptor.EclipseLazyStarter.shouldActivateFor(Ljava/lang/String;Lorg/eclipse/osgi/baseadaptor/BaseData;Lorg/eclipse/core/runtime/internalX
ªÓO˘ê@
Event: 1086.328 Thread 0x00000000025ce800 Uncommon trap: reason=class_check action=maybe_recompile pc=0x00000000045004d8 method=org.eclipse.swt.widgets.Display.asyncExec(Ljava/lang/Runnable;)V @ 54
Event: 1086.328 Thread 0x00000000025ce800 Uncommon trap: reason=class_check action=maybe_recompile pc=0x00000000045004d8 method=org.eclipse.swt.widgets.Display.asyncExec(Ljava/lang/Runnable;)V @ 54
Event: 1086.468 Thread 0x00000000171f8000 Uncommon trap: reason=unreached action=reinterpret pc=0x0000000004a0fca4 method=org.eclipse.core.internal.jobs.JobManager.nextJob()Lorg/eclipse/core/runtime/jobs/Job; @ 80

Internal exceptions (10 events):
Event: 1084.090 Thread 0x00000000025ce800 Implicit null exception at 0x0000000003a4710c to 0x0000000003a47169
Event: 1084.356 Thread 0x000000001939e000 Exception <a 'java/lang/InterruptedException'> (0x00000000f8832f70) thrown at [D:\re\workspace\8-2-build-windows-amd64-cygwin\jdk8u25\1677\hotspot\src\share\vm\runtime\objectMonitor.cpp, line 1682]
Event: 1084.400 Thread 0x00000000193a1000 Exception <a 'java/lang/InterruptedException'> (0x00000000f8a237e8) thrown at [D:\re\workspace\8-2-build-windows-amd64-cygwin\jdk8u25\1677\hotspot\src\share\vm\runtime\objectMonitor.cpp, line 1682]
Event: 1084.407 Thread 0x00000000171f8000 Exception <a 'java/lang/InterruptedException'> (0x00000000f8a3b408) thrown at [D:\re\workspace\8-2-build-windows-amd64-cygwin\jdk8u25\1677\hotspot\src\share\vm\runtime\objectMonitor.cpp, line 1682]
Event: 1085.660 Thread 0x0000000017204800 Exception <a 'java/lang/InterruptedException'> (0x00000000f9c1e968) thrown at [D:\re\workspace\8-2-build-windows-amd64-cygwin\jdk8u25\1677\hotspot\src\share\vm\runtime\objectMonitor.cpp, line 1682]
Event: 1086.327 Thread 0x00000000025ce800 Implicit null exception at 0x0000000002fe78fb to 0x0000000002fe83e9
Event: 1086.500 Thread 0x000000001617f000 Exception <a 'java/lang/InterruptedException': sleep interrupted> (0x00000000f6c8cee0) thrown at [D:\re\workspace\8-2-build-windows-amd64-cygwin\jdk8u25\1677\hotspot\src\share\vm\prims\jvm.cpp, line 3141]
Event: 1086.502 Thread 0x000000001939d000 Exception <a 'java/lang/InterruptedException'> (0x00000000f9eb8980) thrown at [D:\re\workspace\8-2-build-windows-amd64-cygwin\jdk8u25\1677\hotspot\src\share\vm\runtime\objectMonitor.cpp, line 1682]
Event: 1086.503 Thread 0x0000000016689800 Exception <a 'java/lang/InterruptedException'> (0x00000000f9ecd040) thrown at [D:\re\workspace\8-2-build-windows-amd64-cygwin\jdk8u25\1677\hotspot\src\share\vm\runtime\objectMonitor.cpp, line 1682]
Event: 1086.716 Thread 0x00000000152d6000 Exception <a 'java/lang/InterruptedException'> (0x00000000f9eb73e0) thrown at [D:\re\workspace\8-2-build-windows-amd64-cygwin\jdk8u25\1677\hotspot\src\share\vm\runtime\objectMonitor.cpp, line 1682]

Events (10 events):
Event: 1086.720 loading class java/util/IdentityHashMap$KeyIterator done
Event: 1086.720 Thread 0x00000000171fe000 Thread added: 0x00000000171fe000
Event: 1086.721 Executing VM operation: RevokeBias
Event: 1086.721 Executing VM operation: RevokeBias done
Event: 1086.721 Executing VM operation: RevokeBias
Event: 1086.721 Executing VM operation: RevokeBias done
Event: 1086.722 Executing VM operation: RevokeBias
Event: 1086.722 Executing VM operation: RevokeBias done
Event: 1086.722 Thread 0x00000000171fe000 Thread exited: 0x00000000171fe000
Event: 1086.723 Executing VM operation: Exit


Dynamic libraries:
0x0000000000400000 - 0x000000000044f000 	C:\Xilinx\SDK\2015.2\eclipse\win64.o\eclipse.exe
0x00007ff961b60000 - 0x00007ff961d21000 	C:\WINDOWS\SYSTEM32\ntdll.dll
0x00007ff95fd20000 - 0x00007ff95fdcd000 	C:\WINDOWS\system32\KERNEL32.DLL
0x00007ff95f050000 - 0x00007ff95f22d000 	C:\WINDOWS\system32\KERNELBASE.dll
0x00007ff95fae0000 - 0x00007ff95fc2e000 	C:\WINDOWS\system32\USER32.dll
0x00007ff961610000 - 0x00007ff961796000 	C:\WINDOWS\system32\GDI32.dll
0x00007ff95f610000 - 0x00007ff95f6ad000 	C:\WINDOWS\system32\msvcrt.dll
0x00007ff956ea0000 - 0x00007ff957114000 	C:\WINDOWS\WinSxS\amd64_microsoft.windows.common-controls_6595b64144ccf1df_6.0.10240.16384_none_f41f7b285750ef43\COMCTL32.dll
0x00007ff95fce0000 - 0x00007ff95fd16000 	C:\WINDOWS\system32\IMM32.DLL
0x00007ff95f4b0000 - 0x00007ff95f60c000 	C:\WINDOWS\system32\MSCTF.dll
0x0000000072000000 - 0x0000000072012000 	C:\Xilinx\SDK\2015.2\eclipse\win64.o\plugins\org.eclipse.equinox.launcher.win32.win32.x86_64_1.1.200.v20140116-2212\eclipse_1503.dll
0x00007ff95fc30000 - 0x00007ff95fcd6000 	C:\WINDOWS\system32\ADVAPI32.dll
0x00007ff95f920000 - 0x00007ff95f97b000 	C:\WINDOWS\system32\sechost.dll
0x00007ff95f9b0000 - 0x00007ff95fad6000 	C:\WINDOWS\system32\RPCRT4.dll
0x00007ff956270000 - 0x00007ff95627a000 	C:\WINDOWS\SYSTEM32\VERSION.dll
0x00007ff95ce60000 - 0x00007ff95cef6000 	C:\WINDOWS\system32\uxtheme.dll
0x00007ff95f230000 - 0x00007ff95f4ac000 	C:\WINDOWS\system32\combase.dll
0x00007ff94d780000 - 0x00007ff94d822000 	C:\Program Files\Common Files\microsoft shared\ink\tiptsf.dll
0x00007ff95f860000 - 0x00007ff95f91e000 	C:\WINDOWS\system32\OLEAUT32.dll
0x00000000594e0000 - 0x0000000059d3a000 	C:\Xilinx\SDK\2015.2\tps\win64\jre\bin\server\jvm.dll
0x00007ff9617a0000 - 0x00007ff9617a8000 	C:\WINDOWS\system32\PSAPI.DLL
0x00007ff94d620000 - 0x00007ff94d629000 	C:\WINDOWS\SYSTEM32\WSOCK32.dll
0x00007ff95c9d0000 - 0x00007ff95c9f3000 	C:\WINDOWS\SYSTEM32\WINMM.dll
0x000000005bc20000 - 0x000000005bcf2000 	C:\WINDOWS\SYSTEM32\MSVCR100.dll
0x00007ff961af0000 - 0x00007ff961b59000 	C:\WINDOWS\system32\WS2_32.dll
0x00007ff961600000 - 0x00007ff961608000 	C:\WINDOWS\system32\NSI.dll
0x00000000003d0000 - 0x00000000003fc000 	C:\WINDOWS\SYSTEM32\WINMMBASE.dll
0x00007ff95ee90000 - 0x00007ff95eed4000 	C:\WINDOWS\system32\cfgmgr32.dll
0x00007ff95cf00000 - 0x00007ff95cf27000 	C:\WINDOWS\SYSTEM32\DEVOBJ.dll
0x00000000593a0000 - 0x00000000593af000 	C:\Xilinx\SDK\2015.2\tps\win64\jre\bin\verify.dll
0x0000000059370000 - 0x0000000059398000 	C:\Xilinx\SDK\2015.2\tps\win64\jre\bin\java.dll
0x0000000059350000 - 0x0000000059366000 	C:\Xilinx\SDK\2015.2\tps\win64\jre\bin\zip.dll
0x00007ff95fe30000 - 0x00007ff961352000 	C:\WINDOWS\system32\SHELL32.dll
0x00007ff95e630000 - 0x00007ff95ec58000 	C:\WINDOWS\system32\windows.storage.dll
0x00007ff95fdd0000 - 0x00007ff95fe21000 	C:\WINDOWS\system32\shlwapi.dll
0x00007ff95e5b0000 - 0x00007ff95e5bf000 	C:\WINDOWS\system32\kernel.appcore.dll
0x00007ff95eee0000 - 0x00007ff95ef93000 	C:\WINDOWS\system32\shcore.dll
0x00007ff95e5e0000 - 0x00007ff95e62a000 	C:\WINDOWS\system32\powrprof.dll
0x00007ff95e590000 - 0x00007ff95e5a3000 	C:\WINDOWS\system32\profapi.dll
0x00007ff95de60000 - 0x00007ff95de77000 	C:\WINDOWS\SYSTEM32\CRYPTSP.dll
0x00007ff95e4c0000 - 0x00007ff95e4e8000 	C:\WINDOWS\SYSTEM32\bcrypt.dll
0x00007ff95dab0000 - 0x00007ff95dae3000 	C:\WINDOWS\system32\rsaenh.dll
0x00007ff95dba0000 - 0x00007ff95dbbf000 	C:\WINDOWS\SYSTEM32\USERENV.dll
0x00007ff95e3b0000 - 0x00007ff95e41b000 	C:\WINDOWS\system32\bcryptprimitives.dll
0x00007ff95dfd0000 - 0x00007ff95dfdb000 	C:\WINDOWS\SYSTEM32\CRYPTBASE.dll
0x0000000059330000 - 0x000000005934a000 	C:\Xilinx\SDK\2015.2\tps\win64\jre\bin\net.dll
0x00007ff95de00000 - 0x00007ff95de5d000 	C:\WINDOWS\system32\mswsock.dll
0x00007ff956b40000 - 0x00007ff956b78000 	C:\WINDOWS\SYSTEM32\IPHLPAPI.DLL
0x00007ff956b30000 - 0x00007ff956b3b000 	C:\WINDOWS\SYSTEM32\WINNSI.DLL
0x00007ff955b30000 - 0x00007ff955b46000 	C:\WINDOWS\SYSTEM32\dhcpcsvc6.DLL
0x00007ff955a80000 - 0x00007ff955a9a000 	C:\WINDOWS\SYSTEM32\dhcpcsvc.DLL
0x0000000059310000 - 0x0000000059321000 	C:\Xilinx\SDK\2015.2\tps\win64\jre\bin\nio.dll
0x00007ff961900000 - 0x00007ff9619a5000 	C:\WINDOWS\system32\clbcatq.dll
0x00007ff94d630000 - 0x00007ff94d77c000 	C:\Windows\System32\uiautomationcore.dll
0x00007ff95e420000 - 0x00007ff95e4b8000 	C:\WINDOWS\SYSTEM32\sxs.dll
0x00007ff955570000 - 0x00007ff9555d9000 	C:\Windows\System32\OLEACC.dll
0x00007ff947b10000 - 0x00007ff947b25000 	C:\WINDOWS\system32\napinsp.dll
0x00007ff947af0000 - 0x00007ff947b0a000 	C:\WINDOWS\system32\pnrpnsp.dll
0x00007ff95c220000 - 0x00007ff95c238000 	C:\WINDOWS\system32\NLAapi.dll
0x00007ff95dc00000 - 0x00007ff95dca8000 	C:\WINDOWS\SYSTEM32\DNSAPI.dll
0x00007ff947ae0000 - 0x00007ff947aed000 	C:\WINDOWS\System32\winrnr.dll
0x00007ff947ac0000 - 0x00007ff947ad5000 	C:\WINDOWS\system32\wshbth.dll
0x00007ff9532f0000 - 0x00007ff9532fa000 	C:\Windows\System32\rasadhlp.dll
0x00007ff956200000 - 0x00007ff956268000 	C:\WINDOWS\System32\fwpuclnt.dll
0x00007ff9617b0000 - 0x00007ff9618f1000 	C:\WINDOWS\system32\ole32.dll
0x00000000186b0000 - 0x0000000018758000 	C:\Users\mr_co_000\.Xilinx\SDK\2015.2\org.eclipse.osgi\bundles\287\1\.cp\swt-win32-4335.dll
0x00007ff9619b0000 - 0x00007ff961a87000 	C:\WINDOWS\system32\comdlg32.dll
0x00007ff95ec60000 - 0x00007ff95ee21000 	C:\WINDOWS\system32\CRYPT32.dll
0x00007ff956e10000 - 0x00007ff956e94000 	C:\WINDOWS\SYSTEM32\WINSPOOL.DRV
0x00007ff95e5c0000 - 0x00007ff95e5d1000 	C:\WINDOWS\system32\MSASN1.dll
0x00007ff950bc0000 - 0x00007ff950bd8000 	C:\WINDOWS\SYSTEM32\USP10.dll
0x00007ff956360000 - 0x00007ff956607000 	C:\WINDOWS\SYSTEM32\WININET.dll
0x00007ff95b8f0000 - 0x00007ff95b912000 	C:\WINDOWS\system32\dwmapi.dll
0x00007ff95c3e0000 - 0x00007ff95c563000 	C:\WINDOWS\SYSTEM32\propsys.dll
0x00000000187b0000 - 0x00000000187ce000 	C:\Users\mr_co_000\.Xilinx\SDK\2015.2\org.eclipse.osgi\bundles\287\1\.cp\swt-gdip-win32-4335.dll
0x00007ff956c30000 - 0x00007ff956dd9000 	C:\WINDOWS\WinSxS\amd64_microsoft.windows.gdiplus_6595b64144ccf1df_1.1.10240.16384_none_89a94c179af51f83\gdiplus.dll
0x00007ff9575a0000 - 0x00007ff957752000 	C:\WINDOWS\SYSTEM32\WindowsCodecs.dll
0x0000000180000000 - 0x0000000180012000 	C:\Users\mr_co_000\.Xilinx\SDK\2015.2\org.eclipse.osgi\bundles\113\1\.cp\os\win32\x86_64\localfile_1_0_0.dll
0x00007ff94db50000 - 0x00007ff94db61000 	C:\Users\mr_co_000\.Xilinx\SDK\2015.2\org.eclipse.osgi\bundles\116\1\.cp\jWinHttp-1.0.0.dll
0x00007ff956040000 - 0x00007ff956116000 	C:\WINDOWS\SYSTEM32\WINHTTP.dll
0x00007ff95cf50000 - 0x00007ff95d03e000 	C:\WINDOWS\system32\twinapi.appcore.dll
0x00007ff94da00000 - 0x00007ff94daba000 	C:\WINDOWS\SYSTEM32\twinapi.dll
0x00007ff94dd80000 - 0x00007ff94dd90000 	C:\Xilinx\SDK\2015.2\lib\win64.o\librdi_repo_manager.dll
0x00007ff93f1e0000 - 0x00007ff93f20a000 	C:\Xilinx\SDK\2015.2\lib\win64.o\libisl_sysinfo.dll
0x00007ff905d90000 - 0x00007ff9066d3000 	C:\Xilinx\SDK\2015.2\lib\win64.o\librdi_common.dll
0x00007ff93ec10000 - 0x00007ff93ec64000 	C:\Xilinx\SDK\2015.2\lib\win64.o\librdi_commonxillic.dll
0x00007ff93fd90000 - 0x00007ff93fe37000 	C:\WINDOWS\SYSTEM32\MSVCP110.dll
0x00007ff93f640000 - 0x00007ff93f714000 	C:\WINDOWS\SYSTEM32\MSVCR110.dll
0x00007ff90b260000 - 0x00007ff90b448000 	C:\Xilinx\SDK\2015.2\lib\win64.o\librdi_hsm.dll
0x00007ff90b670000 - 0x00007ff90b918000 	C:\Xilinx\SDK\2015.2\lib\win64.o\libCOIN-all.dll
0x00007ff90b450000 - 0x00007ff90b670000 	C:\Xilinx\SDK\2015.2\lib\win64.o\libXil_lmgr11.dll
0x00007ff95ee30000 - 0x00007ff95ee84000 	C:\WINDOWS\system32\WINTRUST.dll
0x00007ff954db0000 - 0x00007ff954dc0000 	C:\Xilinx\SDK\2015.2\lib\win64.o\libboost_date_time.dll
0x00007ff940030000 - 0x00007ff940052000 	C:\Xilinx\SDK\2015.2\lib\win64.o\libboost_filesystem.dll
0x00007ff93a000000 - 0x00007ff93a074000 	C:\Xilinx\SDK\2015.2\lib\win64.o\libboost_program_options.dll
0x00007ff938050000 - 0x00007ff93814a000 	C:\Xilinx\SDK\2015.2\lib\win64.o\libboost_regex.dll
0x00007ff94ee60000 - 0x00007ff94ee69000 	C:\Xilinx\SDK\2015.2\lib\win64.o\libboost_system.dll
0x00007ff94b1b0000 - 0x00007ff94b1c3000 	C:\Xilinx\SDK\2015.2\lib\win64.o\libboost_signals.dll
0x00007ff938b00000 - 0x00007ff938b80000 	C:\Xilinx\SDK\2015.2\lib\win64.o\libhdlpsolve.dll
0x00007ff937fb0000 - 0x00007ff93804a000 	C:\Xilinx\SDK\2015.2\lib\win64.o\libhdxml.dll
0x00007ff905780000 - 0x00007ff905d8a200 	C:\Xilinx\SDK\2015.2\lib\win64.o\libisl_iostreams.dll
0x00007ff948d90000 - 0x00007ff948dad000 	C:\Xilinx\SDK\2015.2\lib\win64.o\libboost_thread.dll
0x00007ff93ed60000 - 0x00007ff93ed83000 	C:\Xilinx\SDK\2015.2\lib\win64.o\libisl_iosutils.dll
0x00007ff92e3f0000 - 0x00007ff92e520000 	C:\Xilinx\SDK\2015.2\lib\win64.o\librdi_curl.dll
0x00000000593b0000 - 0x00000000594d7000 	C:\Xilinx\SDK\2015.2\lib\win64.o\tcl85t.dll
0x00007ff94b9f0000 - 0x00007ff94ba05000 	C:\Xilinx\SDK\2015.2\lib\win64.o\pthreadVC2.dll
0x00007ff948300000 - 0x00007ff948318000 	C:\Xilinx\SDK\2015.2\lib\win64.o\librdiconfig.dll
0x00007ff94e9f0000 - 0x00007ff94eb86000 	C:\WINDOWS\SYSTEM32\urlmon.dll
0x00007ff94ba80000 - 0x00007ff94baa3000 	C:\WINDOWS\SYSTEM32\VCOMP110.DLL
0x0000000022de0000 - 0x0000000023043000 	C:\Xilinx\SDK\2015.2\lib\win64.o\xerces-c_3_1.dll
0x00007ff93c3e0000 - 0x00007ff93c423000 	C:\Xilinx\SDK\2015.2\lib\win64.o\librdi_hdf.dll
0x00007ff94d2a0000 - 0x00007ff94d2b7000 	C:\WINDOWS\SYSTEM32\NETAPI32.dll
0x00007ff90ace0000 - 0x00007ff90ae9a000 	C:\Xilinx\SDK\2015.2\lib\win64.o\librdi_ippcw.dll
0x00007ff947fb0000 - 0x00007ff947fc6000 	C:\Xilinx\SDK\2015.2\lib\win64.o\libboost_iostreams.dll
0x00007ff953aa0000 - 0x00007ff953e16000 	C:\WINDOWS\SYSTEM32\iertutil.dll
0x00007ff93ecd0000 - 0x00007ff93ecf3000 	C:\Xilinx\SDK\2015.2\lib\win64.o\librdizlib.dll
0x00007ff94ddd0000 - 0x00007ff94dddb000 	C:\Xilinx\SDK\2015.2\lib\win64.o\libboost_chrono.dll
0x00007ff95a3c0000 - 0x00007ff95a3d6000 	C:\WINDOWS\SYSTEM32\wkscli.dll
0x00007ff95d850000 - 0x00007ff95d876000 	C:\WINDOWS\SYSTEM32\srvcli.dll
0x00007ff95d820000 - 0x00007ff95d82c000 	C:\WINDOWS\SYSTEM32\netutils.dll
0x00007ff957120000 - 0x00007ff957127000 	C:\WINDOWS\SYSTEM32\msimg32.dll
0x00007ff946260000 - 0x00007ff94627c000 	C:\Xilinx\SDK\2015.2\lib\win64.o\librdi_hw_platform.dll
0x00007ff9480e0000 - 0x00007ff94810f000 	C:\WINDOWS\SYSTEM32\edputil.dll
0x00007ff959170000 - 0x00007ff9592a1000 	C:\WINDOWS\SYSTEM32\wintypes.dll
0x00007ff95c170000 - 0x00007ff95c1a9000 	C:\WINDOWS\SYSTEM32\policymanager.dll
0x00007ff95c0d0000 - 0x00007ff95c162000 	C:\WINDOWS\SYSTEM32\msvcp110_win.dll
0x00007ff95bfa0000 - 0x00007ff95bfd6000 	C:\WINDOWS\SYSTEM32\XmlLite.dll
0x00007ff909b50000 - 0x00007ff909f5a000 	C:\Xilinx\SDK\2015.2\lib\win64.o\librdi_commontasks.dll

VM Arguments:
jvm_args: -Dcom.xilinx.sdk.args.hwspec=C:/Users/mr_co_000/Documents/GitHub/ECE495/Lab/Lab5/lab5/lab5.sdk/design_1_wrapper.hdf -Xms64m -Xmx512m & 
java_command: <unknown>
java_class_path (initial): C:\Xilinx\SDK\2015.2\eclipse\win64.o\\plugins/org.eclipse.equinox.launcher_1.3.0.v20130327-1440.jar
Launcher Type: generic

Environment Variables:
USERNAME=mr_co_000
OS=Windows_NT
PROCESSOR_IDENTIFIER=Intel64 Family 6 Model 69 Stepping 1, GenuineIntel



---------------  S Y S T E M  ---------------

OS: Windows 8 , 64 bit Build 9200 

CPU:total 4 (2 cores per cpu, 2 threads per core) family 6 model 69 stepping 1, cmov, cx8, fxsr, mmx, sse, sse2, sse3, ssse3, sse4.1, sse4.2, popcnt, avx, avx2, aes, clmul, erms, lzcnt, ht, tsc, tscinvbit, bmi1, bmi2

Memory: 4k page, physical 4097768k(319304k free), swap 9584456k(1717132k free)

vm_info: Java HotSpot(TM) 64-Bit Server VM (25.25-b02) for windows-amd64 JRE (1.8.0_25-b18), built on Oct  7 2014 14:25:37 by "java_re" with MS VC++ 10.0 (VS2010)

time: Tue Nov 24 18:43:06 2015
elapsed time: 1088 seconds (0d 0h 18m 8s)

