#
# A fatal error has been detected by the Java Runtime Environment:
#
#  Internal Error (0xc000000d), pid=6900, tid=8684
#
# JRE version: Java(TM) SE Runtime Environment (8.0_25-b18) (build 1.8.0_25-b18)
# Java VM: Java HotSpot(TM) 64-Bit Server VM (25.25-b02 mixed mode windows-amd64 compressed oops)
# Problematic frame:
# C  [ntdll.dll+0xf5920]
#
# Failed to write core dump. Minidumps are not enabled by default on client versions of Windows
#
# If you would like to submit a bug report, please visit:
#   http://bugreport.sun.com/bugreport/crash.jsp
#

---------------  T H R E A D  ---------------

Current thread (0x0000000013957000):  VMThread [stack: 0x00000000149f0000,0x0000000014af0000] [id=8684]

siginfo: ExceptionCode=0xc000000d

Registers:
RAX=0x0000000016ddcc00, RBX=0xfffffffffffffffe, RCX=0x0000000016ddcc70, RDX=0x0000000016ddccd0
RSP=0x0000000014aef470, RBP=0x00007ff93f647408, RSI=0x0000000000000000, RDI=0x0000000000000e78
R8 =0x00007ff961ba655c, R9 =0x000000000014f7b0, R10=0x000000000014f7b0, R11=0x0000000016ddd270
R12=0x00000000262ee360, R13=0x0000000024e042a0, R14=0x00000000262ee468, R15=0x0000000014aef5e8
RIP=0x00007ff961c55920, EFLAGS=0x0000000000000206

Top of Stack: (sp=0x0000000014aef470)
0x0000000014aef470:   00000000009d07d0 fffffffffffffffe
0x0000000014aef480:   0000000000000000 0000000000000e78
0x0000000014aef490:   00000000c000000d 0000000000000000
0x0000000014aef4a0:   00007ff961c55920 0000000000000000
0x0000000014aef4b0:   0000000000000000 0000000000000000
0x0000000014aef4c0:   0000000000000000 0000000000000000
0x0000000014aef4d0:   0000000000000000 0000000000000000
0x0000000014aef4e0:   0000000000000000 0000000000000000
0x0000000014aef4f0:   0000000000000000 0000000000000000
0x0000000014aef500:   0000000000000000 0000000000000000
0x0000000014aef510:   0000000000000000 0000000000000000
0x0000000014aef520:   0000000000000000 0000000000000021
0x0000000014aef530:   00007ee9782d428b 0000000000230000
0x0000000014aef540:   0000000000000021 00007ff961c09e6d
0x0000000014aef550:   0000002300360120 00007ff900000001
0x0000000014aef560:   0000000002000002 0000000000000000 

Instructions: (pc=0x00007ff961c55920)
0x00007ff961c55900:   28 fa ff c7 44 24 20 0d 00 00 c0 b9 57 00 00 00
0x00007ff961c55910:   e8 7b 97 f1 ff 90 48 8d 4c 24 20 e8 80 c5 f1 ff
0x00007ff961c55920:   eb 00 48 8b 8c 24 c0 00 00 00 48 33 cc e8 4e e3
0x00007ff961c55930:   f8 ff 48 81 c4 d8 00 00 00 c3 40 55 48 83 ec 20 


Register to memory mapping:

RAX=0x0000000016ddcc00 is an unknown value
RBX=0xfffffffffffffffe is an unknown value
RCX=0x0000000016ddcc70 is an unknown value
RDX=0x0000000016ddccd0 is an unknown value
RSP=0x0000000014aef470 is an unknown value
RBP=0x00007ff93f647408 is an unknown value
RSI=0x0000000000000000 is an unknown value
RDI=0x0000000000000e78 is an unknown value
R8 =0x00007ff961ba655c is an unknown value
R9 =0x000000000014f7b0 is pointing into the stack for thread: 0x000000000256e800
R10=0x000000000014f7b0 is pointing into the stack for thread: 0x000000000256e800
R11=0x0000000016ddd270 is an unknown value
R12=0x00000000262ee360 is an unknown value
R13=0x0000000024e042a0 is an unknown value
R14=0x00000000262ee468 is an unknown value
R15=0x0000000014aef5e8 is an unknown value


Stack: [0x00000000149f0000,0x0000000014af0000],  sp=0x0000000014aef470,  free space=1021k
Native frames: (J=compiled Java code, j=interpreted, Vv=VM code, C=native code)
C  [ntdll.dll+0xf5920]
C  [ntdll.dll+0xa9e6d]
C  [KERNEL32.DLL+0x228da]
C  [MSVCR110.dll+0x752d]
C  [MSVCR110.dll+0x14cde]
C  [MSVCR110.dll+0x13edc]
C  [MSVCR110.dll+0x239e]
C  [MSVCR110.dll+0xaf9e]
C  [MSVCP110.dll+0x397b9]
C  [librdi_common.dll+0x135d02]
C  [librdi_common.dll+0x13447b]
C  0x00007ff94cba2400
C  0x00007ff94cba2682
C  [ntdll.dll+0x23d70]
C  [ntdll.dll+0x4638a]
C  [ntdll.dll+0x46224]
C  [KERNEL32.DLL+0x1ef5a]
C  [MSVCR100.dll+0x20ccd]
V  [jvm.dll+0x1f9c55]
V  [jvm.dll+0x2325e7]
V  [jvm.dll+0x231826]
V  [jvm.dll+0x231cc1]
V  [jvm.dll+0x231ede]
V  [jvm.dll+0x2852fa]
C  [MSVCR100.dll+0x21d9f]
C  [MSVCR100.dll+0x21e3b]
C  [KERNEL32.DLL+0x12d92]
C  [ntdll.dll+0x9f64]

VM_Operation (0x000000000014f500): Exit, mode: safepoint, requested by thread 0x000000000256e800


---------------  P R O C E S S  ---------------

Java Threads: ( => current thread )
  0x0000000016fd7000 JavaThread "Thread-17" daemon [_thread_blocked, id=12404, stack(0x0000000029e70000,0x0000000029f70000)]
  0x0000000016fca000 JavaThread "TCF Locator DNS Lookup" daemon [_thread_blocked, id=6940, stack(0x0000000021bb0000,0x0000000021cb0000)]
  0x0000000016fc8800 JavaThread "TCF Locator Timer" daemon [_thread_blocked, id=20704, stack(0x0000000021ab0000,0x0000000021bb0000)]
  0x0000000016fcd000 JavaThread "TCF Locator Receiver" daemon [_thread_in_native, id=22120, stack(0x00000000219b0000,0x0000000021ab0000)]
  0x00000000172d4800 JavaThread "TCF Timer Dispatcher" daemon [_thread_blocked, id=16340, stack(0x0000000021780000,0x0000000021880000)]
  0x0000000015359800 JavaThread "EMF Reference Cleaner" daemon [_thread_blocked, id=20412, stack(0x00000000181c0000,0x00000000182c0000)]
  0x00000000151fe800 JavaThread "Service Thread" daemon [_thread_blocked, id=18116, stack(0x00000000155f0000,0x00000000156f0000)]
  0x00000000139dd000 JavaThread "C1 CompilerThread2" daemon [_thread_blocked, id=22064, stack(0x00000000150f0000,0x00000000151f0000)]
  0x00000000139d0800 JavaThread "C2 CompilerThread1" daemon [_thread_blocked, id=20776, stack(0x0000000014ff0000,0x00000000150f0000)]
  0x000000001398e800 JavaThread "C2 CompilerThread0" daemon [_thread_blocked, id=7932, stack(0x0000000014ef0000,0x0000000014ff0000)]
  0x000000001398d000 JavaThread "Attach Listener" daemon [_thread_blocked, id=14224, stack(0x0000000014df0000,0x0000000014ef0000)]
  0x000000001398c000 JavaThread "Signal Dispatcher" daemon [_thread_blocked, id=17452, stack(0x0000000014cf0000,0x0000000014df0000)]
  0x0000000013958800 JavaThread "Finalizer" daemon [_thread_blocked, id=19856, stack(0x0000000014bf0000,0x0000000014cf0000)]
  0x00000000024cd800 JavaThread "Reference Handler" daemon [_thread_blocked, id=17900, stack(0x0000000014af0000,0x0000000014bf0000)]
  0x000000000256e800 JavaThread "main" [_thread_blocked, id=2708, stack(0x0000000000050000,0x0000000000150000)]

Other Threads:
=>0x0000000013957000 VMThread [stack: 0x00000000149f0000,0x0000000014af0000] [id=8684]

VM state:at safepoint (shutting down)

VM Mutex/Monitor currently owned by a thread:  ([mutex/lock_event])
[0x000000000256d950] Threads_lock - owner thread: 0x0000000013957000

Heap:
 PSYoungGen      total 114688K, used 75905K [0x00000000f5580000, 0x00000000fe080000, 0x0000000100000000)
  eden space 98304K, 60% used [0x00000000f5580000,0x00000000f8fc3650,0x00000000fb580000)
  from space 16384K, 99% used [0x00000000fb880000,0x00000000fc85cf78,0x00000000fc880000)
  to   space 22016K, 0% used [0x00000000fcb00000,0x00000000fcb00000,0x00000000fe080000)
 ParOldGen       total 83456K, used 40882K [0x00000000e0000000, 0x00000000e5180000, 0x00000000f5580000)
  object space 83456K, 48% used [0x00000000e0000000,0x00000000e27ecb60,0x00000000e5180000)
 Metaspace       used 83348K, capacity 89208K, committed 89432K, reserved 1126400K
  class space    used 10195K, capacity 12068K, committed 12120K, reserved 1048576K

Card table byte_map: [0x0000000011930000,0x0000000011a40000] byte_map_base: 0x0000000011230000

Marking Bits: (ParMarkBitMap*) 0x0000000059cbd490
 Begin Bits: [0x0000000011ef0000, 0x00000000126f0000)
 End Bits:   [0x00000000126f0000, 0x0000000012ef0000)

Polling page: 0x0000000000ab0000

CodeCache: size=245760Kb used=38597Kb max_used=38756Kb free=207162Kb
 bounds [0x0000000002570000, 0x0000000004b90000, 0x0000000011570000]
 total_blobs=11720 nmethods=10862 adapters=766
 compilation: enabled

Compilation events (10 events):
Event: 618.093 Thread 0x00000000139dd000 nmethod 13403 0x0000000002dfc6d0 code [0x0000000002dfc820, 0x0000000002dfc930]
Event: 618.097 Thread 0x00000000139dd000 13405   !   3       sun.nio.ch.NativeThreadSet::remove (50 bytes)
Event: 618.098 Thread 0x00000000139dd000 nmethod 13405 0x0000000002ba1810 code [0x0000000002ba1980, 0x0000000002ba1dc8]
Event: 618.110 Thread 0x00000000139dd000 13407       3       java.io.File::list (33 bytes)
Event: 618.111 Thread 0x00000000139dd000 nmethod 13407 0x0000000002b2dd90 code [0x0000000002b2df60, 0x0000000002b2e688]
Event: 618.164 Thread 0x00000000139d0800 nmethod 13390 0x00000000041cce10 code [0x00000000041cd1c0, 0x00000000041cfb90]
Event: 618.188 Thread 0x00000000139dd000 13408   !   3       org.eclipse.osgi.internal.baseadaptor.BaseStorage::compact (215 bytes)
Event: 618.191 Thread 0x00000000139dd000 nmethod 13408 0x00000000041c9190 code [0x00000000041c95c0, 0x00000000041cba28]
Event: 618.228 Thread 0x00000000139dd000 13409       3       org.eclipse.osgi.framework.internal.core.AbstractBundle::close (52 bytes)
Event: 618.229 Thread 0x00000000139dd000 nmethod 13409 0x0000000002c04c10 code [0x0000000002c04e40, 0x0000000002c05b28]

GC Heap History (10 events):
Event: 264.806 GC heap before
{Heap before GC invocations=18 (full 3):
 PSYoungGen      total 103424K, used 97081K [0x00000000f5580000, 0x00000000fd200000, 0x0000000100000000)
  eden space 85504K, 100% used [0x00000000f5580000,0x00000000fa900000,0x00000000fa900000)
  from space 17920K, 64% used [0x00000000fc080000,0x00000000fcbce548,0x00000000fd200000)
  to   space 20992K, 0% used [0x00000000fa900000,0x00000000fa900000,0x00000000fbd80000)
 ParOldGen       total 83456K, used 40842K [0x00000000e0000000, 0x00000000e5180000, 0x00000000f5580000)
  object space 83456K, 48% used [0x00000000e0000000,0x00000000e27e2b60,0x00000000e5180000)
 Metaspace       used 77462K, capacity 82948K, committed 83288K, reserved 1120256K
  class space    used 9728K, capacity 11491K, committed 11608K, reserved 1048576K
Event: 264.826 GC heap after
Heap after GC invocations=18 (full 3):
 PSYoungGen      total 106496K, used 16151K [0x00000000f5580000, 0x00000000fe100000, 0x0000000100000000)
  eden space 85504K, 0% used [0x00000000f5580000,0x00000000f5580000,0x00000000fa900000)
  from space 20992K, 76% used [0x00000000fa900000,0x00000000fb8c5c20,0x00000000fbd80000)
  to   space 22016K, 0% used [0x00000000fcb80000,0x00000000fcb80000,0x00000000fe100000)
 ParOldGen       total 83456K, used 40850K [0x00000000e0000000, 0x00000000e5180000, 0x00000000f5580000)
  object space 83456K, 48% used [0x00000000e0000000,0x00000000e27e4b60,0x00000000e5180000)
 Metaspace       used 77462K, capacity 82948K, committed 83288K, reserved 1120256K
  class space    used 9728K, capacity 11491K, committed 11608K, reserved 1048576K
}
Event: 312.211 GC heap before
{Heap before GC invocations=19 (full 3):
 PSYoungGen      total 106496K, used 101655K [0x00000000f5580000, 0x00000000fe100000, 0x0000000100000000)
  eden space 85504K, 100% used [0x00000000f5580000,0x00000000fa900000,0x00000000fa900000)
  from space 20992K, 76% used [0x00000000fa900000,0x00000000fb8c5c20,0x00000000fbd80000)
  to   space 22016K, 0% used [0x00000000fcb80000,0x00000000fcb80000,0x00000000fe100000)
 ParOldGen       total 83456K, used 40850K [0x00000000e0000000, 0x00000000e5180000, 0x00000000f5580000)
  object space 83456K, 48% used [0x00000000e0000000,0x00000000e27e4b60,0x00000000e5180000)
 Metaspace       used 79443K, capacity 85410K, committed 85592K, reserved 1122304K
  class space    used 9914K, capacity 11769K, committed 11864K, reserved 1048576K
Event: 312.237 GC heap after
Heap after GC invocations=19 (full 3):
 PSYoungGen      total 114688K, used 13897K [0x00000000f5580000, 0x00000000fdd80000, 0x0000000100000000)
  eden space 96256K, 0% used [0x00000000f5580000,0x00000000f5580000,0x00000000fb380000)
  from space 18432K, 75% used [0x00000000fcb80000,0x00000000fd912510,0x00000000fdd80000)
  to   space 21504K, 0% used [0x00000000fb380000,0x00000000fb380000,0x00000000fc880000)
 ParOldGen       total 83456K, used 40858K [0x00000000e0000000, 0x00000000e5180000, 0x00000000f5580000)
  object space 83456K, 48% used [0x00000000e0000000,0x00000000e27e6b60,0x00000000e5180000)
 Metaspace       used 79443K, capacity 85410K, committed 85592K, reserved 1122304K
  class space    used 9914K, capacity 11769K, committed 11864K, reserved 1048576K
}
Event: 364.710 GC heap before
{Heap before GC invocations=20 (full 3):
 PSYoungGen      total 114688K, used 110153K [0x00000000f5580000, 0x00000000fdd80000, 0x0000000100000000)
  eden space 96256K, 100% used [0x00000000f5580000,0x00000000fb380000,0x00000000fb380000)
  from space 18432K, 75% used [0x00000000fcb80000,0x00000000fd912510,0x00000000fdd80000)
  to   space 21504K, 0% used [0x00000000fb380000,0x00000000fb380000,0x00000000fc880000)
 ParOldGen       total 83456K, used 40858K [0x00000000e0000000, 0x00000000e5180000, 0x00000000f5580000)
  object space 83456K, 48% used [0x00000000e0000000,0x00000000e27e6b60,0x00000000e5180000)
 Metaspace       used 80578K, capacity 86488K, committed 86744K, reserved 1124352K
  class space    used 9978K, capacity 11932K, committed 11992K, reserved 1048576K
Event: 364.732 GC heap after
Heap after GC invocations=20 (full 3):
 PSYoungGen      total 117760K, used 13426K [0x00000000f5580000, 0x00000000fe400000, 0x0000000100000000)
  eden space 96256K, 0% used [0x00000000f5580000,0x00000000f5580000,0x00000000fb380000)
  from space 21504K, 62% used [0x00000000fb380000,0x00000000fc09c9d8,0x00000000fc880000)
  to   space 21504K, 0% used [0x00000000fcf00000,0x00000000fcf00000,0x00000000fe400000)
 ParOldGen       total 83456K, used 40866K [0x00000000e0000000, 0x00000000e5180000, 0x00000000f5580000)
  object space 83456K, 48% used [0x00000000e0000000,0x00000000e27e8b60,0x00000000e5180000)
 Metaspace       used 80578K, capacity 86488K, committed 86744K, reserved 1124352K
  class space    used 9978K, capacity 11932K, committed 11992K, reserved 1048576K
}
Event: 466.376 GC heap before
{Heap before GC invocations=21 (full 3):
 PSYoungGen      total 117760K, used 109682K [0x00000000f5580000, 0x00000000fe400000, 0x0000000100000000)
  eden space 96256K, 100% used [0x00000000f5580000,0x00000000fb380000,0x00000000fb380000)
  from space 21504K, 62% used [0x00000000fb380000,0x00000000fc09c9d8,0x00000000fc880000)
  to   space 21504K, 0% used [0x00000000fcf00000,0x00000000fcf00000,0x00000000fe400000)
 ParOldGen       total 83456K, used 40866K [0x00000000e0000000, 0x00000000e5180000, 0x00000000f5580000)
  object space 83456K, 48% used [0x00000000e0000000,0x00000000e27e8b60,0x00000000e5180000)
 Metaspace       used 81304K, capacity 87386K, committed 87512K, reserved 1124352K
  class space    used 10023K, capacity 11934K, committed 11992K, reserved 1048576K
Event: 466.394 GC heap after
Heap after GC invocations=21 (full 3):
 PSYoungGen      total 121344K, used 13935K [0x00000000f5580000, 0x00000000fe280000, 0x0000000100000000)
  eden space 101376K, 0% used [0x00000000f5580000,0x00000000f5580000,0x00000000fb880000)
  from space 19968K, 69% used [0x00000000fcf00000,0x00000000fdc9be10,0x00000000fe280000)
  to   space 21504K, 0% used [0x00000000fb880000,0x00000000fb880000,0x00000000fcd80000)
 ParOldGen       total 83456K, used 40874K [0x00000000e0000000, 0x00000000e5180000, 0x00000000f5580000)
  object space 83456K, 48% used [0x00000000e0000000,0x00000000e27eab60,0x00000000e5180000)
 Metaspace       used 81304K, capacity 87386K, committed 87512K, reserved 1124352K
  class space    used 10023K, capacity 11934K, committed 11992K, reserved 1048576K
}
Event: 536.410 GC heap before
{Heap before GC invocations=22 (full 3):
 PSYoungGen      total 121344K, used 115311K [0x00000000f5580000, 0x00000000fe280000, 0x0000000100000000)
  eden space 101376K, 100% used [0x00000000f5580000,0x00000000fb880000,0x00000000fb880000)
  from space 19968K, 69% used [0x00000000fcf00000,0x00000000fdc9be10,0x00000000fe280000)
  to   space 21504K, 0% used [0x00000000fb880000,0x00000000fb880000,0x00000000fcd80000)
 ParOldGen       total 83456K, used 40874K [0x00000000e0000000, 0x00000000e5180000, 0x00000000f5580000)
  object space 83456K, 48% used [0x00000000e0000000,0x00000000e27eab60,0x00000000e5180000)
 Metaspace       used 82287K, capacity 88198K, committed 88280K, reserved 1126400K
  class space    used 10093K, capacity 11968K, committed 11992K, reserved 1048576K
Event: 536.431 GC heap after
Heap after GC invocations=22 (full 3):
 PSYoungGen      total 114688K, used 16243K [0x00000000f5580000, 0x00000000fe080000, 0x0000000100000000)
  eden space 98304K, 0% used [0x00000000f5580000,0x00000000f5580000,0x00000000fb580000)
  from space 16384K, 99% used [0x00000000fb880000,0x00000000fc85cf78,0x00000000fc880000)
  to   space 22016K, 0% used [0x00000000fcb00000,0x00000000fcb00000,0x00000000fe080000)
 ParOldGen       total 83456K, used 40882K [0x00000000e0000000, 0x00000000e5180000, 0x00000000f5580000)
  object space 83456K, 48% used [0x00000000e0000000,0x00000000e27ecb60,0x00000000e5180000)
 Metaspace       used 82287K, capacity 88198K, committed 88280K, reserved 1126400K
  class space    used 10093K, capacity 11968K, committed 11992K, reserved 1048576K
}

Deoptimization events (10 events):
Event: 617.242 Thread 0x000000000256e800 Uncommon trap: reason=class_check action=maybe_recompile pc=0x0000000004b0e61c method=org.eclipse.e4.core.internal.contexts.TrackableComputationExt.update(Lorg/eclipse/e4/core/internal/contexts/ContextChangeEvent;)Z @ 62
Event: 617.242 Thread 0x000000000256e800 Uncommon trap: reason=class_check action=maybe_recompile pc=0x0000000004b0e61c method=org.eclipse.e4.core.internal.contexts.TrackableComputationExt.update(Lorg/eclipse/e4/core/internal/contexts/ContextChangeEvent;)Z @ 62
Event: 617.242 Thread 0x000000000256e800 Uncommon trap: reason=class_check action=maybe_recompile pc=0x0000000004b0e61c method=org.eclipse.e4.core.internal.contexts.TrackableComputationExt.update(Lorg/eclipse/e4/core/internal/contexts/ContextChangeEvent;)Z @ 62
Event: 617.376 Thread 0x000000000256e800 Uncommon trap: reason=unreached action=reinterpret pc=0x000000000351112c method=org.eclipse.core.internal.localstore.FileSystemResourceManager.getStoreRoot(Lorg/eclipse/core/resources/IResource;)Lorg/eclipse/core/internal/localstore/FileStoreRoot; @ 17
Event: 617.376 Thread 0x000000000256e800 Uncommon trap: reason=unreached action=reinterpret pc=0x00000000045f5330 method=org.eclipse.core.internal.localstore.FileStoreRoot.getManager(Lorg/eclipse/core/runtime/IPath;)Lorg/eclipse/core/resources/IPathVariableManager; @ 18
Event: 617.385 Thread 0x000000000256e800 Uncommon trap: reason=unreached action=reinterpret pc=0x00000000031173d4 method=org.eclipse.core.internal.localstore.FileStoreRoot.getManager(Lorg/eclipse/core/runtime/IPath;)Lorg/eclipse/core/resources/IPathVariableManager; @ 18
Event: 617.982 Thread 0x000000000256e800 Uncommon trap: reason=unreached action=reinterpret pc=0x0000000003a23190 method=org.eclipse.swt.widgets.Display.getDefault()Lorg/eclipse/swt/widgets/Display; @ 39
Event: 617.991 Thread 0x000000000256e800 Uncommon trap: reason=null_check action=make_not_entrant pc=0x0000000002a789ac method=org.eclipse.core.runtime.internal.adaptor.EclipseLazyStarter.shouldActivateFor(Ljava/lang/String;Lorg/eclipse/osgi/baseadaptor/BaseData;Lorg/eclipse/core/runtime/internal
Event: 617.993 Thread 0x000000000256e800 Uncommon trap: reason=class_check action=maybe_recompile pc=0x00000000044c08d8 method=org.eclipse.swt.widgets.Display.asyncExec(Ljava/lang/Runnable;)V @ 54
Event: 617.993 Thread 0x000000000256e800 Uncommon trap: reason=class_check action=maybe_recompile pc=0x00000000044c08d8 method=org.eclipse.swt.widgets.Display.asyncExec(Ljava/lang/Runnable;)V @ 54

Internal exceptions (10 events):
Event: 616.930 Thread 0x000000000256e800 Implicit null exception at 0x00000000049864c5 to 0x0000000004986a65
Event: 616.954 Thread 0x000000000256e800 Implicit null exception at 0x0000000004974043 to 0x00000000049743d9
Event: 617.368 Thread 0x0000000016fd4800 Exception <a 'java/lang/InterruptedException'> (0x00000000f89f9be8) thrown at [D:\re\workspace\8-2-build-windows-amd64-cygwin\jdk8u25\1677\hotspot\src\share\vm\runtime\objectMonitor.cpp, line 1682]
Event: 617.376 Thread 0x000000000256e800 Implicit null exception at 0x0000000003510eab to 0x0000000003511121
Event: 617.376 Thread 0x000000000256e800 Implicit null exception at 0x00000000045f41ec to 0x00000000045f5319
Event: 617.991 Thread 0x000000000256e800 Implicit null exception at 0x0000000002a77f17 to 0x0000000002a789a1
Event: 618.081 Thread 0x000000001590d000 Exception <a 'java/lang/InterruptedException': sleep interrupted> (0x00000000f61ad9b8) thrown at [D:\re\workspace\8-2-build-windows-amd64-cygwin\jdk8u25\1677\hotspot\src\share\vm\prims\jvm.cpp, line 3141]
Event: 618.083 Thread 0x00000000172d1800 Exception <a 'java/lang/InterruptedException'> (0x00000000f8dda598) thrown at [D:\re\workspace\8-2-build-windows-amd64-cygwin\jdk8u25\1677\hotspot\src\share\vm\runtime\objectMonitor.cpp, line 1682]
Event: 618.083 Thread 0x0000000015abe000 Exception <a 'java/lang/InterruptedException'> (0x00000000f8e17cc0) thrown at [D:\re\workspace\8-2-build-windows-amd64-cygwin\jdk8u25\1677\hotspot\src\share\vm\runtime\objectMonitor.cpp, line 1682]
Event: 618.228 Thread 0x0000000015cf4000 Exception <a 'java/lang/InterruptedException'> (0x00000000f8dd9f58) thrown at [D:\re\workspace\8-2-build-windows-amd64-cygwin\jdk8u25\1677\hotspot\src\share\vm\runtime\objectMonitor.cpp, line 1682]

Events (10 events):
Event: 618.229 loading class java/util/IdentityHashMap$IdentityHashMapIterator
Event: 618.229 loading class java/util/IdentityHashMap$IdentityHashMapIterator done
Event: 618.229 loading class java/util/IdentityHashMap$KeyIterator done
Event: 618.230 Thread 0x000000001b03a800 Thread added: 0x000000001b03a800
Event: 618.230 Executing VM operation: RevokeBias
Event: 618.230 Executing VM operation: RevokeBias done
Event: 618.230 Executing VM operation: RevokeBias
Event: 618.230 Executing VM operation: RevokeBias done
Event: 618.230 Thread 0x000000001b03a800 Thread exited: 0x000000001b03a800
Event: 618.231 Executing VM operation: Exit


Dynamic libraries:
0x0000000000400000 - 0x000000000044f000 	C:\Xilinx\SDK\2015.2\eclipse\win64.o\eclipse.exe
0x00007ff961b60000 - 0x00007ff961d21000 	C:\WINDOWS\SYSTEM32\ntdll.dll
0x00007ff95fd20000 - 0x00007ff95fdcd000 	C:\WINDOWS\system32\KERNEL32.DLL
0x00007ff95f050000 - 0x00007ff95f22d000 	C:\WINDOWS\system32\KERNELBASE.dll
0x00007ff95fae0000 - 0x00007ff95fc2e000 	C:\WINDOWS\system32\USER32.dll
0x00007ff961610000 - 0x00007ff961796000 	C:\WINDOWS\system32\GDI32.dll
0x00007ff95f610000 - 0x00007ff95f6ad000 	C:\WINDOWS\system32\msvcrt.dll
0x00007ff956ea0000 - 0x00007ff957114000 	C:\WINDOWS\WinSxS\amd64_microsoft.windows.common-controls_6595b64144ccf1df_6.0.10240.16384_none_f41f7b285750ef43\COMCTL32.dll
0x00007ff95fce0000 - 0x00007ff95fd16000 	C:\WINDOWS\system32\IMM32.DLL
0x00007ff95f4b0000 - 0x00007ff95f60c000 	C:\WINDOWS\system32\MSCTF.dll
0x0000000072000000 - 0x0000000072012000 	C:\Xilinx\SDK\2015.2\eclipse\win64.o\plugins\org.eclipse.equinox.launcher.win32.win32.x86_64_1.1.200.v20140116-2212\eclipse_1503.dll
0x00007ff95fc30000 - 0x00007ff95fcd6000 	C:\WINDOWS\system32\ADVAPI32.dll
0x00007ff95f920000 - 0x00007ff95f97b000 	C:\WINDOWS\system32\sechost.dll
0x00007ff95f9b0000 - 0x00007ff95fad6000 	C:\WINDOWS\system32\RPCRT4.dll
0x00007ff956270000 - 0x00007ff95627a000 	C:\WINDOWS\SYSTEM32\VERSION.dll
0x00007ff95ce60000 - 0x00007ff95cef6000 	C:\WINDOWS\system32\uxtheme.dll
0x00007ff95f230000 - 0x00007ff95f4ac000 	C:\WINDOWS\system32\combase.dll
0x00007ff94d780000 - 0x00007ff94d822000 	C:\Program Files\Common Files\microsoft shared\ink\tiptsf.dll
0x00007ff95f860000 - 0x00007ff95f91e000 	C:\WINDOWS\system32\OLEAUT32.dll
0x00000000594e0000 - 0x0000000059d3a000 	C:\Xilinx\SDK\2015.2\tps\win64\jre\bin\server\jvm.dll
0x00007ff9617a0000 - 0x00007ff9617a8000 	C:\WINDOWS\system32\PSAPI.DLL
0x00007ff94d620000 - 0x00007ff94d629000 	C:\WINDOWS\SYSTEM32\WSOCK32.dll
0x00007ff95c9d0000 - 0x00007ff95c9f3000 	C:\WINDOWS\SYSTEM32\WINMM.dll
0x000000005bc20000 - 0x000000005bcf2000 	C:\WINDOWS\SYSTEM32\MSVCR100.dll
0x00007ff961af0000 - 0x00007ff961b59000 	C:\WINDOWS\system32\WS2_32.dll
0x00007ff961600000 - 0x00007ff961608000 	C:\WINDOWS\system32\NSI.dll
0x00000000023b0000 - 0x00000000023dc000 	C:\WINDOWS\SYSTEM32\WINMMBASE.dll
0x00007ff95ee90000 - 0x00007ff95eed4000 	C:\WINDOWS\system32\cfgmgr32.dll
0x00007ff95cf00000 - 0x00007ff95cf27000 	C:\WINDOWS\SYSTEM32\DEVOBJ.dll
0x00000000593a0000 - 0x00000000593af000 	C:\Xilinx\SDK\2015.2\tps\win64\jre\bin\verify.dll
0x0000000059370000 - 0x0000000059398000 	C:\Xilinx\SDK\2015.2\tps\win64\jre\bin\java.dll
0x0000000059350000 - 0x0000000059366000 	C:\Xilinx\SDK\2015.2\tps\win64\jre\bin\zip.dll
0x00007ff95fe30000 - 0x00007ff961352000 	C:\WINDOWS\system32\SHELL32.dll
0x00007ff95e630000 - 0x00007ff95ec58000 	C:\WINDOWS\system32\windows.storage.dll
0x00007ff95fdd0000 - 0x00007ff95fe21000 	C:\WINDOWS\system32\shlwapi.dll
0x00007ff95e5b0000 - 0x00007ff95e5bf000 	C:\WINDOWS\system32\kernel.appcore.dll
0x00007ff95eee0000 - 0x00007ff95ef93000 	C:\WINDOWS\system32\shcore.dll
0x00007ff95e5e0000 - 0x00007ff95e62a000 	C:\WINDOWS\system32\powrprof.dll
0x00007ff95e590000 - 0x00007ff95e5a3000 	C:\WINDOWS\system32\profapi.dll
0x00007ff95de60000 - 0x00007ff95de77000 	C:\WINDOWS\SYSTEM32\CRYPTSP.dll
0x00007ff95e4c0000 - 0x00007ff95e4e8000 	C:\WINDOWS\SYSTEM32\bcrypt.dll
0x00007ff95dab0000 - 0x00007ff95dae3000 	C:\WINDOWS\system32\rsaenh.dll
0x00007ff95dba0000 - 0x00007ff95dbbf000 	C:\WINDOWS\SYSTEM32\USERENV.dll
0x00007ff95e3b0000 - 0x00007ff95e41b000 	C:\WINDOWS\system32\bcryptprimitives.dll
0x00007ff95dfd0000 - 0x00007ff95dfdb000 	C:\WINDOWS\SYSTEM32\CRYPTBASE.dll
0x0000000059330000 - 0x000000005934a000 	C:\Xilinx\SDK\2015.2\tps\win64\jre\bin\net.dll
0x00007ff95de00000 - 0x00007ff95de5d000 	C:\WINDOWS\system32\mswsock.dll
0x00007ff956b40000 - 0x00007ff956b78000 	C:\WINDOWS\SYSTEM32\IPHLPAPI.DLL
0x00007ff956b30000 - 0x00007ff956b3b000 	C:\WINDOWS\SYSTEM32\WINNSI.DLL
0x00007ff955b30000 - 0x00007ff955b46000 	C:\WINDOWS\SYSTEM32\dhcpcsvc6.DLL
0x00007ff955a80000 - 0x00007ff955a9a000 	C:\WINDOWS\SYSTEM32\dhcpcsvc.DLL
0x0000000059310000 - 0x0000000059321000 	C:\Xilinx\SDK\2015.2\tps\win64\jre\bin\nio.dll
0x00007ff961900000 - 0x00007ff9619a5000 	C:\WINDOWS\system32\clbcatq.dll
0x00007ff94d630000 - 0x00007ff94d77c000 	C:\Windows\System32\uiautomationcore.dll
0x00007ff95e420000 - 0x00007ff95e4b8000 	C:\WINDOWS\SYSTEM32\sxs.dll
0x00007ff955570000 - 0x00007ff9555d9000 	C:\Windows\System32\OLEACC.dll
0x00007ff947b10000 - 0x00007ff947b25000 	C:\WINDOWS\system32\napinsp.dll
0x00007ff947af0000 - 0x00007ff947b0a000 	C:\WINDOWS\system32\pnrpnsp.dll
0x00007ff95c220000 - 0x00007ff95c238000 	C:\WINDOWS\system32\NLAapi.dll
0x00007ff95dc00000 - 0x00007ff95dca8000 	C:\WINDOWS\SYSTEM32\DNSAPI.dll
0x00007ff947ae0000 - 0x00007ff947aed000 	C:\WINDOWS\System32\winrnr.dll
0x00007ff947ac0000 - 0x00007ff947ad5000 	C:\WINDOWS\system32\wshbth.dll
0x00007ff9532f0000 - 0x00007ff9532fa000 	C:\Windows\System32\rasadhlp.dll
0x00007ff956200000 - 0x00007ff956268000 	C:\WINDOWS\System32\fwpuclnt.dll
0x00007ff9617b0000 - 0x00007ff9618f1000 	C:\WINDOWS\system32\ole32.dll
0x00000000184c0000 - 0x0000000018568000 	C:\Users\mr_co_000\.Xilinx\SDK\2015.2\org.eclipse.osgi\bundles\287\1\.cp\swt-win32-4335.dll
0x00007ff9619b0000 - 0x00007ff961a87000 	C:\WINDOWS\system32\comdlg32.dll
0x00007ff95ec60000 - 0x00007ff95ee21000 	C:\WINDOWS\system32\CRYPT32.dll
0x00007ff95e5c0000 - 0x00007ff95e5d1000 	C:\WINDOWS\system32\MSASN1.dll
0x00007ff950bc0000 - 0x00007ff950bd8000 	C:\WINDOWS\SYSTEM32\USP10.dll
0x00007ff956e10000 - 0x00007ff956e94000 	C:\WINDOWS\SYSTEM32\WINSPOOL.DRV
0x00007ff956360000 - 0x00007ff956607000 	C:\WINDOWS\SYSTEM32\WININET.dll
0x00007ff95b8f0000 - 0x00007ff95b912000 	C:\WINDOWS\system32\dwmapi.dll
0x00007ff95c3e0000 - 0x00007ff95c563000 	C:\WINDOWS\SYSTEM32\propsys.dll
0x00000000185c0000 - 0x00000000185de000 	C:\Users\mr_co_000\.Xilinx\SDK\2015.2\org.eclipse.osgi\bundles\287\1\.cp\swt-gdip-win32-4335.dll
0x00007ff956c30000 - 0x00007ff956dd9000 	C:\WINDOWS\WinSxS\amd64_microsoft.windows.gdiplus_6595b64144ccf1df_1.1.10240.16384_none_89a94c179af51f83\gdiplus.dll
0x00007ff9575a0000 - 0x00007ff957752000 	C:\WINDOWS\SYSTEM32\WindowsCodecs.dll
0x0000000180000000 - 0x0000000180012000 	C:\Users\mr_co_000\.Xilinx\SDK\2015.2\org.eclipse.osgi\bundles\113\1\.cp\os\win32\x86_64\localfile_1_0_0.dll
0x00007ff94bce0000 - 0x00007ff94bcf1000 	C:\Users\mr_co_000\.Xilinx\SDK\2015.2\org.eclipse.osgi\bundles\116\1\.cp\jWinHttp-1.0.0.dll
0x00007ff956040000 - 0x00007ff956116000 	C:\WINDOWS\SYSTEM32\WINHTTP.dll
0x00007ff957120000 - 0x00007ff957127000 	C:\WINDOWS\SYSTEM32\msimg32.dll
0x00007ff95cf50000 - 0x00007ff95d03e000 	C:\WINDOWS\system32\twinapi.appcore.dll
0x00007ff94da00000 - 0x00007ff94daba000 	C:\WINDOWS\SYSTEM32\twinapi.dll
0x00007ff94dd80000 - 0x00007ff94dd90000 	C:\Xilinx\SDK\2015.2\lib\win64.o\librdi_repo_manager.dll
0x00007ff93ecd0000 - 0x00007ff93ecfa000 	C:\Xilinx\SDK\2015.2\lib\win64.o\libisl_sysinfo.dll
0x00007ff9053c0000 - 0x00007ff905d03000 	C:\Xilinx\SDK\2015.2\lib\win64.o\librdi_common.dll
0x00007ff93ec10000 - 0x00007ff93ec64000 	C:\Xilinx\SDK\2015.2\lib\win64.o\librdi_commonxillic.dll
0x00007ff93fd90000 - 0x00007ff93fe37000 	C:\WINDOWS\SYSTEM32\MSVCP110.dll
0x00007ff93f640000 - 0x00007ff93f714000 	C:\WINDOWS\SYSTEM32\MSVCR110.dll
0x00007ff9043b0000 - 0x00007ff904598000 	C:\Xilinx\SDK\2015.2\lib\win64.o\librdi_hsm.dll
0x00007ff90b380000 - 0x00007ff90b628000 	C:\Xilinx\SDK\2015.2\lib\win64.o\libCOIN-all.dll
0x00007ff90ac80000 - 0x00007ff90aea0000 	C:\Xilinx\SDK\2015.2\lib\win64.o\libXil_lmgr11.dll
0x00007ff95ee30000 - 0x00007ff95ee84000 	C:\WINDOWS\system32\WINTRUST.dll
0x00007ff940030000 - 0x00007ff940052000 	C:\Xilinx\SDK\2015.2\lib\win64.o\libboost_filesystem.dll
0x00007ff93ed50000 - 0x00007ff93edc4000 	C:\Xilinx\SDK\2015.2\lib\win64.o\libboost_program_options.dll
0x00007ff954db0000 - 0x00007ff954dc0000 	C:\Xilinx\SDK\2015.2\lib\win64.o\libboost_date_time.dll
0x00007ff937f90000 - 0x00007ff93808a000 	C:\Xilinx\SDK\2015.2\lib\win64.o\libboost_regex.dll
0x00007ff94b5f0000 - 0x00007ff94b603000 	C:\Xilinx\SDK\2015.2\lib\win64.o\libboost_signals.dll
0x00007ff94b1b0000 - 0x00007ff94b1cd000 	C:\Xilinx\SDK\2015.2\lib\win64.o\libboost_thread.dll
0x00007ff94ee60000 - 0x00007ff94ee69000 	C:\Xilinx\SDK\2015.2\lib\win64.o\libboost_system.dll
0x00007ff93a460000 - 0x00007ff93a4e0000 	C:\Xilinx\SDK\2015.2\lib\win64.o\libhdlpsolve.dll
0x00007ff904db0000 - 0x00007ff9053ba200 	C:\Xilinx\SDK\2015.2\lib\win64.o\libisl_iostreams.dll
0x00007ff938ae0000 - 0x00007ff938b7a000 	C:\Xilinx\SDK\2015.2\lib\win64.o\libhdxml.dll
0x00007ff94b9f0000 - 0x00007ff94ba05000 	C:\Xilinx\SDK\2015.2\lib\win64.o\pthreadVC2.dll
0x00007ff92e3f0000 - 0x00007ff92e520000 	C:\Xilinx\SDK\2015.2\lib\win64.o\librdi_curl.dll
0x00007ff948d90000 - 0x00007ff948da8000 	C:\Xilinx\SDK\2015.2\lib\win64.o\librdiconfig.dll
0x00007ff93f1e0000 - 0x00007ff93f203000 	C:\Xilinx\SDK\2015.2\lib\win64.o\libisl_iosutils.dll
0x00007ff93eb70000 - 0x00007ff93eb93000 	C:\Xilinx\SDK\2015.2\lib\win64.o\librdizlib.dll
0x00000000593b0000 - 0x00000000594d7000 	C:\Xilinx\SDK\2015.2\lib\win64.o\tcl85t.dll
0x00007ff94e9f0000 - 0x00007ff94eb86000 	C:\WINDOWS\SYSTEM32\urlmon.dll
0x0000000022ec0000 - 0x0000000023123000 	C:\Xilinx\SDK\2015.2\lib\win64.o\xerces-c_3_1.dll
0x00007ff94ba80000 - 0x00007ff94baa3000 	C:\WINDOWS\SYSTEM32\VCOMP110.DLL
0x00007ff93c3e0000 - 0x00007ff93c423000 	C:\Xilinx\SDK\2015.2\lib\win64.o\librdi_hdf.dll
0x00007ff9041f0000 - 0x00007ff9043aa000 	C:\Xilinx\SDK\2015.2\lib\win64.o\librdi_ippcw.dll
0x00007ff94d2a0000 - 0x00007ff94d2b7000 	C:\WINDOWS\SYSTEM32\NETAPI32.dll
0x00007ff94ddd0000 - 0x00007ff94dddb000 	C:\Xilinx\SDK\2015.2\lib\win64.o\libboost_chrono.dll
0x00007ff948300000 - 0x00007ff948316000 	C:\Xilinx\SDK\2015.2\lib\win64.o\libboost_iostreams.dll
0x00007ff953aa0000 - 0x00007ff953e16000 	C:\WINDOWS\SYSTEM32\iertutil.dll
0x00007ff95a3c0000 - 0x00007ff95a3d6000 	C:\WINDOWS\SYSTEM32\wkscli.dll
0x00007ff95d850000 - 0x00007ff95d876000 	C:\WINDOWS\SYSTEM32\srvcli.dll
0x00007ff95d820000 - 0x00007ff95d82c000 	C:\WINDOWS\SYSTEM32\netutils.dll
0x00007ff947fb0000 - 0x00007ff947fcc000 	C:\Xilinx\SDK\2015.2\lib\win64.o\librdi_hw_platform.dll
0x00007ff909b50000 - 0x00007ff909f5a000 	C:\Xilinx\SDK\2015.2\lib\win64.o\librdi_commontasks.dll
0x00007ff9045a0000 - 0x00007ff904db0000 	C:\Xilinx\SDK\2015.2\lib\win64.o\libXil_lmgr11FNP.dll
0x00007ff961430000 - 0x00007ff9615f5000 	C:\WINDOWS\system32\SETUPAPI.dll
0x00007ff949d20000 - 0x00007ff949d2c000 	C:\WINDOWS\SYSTEM32\snmpapi.dll
0x00007ff95e1b0000 - 0x00007ff95e1dc000 	C:\WINDOWS\SYSTEM32\SspiCli.dll
0x00007ff95d930000 - 0x00007ff95d962000 	C:\WINDOWS\SYSTEM32\ntmarta.dll

VM Arguments:
jvm_args: -Dcom.xilinx.sdk.args.hwspec=C:/Users/mr_co_000/Documents/GitHub/ECE495/Lab/Lab5/lab5/lab5.sdk/design_1_wrapper.hdf -Xms64m -Xmx512m & 
java_command: <unknown>
java_class_path (initial): C:\Xilinx\SDK\2015.2\eclipse\win64.o\\plugins/org.eclipse.equinox.launcher_1.3.0.v20130327-1440.jar
Launcher Type: generic

Environment Variables:
USERNAME=mr_co_000
OS=Windows_NT
PROCESSOR_IDENTIFIER=Intel64 Family 6 Model 69 Stepping 1, GenuineIntel



---------------  S Y S T E M  ---------------

OS: Windows 8 , 64 bit Build 9200 

CPU:total 4 (2 cores per cpu, 2 threads per core) family 6 model 69 stepping 1, cmov, cx8, fxsr, mmx, sse, sse2, sse3, ssse3, sse4.1, sse4.2, popcnt, avx, avx2, aes, clmul, erms, lzcnt, ht, tsc, tscinvbit, bmi1, bmi2

Memory: 4k page, physical 4097768k(768468k free), swap 7728148k(1183872k free)

vm_info: Java HotSpot(TM) 64-Bit Server VM (25.25-b02) for windows-amd64 JRE (1.8.0_25-b18), built on Oct  7 2014 14:25:37 by "java_re" with MS VC++ 10.0 (VS2010)

time: Tue Nov 24 18:53:56 2015
elapsed time: 619 seconds (0d 0h 10m 19s)

