#
# A fatal error has been detected by the Java Runtime Environment:
#
#  Internal Error (0xc000000d), pid=10192, tid=12092
#
# JRE version: Java(TM) SE Runtime Environment (8.0_25-b18) (build 1.8.0_25-b18)
# Java VM: Java HotSpot(TM) 64-Bit Server VM (25.25-b02 mixed mode windows-amd64 compressed oops)
# Problematic frame:
# C  [ntdll.dll+0xf5920]
#
# Failed to write core dump. Minidumps are not enabled by default on client versions of Windows
#
# If you would like to submit a bug report, please visit:
#   http://bugreport.sun.com/bugreport/crash.jsp
#

---------------  T H R E A D  ---------------

Current thread (0x00000000139a7000):  VMThread [stack: 0x0000000014a40000,0x0000000014b40000] [id=12092]

siginfo: ExceptionCode=0xc000000d

Registers:
RAX=0x000000001b0c44e0, RBX=0xfffffffffffffffe, RCX=0x000000001b0c4550, RDX=0x000000001b0c45b0
RSP=0x0000000014b3f270, RBP=0x00007ff93f647408, RSI=0x0000000000000000, RDI=0x0000000000000f04
R8 =0x00007ff961ba655c, R9 =0x000000000014f7b0, R10=0x000000000014f7b0, R11=0x000000001b0c4b50
R12=0x0000000029d12410, R13=0x0000000023b87c00, R14=0x0000000029d12518, R15=0x0000000014b3f3e8
RIP=0x00007ff961c55920, EFLAGS=0x0000000000000206

Top of Stack: (sp=0x0000000014b3f270)
0x0000000014b3f270:   0000000000000000 fffffffffffffffe
0x0000000014b3f280:   0000000000000000 0000000000000f04
0x0000000014b3f290:   00000000c000000d 0000000000000000
0x0000000014b3f2a0:   00007ff961c55920 0000000000000000
0x0000000014b3f2b0:   0000000000000000 0000000000000000
0x0000000014b3f2c0:   0000000000000000 0000000000000000
0x0000000014b3f2d0:   0000000000000000 0000000000000000
0x0000000014b3f2e0:   0000000000000000 0000000000000000
0x0000000014b3f2f0:   0000000000000000 0000000000000000
0x0000000014b3f300:   0000000000000000 0000000000000000
0x0000000014b3f310:   0000000000000000 0000000000000000
0x0000000014b3f320:   0000000000000000 0000000000000000
0x0000000014b3f330:   00005429871fa196 0000000000000000
0x0000000014b3f340:   0000000000000000 00007ff961c09e6d
0x0000000014b3f350:   0000000000000000 0000000000000000
0x0000000014b3f360:   0000000000000000 0000000000000000 

Instructions: (pc=0x00007ff961c55920)
0x00007ff961c55900:   28 fa ff c7 44 24 20 0d 00 00 c0 b9 57 00 00 00
0x00007ff961c55910:   e8 7b 97 f1 ff 90 48 8d 4c 24 20 e8 80 c5 f1 ff
0x00007ff961c55920:   eb 00 48 8b 8c 24 c0 00 00 00 48 33 cc e8 4e e3
0x00007ff961c55930:   f8 ff 48 81 c4 d8 00 00 00 c3 40 55 48 83 ec 20 


Register to memory mapping:

RAX=0x000000001b0c44e0 is an unknown value
RBX=0xfffffffffffffffe is an unknown value
RCX=0x000000001b0c4550 is an unknown value
RDX=0x000000001b0c45b0 is an unknown value
RSP=0x0000000014b3f270 is an unknown value
RBP=0x00007ff93f647408 is an unknown value
RSI=0x0000000000000000 is an unknown value
RDI=0x0000000000000f04 is an unknown value
R8 =0x00007ff961ba655c is an unknown value
R9 =0x000000000014f7b0 is pointing into the stack for thread: 0x0000000000a5e800
R10=0x000000000014f7b0 is pointing into the stack for thread: 0x0000000000a5e800
R11=0x000000001b0c4b50 is an unknown value
R12=0x0000000029d12410 is an unknown value
R13=0x0000000023b87c00 is an unknown value
R14=0x0000000029d12518 is an unknown value
R15=0x0000000014b3f3e8 is an unknown value


Stack: [0x0000000014a40000,0x0000000014b40000],  sp=0x0000000014b3f270,  free space=1020k
Native frames: (J=compiled Java code, j=interpreted, Vv=VM code, C=native code)
C  [ntdll.dll+0xf5920]
C  [ntdll.dll+0xa9e6d]
C  [KERNEL32.DLL+0x228da]
C  [MSVCR110.dll+0x752d]
C  [MSVCR110.dll+0x14cde]
C  [MSVCR110.dll+0x13edc]
C  [MSVCR110.dll+0x239e]
C  [MSVCR110.dll+0xaf9e]
C  [MSVCP110.dll+0x397b9]
C  [librdi_common.dll+0x135d02]
C  [librdi_common.dll+0x13447b]
C  0x00007ff94bb72400
C  0x00007ff94bb72682
C  [ntdll.dll+0x23d70]
C  [ntdll.dll+0x4638a]
C  [ntdll.dll+0x46224]
C  [KERNEL32.DLL+0x1ef5a]
C  [MSVCR100.dll+0x20ccd]
V  [jvm.dll+0x1f9c55]
V  [jvm.dll+0x2325e7]
V  [jvm.dll+0x231826]
V  [jvm.dll+0x231cc1]
V  [jvm.dll+0x231ede]
V  [jvm.dll+0x2852fa]
C  [MSVCR100.dll+0x21d9f]
C  [MSVCR100.dll+0x21e3b]
C  [KERNEL32.DLL+0x12d92]
C  [ntdll.dll+0x9f64]

VM_Operation (0x000000000014f500): Exit, mode: safepoint, requested by thread 0x0000000000a5e800


---------------  P R O C E S S  ---------------

Java Threads: ( => current thread )
  0x0000000016f7b800 JavaThread "Spawner Reaper" daemon [_thread_in_native, id=5088, stack(0x00000000264c0000,0x00000000265c0000)]
  0x0000000016eca000 JavaThread "Thread-77" daemon [_thread_blocked, id=15800, stack(0x000000002ed80000,0x000000002ee80000)]
  0x00000000166dd000 JavaThread "TCF Locator DNS Lookup" daemon [_thread_blocked, id=21740, stack(0x0000000021180000,0x0000000021280000)]
  0x00000000166e0000 JavaThread "TCF Locator Timer" daemon [_thread_blocked, id=19988, stack(0x0000000021080000,0x0000000021180000)]
  0x00000000166dd800 JavaThread "TCF Locator Receiver" daemon [_thread_in_native, id=5188, stack(0x0000000020f80000,0x0000000021080000)]
  0x0000000016ec3800 JavaThread "TCF Timer Dispatcher" daemon [_thread_blocked, id=22512, stack(0x0000000020910000,0x0000000020a10000)]
  0x0000000016ec5000 JavaThread "EMF Reference Cleaner" daemon [_thread_blocked, id=15964, stack(0x00000000181f0000,0x00000000182f0000)]
  0x0000000015257000 JavaThread "Service Thread" daemon [_thread_blocked, id=16832, stack(0x0000000015640000,0x0000000015740000)]
  0x00000000139e7800 JavaThread "C1 CompilerThread2" daemon [_thread_blocked, id=9380, stack(0x0000000015140000,0x0000000015240000)]
  0x00000000139e2800 JavaThread "C2 CompilerThread1" daemon [_thread_blocked, id=4752, stack(0x0000000015040000,0x0000000015140000)]
  0x00000000139de800 JavaThread "C2 CompilerThread0" daemon [_thread_blocked, id=3596, stack(0x0000000014f40000,0x0000000015040000)]
  0x00000000139dd000 JavaThread "Attach Listener" daemon [_thread_blocked, id=16320, stack(0x0000000014e40000,0x0000000014f40000)]
  0x00000000139dc000 JavaThread "Signal Dispatcher" daemon [_thread_blocked, id=19580, stack(0x0000000014d40000,0x0000000014e40000)]
  0x00000000139a8800 JavaThread "Finalizer" daemon [_thread_blocked, id=15368, stack(0x0000000014c40000,0x0000000014d40000)]
  0x00000000139a7800 JavaThread "Reference Handler" daemon [_thread_blocked, id=9660, stack(0x0000000014b40000,0x0000000014c40000)]
  0x0000000000a5e800 JavaThread "main" [_thread_blocked, id=6248, stack(0x0000000000050000,0x0000000000150000)]

Other Threads:
=>0x00000000139a7000 VMThread [stack: 0x0000000014a40000,0x0000000014b40000] [id=12092]

VM state:at safepoint (shutting down)

VM Mutex/Monitor currently owned by a thread:  ([mutex/lock_event])
[0x0000000000a5ddd0] Threads_lock - owner thread: 0x00000000139a7000

Heap:
 PSYoungGen      total 62464K, used 8320K [0x00000000f5580000, 0x00000000f9d80000, 0x0000000100000000)
  eden space 53248K, 7% used [0x00000000f5580000,0x00000000f59870e8,0x00000000f8980000)
  from space 9216K, 45% used [0x00000000f9480000,0x00000000f9898f30,0x00000000f9d80000)
  to   space 10240K, 0% used [0x00000000f8980000,0x00000000f8980000,0x00000000f9380000)
 ParOldGen       total 90624K, used 49060K [0x00000000e0000000, 0x00000000e5880000, 0x00000000f5580000)
  object space 90624K, 54% used [0x00000000e0000000,0x00000000e2fe9180,0x00000000e5880000)
 Metaspace       used 97241K, capacity 103806K, committed 104064K, reserved 1140736K
  class space    used 11677K, capacity 13619K, committed 13696K, reserved 1048576K

Card table byte_map: [0x0000000011980000,0x0000000011a90000] byte_map_base: 0x0000000011280000

Marking Bits: (ParMarkBitMap*) 0x0000000059cbd490
 Begin Bits: [0x0000000011f40000, 0x0000000012740000)
 End Bits:   [0x0000000012740000, 0x0000000012f40000)

Polling page: 0x00000000003f0000

CodeCache: size=245760Kb used=60560Kb max_used=60677Kb free=185199Kb
 bounds [0x00000000025c0000, 0x0000000006180000, 0x00000000115c0000]
 total_blobs=17039 nmethods=16158 adapters=787
 compilation: enabled

Compilation events (10 events):
Event: 4740.892 Thread 0x00000000139e7800 nmethod 21041 0x0000000004052650 code [0x00000000040527a0, 0x00000000040528f0]
Event: 4740.902 Thread 0x00000000139e7800 21039       1       org.eclipse.osgi.internal.loader.BundleLoaderProxy::getBasicBundleLoader (5 bytes)
Event: 4740.903 Thread 0x00000000139e7800 nmethod 21039 0x000000000295f990 code [0x000000000295fae0, 0x000000000295fbf0]
Event: 4740.916 Thread 0x00000000139e7800 21040       1       org.eclipse.osgi.internal.loader.BundleLoaderProxy::getBundleData (5 bytes)
Event: 4740.917 Thread 0x00000000139e7800 nmethod 21040 0x0000000004c99fd0 code [0x0000000004c9a120, 0x0000000004c9a230]
Event: 4741.019 Thread 0x00000000139de800 nmethod 21029 0x0000000004880750 code [0x0000000004880ba0, 0x0000000004884450]
Event: 4741.034 Thread 0x00000000139e7800 21042   !   3       org.eclipse.osgi.internal.baseadaptor.BaseStorage::compact (215 bytes)
Event: 4741.037 Thread 0x00000000139e7800 nmethod 21042 0x00000000047b7210 code [0x00000000047b7640, 0x00000000047b9aa8]
Event: 4741.090 Thread 0x00000000139e7800 21043       3       org.eclipse.osgi.framework.internal.core.AbstractBundle::close (52 bytes)
Event: 4741.091 Thread 0x00000000139e7800 nmethod 21043 0x000000000487f2d0 code [0x000000000487f500, 0x00000000048801e8]

GC Heap History (10 events):
Event: 3131.345 GC heap before
{Heap before GC invocations=67 (full 11):
 PSYoungGen      total 61952K, used 61667K [0x00000000f5580000, 0x00000000fa200000, 0x0000000100000000)
  eden space 58880K, 100% used [0x00000000f5580000,0x00000000f8f00000,0x00000000f8f00000)
  from space 3072K, 90% used [0x00000000f9080000,0x00000000f9338d38,0x00000000f9380000)
  to   space 9728K, 0% used [0x00000000f9880000,0x00000000f9880000,0x00000000fa200000)
 ParOldGen       total 90624K, used 48860K [0x00000000e0000000, 0x00000000e5880000, 0x00000000f5580000)
  object space 90624K, 53% used [0x00000000e0000000,0x00000000e2fb7180,0x00000000e5880000)
 Metaspace       used 94935K, capacity 101500K, committed 101760K, reserved 1138688K
  class space    used 11402K, capacity 13390K, committed 13440K, reserved 1048576K
Event: 3131.357 GC heap after
Heap after GC invocations=67 (full 11):
 PSYoungGen      total 65536K, used 6317K [0x00000000f5580000, 0x00000000fa080000, 0x0000000100000000)
  eden space 57344K, 0% used [0x00000000f5580000,0x00000000f5580000,0x00000000f8d80000)
  from space 8192K, 77% used [0x00000000f9880000,0x00000000f9eab698,0x00000000fa080000)
  to   space 9728K, 0% used [0x00000000f8d80000,0x00000000f8d80000,0x00000000f9700000)
 ParOldGen       total 90624K, used 48892K [0x00000000e0000000, 0x00000000e5880000, 0x00000000f5580000)
  object space 90624K, 53% used [0x00000000e0000000,0x00000000e2fbf180,0x00000000e5880000)
 Metaspace       used 94935K, capacity 101500K, committed 101760K, reserved 1138688K
  class space    used 11402K, capacity 13390K, committed 13440K, reserved 1048576K
}
Event: 3190.153 GC heap before
{Heap before GC invocations=68 (full 11):
 PSYoungGen      total 65536K, used 63661K [0x00000000f5580000, 0x00000000fa080000, 0x0000000100000000)
  eden space 57344K, 100% used [0x00000000f5580000,0x00000000f8d80000,0x00000000f8d80000)
  from space 8192K, 77% used [0x00000000f9880000,0x00000000f9eab698,0x00000000fa080000)
  to   space 9728K, 0% used [0x00000000f8d80000,0x00000000f8d80000,0x00000000f9700000)
 ParOldGen       total 90624K, used 48892K [0x00000000e0000000, 0x00000000e5880000, 0x00000000f5580000)
  object space 90624K, 53% used [0x00000000e0000000,0x00000000e2fbf180,0x00000000e5880000)
 Metaspace       used 96402K, capacity 103138K, committed 103168K, reserved 1138688K
  class space    used 11606K, capacity 13551K, committed 13568K, reserved 1048576K
Event: 3190.164 GC heap after
Heap after GC invocations=68 (full 11):
 PSYoungGen      total 63488K, used 6758K [0x00000000f5580000, 0x00000000fa080000, 0x0000000100000000)
  eden space 56320K, 0% used [0x00000000f5580000,0x00000000f5580000,0x00000000f8c80000)
  from space 7168K, 94% used [0x00000000f8d80000,0x00000000f9419b60,0x00000000f9480000)
  to   space 10240K, 0% used [0x00000000f9680000,0x00000000f9680000,0x00000000fa080000)
 ParOldGen       total 90624K, used 48932K [0x00000000e0000000, 0x00000000e5880000, 0x00000000f5580000)
  object space 90624K, 53% used [0x00000000e0000000,0x00000000e2fc9180,0x00000000e5880000)
 Metaspace       used 96402K, capacity 103138K, committed 103168K, reserved 1138688K
  class space    used 11606K, capacity 13551K, committed 13568K, reserved 1048576K
}
Event: 3739.008 GC heap before
{Heap before GC invocations=69 (full 11):
 PSYoungGen      total 63488K, used 63078K [0x00000000f5580000, 0x00000000fa080000, 0x0000000100000000)
  eden space 56320K, 100% used [0x00000000f5580000,0x00000000f8c80000,0x00000000f8c80000)
  from space 7168K, 94% used [0x00000000f8d80000,0x00000000f9419b60,0x00000000f9480000)
  to   space 10240K, 0% used [0x00000000f9680000,0x00000000f9680000,0x00000000fa080000)
 ParOldGen       total 90624K, used 48932K [0x00000000e0000000, 0x00000000e5880000, 0x00000000f5580000)
  object space 90624K, 53% used [0x00000000e0000000,0x00000000e2fc9180,0x00000000e5880000)
 Metaspace       used 96543K, capacity 103266K, committed 103424K, reserved 1138688K
  class space    used 11606K, capacity 13551K, committed 13568K, reserved 1048576K
Event: 3739.023 GC heap after
Heap after GC invocations=69 (full 11):
 PSYoungGen      total 64512K, used 6443K [0x00000000f5580000, 0x00000000f9f80000, 0x0000000100000000)
  eden space 55296K, 0% used [0x00000000f5580000,0x00000000f5580000,0x00000000f8b80000)
  from space 9216K, 69% used [0x00000000f9680000,0x00000000f9ccafe8,0x00000000f9f80000)
  to   space 10240K, 0% used [0x00000000f8b80000,0x00000000f8b80000,0x00000000f9580000)
 ParOldGen       total 90624K, used 48972K [0x00000000e0000000, 0x00000000e5880000, 0x00000000f5580000)
  object space 90624K, 54% used [0x00000000e0000000,0x00000000e2fd3180,0x00000000e5880000)
 Metaspace       used 96543K, capacity 103266K, committed 103424K, reserved 1138688K
  class space    used 11606K, capacity 13551K, committed 13568K, reserved 1048576K
}
Event: 4538.551 GC heap before
{Heap before GC invocations=70 (full 11):
 PSYoungGen      total 64512K, used 61739K [0x00000000f5580000, 0x00000000f9f80000, 0x0000000100000000)
  eden space 55296K, 100% used [0x00000000f5580000,0x00000000f8b80000,0x00000000f8b80000)
  from space 9216K, 69% used [0x00000000f9680000,0x00000000f9ccafe8,0x00000000f9f80000)
  to   space 10240K, 0% used [0x00000000f8b80000,0x00000000f8b80000,0x00000000f9580000)
 ParOldGen       total 90624K, used 48972K [0x00000000e0000000, 0x00000000e5880000, 0x00000000f5580000)
  object space 90624K, 54% used [0x00000000e0000000,0x00000000e2fd3180,0x00000000e5880000)
 Metaspace       used 96575K, capacity 103272K, committed 103424K, reserved 1138688K
  class space    used 11607K, capacity 13552K, committed 13568K, reserved 1048576K
Event: 4538.643 GC heap after
Heap after GC invocations=70 (full 11):
 PSYoungGen      total 60928K, used 6411K [0x00000000f5580000, 0x00000000f9e80000, 0x0000000100000000)
  eden space 54272K, 0% used [0x00000000f5580000,0x00000000f5580000,0x00000000f8a80000)
  from space 6656K, 96% used [0x00000000f8b80000,0x00000000f91c2fe8,0x00000000f9200000)
  to   space 10240K, 0% used [0x00000000f9480000,0x00000000f9480000,0x00000000f9e80000)
 ParOldGen       total 90624K, used 49020K [0x00000000e0000000, 0x00000000e5880000, 0x00000000f5580000)
  object space 90624K, 54% used [0x00000000e0000000,0x00000000e2fdf180,0x00000000e5880000)
 Metaspace       used 96575K, capacity 103272K, committed 103424K, reserved 1138688K
  class space    used 11607K, capacity 13552K, committed 13568K, reserved 1048576K
}
Event: 4740.095 GC heap before
{Heap before GC invocations=71 (full 11):
 PSYoungGen      total 60928K, used 60683K [0x00000000f5580000, 0x00000000f9e80000, 0x0000000100000000)
  eden space 54272K, 100% used [0x00000000f5580000,0x00000000f8a80000,0x00000000f8a80000)
  from space 6656K, 96% used [0x00000000f8b80000,0x00000000f91c2fe8,0x00000000f9200000)
  to   space 10240K, 0% used [0x00000000f9480000,0x00000000f9480000,0x00000000f9e80000)
 ParOldGen       total 90624K, used 49020K [0x00000000e0000000, 0x00000000e5880000, 0x00000000f5580000)
  object space 90624K, 54% used [0x00000000e0000000,0x00000000e2fdf180,0x00000000e5880000)
 Metaspace       used 96993K, capacity 103678K, committed 103808K, reserved 1138688K
  class space    used 11650K, capacity 13619K, committed 13696K, reserved 1048576K
Event: 4740.124 GC heap after
Heap after GC invocations=71 (full 11):
 PSYoungGen      total 62464K, used 4195K [0x00000000f5580000, 0x00000000f9d80000, 0x0000000100000000)
  eden space 53248K, 0% used [0x00000000f5580000,0x00000000f5580000,0x00000000f8980000)
  from space 9216K, 45% used [0x00000000f9480000,0x00000000f9898f30,0x00000000f9d80000)
  to   space 10240K, 0% used [0x00000000f8980000,0x00000000f8980000,0x00000000f9380000)
 ParOldGen       total 90624K, used 49060K [0x00000000e0000000, 0x00000000e5880000, 0x00000000f5580000)
  object space 90624K, 54% used [0x00000000e0000000,0x00000000e2fe9180,0x00000000e5880000)
 Metaspace       used 96993K, capacity 103678K, committed 103808K, reserved 1138688K
  class space    used 11650K, capacity 13619K, committed 13696K, reserved 1048576K
}

Deoptimization events (10 events):
Event: 4740.777 Thread 0x0000000000a5e800 Uncommon trap: reason=null_check action=make_not_entrant pc=0x0000000004b2cb24 method=java.lang.Class.reflectionData()Ljava/lang/Class$ReflectionData; @ 24
Event: 4740.857 Thread 0x0000000016f78000 Uncommon trap: reason=unreached action=reinterpret pc=0x0000000004914db0 method=org.eclipse.core.internal.jobs.JobManager.nextJob()Lorg/eclipse/core/runtime/jobs/Job; @ 80
Event: 4740.857 Thread 0x0000000016f78000 Uncommon trap: reason=unreached action=reinterpret pc=0x00000000056d5dc4 method=org.eclipse.core.internal.jobs.WorkerPool.startJob(Lorg/eclipse/core/internal/jobs/Worker;)Lorg/eclipse/core/internal/jobs/InternalJob; @ 185
Event: 4740.858 Thread 0x0000000016f79800 Uncommon trap: reason=unreached action=reinterpret pc=0x00000000056d5dc4 method=org.eclipse.core.internal.jobs.WorkerPool.startJob(Lorg/eclipse/core/internal/jobs/Worker;)Lorg/eclipse/core/internal/jobs/InternalJob; @ 185
Event: 4740.858 Thread 0x0000000016f75800 Uncommon trap: reason=unreached action=reinterpret pc=0x00000000056d5dc4 method=org.eclipse.core.internal.jobs.WorkerPool.startJob(Lorg/eclipse/core/internal/jobs/Worker;)Lorg/eclipse/core/internal/jobs/InternalJob; @ 185
Event: 4740.859 Thread 0x0000000016f7a000 Uncommon trap: reason=unreached action=reinterpret pc=0x00000000056d5dc4 method=org.eclipse.core.internal.jobs.WorkerPool.startJob(Lorg/eclipse/core/internal/jobs/Worker;)Lorg/eclipse/core/internal/jobs/InternalJob; @ 185
Event: 4740.860 Thread 0x0000000016f7d000 Uncommon trap: reason=unreached action=reinterpret pc=0x00000000056d5dc4 method=org.eclipse.core.internal.jobs.WorkerPool.startJob(Lorg/eclipse/core/internal/jobs/Worker;)Lorg/eclipse/core/internal/jobs/InternalJob; @ 185
Event: 4740.860 Thread 0x00000000166e4800 Uncommon trap: reason=unreached action=reinterpret pc=0x00000000056d5dc4 method=org.eclipse.core.internal.jobs.WorkerPool.startJob(Lorg/eclipse/core/internal/jobs/Worker;)Lorg/eclipse/core/internal/jobs/InternalJob; @ 185
Event: 4740.860 Thread 0x0000000016f71000 Uncommon trap: reason=unreached action=reinterpret pc=0x00000000056d5dc4 method=org.eclipse.core.internal.jobs.WorkerPool.startJob(Lorg/eclipse/core/internal/jobs/Worker;)Lorg/eclipse/core/internal/jobs/InternalJob; @ 185
Event: 4740.865 Thread 0x0000000000a5e800 Uncommon trap: reason=unreached action=reinterpret pc=0x000000000298159c method=java.lang.ref.ReferenceQueue.poll()Ljava/lang/ref/Reference; @ 4

Internal exceptions (10 events):
Event: 4739.594 Thread 0x0000000000a5e800 Implicit null exception at 0x00000000053c2767 to 0x00000000053c2809
Event: 4739.865 Thread 0x0000000000a5e800 Implicit null exception at 0x00000000048d30e8 to 0x00000000048d3415
Event: 4739.879 Thread 0x0000000000a5e800 Implicit null exception at 0x00000000058de616 to 0x00000000058df65d
Event: 4740.080 Thread 0x0000000019039000 Exception <a 'java/lang/InterruptedException'> (0x00000000f89e5568) thrown at [D:\re\workspace\8-2-build-windows-amd64-cygwin\jdk8u25\1677\hotspot\src\share\vm\runtime\objectMonitor.cpp, line 1682]
Event: 4740.131 Thread 0x0000000000a5e800 Implicit null exception at 0x000000000302f57b to 0x000000000302ff0d
Event: 4740.777 Thread 0x0000000000a5e800 Implicit null exception at 0x0000000004b2c5b1 to 0x0000000004b2cb01
Event: 4740.896 Thread 0x0000000016062800 Exception <a 'java/lang/InterruptedException': sleep interrupted> (0x00000000f5914570) thrown at [D:\re\workspace\8-2-build-windows-amd64-cygwin\jdk8u25\1677\hotspot\src\share\vm\prims\jvm.cpp, line 3141]
Event: 4740.898 Thread 0x0000000016ec6800 Exception <a 'java/lang/InterruptedException'> (0x00000000f5917978) thrown at [D:\re\workspace\8-2-build-windows-amd64-cygwin\jdk8u25\1677\hotspot\src\share\vm\runtime\objectMonitor.cpp, line 1682]
Event: 4740.899 Thread 0x0000000016263800 Exception <a 'java/lang/InterruptedException'> (0x00000000f5928e78) thrown at [D:\re\workspace\8-2-build-windows-amd64-cygwin\jdk8u25\1677\hotspot\src\share\vm\runtime\objectMonitor.cpp, line 1682]
Event: 4741.090 Thread 0x0000000016b9b800 Exception <a 'java/lang/InterruptedException'> (0x00000000f5847340) thrown at [D:\re\workspace\8-2-build-windows-amd64-cygwin\jdk8u25\1677\hotspot\src\share\vm\runtime\objectMonitor.cpp, line 1682]

Events (10 events):
Event: 4741.093 Executing VM operation: RevokeBias
Event: 4741.093 Executing VM operation: RevokeBias done
Event: 4741.093 Executing VM operation: RevokeBias
Event: 4741.093 Executing VM operation: RevokeBias done
Event: 4741.093 Executing VM operation: RevokeBias
Event: 4741.094 Executing VM operation: RevokeBias done
Event: 4741.094 Executing VM operation: RevokeBias
Event: 4741.094 Executing VM operation: RevokeBias done
Event: 4741.094 Thread 0x0000000016f75800 Thread exited: 0x0000000016f75800
Event: 4741.095 Executing VM operation: Exit


Dynamic libraries:
0x0000000000400000 - 0x000000000044f000 	C:\Xilinx\SDK\2015.2\eclipse\win64.o\eclipse.exe
0x00007ff961b60000 - 0x00007ff961d21000 	C:\WINDOWS\SYSTEM32\ntdll.dll
0x00007ff95fd20000 - 0x00007ff95fdcd000 	C:\WINDOWS\system32\KERNEL32.DLL
0x00007ff95f050000 - 0x00007ff95f22d000 	C:\WINDOWS\system32\KERNELBASE.dll
0x00007ff95fae0000 - 0x00007ff95fc2e000 	C:\WINDOWS\system32\USER32.dll
0x00007ff961610000 - 0x00007ff961796000 	C:\WINDOWS\system32\GDI32.dll
0x00007ff95f610000 - 0x00007ff95f6ad000 	C:\WINDOWS\system32\msvcrt.dll
0x00007ff956ea0000 - 0x00007ff957114000 	C:\WINDOWS\WinSxS\amd64_microsoft.windows.common-controls_6595b64144ccf1df_6.0.10240.16384_none_f41f7b285750ef43\COMCTL32.dll
0x00007ff95fce0000 - 0x00007ff95fd16000 	C:\WINDOWS\system32\IMM32.DLL
0x00007ff95f4b0000 - 0x00007ff95f60c000 	C:\WINDOWS\system32\MSCTF.dll
0x0000000072000000 - 0x0000000072012000 	C:\Xilinx\SDK\2015.2\eclipse\win64.o\plugins\org.eclipse.equinox.launcher.win32.win32.x86_64_1.1.200.v20140116-2212\eclipse_1503.dll
0x00007ff95fc30000 - 0x00007ff95fcd6000 	C:\WINDOWS\system32\ADVAPI32.dll
0x00007ff95f920000 - 0x00007ff95f97b000 	C:\WINDOWS\system32\sechost.dll
0x00007ff95f9b0000 - 0x00007ff95fad6000 	C:\WINDOWS\system32\RPCRT4.dll
0x00007ff956270000 - 0x00007ff95627a000 	C:\WINDOWS\SYSTEM32\VERSION.dll
0x00007ff95ce60000 - 0x00007ff95cef6000 	C:\WINDOWS\system32\uxtheme.dll
0x00007ff95f230000 - 0x00007ff95f4ac000 	C:\WINDOWS\system32\combase.dll
0x00007ff94d780000 - 0x00007ff94d822000 	C:\Program Files\Common Files\microsoft shared\ink\tiptsf.dll
0x00007ff95f860000 - 0x00007ff95f91e000 	C:\WINDOWS\system32\OLEAUT32.dll
0x00000000594e0000 - 0x0000000059d3a000 	C:\Xilinx\SDK\2015.2\tps\win64\jre\bin\server\jvm.dll
0x00007ff9617a0000 - 0x00007ff9617a8000 	C:\WINDOWS\system32\PSAPI.DLL
0x00007ff95c9d0000 - 0x00007ff95c9f3000 	C:\WINDOWS\SYSTEM32\WINMM.dll
0x00007ff94d620000 - 0x00007ff94d629000 	C:\WINDOWS\SYSTEM32\WSOCK32.dll
0x000000005bc20000 - 0x000000005bcf2000 	C:\WINDOWS\SYSTEM32\MSVCR100.dll
0x00007ff961af0000 - 0x00007ff961b59000 	C:\WINDOWS\system32\WS2_32.dll
0x00007ff961600000 - 0x00007ff961608000 	C:\WINDOWS\system32\NSI.dll
0x00007ff95c8c0000 - 0x00007ff95c8ec000 	C:\WINDOWS\SYSTEM32\WINMMBASE.dll
0x00007ff95ee90000 - 0x00007ff95eed4000 	C:\WINDOWS\system32\cfgmgr32.dll
0x00007ff95cf00000 - 0x00007ff95cf27000 	C:\WINDOWS\SYSTEM32\DEVOBJ.dll
0x00000000593a0000 - 0x00000000593af000 	C:\Xilinx\SDK\2015.2\tps\win64\jre\bin\verify.dll
0x0000000059370000 - 0x0000000059398000 	C:\Xilinx\SDK\2015.2\tps\win64\jre\bin\java.dll
0x0000000059350000 - 0x0000000059366000 	C:\Xilinx\SDK\2015.2\tps\win64\jre\bin\zip.dll
0x00007ff95fe30000 - 0x00007ff961352000 	C:\WINDOWS\system32\SHELL32.dll
0x00007ff95e630000 - 0x00007ff95ec58000 	C:\WINDOWS\system32\windows.storage.dll
0x00007ff95fdd0000 - 0x00007ff95fe21000 	C:\WINDOWS\system32\shlwapi.dll
0x00007ff95e5b0000 - 0x00007ff95e5bf000 	C:\WINDOWS\system32\kernel.appcore.dll
0x00007ff95eee0000 - 0x00007ff95ef93000 	C:\WINDOWS\system32\shcore.dll
0x00007ff95e5e0000 - 0x00007ff95e62a000 	C:\WINDOWS\system32\powrprof.dll
0x00007ff95e590000 - 0x00007ff95e5a3000 	C:\WINDOWS\system32\profapi.dll
0x00007ff95de60000 - 0x00007ff95de77000 	C:\WINDOWS\SYSTEM32\CRYPTSP.dll
0x00007ff95e4c0000 - 0x00007ff95e4e8000 	C:\WINDOWS\SYSTEM32\bcrypt.dll
0x00007ff95dab0000 - 0x00007ff95dae3000 	C:\WINDOWS\system32\rsaenh.dll
0x00007ff95dba0000 - 0x00007ff95dbbf000 	C:\WINDOWS\SYSTEM32\USERENV.dll
0x00007ff95e3b0000 - 0x00007ff95e41b000 	C:\WINDOWS\system32\bcryptprimitives.dll
0x00007ff95dfd0000 - 0x00007ff95dfdb000 	C:\WINDOWS\SYSTEM32\CRYPTBASE.dll
0x0000000059330000 - 0x000000005934a000 	C:\Xilinx\SDK\2015.2\tps\win64\jre\bin\net.dll
0x00007ff95de00000 - 0x00007ff95de5d000 	C:\WINDOWS\system32\mswsock.dll
0x00007ff956b40000 - 0x00007ff956b78000 	C:\WINDOWS\SYSTEM32\IPHLPAPI.DLL
0x00007ff956b30000 - 0x00007ff956b3b000 	C:\WINDOWS\SYSTEM32\WINNSI.DLL
0x00007ff955b30000 - 0x00007ff955b46000 	C:\WINDOWS\SYSTEM32\dhcpcsvc6.DLL
0x00007ff955a80000 - 0x00007ff955a9a000 	C:\WINDOWS\SYSTEM32\dhcpcsvc.DLL
0x0000000059310000 - 0x0000000059321000 	C:\Xilinx\SDK\2015.2\tps\win64\jre\bin\nio.dll
0x00007ff961900000 - 0x00007ff9619a5000 	C:\WINDOWS\system32\clbcatq.dll
0x00007ff94d630000 - 0x00007ff94d77c000 	C:\Windows\System32\uiautomationcore.dll
0x00007ff95e420000 - 0x00007ff95e4b8000 	C:\WINDOWS\SYSTEM32\sxs.dll
0x00007ff955570000 - 0x00007ff9555d9000 	C:\Windows\System32\OLEACC.dll
0x00007ff947b10000 - 0x00007ff947b25000 	C:\WINDOWS\system32\napinsp.dll
0x00007ff947af0000 - 0x00007ff947b0a000 	C:\WINDOWS\system32\pnrpnsp.dll
0x00007ff95c220000 - 0x00007ff95c238000 	C:\WINDOWS\system32\NLAapi.dll
0x00007ff95dc00000 - 0x00007ff95dca8000 	C:\WINDOWS\SYSTEM32\DNSAPI.dll
0x00007ff947ae0000 - 0x00007ff947aed000 	C:\WINDOWS\System32\winrnr.dll
0x00007ff947ac0000 - 0x00007ff947ad5000 	C:\WINDOWS\system32\wshbth.dll
0x00007ff9532f0000 - 0x00007ff9532fa000 	C:\Windows\System32\rasadhlp.dll
0x00007ff956200000 - 0x00007ff956268000 	C:\WINDOWS\System32\fwpuclnt.dll
0x00007ff9617b0000 - 0x00007ff9618f1000 	C:\WINDOWS\system32\ole32.dll
0x00000000184f0000 - 0x0000000018598000 	C:\Users\mr_co_000\.Xilinx\SDK\2015.2\org.eclipse.osgi\bundles\287\1\.cp\swt-win32-4335.dll
0x00007ff9619b0000 - 0x00007ff961a87000 	C:\WINDOWS\system32\comdlg32.dll
0x00007ff95ec60000 - 0x00007ff95ee21000 	C:\WINDOWS\system32\CRYPT32.dll
0x00007ff95e5c0000 - 0x00007ff95e5d1000 	C:\WINDOWS\system32\MSASN1.dll
0x00007ff956e10000 - 0x00007ff956e94000 	C:\WINDOWS\SYSTEM32\WINSPOOL.DRV
0x00007ff956360000 - 0x00007ff956607000 	C:\WINDOWS\SYSTEM32\WININET.dll
0x00007ff950bc0000 - 0x00007ff950bd8000 	C:\WINDOWS\SYSTEM32\USP10.dll
0x00007ff95b8f0000 - 0x00007ff95b912000 	C:\WINDOWS\system32\dwmapi.dll
0x00007ff95c3e0000 - 0x00007ff95c563000 	C:\WINDOWS\SYSTEM32\propsys.dll
0x00000000185a0000 - 0x00000000185be000 	C:\Users\mr_co_000\.Xilinx\SDK\2015.2\org.eclipse.osgi\bundles\287\1\.cp\swt-gdip-win32-4335.dll
0x00007ff956c30000 - 0x00007ff956dd9000 	C:\WINDOWS\WinSxS\amd64_microsoft.windows.gdiplus_6595b64144ccf1df_1.1.10240.16384_none_89a94c179af51f83\gdiplus.dll
0x00007ff9575a0000 - 0x00007ff957752000 	C:\WINDOWS\SYSTEM32\WindowsCodecs.dll
0x00007ff94db50000 - 0x00007ff94db61000 	C:\Users\mr_co_000\.Xilinx\SDK\2015.2\org.eclipse.osgi\bundles\116\1\.cp\jWinHttp-1.0.0.dll
0x00007ff956040000 - 0x00007ff956116000 	C:\WINDOWS\SYSTEM32\WINHTTP.dll
0x00007ff941260000 - 0x00007ff94129d000 	C:\WINDOWS\system32\mlang.dll
0x00007ff94c190000 - 0x00007ff94c1d6000 	C:\WINDOWS\system32\dataexchange.dll
0x00007ff95b460000 - 0x00007ff95b703000 	C:\WINDOWS\system32\d3d11.dll
0x00007ff95c8f0000 - 0x00007ff95c9c1000 	C:\WINDOWS\system32\dcomp.dll
0x00007ff9545c0000 - 0x00007ff954b05000 	C:\WINDOWS\system32\d2d1.dll
0x00007ff95b3c0000 - 0x00007ff95b45c000 	C:\WINDOWS\system32\dxgi.dll
0x00007ff95cf50000 - 0x00007ff95d03e000 	C:\WINDOWS\system32\twinapi.appcore.dll
0x0000000180000000 - 0x0000000180012000 	C:\Users\mr_co_000\.Xilinx\SDK\2015.2\org.eclipse.osgi\bundles\113\1\.cp\os\win32\x86_64\localfile_1_0_0.dll
0x00007ff92f510000 - 0x00007ff93010a000 	C:\Windows\System32\ieframe.dll
0x00007ff953aa0000 - 0x00007ff953e16000 	C:\Windows\System32\iertutil.dll
0x00007ff9613c0000 - 0x00007ff96142f000 	C:\WINDOWS\system32\coml2.dll
0x00007ff94e9f0000 - 0x00007ff94eb86000 	C:\WINDOWS\SYSTEM32\urlmon.dll
0x00007ff92c970000 - 0x00007ff92e0fb000 	C:\Windows\System32\mshtml.dll
0x00007ff95e1b0000 - 0x00007ff95e1dc000 	C:\WINDOWS\SYSTEM32\SspiCli.dll
0x00007ff94e720000 - 0x00007ff94e8c2000 	C:\WINDOWS\SYSTEM32\ieapfltr.dll
0x00007ff95b710000 - 0x00007ff95b720000 	C:\WINDOWS\system32\msimtf.dll
0x00007ff956b20000 - 0x00007ff956b2c000 	C:\WINDOWS\SYSTEM32\Secur32.dll
0x00007ff94e3e0000 - 0x00007ff94e639000 	C:\WINDOWS\SYSTEM32\DWrite.dll
0x00007ff938df0000 - 0x00007ff93928b000 	C:\Windows\System32\jscript9.dll
0x00007ff95cce0000 - 0x00007ff95cd58000 	C:\WINDOWS\SYSTEM32\apphelp.dll
0x00007ff94dd80000 - 0x00007ff94dd90000 	C:\Xilinx\SDK\2015.2\lib\win64.o\librdi_repo_manager.dll
0x00007ff93ec40000 - 0x00007ff93ec6a000 	C:\Xilinx\SDK\2015.2\lib\win64.o\libisl_sysinfo.dll
0x00007ff905d90000 - 0x00007ff9066d3000 	C:\Xilinx\SDK\2015.2\lib\win64.o\librdi_common.dll
0x00007ff93c3d0000 - 0x00007ff93c424000 	C:\Xilinx\SDK\2015.2\lib\win64.o\librdi_commonxillic.dll
0x00007ff93fd90000 - 0x00007ff93fe37000 	C:\WINDOWS\SYSTEM32\MSVCP110.dll
0x00007ff93f640000 - 0x00007ff93f714000 	C:\WINDOWS\SYSTEM32\MSVCR110.dll
0x00007ff90acb0000 - 0x00007ff90ae98000 	C:\Xilinx\SDK\2015.2\lib\win64.o\librdi_hsm.dll
0x00007ff90b670000 - 0x00007ff90b918000 	C:\Xilinx\SDK\2015.2\lib\win64.o\libCOIN-all.dll
0x00007ff90b450000 - 0x00007ff90b670000 	C:\Xilinx\SDK\2015.2\lib\win64.o\libXil_lmgr11.dll
0x00007ff95ee30000 - 0x00007ff95ee84000 	C:\WINDOWS\system32\WINTRUST.dll
0x00007ff940030000 - 0x00007ff940052000 	C:\Xilinx\SDK\2015.2\lib\win64.o\libboost_filesystem.dll
0x00007ff93a000000 - 0x00007ff93a074000 	C:\Xilinx\SDK\2015.2\lib\win64.o\libboost_program_options.dll
0x00007ff92e420000 - 0x00007ff92e51a000 	C:\Xilinx\SDK\2015.2\lib\win64.o\libboost_regex.dll
0x00007ff954db0000 - 0x00007ff954dc0000 	C:\Xilinx\SDK\2015.2\lib\win64.o\libboost_date_time.dll
0x00007ff94b5e0000 - 0x00007ff94b5f3000 	C:\Xilinx\SDK\2015.2\lib\win64.o\libboost_signals.dll
0x00007ff94ee60000 - 0x00007ff94ee69000 	C:\Xilinx\SDK\2015.2\lib\win64.o\libboost_system.dll
0x00007ff94b1b0000 - 0x00007ff94b1cd000 	C:\Xilinx\SDK\2015.2\lib\win64.o\libboost_thread.dll
0x00007ff938b00000 - 0x00007ff938b80000 	C:\Xilinx\SDK\2015.2\lib\win64.o\libhdlpsolve.dll
0x00007ff937340000 - 0x00007ff9373da000 	C:\Xilinx\SDK\2015.2\lib\win64.o\libhdxml.dll
0x00007ff905780000 - 0x00007ff905d8a200 	C:\Xilinx\SDK\2015.2\lib\win64.o\libisl_iostreams.dll
0x00007ff93f1e0000 - 0x00007ff93f203000 	C:\Xilinx\SDK\2015.2\lib\win64.o\libisl_iosutils.dll
0x00007ff94b600000 - 0x00007ff94b615000 	C:\Xilinx\SDK\2015.2\lib\win64.o\pthreadVC2.dll
0x00007ff90b320000 - 0x00007ff90b450000 	C:\Xilinx\SDK\2015.2\lib\win64.o\librdi_curl.dll
0x00007ff93ec10000 - 0x00007ff93ec33000 	C:\Xilinx\SDK\2015.2\lib\win64.o\librdizlib.dll
0x00007ff948300000 - 0x00007ff948318000 	C:\Xilinx\SDK\2015.2\lib\win64.o\librdiconfig.dll
0x00000000593b0000 - 0x00000000594d7000 	C:\Xilinx\SDK\2015.2\lib\win64.o\tcl85t.dll
0x00007ff94ba80000 - 0x00007ff94baa3000 	C:\WINDOWS\SYSTEM32\VCOMP110.DLL
0x00000000268f0000 - 0x0000000026b53000 	C:\Xilinx\SDK\2015.2\lib\win64.o\xerces-c_3_1.dll
0x00007ff94d2a0000 - 0x00007ff94d2b7000 	C:\WINDOWS\SYSTEM32\NETAPI32.dll

VM Arguments:
jvm_args: -Dcom.xilinx.sdk.args.hwspec=C:/Users/mr_co_000/Documents/GitHub/ECE495/Lab/Lab5/lab5/lab5.sdk/design_1_wrapper.hdf -Xms64m -Xmx512m & 
java_command: <unknown>
java_class_path (initial): C:\Xilinx\SDK\2015.2\eclipse\win64.o\\plugins/org.eclipse.equinox.launcher_1.3.0.v20130327-1440.jar
Launcher Type: generic

Environment Variables:
USERNAME=mr_co_000
OS=Windows_NT
PROCESSOR_IDENTIFIER=Intel64 Family 6 Model 69 Stepping 1, GenuineIntel



---------------  S Y S T E M  ---------------

OS: Windows 8 , 64 bit Build 9200 

CPU:total 4 (2 cores per cpu, 2 threads per core) family 6 model 69 stepping 1, cmov, cx8, fxsr, mmx, sse, sse2, sse3, ssse3, sse4.1, sse4.2, popcnt, avx, avx2, aes, clmul, erms, lzcnt, ht, tsc, tscinvbit, bmi1, bmi2

Memory: 4k page, physical 4097768k(923360k free), swap 7575576k(1222892k free)

vm_info: Java HotSpot(TM) 64-Bit Server VM (25.25-b02) for windows-amd64 JRE (1.8.0_25-b18), built on Oct  7 2014 14:25:37 by "java_re" with MS VC++ 10.0 (VS2010)

time: Tue Nov 24 18:12:45 2015
elapsed time: 4742 seconds (0d 1h 19m 2s)

