#-----------------------------------------------------------
# Vivado v2015.2 (64-bit)
# SW Build 1266856 on Fri Jun 26 16:35:25 MDT 2015
# IP Build 1264090 on Wed Jun 24 14:22:01 MDT 2015
# Start of session at: Fri Dec 04 14:59:52 2015
# Process ID: 18232
# Log file: C:/Users/mr_co_000/Documents/GitHub/ECE495/Lab/Lab5/lab5/vivado.log
# Journal file: C:/Users/mr_co_000/Documents/GitHub/ECE495/Lab/Lab5/lab5\vivado.jou
#-----------------------------------------------------------
start_gui
open_project C:/Users/mr_co_000/Documents/GitHub/ECE495/Lab/Lab5/lab5/lab5.xpr
Scanning sources...
Finished scanning sources
WARNING: [filemgmt 56-3] IP Repository Path: Could not find the directory 'C:/Users/mr_co_000/Documents/GitHub/ECE495/Lab/Lab5/ip_repo/myCORDIC_full_1.0'.
INFO: [IP_Flow 19-234] Refreshing IP repositories
INFO: [IP_Flow 19-1700] Loaded user IP repository 'c:/Users/mr_co_000/Documents/GitHub/ECE495/Lab/Lab5/ip_repo/my_cordicfull_1.0'.
WARNING: [IP_Flow 19-2248] Failed to load user IP repository 'c:/Users/mr_co_000/Documents/GitHub/ECE495/Lab/Lab5/ip_repo/myCORDIC_full_1.0'; Can't find the specified path.
If this directory should no longer be in your list of user repositories, go to the IP Settings dialog and remove it.
INFO: [IP_Flow 19-2313] Loaded Vivado IP repository 'C:/Xilinx/Vivado/2015.2/data/ip'.
open_project: Time (s): cpu = 00:00:21 ; elapsed = 00:00:12 . Memory (MB): peak = 712.910 ; gain = 145.945
launch_sdk -workspace C:/Users/mr_co_000/Documents/GitHub/ECE495/Lab/Lab5/lab5/lab5.sdk -hwspec C:/Users/mr_co_000/Documents/GitHub/ECE495/Lab/Lab5/lab5/lab5.sdk/design_1_wrapper.hdf
INFO: [Vivado 12-393] Launching SDK...
INFO: [Vivado 12-417] Running xsdk -workspace C:/Users/mr_co_000/Documents/GitHub/ECE495/Lab/Lab5/lab5/lab5.sdk -hwspec C:/Users/mr_co_000/Documents/GitHub/ECE495/Lab/Lab5/lab5/lab5.sdk/design_1_wrapper.hdf
INFO: [Vivado 12-3157] SDK launch initiated. Please check console for any further messages.
exit
INFO: [Common 17-206] Exiting Vivado at Fri Dec 04 15:01:01 2015...
