#-----------------------------------------------------------
# Vivado v2015.2 (64-bit)
# SW Build 1266856 on Fri Jun 26 16:35:25 MDT 2015
# IP Build 1264090 on Wed Jun 24 14:22:01 MDT 2015
# Start of session at: Fri Dec 04 14:29:05 2015
# Process ID: 17648
# Log file: C:/Users/mr_co_000/Documents/GitHub/ECE495/Lab/Lab5/lab5/vivado.log
# Journal file: C:/Users/mr_co_000/Documents/GitHub/ECE495/Lab/Lab5/lab5\vivado.jou
#-----------------------------------------------------------
start_gui
open_project C:/Users/mr_co_000/Documents/GitHub/ECE495/Lab/Lab5/lab5/lab5.xpr
Scanning sources...
Finished scanning sources
WARNING: [filemgmt 56-3] IP Repository Path: Could not find the directory 'C:/Users/mr_co_000/Documents/GitHub/ECE495/Lab/Lab5/ip_repo/myCORDIC_full_1.0'.
INFO: [IP_Flow 19-234] Refreshing IP repositories
INFO: [IP_Flow 19-1700] Loaded user IP repository 'c:/Users/mr_co_000/Documents/GitHub/ECE495/Lab/Lab5/ip_repo/my_cordicfull_1.0'.
WARNING: [IP_Flow 19-2248] Failed to load user IP repository 'c:/Users/mr_co_000/Documents/GitHub/ECE495/Lab/Lab5/ip_repo/myCORDIC_full_1.0'; Can't find the specified path.
If this directory should no longer be in your list of user repositories, go to the IP Settings dialog and remove it.
INFO: [IP_Flow 19-2313] Loaded Vivado IP repository 'C:/Xilinx/Vivado/2015.2/data/ip'.
open_project: Time (s): cpu = 00:00:20 ; elapsed = 00:00:11 . Memory (MB): peak = 715.141 ; gain = 167.938
open_bd_design {C:/Users/mr_co_000/Documents/GitHub/ECE495/Lab/Lab5/lab5/lab5.srcs/sources_1/bd/design_1/design_1.bd}
Adding component instance block -- xilinx.com:ip:processing_system7:5.5 - processing_system7_0
Adding component instance block -- xilinx.com:ip:proc_sys_reset:5.0 - rst_processing_system7_0_50M
Adding component instance block -- xilinx.com:user:my_cordicfull:1.0 - my_cordicfull_0
Adding component instance block -- xilinx.com:ip:axi_protocol_converter:2.1 - auto_pc
Successfully read diagram <design_1> from BD file <C:/Users/mr_co_000/Documents/GitHub/ECE495/Lab/Lab5/lab5/lab5.srcs/sources_1/bd/design_1/design_1.bd>
exit
INFO: [Common 17-206] Exiting Vivado at Fri Dec 04 14:34:31 2015...
