09:49:16 INFO  : Launching XSDB server: xsdb.bat -s C:/Xilinx/SDK/2015.2/scripts/xsdb/xsdb/xsdb-server.tcl
09:49:17 INFO  : Processing command line option -hwspec C:/Users/mr_co_000/Documents/GitHub/ECE495/Lab/Lab5/lab5/lab5.sdk/design_1_wrapper.hdf.
09:49:20 INFO  : XSDB server has started successfully.
09:50:37 INFO  : Saving repository preferences.
09:50:37 INFO  : Reading in cores from local repositories: 
		 C:\Users\mr_co_000\Documents\GitHub\ECE495\Lab\Lab5\ip_repo\my_cordicfull_1.0
09:50:37 INFO  : Cleaning BSP projects in the workspace.
09:52:16 INFO  : Connected to target on host '127.0.0.1' and port '3121'.
09:52:17 INFO  : 'targets -set -filter {jtag_cable_name =~ "Digilent Zybo 210279573506A" && level==0} -index 1' command is executed.
09:52:19 INFO  : FPGA configured successfully with bitstream "C:/Users/mr_co_000/Documents/GitHub/ECE495/Lab/Lab5/lab5/lab5.sdk/design_1_wrapper_hw_platform_0/design_1_wrapper.bit"
09:53:09 INFO  : ps7_init is completed.
09:53:10 INFO  : ps7_post_config is completed.
09:53:10 INFO  : Processor reset is completed for ps7_cortexa9_0
10:02:43 INFO  : Connected to target on host '127.0.0.1' and port '3121'.
10:02:43 INFO  : 'targets -set -filter {jtag_cable_name =~ "Digilent Zybo 210279652080A" && level==0} -index 1' command is executed.
10:02:45 INFO  : FPGA configured successfully with bitstream "C:/Users/mr_co_000/Documents/GitHub/ECE495/Lab/Lab5/lab5/lab5.sdk/design_1_wrapper_hw_platform_0/design_1_wrapper.bit"
10:02:50 INFO  : ps7_init is completed.
10:02:50 INFO  : ps7_post_config is completed.
10:02:50 INFO  : Processor reset is completed for ps7_cortexa9_0
10:04:36 INFO  : Processor reset is completed for ps7_cortexa9_0
10:05:37 INFO  : Processor reset is completed for ps7_cortexa9_0
10:05:54 INFO  : Processor reset is completed for ps7_cortexa9_0
10:20:05 INFO  : Processor reset is completed for ps7_cortexa9_0
10:21:27 INFO  : Processor reset is completed for ps7_cortexa9_0
10:26:11 INFO  : Processor reset is completed for ps7_cortexa9_0
10:39:43 ERROR : Unexpected error while parsing XMD response ?: com.google.gson.JsonSyntaxException: com.google.gson.stream.MalformedJsonException: invalid number or unquoted string near 
15:00:36 INFO  : Launching XSDB server: xsdb.bat -s C:/Xilinx/SDK/2015.2/scripts/xsdb/xsdb/xsdb-server.tcl
15:00:38 INFO  : XSDB server has started successfully.
15:00:40 INFO  : Processing command line option -hwspec C:/Users/mr_co_000/Documents/GitHub/ECE495/Lab/Lab5/lab5/lab5.sdk/design_1_wrapper.hdf.
15:00:41 INFO  : Checking for hwspec changes in the project design_1_wrapper_hw_platform_0.
15:00:45 INFO  : Restoring local repository preferences: 
		 C:\Users\mr_co_000\Documents\GitHub\ECE495\Lab\Lab5\ip_repo\my_cordicfull_1.0
