#-----------------------------------------------------------
# Vivado v2015.2 (64-bit)
# SW Build 1266856 on Fri Jun 26 16:35:25 MDT 2015
# IP Build 1264090 on Wed Jun 24 14:22:01 MDT 2015
# Start of session at: Thu Oct 08 20:29:49 2015
# Process ID: 16152
# Log file: C:/Users/mr_co_000/Documents/GitHub/ECE495/Lab/Lab2/project_1/vivado.log
# Journal file: C:/Users/mr_co_000/Documents/GitHub/ECE495/Lab/Lab2/project_1\vivado.jou
#-----------------------------------------------------------
start_gui
open_project C:/Users/mr_co_000/Documents/GitHub/ECE495/Lab/Lab2/project_1/project_1.xpr
INFO: [Project 1-313] Project file moved from '/home/akcopema/Documents/ECE495/Lab/Lab2/project_1' since last save.
Scanning sources...
Finished scanning sources
INFO: [IP_Flow 19-234] Refreshing IP repositories
INFO: [IP_Flow 19-1704] No user IP repositories specified
INFO: [IP_Flow 19-2313] Loaded Vivado IP repository 'C:/Xilinx/Vivado/2015.2/data/ip'.
open_project: Time (s): cpu = 00:01:07 ; elapsed = 00:00:42 . Memory (MB): peak = 704.668 ; gain = 146.410
exit
INFO: [Common 17-206] Exiting Vivado at Thu Oct 08 20:31:15 2015...
